[2026-01-17 00:01:51] root: INFO: Starting Severus 1.6
[2026-01-17 00:01:51] root: DEBUG: Cmd: /storage/scratch01/groups/bu/simSVs/tfe_unir/visor-simulations/.snakemake/conda/0a60675bf6ce8bab1bbad883c64c3a01_/bin/severus --target-bam results/v1_40x_100000_C_LASeR/tumour.bam --control-bam results/normal_40x_100000_LASeR/sim.srt.bam --out-dir results/v1_40x_100000_C_severus --vntr-bed /storage/scratch01/groups/bu/simSVs/tfe_unir/visor-simulations/resources/severus_vntrs/human_chm13v2.0_maskedY_rCRS.trf.bed -t 24
[2026-01-17 00:01:51] root: DEBUG: Python version: 3.13.11 | packaged by conda-forge | (main, Dec  6 2025, 11:24:03) [GCC 14.3.0]
[2026-01-17 00:01:54] root: INFO: Parsing reads from tumour.bam
[2026-01-17 00:13:56] root: INFO: 	Total read length: 136777297569
[2026-01-17 00:13:56] root: INFO: 	Total aligned length: 122950793115 (0.90)
[2026-01-17 00:13:56] root: INFO: 	Read N50 / N90: 101132 / 85279
[2026-01-17 00:13:56] root: INFO: 	Alignments N50 / N90: 100926 / 84794
[2026-01-17 00:13:56] root: INFO: 	Read error rate (Q25 / Q50 / Q75): 0.0600 / 0.0800 / 0.1130
[2026-01-17 00:13:56] root: INFO: 	Read mismatch rate (Q25 / Q50 / Q75): 0.0210 / 0.0290 / 0.0450
[2026-01-17 00:14:30] root: INFO: Parsing reads from sim.srt.bam
[2026-01-17 00:27:15] root: INFO: 	Total read length: 139197834233
[2026-01-17 00:27:15] root: INFO: 	Total aligned length: 125066010935 (0.90)
[2026-01-17 00:27:15] root: INFO: 	Read N50 / N90: 101132 / 85272
[2026-01-17 00:27:15] root: INFO: 	Alignments N50 / N90: 100924 / 84796
[2026-01-17 00:27:15] root: INFO: 	Read error rate (Q25 / Q50 / Q75): 0.0600 / 0.0800 / 0.1130
[2026-01-17 00:27:15] root: INFO: 	Read mismatch rate (Q25 / Q50 / Q75): 0.0210 / 0.0290 / 0.0450
[2026-01-17 00:27:50] root: INFO: Computing read quality
[2026-01-17 00:28:01] root: INFO: Annotating reads
[2026-01-17 00:28:24] root: INFO: Computing coverage histogram
[2026-01-17 00:28:28] root: INFO: 	Median coverage by PASS reads for tumour.bam (H1 / H2 / H0): 0.0 / 0.0 / 37.0
[2026-01-17 00:28:29] root: INFO: 	Median coverage by PASS reads for sim.srt.bam (H1 / H2 / H0): 0.0 / 0.0 / 38.0
[2026-01-17 00:28:29] root: INFO: Extracting split alignments
[2026-01-17 00:28:29] root: INFO: Extracting clipped reads
[2026-01-17 00:28:31] root: INFO: Starting breakpoint detection
[2026-01-17 00:28:34] root: INFO: Clustering unmapped insertions
[2026-01-17 00:28:49] root: INFO: Starting compute_bp_coverage
[2026-01-17 00:29:34] root: INFO: Filtering breakpoints
[2026-01-17 00:29:34] root: INFO: Writing breakpoints
[2026-01-17 00:29:34] root: INFO: Preparing outputs for all_SVs
[2026-01-17 00:29:34] root: INFO: 	Computing segment coverage
[2026-01-17 00:29:34] root: INFO: 	Preparing graph
[2026-01-17 00:29:36] root: INFO: 	Writing vcf
[2026-01-17 00:29:36] root: INFO: Preparing outputs for somatic_SVs
[2026-01-17 00:29:36] root: INFO: 	Computing segment coverage
[2026-01-17 00:29:36] root: INFO: 	Preparing graph
[2026-01-17 00:29:36] root: INFO: 	Writing vcf
