2026-01-17 01:26:39,172 [INFO]    ****************** Start SVision-pro, version 2.5 ********************
2026-01-17 01:26:39,172 [INFO]    Command: /storage/scratch01/groups/bu/simSVs/tfe_unir/visor-simulations/.snakemake/conda/8698eeced1a729a78f4a9d539d4293a9_/bin/SVision-pro --target_path results/v1_40x_100000_B_LASeR/tumour.bam --base_path results/normal_40x_100000_LASeR/sim.srt.bam --genome_path resources/genome/chm13v2.0_maskedY_rCRS.fa --model_path /home/fvillena/SVision-pro/src/pre_process/model_liteunet_1024_8_16_32_32_32.pth --out_path results/v1_40x_100000_B_svision --sample_name v1 --preset error-prone --detect_mode somatic --process_num 52
2026-01-17 01:26:39,172 [INFO]    ****************** Step1 collecting and plotting **********************
2026-01-17 01:27:24,317 [INFO]    Collecting v1 chr1_130000000_140000000, 0 candidate events found. Time cost 44s
2026-01-17 01:27:31,852 [INFO]    Collecting v1 chr1_240000000_250000000, 0 candidate events found. Time cost 52s
2026-01-17 01:27:35,981 [INFO]    Collecting v1 chr2_240000000_250000000, 8 candidate events found. Time cost 56s
2026-01-17 01:27:36,458 [INFO]    Collecting v1 chr1_180000000_190000000, 0 candidate events found. Time cost 57s
2026-01-17 01:27:37,102 [INFO]    Collecting v1 chr2_140000000_150000000, 1 candidate events found. Time cost 57s
2026-01-17 01:27:37,741 [INFO]    Collecting v1 chr2_150000000_160000000, 0 candidate events found. Time cost 58s
2026-01-17 01:27:43,009 [INFO]    Collecting v1 chr2_50000000_60000000, 1 candidate events found. Time cost 63s
2026-01-17 01:27:43,527 [INFO]    Collecting v1 chr3_10000000_20000000, 2 candidate events found. Time cost 64s
2026-01-17 01:27:44,903 [INFO]    Collecting v1 chr1_210000000_220000000, 0 candidate events found. Time cost 65s
2026-01-17 01:27:44,943 [INFO]    Collecting v1 chr1_20000000_30000000, 0 candidate events found. Time cost 65s
2026-01-17 01:27:45,568 [INFO]    Collecting v1 chr2_100000000_110000000, 0 candidate events found. Time cost 66s
2026-01-17 01:27:45,637 [INFO]    Collecting v1 chr1_50000000_60000000, 0 candidate events found. Time cost 66s
2026-01-17 01:27:45,774 [INFO]    Collecting v1 chr2_30000000_40000000, 0 candidate events found. Time cost 66s
2026-01-17 01:27:45,818 [INFO]    Collecting v1 chr2_10000000_20000000, 0 candidate events found. Time cost 66s
2026-01-17 01:27:45,988 [INFO]    Collecting v1 chr1_90000000_100000000, 0 candidate events found. Time cost 66s
2026-01-17 01:27:48,528 [INFO]    Collecting v1 chr2_210000000_220000000, 0 candidate events found. Time cost 69s
2026-01-17 01:27:49,014 [INFO]    Collecting v1 chr1_160000000_170000000, 0 candidate events found. Time cost 69s
2026-01-17 01:27:50,447 [INFO]    Collecting v1 chr2_20000000_30000000, 1 candidate events found. Time cost 70s
2026-01-17 01:27:50,467 [INFO]    Collecting v1 chr2_160000000_170000000, 0 candidate events found. Time cost 71s
2026-01-17 01:27:50,493 [INFO]    Collecting v1 chr1_60000000_70000000, 0 candidate events found. Time cost 71s
2026-01-17 01:27:52,311 [INFO]    Collecting v1 chr2_170000000_180000000, 2 candidate events found. Time cost 72s
2026-01-17 01:27:53,479 [INFO]    Collecting v1 chr2_180000000_190000000, 0 candidate events found. Time cost 74s
2026-01-17 01:27:53,711 [INFO]    Collecting v1 chr1_70000000_80000000, 0 candidate events found. Time cost 74s
2026-01-17 01:27:54,759 [INFO]    Collecting v1 chr1_230000000_240000000, 0 candidate events found. Time cost 75s
2026-01-17 01:27:54,866 [INFO]    Collecting v1 chr1_10000000_20000000, 1 candidate events found. Time cost 75s
2026-01-17 01:27:55,219 [INFO]    Collecting v1 chr1_170000000_180000000, 2 candidate events found. Time cost 75s
2026-01-17 01:27:56,894 [INFO]    Collecting v1 chr1_100000000_110000000, 0 candidate events found. Time cost 77s
2026-01-17 01:27:58,448 [INFO]    Collecting v1 chr2_70000000_80000000, 0 candidate events found. Time cost 78s
2026-01-17 01:27:59,748 [INFO]    Collecting v1 chr1_120000000_130000000, 0 candidate events found. Time cost 80s
2026-01-17 01:28:00,279 [INFO]    Collecting v1 chr3_200000000_210000000, 0 candidate events found. Time cost 9s
2026-01-17 01:28:02,171 [INFO]    Collecting v1 chr1_190000000_200000000, 0 candidate events found. Time cost 82s
2026-01-17 01:28:03,417 [INFO]    Collecting v1 chr1_220000000_230000000, 3 candidate events found. Time cost 83s
2026-01-17 01:28:05,236 [INFO]    Collecting v1 chr2_220000000_230000000, 0 candidate events found. Time cost 85s
2026-01-17 01:28:05,511 [INFO]    Collecting v1 chr2_190000000_200000000, 0 candidate events found. Time cost 86s
2026-01-17 01:28:07,061 [INFO]    Collecting v1 chr2_110000000_120000000, 5 candidate events found. Time cost 87s
2026-01-17 01:28:07,772 [INFO]    Collecting v1 chr2_40000000_50000000, 0 candidate events found. Time cost 88s
2026-01-17 01:28:07,983 [INFO]    Collecting v1 chr1_40000000_50000000, 0 candidate events found. Time cost 88s
2026-01-17 01:28:08,445 [INFO]    Collecting v1 chr3_0_10000000, 0 candidate events found. Time cost 88s
2026-01-17 01:28:08,532 [INFO]    Collecting v1 chr2_60000000_70000000, 4 candidate events found. Time cost 89s
2026-01-17 01:28:08,582 [INFO]    Collecting v1 chr2_130000000_140000000, 0 candidate events found. Time cost 89s
2026-01-17 01:28:10,392 [INFO]    Collecting v1 chr1_30000000_40000000, 0 candidate events found. Time cost 90s
2026-01-17 01:28:10,437 [INFO]    Collecting v1 chr1_80000000_90000000, 0 candidate events found. Time cost 90s
2026-01-17 01:28:13,021 [INFO]    Collecting v1 chr1_200000000_210000000, 1 candidate events found. Time cost 93s
2026-01-17 01:28:15,767 [INFO]    Collecting v1 chr2_200000000_210000000, 0 candidate events found. Time cost 96s
2026-01-17 01:28:16,759 [INFO]    Collecting v1 chr2_90000000_100000000, 12 candidate events found. Time cost 97s
2026-01-17 01:28:18,693 [INFO]    Collecting v1 chr2_80000000_90000000, 3 candidate events found. Time cost 99s
2026-01-17 01:28:36,041 [INFO]    Collecting v1 chr4_190000000_200000000, 0 candidate events found. Time cost 27s
2026-01-17 01:28:39,845 [INFO]    Collecting v1 chr1_0_10000000, 15 candidate events found. Time cost 120s
2026-01-17 01:28:42,151 [INFO]    Collecting v1 chr3_20000000_30000000, 0 candidate events found. Time cost 77s
2026-01-17 01:28:46,003 [INFO]    Collecting v1 chr3_30000000_40000000, 4 candidate events found. Time cost 74s
2026-01-17 01:28:46,029 [INFO]    Collecting v1 chr3_60000000_70000000, 0 candidate events found. Time cost 68s
2026-01-17 01:28:46,609 [INFO]    Collecting v1 chr3_70000000_80000000, 0 candidate events found. Time cost 68s
2026-01-17 01:28:46,800 [INFO]    Collecting v1 chr1_150000000_160000000, 2 candidate events found. Time cost 127s
2026-01-17 01:28:53,002 [INFO]    Collecting v1 chr3_40000000_50000000, 0 candidate events found. Time cost 76s
2026-01-17 01:28:53,248 [INFO]    Collecting v1 chr2_120000000_130000000, 5 candidate events found. Time cost 133s
2026-01-17 01:28:54,934 [INFO]    Collecting v1 chr3_100000000_110000000, 0 candidate events found. Time cost 70s
2026-01-17 01:28:55,805 [INFO]    Collecting v1 chr4_20000000_30000000, 0 candidate events found. Time cost 62s
2026-01-17 01:28:57,145 [INFO]    Collecting v1 chr3_50000000_60000000, 4 candidate events found. Time cost 80s
2026-01-17 01:28:57,680 [INFO]    Collecting v1 chr4_50000000_60000000, 0 candidate events found. Time cost 62s
2026-01-17 01:28:58,984 [INFO]    Collecting v1 chr3_130000000_140000000, 0 candidate events found. Time cost 73s
2026-01-17 01:28:59,201 [INFO]    Collecting v1 chr3_140000000_150000000, 0 candidate events found. Time cost 73s
2026-01-17 01:29:00,006 [INFO]    Collecting v1 chr3_80000000_90000000, 0 candidate events found. Time cost 76s
2026-01-17 01:29:00,063 [INFO]    Collecting v1 chr3_110000000_120000000, 0 candidate events found. Time cost 75s
2026-01-17 01:29:00,557 [INFO]    Collecting v1 chr3_180000000_190000000, 0 candidate events found. Time cost 71s
2026-01-17 01:29:02,455 [INFO]    Collecting v1 chr3_160000000_170000000, 0 candidate events found. Time cost 76s
2026-01-17 01:29:02,818 [INFO]    Collecting v1 chr3_150000000_160000000, 0 candidate events found. Time cost 76s
2026-01-17 01:29:03,940 [INFO]    Collecting v1 chr3_170000000_180000000, 0 candidate events found. Time cost 75s
2026-01-17 01:29:05,263 [INFO]    Collecting v1 chr4_40000000_50000000, 0 candidate events found. Time cost 70s
2026-01-17 01:29:05,952 [INFO]    Collecting v1 chr3_120000000_130000000, 0 candidate events found. Time cost 80s
2026-01-17 01:29:06,255 [INFO]    Collecting v1 chr4_30000000_40000000, 0 candidate events found. Time cost 72s
2026-01-17 01:29:07,525 [INFO]    Collecting v1 chr3_90000000_100000000, 0 candidate events found. Time cost 83s
2026-01-17 01:29:08,590 [INFO]    Collecting v1 chr4_60000000_70000000, 0 candidate events found. Time cost 73s
2026-01-17 01:29:11,349 [INFO]    Collecting v1 chr4_70000000_80000000, 0 candidate events found. Time cost 74s
2026-01-17 01:29:13,086 [INFO]    Collecting v1 chr5_180000000_190000000, 0 candidate events found. Time cost 15s
2026-01-17 01:29:13,414 [INFO]    Collecting v1 chr4_80000000_90000000, 0 candidate events found. Time cost 74s
2026-01-17 01:29:14,657 [INFO]    Collecting v1 chr4_120000000_130000000, 0 candidate events found. Time cost 71s
2026-01-17 01:29:14,867 [INFO]    Collecting v1 chr4_90000000_100000000, 2 candidate events found. Time cost 75s
2026-01-17 01:29:15,156 [INFO]    Collecting v1 chr4_150000000_160000000, 0 candidate events found. Time cost 68s
2026-01-17 01:29:17,623 [INFO]    Collecting v1 chr4_140000000_150000000, 0 candidate events found. Time cost 72s
2026-01-17 01:29:18,128 [INFO]    Collecting v1 chr3_190000000_200000000, 10 candidate events found. Time cost 87s
2026-01-17 01:29:21,557 [INFO]    Collecting v1 chr5_30000000_40000000, 0 candidate events found. Time cost 68s
2026-01-17 01:29:21,927 [INFO]    Collecting v1 chr5_20000000_30000000, 0 candidate events found. Time cost 71s
2026-01-17 01:29:22,248 [INFO]    Collecting v1 chr4_110000000_120000000, 1 candidate events found. Time cost 80s
2026-01-17 01:29:22,980 [INFO]    Collecting v1 chr4_10000000_20000000, 6 candidate events found. Time cost 90s
2026-01-17 01:29:24,183 [INFO]    Collecting v1 chr2_0_10000000, 24 candidate events found. Time cost 164s
2026-01-17 01:29:24,220 [INFO]    Collecting v1 chr5_0_10000000, 6 candidate events found. Time cost 75s
2026-01-17 01:29:24,975 [INFO]    Collecting v1 chr4_160000000_170000000, 0 candidate events found. Time cost 77s
2026-01-17 01:29:25,049 [INFO]    Collecting v1 chr4_130000000_140000000, 0 candidate events found. Time cost 79s
2026-01-17 01:29:25,455 [INFO]    Collecting v1 chr4_100000000_110000000, 0 candidate events found. Time cost 85s
2026-01-17 01:29:26,907 [INFO]    Collecting v1 chr5_10000000_20000000, 0 candidate events found. Time cost 76s
2026-01-17 01:29:27,482 [INFO]    Collecting v1 chr4_170000000_180000000, 0 candidate events found. Time cost 79s
2026-01-17 01:29:28,600 [INFO]    Collecting v1 chr2_230000000_240000000, 36 candidate events found. Time cost 169s
2026-01-17 01:29:30,089 [INFO]    Collecting v1 chr6_170000000_180000000, 0 candidate events found. Time cost 15s
2026-01-17 01:29:34,621 [INFO]    Collecting v1 chr7_160000000_170000000, 0 candidate events found. Time cost 4s
2026-01-17 01:29:36,163 [INFO]    Collecting v1 chr1_140000000_150000000, 2 candidate events found. Time cost 176s
2026-01-17 01:29:36,618 [INFO]    Collecting v1 chr5_60000000_70000000, 1 candidate events found. Time cost 77s
2026-01-17 01:29:37,643 [INFO]    Collecting v1 chr5_50000000_60000000, 0 candidate events found. Time cost 80s
2026-01-17 01:29:39,240 [INFO]    Collecting v1 chr5_40000000_50000000, 0 candidate events found. Time cost 83s
2026-01-17 01:29:45,157 [INFO]    Collecting v1 chr1_110000000_120000000, 38 candidate events found. Time cost 185s
2026-01-17 01:29:49,613 [INFO]    Collecting v1 chr4_0_10000000, 9 candidate events found. Time cost 119s
2026-01-17 01:29:52,085 [INFO]    Collecting v1 chr5_70000000_80000000, 0 candidate events found. Time cost 76s
2026-01-17 01:29:54,850 [INFO]    Collecting v1 chr5_110000000_120000000, 0 candidate events found. Time cost 68s
2026-01-17 01:29:55,376 [INFO]    Collecting v1 chr5_100000000_110000000, 1 candidate events found. Time cost 69s
2026-01-17 01:29:56,302 [INFO]    Collecting v1 chr5_80000000_90000000, 0 candidate events found. Time cost 75s
2026-01-17 01:29:59,629 [INFO]    Collecting v1 chr5_120000000_130000000, 0 candidate events found. Time cost 73s
2026-01-17 01:30:00,724 [INFO]    Collecting v1 chr4_180000000_190000000, 12 candidate events found. Time cost 112s
2026-01-17 01:30:01,034 [INFO]    Collecting v1 chr5_90000000_100000000, 0 candidate events found. Time cost 78s
2026-01-17 01:30:05,215 [INFO]    Collecting v1 chr5_150000000_160000000, 0 candidate events found. Time cost 71s
2026-01-17 01:30:05,299 [INFO]    Collecting v1 chr5_130000000_140000000, 0 candidate events found. Time cost 78s
2026-01-17 01:30:05,763 [INFO]    Collecting v1 chr5_160000000_170000000, 0 candidate events found. Time cost 70s
2026-01-17 01:30:06,102 [INFO]    Collecting v1 chr5_170000000_180000000, 0 candidate events found. Time cost 70s
2026-01-17 01:30:07,962 [INFO]    Collecting v1 chr6_50000000_60000000, 0 candidate events found. Time cost 67s
2026-01-17 01:30:10,195 [INFO]    Collecting v1 chr5_140000000_150000000, 0 candidate events found. Time cost 77s
2026-01-17 01:30:11,006 [INFO]    Collecting v1 chr6_20000000_30000000, 0 candidate events found. Time cost 71s
2026-01-17 01:30:14,444 [INFO]    Collecting v1 chr6_120000000_130000000, 0 candidate events found. Time cost 66s
2026-01-17 01:30:15,409 [INFO]    Collecting v1 chr6_110000000_120000000, 0 candidate events found. Time cost 69s
2026-01-17 01:30:15,445 [INFO]    Collecting v1 chr6_40000000_50000000, 1 candidate events found. Time cost 75s
2026-01-17 01:30:16,494 [INFO]    Collecting v1 chr6_90000000_100000000, 0 candidate events found. Time cost 71s
2026-01-17 01:30:16,688 [INFO]    Collecting v1 chr6_30000000_40000000, 0 candidate events found. Time cost 76s
2026-01-17 01:30:18,125 [INFO]    Collecting v1 chr6_80000000_90000000, 0 candidate events found. Time cost 74s
2026-01-17 01:30:18,563 [INFO]    Collecting v1 chr6_130000000_140000000, 0 candidate events found. Time cost 69s
2026-01-17 01:30:19,859 [INFO]    Collecting v1 chr6_70000000_80000000, 0 candidate events found. Time cost 77s
2026-01-17 01:30:21,436 [INFO]    Collecting v1 chr7_10000000_20000000, 0 candidate events found. Time cost 66s
2026-01-17 01:30:24,741 [INFO]    Collecting v1 chr7_0_10000000, 1 candidate events found. Time cost 69s
2026-01-17 01:30:25,369 [INFO]    Collecting v1 chr6_100000000_110000000, 0 candidate events found. Time cost 79s
2026-01-17 01:30:27,227 [INFO]    Collecting v1 chr6_140000000_150000000, 2 candidate events found. Time cost 75s
2026-01-17 01:30:27,228 [INFO]    Collecting v1 chr6_10000000_20000000, 4 candidate events found. Time cost 88s
2026-01-17 01:30:27,475 [INFO]    Collecting v1 chr6_150000000_160000000, 2 candidate events found. Time cost 74s
2026-01-17 01:30:29,591 [INFO]    Collecting v1 chr9_150000000_160000000, 0 candidate events found. Time cost 4s
2026-01-17 01:30:32,979 [INFO]    Collecting v1 chr7_40000000_50000000, 0 candidate events found. Time cost 71s
2026-01-17 01:30:33,916 [INFO]    Collecting v1 chr7_30000000_40000000, 3 candidate events found. Time cost 75s
2026-01-17 01:30:36,043 [INFO]    Collecting v1 chr7_80000000_90000000, 0 candidate events found. Time cost 71s
2026-01-17 01:30:37,575 [INFO]    Collecting v1 chr7_20000000_30000000, 3 candidate events found. Time cost 79s
2026-01-17 01:30:38,762 [INFO]    Collecting v1 chr6_0_10000000, 7 candidate events found. Time cost 101s
2026-01-17 01:30:40,016 [INFO]    Collecting v1 chr7_50000000_60000000, 0 candidate events found. Time cost 78s
2026-01-17 01:30:40,530 [INFO]    Collecting v1 chr7_70000000_80000000, 0 candidate events found. Time cost 77s
2026-01-17 01:30:40,842 [INFO]    Collecting v1 chr7_60000000_70000000, 0 candidate events found. Time cost 78s
2026-01-17 01:30:45,039 [INFO]    Collecting v1 chr7_110000000_120000000, 1 candidate events found. Time cost 79s
2026-01-17 01:30:45,140 [INFO]    Collecting v1 chr7_120000000_130000000, 0 candidate events found. Time cost 79s
2026-01-17 01:30:46,704 [INFO]    Collecting v1 chr7_140000000_150000000, 0 candidate events found. Time cost 79s
2026-01-17 01:30:47,742 [INFO]    Collecting v1 chr9_50000000_60000000, 0 candidate events found. Time cost 36s
2026-01-17 01:30:48,632 [INFO]    Collecting v1 chr7_90000000_100000000, 7 candidate events found. Time cost 84s
2026-01-17 01:30:49,547 [INFO]    Collecting v1 chr8_0_10000000, 2 candidate events found. Time cost 74s
2026-01-17 01:30:53,295 [INFO]    Collecting v1 chr8_10000000_20000000, 0 candidate events found. Time cost 77s
2026-01-17 01:30:55,327 [INFO]    Collecting v1 chr9_60000000_70000000, 0 candidate events found. Time cost 40s
2026-01-17 01:30:57,247 [INFO]    Collecting v1 chr7_100000000_110000000, 7 candidate events found. Time cost 92s
2026-01-17 01:30:58,218 [INFO]    Collecting v1 chr8_30000000_40000000, 1 candidate events found. Time cost 80s
2026-01-17 01:30:58,838 [INFO]    Collecting v1 chr8_50000000_60000000, 0 candidate events found. Time cost 73s
2026-01-17 01:31:00,245 [INFO]    Collecting v1 chr8_40000000_50000000, 0 candidate events found. Time cost 80s
2026-01-17 01:31:02,165 [INFO]    Collecting v1 chr8_20000000_30000000, 3 candidate events found. Time cost 85s
2026-01-17 01:31:04,086 [INFO]    Collecting v1 chr8_90000000_100000000, 0 candidate events found. Time cost 68s
2026-01-17 01:31:04,401 [INFO]    Collecting v1 chr8_60000000_70000000, 0 candidate events found. Time cost 74s
2026-01-17 01:31:08,473 [INFO]    Collecting v1 chr8_70000000_80000000, 0 candidate events found. Time cost 76s
2026-01-17 01:31:09,362 [INFO]    Collecting v1 chr8_80000000_90000000, 0 candidate events found. Time cost 74s
2026-01-17 01:31:09,586 [INFO]    Collecting v1 chr8_110000000_120000000, 0 candidate events found. Time cost 69s
2026-01-17 01:31:09,732 [INFO]    Collecting v1 chr8_120000000_130000000, 0 candidate events found. Time cost 68s
2026-01-17 01:31:09,751 [INFO]    Collecting v1 chr8_100000000_110000000, 0 candidate events found. Time cost 73s
2026-01-17 01:31:16,169 [INFO]    Collecting v1 chr8_130000000_140000000, 0 candidate events found. Time cost 75s
2026-01-17 01:31:16,675 [INFO]    Collecting v1 chr9_10000000_20000000, 0 candidate events found. Time cost 70s
2026-01-17 01:31:16,927 [INFO]    Collecting v1 chr9_20000000_30000000, 1 candidate events found. Time cost 70s
2026-01-17 01:31:17,773 [INFO]    Collecting v1 chr6_60000000_70000000, 11 candidate events found. Time cost 135s
2026-01-17 01:31:20,721 [INFO]    Collecting v1 chr9_30000000_40000000, 0 candidate events found. Time cost 72s
2026-01-17 01:31:23,349 [INFO]    Collecting v1 chr9_0_10000000, 0 candidate events found. Time cost 78s
2026-01-17 01:31:24,917 [INFO]    Collecting v1 chr9_70000000_80000000, 0 candidate events found. Time cost 69s
2026-01-17 01:31:27,549 [INFO]    Collecting v1 chr7_150000000_160000000, 19 candidate events found. Time cost 118s
2026-01-17 01:31:29,239 [INFO]    Collecting v1 chr9_90000000_100000000, 1 candidate events found. Time cost 72s
2026-01-17 01:31:29,280 [INFO]    Collecting v1 chr7_130000000_140000000, 9 candidate events found. Time cost 122s
2026-01-17 01:31:31,494 [INFO]    Collecting v1 chr8_140000000_150000000, 14 candidate events found. Time cost 86s
2026-01-17 01:31:31,635 [INFO]    Collecting v1 chr9_120000000_130000000, 0 candidate events found. Time cost 73s
2026-01-17 01:31:32,134 [INFO]    Collecting v1 chr9_80000000_90000000, 0 candidate events found. Time cost 76s
2026-01-17 01:31:35,065 [INFO]    Collecting v1 chr9_130000000_140000000, 0 candidate events found. Time cost 75s
2026-01-17 01:31:36,964 [INFO]    Collecting v1 chr10_30000000_40000000, 0 candidate events found. Time cost 69s
2026-01-17 01:31:39,218 [INFO]    Collecting v1 chr9_100000000_110000000, 2 candidate events found. Time cost 82s
2026-01-17 01:31:39,427 [INFO]    Collecting v1 chr9_110000000_120000000, 0 candidate events found. Time cost 81s
2026-01-17 01:31:40,403 [INFO]    Collecting v1 chr10_10000000_20000000, 0 candidate events found. Time cost 73s
2026-01-17 01:31:43,166 [INFO]    Collecting v1 chr10_20000000_30000000, 0 candidate events found. Time cost 75s
2026-01-17 01:31:43,523 [INFO]    Collecting v1 chr10_0_10000000, 4 candidate events found. Time cost 78s
2026-01-17 01:31:44,065 [INFO]    Collecting v1 chr10_40000000_50000000, 0 candidate events found. Time cost 74s
2026-01-17 01:31:45,331 [INFO]    Collecting v1 chr9_40000000_50000000, 0 candidate events found. Time cost 95s
2026-01-17 01:31:46,231 [INFO]    Collecting v1 chr10_50000000_60000000, 1 candidate events found. Time cost 73s
2026-01-17 01:31:46,825 [INFO]    Collecting v1 chr10_70000000_80000000, 0 candidate events found. Time cost 70s
2026-01-17 01:31:47,214 [INFO]    Collecting v1 chr10_60000000_70000000, 0 candidate events found. Time cost 73s
2026-01-17 01:31:48,442 [INFO]    Collecting v1 chr10_100000000_110000000, 1 candidate events found. Time cost 68s
2026-01-17 01:31:48,665 [INFO]    Collecting v1 chr11_130000000_140000000, 4 candidate events found. Time cost 44s
2026-01-17 01:31:50,467 [INFO]    Collecting v1 chr10_90000000_100000000, 0 candidate events found. Time cost 71s
2026-01-17 01:31:55,447 [INFO]    Collecting v1 chr6_160000000_170000000, 21 candidate events found. Time cost 162s
2026-01-17 01:31:56,540 [INFO]    Collecting v1 chr13_110000000_120000000, 0 candidate events found. Time cost 12s
2026-01-17 01:31:57,396 [INFO]    Collecting v1 chr10_80000000_90000000, 2 candidate events found. Time cost 79s
2026-01-17 01:31:59,339 [INFO]    Collecting v1 chr11_30000000_40000000, 0 candidate events found. Time cost 70s
2026-01-17 01:32:00,392 [INFO]    Collecting v1 chr11_20000000_30000000, 0 candidate events found. Time cost 72s
2026-01-17 01:32:01,027 [INFO]    Collecting v1 chr11_40000000_50000000, 0 candidate events found. Time cost 71s
2026-01-17 01:32:01,250 [INFO]    Collecting v1 chr12_130000000_140000000, 1 candidate events found. Time cost 31s
2026-01-17 01:32:04,906 [INFO]    Collecting v1 chr11_50000000_60000000, 0 candidate events found. Time cost 71s
2026-01-17 01:32:05,047 [INFO]    Collecting v1 chr10_110000000_120000000, 2 candidate events found. Time cost 84s
2026-01-17 01:32:07,116 [INFO]    Collecting v1 chr11_10000000_20000000, 1 candidate events found. Time cost 80s
2026-01-17 01:32:08,647 [INFO]    Collecting v1 chr11_0_10000000, 5 candidate events found. Time cost 83s
2026-01-17 01:32:09,638 [INFO]    Collecting v1 chr13_30000000_40000000, 0 candidate events found. Time cost 37s
2026-01-17 01:32:11,108 [INFO]    Collecting v1 chr13_20000000_30000000, 2 candidate events found. Time cost 39s
2026-01-17 01:32:11,303 [INFO]    Collecting v1 chr13_50000000_60000000, 0 candidate events found. Time cost 34s
2026-01-17 01:32:12,665 [INFO]    Collecting v1 chr11_80000000_90000000, 0 candidate events found. Time cost 74s
2026-01-17 01:32:12,904 [INFO]    Collecting v1 chr13_40000000_50000000, 0 candidate events found. Time cost 37s
2026-01-17 01:32:14,320 [INFO]    Collecting v1 chr11_110000000_120000000, 0 candidate events found. Time cost 72s
2026-01-17 01:32:14,742 [INFO]    Collecting v1 chr11_120000000_130000000, 0 candidate events found. Time cost 70s
2026-01-17 01:32:15,035 [INFO]    Collecting v1 chr13_0_10000000, 0 candidate events found. Time cost 45s
2026-01-17 01:32:15,070 [INFO]    Collecting v1 chr11_90000000_100000000, 1 candidate events found. Time cost 76s
2026-01-17 01:32:15,582 [INFO]    Collecting v1 chr13_60000000_70000000, 0 candidate events found. Time cost 36s
2026-01-17 01:32:16,232 [INFO]    Collecting v1 chr10_120000000_130000000, 8 candidate events found. Time cost 95s
2026-01-17 01:32:18,558 [INFO]    Collecting v1 chr13_70000000_80000000, 0 candidate events found. Time cost 39s
2026-01-17 01:32:18,948 [INFO]    Collecting v1 chr13_80000000_90000000, 0 candidate events found. Time cost 38s
2026-01-17 01:32:19,523 [INFO]    Collecting v1 chr12_10000000_20000000, 0 candidate events found. Time cost 70s
2026-01-17 01:32:20,369 [INFO]    Collecting v1 chr11_100000000_110000000, 0 candidate events found. Time cost 80s
2026-01-17 01:32:21,426 [INFO]    Collecting v1 chr14_100000000_110000000, 8 candidate events found. Time cost 22s
2026-01-17 01:32:21,870 [INFO]    Collecting v1 chr12_20000000_30000000, 1 candidate events found. Time cost 72s
2026-01-17 01:32:22,853 [INFO]    Collecting v1 chr13_100000000_110000000, 0 candidate events found. Time cost 39s
2026-01-17 01:32:24,547 [INFO]    Collecting v1 chr12_40000000_50000000, 0 candidate events found. Time cost 74s
2026-01-17 01:32:25,493 [INFO]    Collecting v1 chr12_30000000_40000000, 0 candidate events found. Time cost 75s
2026-01-17 01:32:25,593 [INFO]    Collecting v1 chr12_70000000_80000000, 0 candidate events found. Time cost 68s
2026-01-17 01:32:27,000 [INFO]    Collecting v1 chr12_60000000_70000000, 0 candidate events found. Time cost 70s
2026-01-17 01:32:27,432 [INFO]    Collecting v1 chr13_90000000_100000000, 3 candidate events found. Time cost 44s
2026-01-17 01:32:30,120 [INFO]    Collecting v1 chr12_0_10000000, 1 candidate events found. Time cost 81s
2026-01-17 01:32:30,989 [INFO]    Collecting v1 chr12_90000000_100000000, 0 candidate events found. Time cost 70s
2026-01-17 01:32:31,116 [INFO]    Collecting v1 chr9_140000000_150000000, 31 candidate events found. Time cost 129s
2026-01-17 01:32:32,778 [INFO]    Collecting v1 chr11_60000000_70000000, 4 candidate events found. Time cost 97s
2026-01-17 01:32:37,431 [INFO]    Collecting v1 chr12_50000000_60000000, 1 candidate events found. Time cost 81s
2026-01-17 01:32:38,306 [INFO]    Collecting v1 chr12_110000000_120000000, 0 candidate events found. Time cost 73s
2026-01-17 01:32:40,672 [INFO]    Collecting v1 chr12_100000000_110000000, 0 candidate events found. Time cost 77s
2026-01-17 01:32:42,272 [INFO]    Collecting v1 chr13_10000000_20000000, 7 candidate events found. Time cost 70s
2026-01-17 01:32:43,472 [INFO]    Collecting v1 chr17_0_10000000, 1 candidate events found. Time cost 23s
2026-01-17 01:32:47,177 [INFO]    Collecting v1 chr18_80000000_90000000, 0 candidate events found. Time cost 4s
2026-01-17 01:32:47,271 [INFO]    Collecting v1 chr11_70000000_80000000, 11 candidate events found. Time cost 109s
2026-01-17 01:32:54,711 [INFO]    Collecting v1 chr14_10000000_20000000, 0 candidate events found. Time cost 68s
2026-01-17 01:32:56,389 [INFO]    Collecting v1 chr14_20000000_30000000, 0 candidate events found. Time cost 69s
2026-01-17 01:32:56,433 [INFO]    Collecting v1 chr17_10000000_20000000, 0 candidate events found. Time cost 36s
2026-01-17 01:32:56,895 [INFO]    Collecting v1 chr14_40000000_50000000, 0 candidate events found. Time cost 68s
2026-01-17 01:32:56,900 [INFO]    Collecting v1 chr12_80000000_90000000, 0 candidate events found. Time cost 99s
2026-01-17 01:32:59,905 [INFO]    Collecting v1 chr14_30000000_40000000, 0 candidate events found. Time cost 72s
2026-01-17 01:33:04,430 [INFO]    Collecting v1 chr14_50000000_60000000, 0 candidate events found. Time cost 75s
2026-01-17 01:33:04,626 [INFO]    Collecting v1 chr14_60000000_70000000, 1 candidate events found. Time cost 74s
2026-01-17 01:33:10,045 [INFO]    Collecting v1 chr16_90000000_100000000, 4 candidate events found. Time cost 51s
2026-01-17 01:33:10,782 [INFO]    Collecting v1 chr14_80000000_90000000, 0 candidate events found. Time cost 74s
2026-01-17 01:33:13,707 [INFO]    Collecting v1 chr15_0_10000000, 0 candidate events found. Time cost 73s
2026-01-17 01:33:13,914 [INFO]    Collecting v1 chr14_70000000_80000000, 1 candidate events found. Time cost 78s
2026-01-17 01:33:14,179 [INFO]    Collecting v1 chr19_60000000_70000000, 1 candidate events found. Time cost 17s
2026-01-17 01:33:14,490 [INFO]    Collecting v1 chr16_40000000_50000000, 0 candidate events found. Time cost 59s
2026-01-17 01:33:15,010 [INFO]    Collecting v1 chr17_80000000_90000000, 9 candidate events found. Time cost 48s
2026-01-17 01:33:17,971 [INFO]    Collecting v1 chr15_30000000_40000000, 1 candidate events found. Time cost 73s
2026-01-17 01:33:18,961 [INFO]    Collecting v1 chr15_10000000_20000000, 3 candidate events found. Time cost 77s
2026-01-17 01:33:19,378 [INFO]    Collecting v1 chr17_20000000_30000000, 0 candidate events found. Time cost 57s
2026-01-17 01:33:19,544 [INFO]    Collecting v1 chr15_80000000_90000000, 0 candidate events found. Time cost 68s
2026-01-17 01:33:19,555 [INFO]    Collecting v1 chr15_90000000_100000000, 0 candidate events found. Time cost 68s
2026-01-17 01:33:25,641 [INFO]    Collecting v1 chr15_40000000_50000000, 0 candidate events found. Time cost 80s
2026-01-17 01:33:25,834 [INFO]    Collecting v1 chr15_50000000_60000000, 0 candidate events found. Time cost 78s
2026-01-17 01:33:27,794 [INFO]    Collecting v1 chr16_50000000_60000000, 0 candidate events found. Time cost 72s
2026-01-17 01:33:28,166 [INFO]    Collecting v1 chr16_60000000_70000000, 0 candidate events found. Time cost 72s
2026-01-17 01:33:28,590 [INFO]    Collecting v1 chr14_90000000_100000000, 11 candidate events found. Time cost 91s
2026-01-17 01:33:28,757 [INFO]    Collecting v1 chr14_0_10000000, 0 candidate events found. Time cost 103s
2026-01-17 01:33:29,481 [INFO]    Collecting v1 chr16_20000000_30000000, 0 candidate events found. Time cost 75s
2026-01-17 01:33:32,281 [INFO]    Collecting v1 chr16_30000000_40000000, 0 candidate events found. Time cost 77s
2026-01-17 01:33:32,376 [INFO]    Collecting v1 chr16_10000000_20000000, 0 candidate events found. Time cost 79s
2026-01-17 01:33:33,225 [INFO]    Collecting v1 chr17_30000000_40000000, 0 candidate events found. Time cost 71s
2026-01-17 01:33:34,680 [INFO]    Collecting v1 chr15_70000000_80000000, 3 candidate events found. Time cost 85s
2026-01-17 01:33:35,687 [INFO]    Collecting v1 chr17_70000000_80000000, 0 candidate events found. Time cost 70s
2026-01-17 01:33:37,096 [INFO]    Collecting v1 chr18_10000000_20000000, 0 candidate events found. Time cost 66s
2026-01-17 01:33:38,737 [INFO]    Collecting v1 chr15_20000000_30000000, 0 candidate events found. Time cost 97s
2026-01-17 01:33:38,867 [INFO]    Collecting v1 chr17_60000000_70000000, 0 candidate events found. Time cost 73s
2026-01-17 01:33:39,292 [INFO]    Collecting v1 chr16_70000000_80000000, 2 candidate events found. Time cost 82s
2026-01-17 01:33:39,382 [INFO]    Collecting v1 chr18_30000000_40000000, 0 candidate events found. Time cost 67s
2026-01-17 01:33:41,372 [INFO]    Collecting v1 chr18_20000000_30000000, 0 candidate events found. Time cost 70s
2026-01-17 01:33:42,582 [INFO]    Collecting v1 chr17_40000000_50000000, 0 candidate events found. Time cost 79s
2026-01-17 01:33:42,823 [INFO]    Collecting v1 chr18_40000000_50000000, 0 candidate events found. Time cost 70s
2026-01-17 01:33:43,936 [INFO]    Collecting v1 chr16_80000000_90000000, 1 candidate events found. Time cost 85s
2026-01-17 01:33:46,950 [INFO]    Collecting v1 chr17_50000000_60000000, 3 candidate events found. Time cost 82s
2026-01-17 01:33:49,776 [INFO]    Collecting v1 chr18_60000000_70000000, 0 candidate events found. Time cost 71s
2026-01-17 01:33:50,736 [INFO]    Collecting v1 chr18_50000000_60000000, 0 candidate events found. Time cost 73s
2026-01-17 01:33:51,486 [INFO]    Collecting v1 chr22_50000000_60000000, 3 candidate events found. Time cost 25s
2026-01-17 01:33:51,763 [INFO]    Collecting v1 chr15_60000000_70000000, 5 candidate events found. Time cost 102s
2026-01-17 01:33:52,461 [INFO]    Collecting v1 chrM_0_10000000, 0 candidate events found. Time cost 0s
2026-01-17 01:33:57,032 [INFO]    Collecting v1 chr18_0_10000000, 6 candidate events found. Time cost 89s
2026-01-17 01:33:57,125 [INFO]    Collecting v1 chr16_0_10000000, 16 candidate events found. Time cost 104s
2026-01-17 01:33:57,737 [INFO]    Collecting v1 chr19_0_10000000, 2 candidate events found. Time cost 74s
2026-01-17 01:34:02,678 [INFO]    Collecting v1 chr19_40000000_50000000, 0 candidate events found. Time cost 66s
2026-01-17 01:34:05,190 [INFO]    Collecting v1 chr19_30000000_40000000, 0 candidate events found. Time cost 70s
2026-01-17 01:34:08,391 [INFO]    Collecting v1 chr18_70000000_80000000, 4 candidate events found. Time cost 87s
2026-01-17 01:34:08,954 [INFO]    Collecting v1 chrY_60000000_70000000, 0 candidate events found. Time cost 17s
2026-01-17 01:34:09,871 [INFO]    Collecting v1 chr20_10000000_20000000, 0 candidate events found. Time cost 69s
2026-01-17 01:34:11,040 [INFO]    Collecting v1 chr20_60000000_70000000, 9 candidate events found. Time cost 57s
2026-01-17 01:34:11,759 [INFO]    Collecting v1 chrX_150000000_160000000, 0 candidate events found. Time cost 30s
2026-01-17 01:34:15,965 [INFO]    Collecting v1 chr19_50000000_60000000, 0 candidate events found. Time cost 79s
2026-01-17 01:34:16,376 [INFO]    Collecting v1 chr21_20000000_30000000, 0 candidate events found. Time cost 61s
2026-01-17 01:34:19,079 [INFO]    Collecting v1 chr19_10000000_20000000, 6 candidate events found. Time cost 91s
2026-01-17 01:34:19,620 [INFO]    Collecting v1 chr21_10000000_20000000, 0 candidate events found. Time cost 65s
2026-01-17 01:34:19,842 [INFO]    Collecting v1 chr20_50000000_60000000, 4 candidate events found. Time cost 69s
2026-01-17 01:34:20,623 [INFO]    Collecting v1 chr20_40000000_50000000, 0 candidate events found. Time cost 70s
2026-01-17 01:34:21,102 [INFO]    Collecting v1 chr20_30000000_40000000, 4 candidate events found. Time cost 76s
2026-01-17 01:34:21,921 [INFO]    Collecting v1 chr22_20000000_30000000, 2 candidate events found. Time cost 62s
2026-01-17 01:34:23,822 [INFO]    Collecting v1 chr21_30000000_40000000, 1 candidate events found. Time cost 68s
2026-01-17 01:34:24,687 [INFO]    Collecting v1 chr20_20000000_30000000, 0 candidate events found. Time cost 80s
2026-01-17 01:34:29,036 [INFO]    Collecting v1 chr22_10000000_20000000, 0 candidate events found. Time cost 69s
2026-01-17 01:34:29,161 [INFO]    Collecting v1 chrX_30000000_40000000, 0 candidate events found. Time cost 60s
2026-01-17 01:34:29,361 [INFO]    Collecting v1 chr10_130000000_140000000, 14 candidate events found. Time cost 224s
2026-01-17 01:34:32,280 [INFO]    Collecting v1 chrX_90000000_100000000, 0 candidate events found. Time cost 56s
2026-01-17 01:34:32,635 [INFO]    Collecting v1 chr22_0_10000000, 0 candidate events found. Time cost 73s
2026-01-17 01:34:32,962 [INFO]    Collecting v1 chrX_10000000_20000000, 0 candidate events found. Time cost 64s
2026-01-17 01:34:33,477 [INFO]    Collecting v1 chrX_50000000_60000000, 0 candidate events found. Time cost 61s
2026-01-17 01:34:33,543 [INFO]    Collecting v1 chrY_40000000_50000000, 0 candidate events found. Time cost 43s
2026-01-17 01:34:33,578 [INFO]    Collecting v1 chrY_30000000_40000000, 0 candidate events found. Time cost 46s
2026-01-17 01:34:34,288 [INFO]    Collecting v1 chr21_0_10000000, 0 candidate events found. Time cost 80s
2026-01-17 01:34:34,763 [INFO]    Collecting v1 chrX_80000000_90000000, 0 candidate events found. Time cost 59s
2026-01-17 01:34:34,832 [INFO]    Collecting v1 chrX_70000000_80000000, 0 candidate events found. Time cost 61s
2026-01-17 01:34:35,515 [INFO]    Collecting v1 chrX_130000000_140000000, 0 candidate events found. Time cost 56s
2026-01-17 01:34:35,656 [INFO]    Collecting v1 chrX_100000000_110000000, 0 candidate events found. Time cost 58s
2026-01-17 01:34:35,862 [INFO]    Collecting v1 chrY_0_10000000, 0 candidate events found. Time cost 53s
2026-01-17 01:34:36,196 [INFO]    Collecting v1 chrX_60000000_70000000, 0 candidate events found. Time cost 63s
2026-01-17 01:34:36,391 [INFO]    Collecting v1 chrY_50000000_60000000, 0 candidate events found. Time cost 45s
2026-01-17 01:34:36,510 [INFO]    Collecting v1 chrX_40000000_50000000, 0 candidate events found. Time cost 67s
2026-01-17 01:34:36,541 [INFO]    Collecting v1 chr22_30000000_40000000, 7 candidate events found. Time cost 76s
2026-01-17 01:34:36,966 [INFO]    Collecting v1 chr21_40000000_50000000, 17 candidate events found. Time cost 78s
2026-01-17 01:34:37,139 [INFO]    Collecting v1 chrY_10000000_20000000, 0 candidate events found. Time cost 54s
2026-01-17 01:34:37,657 [INFO]    Collecting v1 chrY_20000000_30000000, 0 candidate events found. Time cost 53s
2026-01-17 01:34:38,069 [INFO]    Collecting v1 chrX_20000000_30000000, 0 candidate events found. Time cost 69s
2026-01-17 01:34:38,317 [INFO]    Collecting v1 chrX_120000000_130000000, 0 candidate events found. Time cost 59s
2026-01-17 01:34:38,348 [INFO]    Collecting v1 chr20_0_10000000, 4 candidate events found. Time cost 101s
2026-01-17 01:34:40,849 [INFO]    Collecting v1 chrX_140000000_150000000, 0 candidate events found. Time cost 61s
2026-01-17 01:34:42,160 [INFO]    Collecting v1 chrX_110000000_120000000, 0 candidate events found. Time cost 63s
2026-01-17 01:34:46,625 [INFO]    Collecting v1 chr22_40000000_50000000, 12 candidate events found. Time cost 80s
2026-01-17 01:34:51,310 [INFO]    Collecting v1 chr19_20000000_30000000, 23 candidate events found. Time cost 124s
2026-01-17 01:35:09,420 [INFO]    Collecting v1 chrX_0_10000000, 19 candidate events found. Time cost 101s
2026-01-17 01:35:31,542 [INFO]    Collecting v1 chr12_120000000_130000000, 22 candidate events found. Time cost 243s
2026-01-17 01:35:31,693 [INFO]    Collecting Time Cost 532s
2026-01-17 01:35:31,693 [INFO]    ****************** Step2 lite-Unet predicting **************************
2026-01-17 01:35:31,756 [INFO]    Predicting v1 chr1_30000000_40000000, 0 events pass lite-Unet module. Time cost: 0s
2026-01-17 01:35:31,758 [INFO]    Predicting v1 chr1_60000000_70000000, 0 events pass lite-Unet module. Time cost: 0s
2026-01-17 01:35:31,758 [INFO]    Predicting v1 chr1_230000000_240000000, 0 events pass lite-Unet module. Time cost: 0s
2026-01-17 01:35:31,758 [INFO]    Predicting v1 chr1_240000000_250000000, 0 events pass lite-Unet module. Time cost: 0s
2026-01-17 01:35:31,759 [INFO]    Predicting v1 chr1_100000000_110000000, 0 events pass lite-Unet module. Time cost: 0s
2026-01-17 01:35:31,759 [INFO]    Predicting v1 chr1_160000000_170000000, 0 events pass lite-Unet module. Time cost: 0s
2026-01-17 01:35:31,759 [INFO]    Predicting v1 chr1_80000000_90000000, 0 events pass lite-Unet module. Time cost: 0s
2026-01-17 01:35:31,759 [INFO]    Predicting v1 chr1_130000000_140000000, 0 events pass lite-Unet module. Time cost: 0s
2026-01-17 01:35:31,759 [INFO]    Predicting v1 chr1_210000000_220000000, 0 events pass lite-Unet module. Time cost: 0s
2026-01-17 01:35:31,759 [INFO]    Predicting v1 chr1_190000000_200000000, 0 events pass lite-Unet module. Time cost: 0s
2026-01-17 01:35:31,759 [INFO]    Predicting v1 chr1_120000000_130000000, 0 events pass lite-Unet module. Time cost: 0s
2026-01-17 01:35:31,759 [INFO]    Predicting v1 chr1_180000000_190000000, 0 events pass lite-Unet module. Time cost: 0s
2026-01-17 01:35:31,759 [INFO]    Predicting v1 chr1_40000000_50000000, 0 events pass lite-Unet module. Time cost: 0s
2026-01-17 01:35:31,759 [INFO]    Predicting v1 chr1_20000000_30000000, 0 events pass lite-Unet module. Time cost: 0s
2026-01-17 01:35:31,759 [INFO]    Predicting v1 chr1_70000000_80000000, 0 events pass lite-Unet module. Time cost: 0s
2026-01-17 01:35:31,759 [INFO]    Predicting v1 chr1_50000000_60000000, 0 events pass lite-Unet module. Time cost: 0s
2026-01-17 01:35:31,759 [INFO]    Predicting v1 chr1_90000000_100000000, 0 events pass lite-Unet module. Time cost: 0s
2026-01-17 01:35:31,760 [INFO]    Predicting v1 chr2_10000000_20000000, 0 events pass lite-Unet module. Time cost: 0s
2026-01-17 01:35:31,763 [INFO]    Predicting v1 chr2_130000000_140000000, 0 events pass lite-Unet module. Time cost: 0s
2026-01-17 01:35:31,763 [INFO]    Predicting v1 chr2_100000000_110000000, 0 events pass lite-Unet module. Time cost: 0s
2026-01-17 01:35:31,763 [INFO]    Predicting v1 chr2_180000000_190000000, 0 events pass lite-Unet module. Time cost: 0s
2026-01-17 01:35:31,763 [INFO]    Predicting v1 chr2_30000000_40000000, 0 events pass lite-Unet module. Time cost: 0s
2026-01-17 01:35:31,763 [INFO]    Predicting v1 chr2_160000000_170000000, 0 events pass lite-Unet module. Time cost: 0s
2026-01-17 01:35:31,763 [INFO]    Predicting v1 chr2_70000000_80000000, 0 events pass lite-Unet module. Time cost: 0s
2026-01-17 01:35:31,763 [INFO]    Predicting v1 chr2_150000000_160000000, 0 events pass lite-Unet module. Time cost: 0s
2026-01-17 01:35:31,763 [INFO]    Predicting v1 chr2_40000000_50000000, 0 events pass lite-Unet module. Time cost: 0s
2026-01-17 01:35:31,764 [INFO]    Predicting v1 chr2_80000000_90000000, 2 events pass lite-Unet module. Time cost: 0s
2026-01-17 01:35:31,766 [INFO]    Predicting v1 chr2_200000000_210000000, 0 events pass lite-Unet module. Time cost: 0s
2026-01-17 01:35:31,766 [INFO]    Predicting v1 chr2_220000000_230000000, 0 events pass lite-Unet module. Time cost: 0s
2026-01-17 01:35:31,767 [INFO]    Predicting v1 chr3_20000000_30000000, 0 events pass lite-Unet module. Time cost: 0s
2026-01-17 01:35:31,767 [INFO]    Predicting v1 chr2_210000000_220000000, 0 events pass lite-Unet module. Time cost: 0s
2026-01-17 01:35:31,768 [INFO]    Predicting v1 chr2_190000000_200000000, 0 events pass lite-Unet module. Time cost: 0s
2026-01-17 01:35:31,770 [INFO]    Predicting v1 chr3_40000000_50000000, 0 events pass lite-Unet module. Time cost: 0s
2026-01-17 01:35:31,773 [INFO]    Predicting v1 chr3_60000000_70000000, 0 events pass lite-Unet module. Time cost: 0s
2026-01-17 01:35:31,773 [INFO]    Predicting v1 chr3_70000000_80000000, 0 events pass lite-Unet module. Time cost: 0s
2026-01-17 01:35:31,774 [INFO]    Predicting v1 chr3_80000000_90000000, 0 events pass lite-Unet module. Time cost: 0s
2026-01-17 01:35:31,774 [INFO]    Predicting v1 chr3_0_10000000, 0 events pass lite-Unet module. Time cost: 0s
2026-01-17 01:35:31,778 [INFO]    Predicting v1 chr3_120000000_130000000, 0 events pass lite-Unet module. Time cost: 0s
2026-01-17 01:35:31,779 [INFO]    Predicting v1 chr3_110000000_120000000, 0 events pass lite-Unet module. Time cost: 0s
2026-01-17 01:35:31,781 [INFO]    Predicting v1 chr3_100000000_110000000, 0 events pass lite-Unet module. Time cost: 0s
2026-01-17 01:35:31,782 [INFO]    Predicting v1 chr3_90000000_100000000, 0 events pass lite-Unet module. Time cost: 0s
2026-01-17 01:35:31,783 [INFO]    Predicting v1 chr3_130000000_140000000, 0 events pass lite-Unet module. Time cost: 0s
2026-01-17 01:35:31,784 [INFO]    Predicting v1 chr3_140000000_150000000, 0 events pass lite-Unet module. Time cost: 0s
2026-01-17 01:35:31,787 [INFO]    Predicting v1 chr3_170000000_180000000, 0 events pass lite-Unet module. Time cost: 0s
2026-01-17 01:35:31,794 [INFO]    Predicting v1 chr3_180000000_190000000, 0 events pass lite-Unet module. Time cost: 0s
2026-01-17 01:35:31,795 [INFO]    Predicting v1 chr3_150000000_160000000, 0 events pass lite-Unet module. Time cost: 0s
2026-01-17 01:35:31,801 [INFO]    Predicting v1 chr3_160000000_170000000, 0 events pass lite-Unet module. Time cost: 0s
2026-01-17 01:35:31,838 [INFO]    Predicting v1 chr3_200000000_210000000, 0 events pass lite-Unet module. Time cost: 0s
2026-01-17 01:35:31,926 [INFO]    Predicting v1 chr4_20000000_30000000, 0 events pass lite-Unet module. Time cost: 0s
2026-01-17 01:35:32,022 [INFO]    Predicting v1 chr4_30000000_40000000, 0 events pass lite-Unet module. Time cost: 0s
2026-01-17 01:35:32,134 [INFO]    Predicting v1 chr4_40000000_50000000, 0 events pass lite-Unet module. Time cost: 0s
2026-01-17 01:35:32,398 [INFO]    Predicting v1 chr4_50000000_60000000, 0 events pass lite-Unet module. Time cost: 0s
2026-01-17 01:35:32,504 [INFO]    Predicting v1 chr4_60000000_70000000, 0 events pass lite-Unet module. Time cost: 0s
2026-01-17 01:35:32,509 [INFO]    Predicting v1 chr4_70000000_80000000, 0 events pass lite-Unet module. Time cost: 0s
2026-01-17 01:35:32,513 [INFO]    Predicting v1 chr4_80000000_90000000, 0 events pass lite-Unet module. Time cost: 0s
2026-01-17 01:35:32,567 [INFO]    Predicting v1 chr2_20000000_30000000, 1 events pass lite-Unet module. Time cost: 0s
2026-01-17 01:35:32,593 [INFO]    Predicting v1 chr4_100000000_110000000, 0 events pass lite-Unet module. Time cost: 0s
2026-01-17 01:35:32,676 [INFO]    Predicting v1 chr1_200000000_210000000, 1 events pass lite-Unet module. Time cost: 0s
2026-01-17 01:35:32,682 [INFO]    Predicting v1 chr4_120000000_130000000, 0 events pass lite-Unet module. Time cost: 0s
2026-01-17 01:35:32,688 [INFO]    Predicting v1 chr4_130000000_140000000, 0 events pass lite-Unet module. Time cost: 0s
2026-01-17 01:35:32,693 [INFO]    Predicting v1 chr4_140000000_150000000, 0 events pass lite-Unet module. Time cost: 0s
2026-01-17 01:35:32,699 [INFO]    Predicting v1 chr4_150000000_160000000, 0 events pass lite-Unet module. Time cost: 0s
2026-01-17 01:35:32,706 [INFO]    Predicting v1 chr4_160000000_170000000, 0 events pass lite-Unet module. Time cost: 0s
2026-01-17 01:35:32,715 [INFO]    Predicting v1 chr4_170000000_180000000, 0 events pass lite-Unet module. Time cost: 0s
2026-01-17 01:35:33,077 [INFO]    Predicting v1 chr1_140000000_150000000, 2 events pass lite-Unet module. Time cost: 1s
2026-01-17 01:35:33,083 [INFO]    Predicting v1 chr4_190000000_200000000, 0 events pass lite-Unet module. Time cost: 0s
2026-01-17 01:35:33,120 [INFO]    Predicting v1 chr2_230000000_240000000, 36 events pass lite-Unet module. Time cost: 1s
2026-01-17 01:35:33,124 [INFO]    Predicting v1 chr4_110000000_120000000, 1 events pass lite-Unet module. Time cost: 0s
2026-01-17 01:35:33,126 [INFO]    Predicting v1 chr5_10000000_20000000, 0 events pass lite-Unet module. Time cost: 0s
2026-01-17 01:35:33,135 [INFO]    Predicting v1 chr5_20000000_30000000, 0 events pass lite-Unet module. Time cost: 0s
2026-01-17 01:35:33,137 [INFO]    Predicting v1 chr5_30000000_40000000, 0 events pass lite-Unet module. Time cost: 0s
2026-01-17 01:35:33,140 [INFO]    Predicting v1 chr2_50000000_60000000, 1 events pass lite-Unet module. Time cost: 1s
2026-01-17 01:35:33,143 [INFO]    Predicting v1 chr5_50000000_60000000, 0 events pass lite-Unet module. Time cost: 0s
2026-01-17 01:35:33,148 [INFO]    Predicting v1 chr5_70000000_80000000, 0 events pass lite-Unet module. Time cost: 0s
2026-01-17 01:35:33,154 [INFO]    Predicting v1 chr5_80000000_90000000, 0 events pass lite-Unet module. Time cost: 0s
2026-01-17 01:35:33,154 [INFO]    Predicting v1 chr5_40000000_50000000, 0 events pass lite-Unet module. Time cost: 0s
2026-01-17 01:35:33,160 [INFO]    Predicting v1 chr5_90000000_100000000, 0 events pass lite-Unet module. Time cost: 0s
2026-01-17 01:35:33,160 [INFO]    Predicting v1 chr2_140000000_150000000, 1 events pass lite-Unet module. Time cost: 1s
2026-01-17 01:35:33,166 [INFO]    Predicting v1 chr5_110000000_120000000, 0 events pass lite-Unet module. Time cost: 0s
2026-01-17 01:35:33,172 [INFO]    Predicting v1 chr5_130000000_140000000, 0 events pass lite-Unet module. Time cost: 0s
2026-01-17 01:35:33,181 [INFO]    Predicting v1 chr5_140000000_150000000, 0 events pass lite-Unet module. Time cost: 0s
2026-01-17 01:35:33,188 [INFO]    Predicting v1 chr5_150000000_160000000, 0 events pass lite-Unet module. Time cost: 0s
2026-01-17 01:35:33,188 [INFO]    Predicting v1 chr5_120000000_130000000, 0 events pass lite-Unet module. Time cost: 0s
2026-01-17 01:35:33,194 [INFO]    Predicting v1 chr5_160000000_170000000, 0 events pass lite-Unet module. Time cost: 0s
2026-01-17 01:35:33,200 [INFO]    Predicting v1 chr5_170000000_180000000, 0 events pass lite-Unet module. Time cost: 0s
2026-01-17 01:35:33,202 [INFO]    Predicting v1 chr5_180000000_190000000, 0 events pass lite-Unet module. Time cost: 0s
2026-01-17 01:35:33,211 [INFO]    Predicting v1 chr1_10000000_20000000, 1 events pass lite-Unet module. Time cost: 1s
2026-01-17 01:35:33,216 [INFO]    Predicting v1 chr6_20000000_30000000, 0 events pass lite-Unet module. Time cost: 0s
2026-01-17 01:35:33,226 [INFO]    Predicting v1 chr6_30000000_40000000, 0 events pass lite-Unet module. Time cost: 0s
2026-01-17 01:35:33,295 [INFO]    Predicting v1 chr1_170000000_180000000, 2 events pass lite-Unet module. Time cost: 1s
2026-01-17 01:35:33,306 [INFO]    Predicting v1 chr6_50000000_60000000, 0 events pass lite-Unet module. Time cost: 0s
2026-01-17 01:35:33,330 [INFO]    Predicting v1 chr3_10000000_20000000, 2 events pass lite-Unet module. Time cost: 1s
2026-01-17 01:35:33,343 [INFO]    Predicting v1 chr6_70000000_80000000, 0 events pass lite-Unet module. Time cost: 0s
2026-01-17 01:35:33,354 [INFO]    Predicting v1 chr6_80000000_90000000, 0 events pass lite-Unet module. Time cost: 0s
2026-01-17 01:35:33,364 [INFO]    Predicting v1 chr6_90000000_100000000, 0 events pass lite-Unet module. Time cost: 0s
2026-01-17 01:35:33,373 [INFO]    Predicting v1 chr6_100000000_110000000, 0 events pass lite-Unet module. Time cost: 0s
2026-01-17 01:35:33,380 [INFO]    Predicting v1 chr6_110000000_120000000, 0 events pass lite-Unet module. Time cost: 0s
2026-01-17 01:35:33,387 [INFO]    Predicting v1 chr6_120000000_130000000, 0 events pass lite-Unet module. Time cost: 0s
2026-01-17 01:35:33,394 [INFO]    Predicting v1 chr6_130000000_140000000, 0 events pass lite-Unet module. Time cost: 0s
2026-01-17 01:35:33,403 [INFO]    Predicting v1 chr6_140000000_150000000, 2 events pass lite-Unet module. Time cost: 0s
2026-01-17 01:35:33,419 [INFO]    Predicting v1 chr1_150000000_160000000, 2 events pass lite-Unet module. Time cost: 1s
2026-01-17 01:35:33,498 [INFO]    Predicting v1 chr4_90000000_100000000, 2 events pass lite-Unet module. Time cost: 0s
2026-01-17 01:35:33,507 [INFO]    Predicting v1 chr6_170000000_180000000, 0 events pass lite-Unet module. Time cost: 0s
2026-01-17 01:35:33,649 [INFO]    Predicting v1 chr5_60000000_70000000, 1 events pass lite-Unet module. Time cost: 0s
2026-01-17 01:35:33,664 [INFO]    Predicting v1 chr7_10000000_20000000, 0 events pass lite-Unet module. Time cost: 0s
2026-01-17 01:35:33,685 [INFO]    Predicting v1 chr5_100000000_110000000, 1 events pass lite-Unet module. Time cost: 0s
2026-01-17 01:35:33,775 [INFO]    Predicting v1 chr2_90000000_100000000, 12 events pass lite-Unet module. Time cost: 2s
2026-01-17 01:35:33,781 [INFO]    Predicting v1 chr7_40000000_50000000, 0 events pass lite-Unet module. Time cost: 0s
2026-01-17 01:35:33,788 [INFO]    Predicting v1 chr7_50000000_60000000, 0 events pass lite-Unet module. Time cost: 0s
2026-01-17 01:35:33,794 [INFO]    Predicting v1 chr7_60000000_70000000, 0 events pass lite-Unet module. Time cost: 0s
2026-01-17 01:35:33,802 [INFO]    Predicting v1 chr7_70000000_80000000, 0 events pass lite-Unet module. Time cost: 0s
2026-01-17 01:35:33,808 [INFO]    Predicting v1 chr7_80000000_90000000, 0 events pass lite-Unet module. Time cost: 0s
2026-01-17 01:35:33,819 [INFO]    Predicting v1 chr6_150000000_160000000, 2 events pass lite-Unet module. Time cost: 0s
2026-01-17 01:35:34,003 [INFO]    Predicting v1 chr2_170000000_180000000, 2 events pass lite-Unet module. Time cost: 2s
2026-01-17 01:35:34,231 [INFO]    Predicting v1 chr7_0_10000000, 1 events pass lite-Unet module. Time cost: 0s
2026-01-17 01:35:34,243 [INFO]    Predicting v1 chr7_120000000_130000000, 0 events pass lite-Unet module. Time cost: 0s
2026-01-17 01:35:34,257 [INFO]    Predicting v1 chr6_0_10000000, 7 events pass lite-Unet module. Time cost: 1s
2026-01-17 01:35:34,266 [INFO]    Predicting v1 chr7_140000000_150000000, 0 events pass lite-Unet module. Time cost: 0s
2026-01-17 01:35:34,327 [INFO]    Predicting v1 chr6_40000000_50000000, 1 events pass lite-Unet module. Time cost: 1s
2026-01-17 01:35:34,334 [INFO]    Predicting v1 chr7_160000000_170000000, 0 events pass lite-Unet module. Time cost: 0s
2026-01-17 01:35:34,396 [INFO]    Predicting v1 chr1_220000000_230000000, 3 events pass lite-Unet module. Time cost: 2s
2026-01-17 01:35:34,403 [INFO]    Predicting v1 chr8_10000000_20000000, 0 events pass lite-Unet module. Time cost: 0s
2026-01-17 01:35:34,826 [INFO]    Predicting v1 chr7_90000000_100000000, 7 events pass lite-Unet module. Time cost: 1s
2026-01-17 01:35:34,876 [INFO]    Predicting v1 chr7_30000000_40000000, 3 events pass lite-Unet module. Time cost: 1s
2026-01-17 01:35:34,882 [INFO]    Predicting v1 chr8_40000000_50000000, 0 events pass lite-Unet module. Time cost: 0s
2026-01-17 01:35:34,888 [INFO]    Predicting v1 chr8_50000000_60000000, 0 events pass lite-Unet module. Time cost: 0s
2026-01-17 01:35:34,895 [INFO]    Predicting v1 chr8_60000000_70000000, 0 events pass lite-Unet module. Time cost: 0s
2026-01-17 01:35:34,901 [INFO]    Predicting v1 chr8_70000000_80000000, 0 events pass lite-Unet module. Time cost: 0s
2026-01-17 01:35:34,907 [INFO]    Predicting v1 chr8_80000000_90000000, 0 events pass lite-Unet module. Time cost: 0s
2026-01-17 01:35:34,912 [INFO]    Predicting v1 chr8_90000000_100000000, 0 events pass lite-Unet module. Time cost: 0s
2026-01-17 01:35:34,918 [INFO]    Predicting v1 chr8_100000000_110000000, 0 events pass lite-Unet module. Time cost: 0s
2026-01-17 01:35:34,928 [INFO]    Predicting v1 chr8_110000000_120000000, 0 events pass lite-Unet module. Time cost: 0s
2026-01-17 01:35:34,933 [INFO]    Predicting v1 chr8_120000000_130000000, 0 events pass lite-Unet module. Time cost: 0s
2026-01-17 01:35:34,938 [INFO]    Predicting v1 chr8_130000000_140000000, 0 events pass lite-Unet module. Time cost: 0s
2026-01-17 01:35:34,944 [INFO]    Predicting v1 chr7_110000000_120000000, 1 events pass lite-Unet module. Time cost: 0s
2026-01-17 01:35:34,957 [INFO]    Predicting v1 chr9_0_10000000, 0 events pass lite-Unet module. Time cost: 0s
2026-01-17 01:35:34,971 [INFO]    Predicting v1 chr9_10000000_20000000, 0 events pass lite-Unet module. Time cost: 0s
2026-01-17 01:35:34,984 [INFO]    Predicting v1 chr9_20000000_30000000, 1 events pass lite-Unet module. Time cost: 0s
2026-01-17 01:35:34,995 [INFO]    Predicting v1 chr9_30000000_40000000, 0 events pass lite-Unet module. Time cost: 0s
2026-01-17 01:35:35,004 [INFO]    Predicting v1 chr9_40000000_50000000, 0 events pass lite-Unet module. Time cost: 0s
2026-01-17 01:35:35,007 [INFO]    Predicting v1 chr6_10000000_20000000, 4 events pass lite-Unet module. Time cost: 1s
2026-01-17 01:35:35,007 [INFO]    Predicting v1 chr3_50000000_60000000, 4 events pass lite-Unet module. Time cost: 3s
2026-01-17 01:35:35,012 [INFO]    Predicting v1 chr9_50000000_60000000, 0 events pass lite-Unet module. Time cost: 0s
2026-01-17 01:35:35,017 [INFO]    Predicting v1 chr9_60000000_70000000, 0 events pass lite-Unet module. Time cost: 0s
2026-01-17 01:35:35,018 [INFO]    Predicting v1 chr9_70000000_80000000, 0 events pass lite-Unet module. Time cost: 0s
2026-01-17 01:35:35,021 [INFO]    Predicting v1 chr9_80000000_90000000, 0 events pass lite-Unet module. Time cost: 0s
2026-01-17 01:35:35,033 [INFO]    Predicting v1 chr9_110000000_120000000, 0 events pass lite-Unet module. Time cost: 0s
2026-01-17 01:35:35,041 [INFO]    Predicting v1 chr9_120000000_130000000, 0 events pass lite-Unet module. Time cost: 0s
2026-01-17 01:35:35,049 [INFO]    Predicting v1 chr9_130000000_140000000, 0 events pass lite-Unet module. Time cost: 0s
2026-01-17 01:35:35,173 [INFO]    Predicting v1 chr8_30000000_40000000, 1 events pass lite-Unet module. Time cost: 0s
2026-01-17 01:35:35,180 [INFO]    Predicting v1 chr9_150000000_160000000, 0 events pass lite-Unet module. Time cost: 0s
2026-01-17 01:35:35,245 [INFO]    Predicting v1 chr3_30000000_40000000, 4 events pass lite-Unet module. Time cost: 3s
2026-01-17 01:35:35,255 [INFO]    Predicting v1 chr5_0_10000000, 6 events pass lite-Unet module. Time cost: 2s
2026-01-17 01:35:35,259 [INFO]    Predicting v1 chr10_10000000_20000000, 0 events pass lite-Unet module. Time cost: 0s
2026-01-17 01:35:35,262 [INFO]    Predicting v1 chr10_20000000_30000000, 0 events pass lite-Unet module. Time cost: 0s
2026-01-17 01:35:35,267 [INFO]    Predicting v1 chr10_40000000_50000000, 0 events pass lite-Unet module. Time cost: 0s
2026-01-17 01:35:35,272 [INFO]    Predicting v1 chr10_30000000_40000000, 0 events pass lite-Unet module. Time cost: 0s
2026-01-17 01:35:35,273 [INFO]    Predicting v1 chr10_50000000_60000000, 1 events pass lite-Unet module. Time cost: 0s
2026-01-17 01:35:35,277 [INFO]    Predicting v1 chr10_60000000_70000000, 0 events pass lite-Unet module. Time cost: 0s
2026-01-17 01:35:35,285 [INFO]    Predicting v1 chr10_70000000_80000000, 0 events pass lite-Unet module. Time cost: 0s
2026-01-17 01:35:35,298 [INFO]    Predicting v1 chr10_90000000_100000000, 0 events pass lite-Unet module. Time cost: 0s
2026-01-17 01:35:35,410 [INFO]    Predicting v1 chr7_130000000_140000000, 8 events pass lite-Unet module. Time cost: 1s
2026-01-17 01:35:35,452 [INFO]    Predicting v1 chr6_60000000_70000000, 10 events pass lite-Unet module. Time cost: 2s
2026-01-17 01:35:35,519 [INFO]    Predicting v1 chr2_120000000_130000000, 5 events pass lite-Unet module. Time cost: 3s
2026-01-17 01:35:35,605 [INFO]    Predicting v1 chr9_90000000_100000000, 1 events pass lite-Unet module. Time cost: 0s
2026-01-17 01:35:35,920 [INFO]    Predicting v1 chr2_60000000_70000000, 4 events pass lite-Unet module. Time cost: 4s
2026-01-17 01:35:35,975 [INFO]    Predicting v1 chr4_10000000_20000000, 6 events pass lite-Unet module. Time cost: 4s
2026-01-17 01:35:36,008 [INFO]    Predicting v1 chr11_20000000_30000000, 0 events pass lite-Unet module. Time cost: 0s
2026-01-17 01:35:36,023 [INFO]    Predicting v1 chr11_30000000_40000000, 0 events pass lite-Unet module. Time cost: 0s
2026-01-17 01:35:36,027 [INFO]    Predicting v1 chr11_40000000_50000000, 0 events pass lite-Unet module. Time cost: 0s
2026-01-17 01:35:36,026 [INFO]    Predicting v1 chr7_20000000_30000000, 3 events pass lite-Unet module. Time cost: 2s
2026-01-17 01:35:36,032 [INFO]    Predicting v1 chr11_50000000_60000000, 0 events pass lite-Unet module. Time cost: 0s
2026-01-17 01:35:36,047 [INFO]    Predicting v1 chr2_110000000_120000000, 5 events pass lite-Unet module. Time cost: 4s
2026-01-17 01:35:36,052 [INFO]    Predicting v1 chr10_100000000_110000000, 1 events pass lite-Unet module. Time cost: 0s
2026-01-17 01:35:36,054 [INFO]    Predicting v1 chr11_80000000_90000000, 0 events pass lite-Unet module. Time cost: 0s
2026-01-17 01:35:36,059 [INFO]    Predicting v1 chr11_100000000_110000000, 0 events pass lite-Unet module. Time cost: 0s
2026-01-17 01:35:36,065 [INFO]    Predicting v1 chr11_110000000_120000000, 0 events pass lite-Unet module. Time cost: 0s
2026-01-17 01:35:36,069 [INFO]    Predicting v1 chr11_120000000_130000000, 0 events pass lite-Unet module. Time cost: 0s
2026-01-17 01:35:36,075 [INFO]    Predicting v1 chr9_100000000_110000000, 2 events pass lite-Unet module. Time cost: 1s
2026-01-17 01:35:36,082 [INFO]    Predicting v1 chr8_0_10000000, 2 events pass lite-Unet module. Time cost: 1s
2026-01-17 01:35:36,088 [INFO]    Predicting v1 chr12_10000000_20000000, 0 events pass lite-Unet module. Time cost: 0s
2026-01-17 01:35:36,130 [INFO]    Predicting v1 chr10_80000000_90000000, 2 events pass lite-Unet module. Time cost: 0s
2026-01-17 01:35:36,136 [INFO]    Predicting v1 chr12_30000000_40000000, 0 events pass lite-Unet module. Time cost: 0s
2026-01-17 01:35:36,142 [INFO]    Predicting v1 chr12_40000000_50000000, 0 events pass lite-Unet module. Time cost: 0s
2026-01-17 01:35:36,164 [INFO]    Predicting v1 chr8_20000000_30000000, 3 events pass lite-Unet module. Time cost: 1s
2026-01-17 01:35:36,175 [INFO]    Predicting v1 chr12_60000000_70000000, 0 events pass lite-Unet module. Time cost: 0s
2026-01-17 01:35:36,189 [INFO]    Predicting v1 chr12_70000000_80000000, 0 events pass lite-Unet module. Time cost: 0s
2026-01-17 01:35:36,197 [INFO]    Predicting v1 chr2_0_10000000, 24 events pass lite-Unet module. Time cost: 4s
2026-01-17 01:35:36,199 [INFO]    Predicting v1 chr12_80000000_90000000, 0 events pass lite-Unet module. Time cost: 0s
2026-01-17 01:35:36,208 [INFO]    Predicting v1 chr12_90000000_100000000, 0 events pass lite-Unet module. Time cost: 0s
2026-01-17 01:35:36,210 [INFO]    Predicting v1 chr12_100000000_110000000, 0 events pass lite-Unet module. Time cost: 0s
2026-01-17 01:35:36,217 [INFO]    Predicting v1 chr12_110000000_120000000, 0 events pass lite-Unet module. Time cost: 0s
2026-01-17 01:35:36,360 [INFO]    Predicting v1 chr7_100000000_110000000, 7 events pass lite-Unet module. Time cost: 2s
2026-01-17 01:35:36,369 [INFO]    Predicting v1 chr13_0_10000000, 0 events pass lite-Unet module. Time cost: 0s
2026-01-17 01:35:36,467 [INFO]    Predicting v1 chr10_110000000_120000000, 2 events pass lite-Unet module. Time cost: 1s
2026-01-17 01:35:36,518 [INFO]    Predicting v1 chr10_0_10000000, 4 events pass lite-Unet module. Time cost: 1s
2026-01-17 01:35:36,524 [INFO]    Predicting v1 chr13_30000000_40000000, 0 events pass lite-Unet module. Time cost: 0s
2026-01-17 01:35:36,530 [INFO]    Predicting v1 chr13_40000000_50000000, 0 events pass lite-Unet module. Time cost: 0s
2026-01-17 01:35:36,532 [INFO]    Predicting v1 chr11_90000000_100000000, 1 events pass lite-Unet module. Time cost: 0s
2026-01-17 01:35:36,535 [INFO]    Predicting v1 chr13_50000000_60000000, 0 events pass lite-Unet module. Time cost: 0s
2026-01-17 01:35:36,537 [INFO]    Predicting v1 chr13_60000000_70000000, 0 events pass lite-Unet module. Time cost: 0s
2026-01-17 01:35:36,540 [INFO]    Predicting v1 chr13_70000000_80000000, 0 events pass lite-Unet module. Time cost: 0s
2026-01-17 01:35:36,541 [INFO]    Predicting v1 chr13_80000000_90000000, 0 events pass lite-Unet module. Time cost: 0s
2026-01-17 01:35:36,545 [INFO]    Predicting v1 chr13_100000000_110000000, 0 events pass lite-Unet module. Time cost: 0s
2026-01-17 01:35:36,551 [INFO]    Predicting v1 chr13_110000000_120000000, 0 events pass lite-Unet module. Time cost: 0s
2026-01-17 01:35:36,554 [INFO]    Predicting v1 chr12_0_10000000, 1 events pass lite-Unet module. Time cost: 0s
2026-01-17 01:35:36,556 [INFO]    Predicting v1 chr14_0_10000000, 0 events pass lite-Unet module. Time cost: 0s
2026-01-17 01:35:36,561 [INFO]    Predicting v1 chr14_10000000_20000000, 0 events pass lite-Unet module. Time cost: 0s
2026-01-17 01:35:36,562 [INFO]    Predicting v1 chr14_20000000_30000000, 0 events pass lite-Unet module. Time cost: 0s
2026-01-17 01:35:36,567 [INFO]    Predicting v1 chr12_50000000_60000000, 1 events pass lite-Unet module. Time cost: 0s
2026-01-17 01:35:36,568 [INFO]    Predicting v1 chr14_30000000_40000000, 0 events pass lite-Unet module. Time cost: 0s
2026-01-17 01:35:36,569 [INFO]    Predicting v1 chr14_40000000_50000000, 0 events pass lite-Unet module. Time cost: 0s
2026-01-17 01:35:36,575 [INFO]    Predicting v1 chr14_50000000_60000000, 0 events pass lite-Unet module. Time cost: 0s
2026-01-17 01:35:36,581 [INFO]    Predicting v1 chr14_80000000_90000000, 0 events pass lite-Unet module. Time cost: 0s
2026-01-17 01:35:36,806 [INFO]    Predicting v1 chr11_10000000_20000000, 1 events pass lite-Unet module. Time cost: 0s
2026-01-17 01:35:36,885 [INFO]    Predicting v1 chr12_130000000_140000000, 1 events pass lite-Unet module. Time cost: 0s
2026-01-17 01:35:36,891 [INFO]    Predicting v1 chr15_0_10000000, 0 events pass lite-Unet module. Time cost: 0s
2026-01-17 01:35:36,895 [INFO]    Predicting v1 chr15_10000000_20000000, 3 events pass lite-Unet module. Time cost: 0s
2026-01-17 01:35:36,899 [INFO]    Predicting v1 chr15_20000000_30000000, 0 events pass lite-Unet module. Time cost: 0s
2026-01-17 01:35:36,989 [INFO]    Predicting v1 chr14_60000000_70000000, 1 events pass lite-Unet module. Time cost: 0s
2026-01-17 01:35:36,996 [INFO]    Predicting v1 chr15_40000000_50000000, 0 events pass lite-Unet module. Time cost: 0s
2026-01-17 01:35:37,001 [INFO]    Predicting v1 chr15_50000000_60000000, 0 events pass lite-Unet module. Time cost: 0s
2026-01-17 01:35:37,028 [INFO]    Predicting v1 chr12_20000000_30000000, 1 events pass lite-Unet module. Time cost: 0s
2026-01-17 01:35:37,056 [INFO]    Predicting v1 chr14_70000000_80000000, 1 events pass lite-Unet module. Time cost: 0s
2026-01-17 01:35:37,062 [INFO]    Predicting v1 chr15_80000000_90000000, 0 events pass lite-Unet module. Time cost: 0s
2026-01-17 01:35:37,069 [INFO]    Predicting v1 chr15_90000000_100000000, 0 events pass lite-Unet module. Time cost: 0s
2026-01-17 01:35:37,425 [INFO]    Predicting v1 chr4_0_10000000, 9 events pass lite-Unet module. Time cost: 5s
2026-01-17 01:35:37,431 [INFO]    Predicting v1 chr16_10000000_20000000, 0 events pass lite-Unet module. Time cost: 0s
2026-01-17 01:35:37,436 [INFO]    Predicting v1 chr16_20000000_30000000, 0 events pass lite-Unet module. Time cost: 0s
2026-01-17 01:35:37,440 [INFO]    Predicting v1 chr16_30000000_40000000, 0 events pass lite-Unet module. Time cost: 0s
2026-01-17 01:35:37,444 [INFO]    Predicting v1 chr16_40000000_50000000, 0 events pass lite-Unet module. Time cost: 0s
2026-01-17 01:35:37,448 [INFO]    Predicting v1 chr16_50000000_60000000, 0 events pass lite-Unet module. Time cost: 0s
2026-01-17 01:35:37,452 [INFO]    Predicting v1 chr16_60000000_70000000, 0 events pass lite-Unet module. Time cost: 0s
2026-01-17 01:35:37,455 [INFO]    Predicting v1 chr15_30000000_40000000, 1 events pass lite-Unet module. Time cost: 0s
2026-01-17 01:35:37,580 [INFO]    Predicting v1 chr10_120000000_130000000, 8 events pass lite-Unet module. Time cost: 2s
2026-01-17 01:35:37,624 [INFO]    Predicting v1 chr8_140000000_150000000, 14 events pass lite-Unet module. Time cost: 2s
2026-01-17 01:35:37,624 [INFO]    Predicting v1 chr13_20000000_30000000, 2 events pass lite-Unet module. Time cost: 1s
2026-01-17 01:35:37,630 [INFO]    Predicting v1 chr17_0_10000000, 1 events pass lite-Unet module. Time cost: 0s
2026-01-17 01:35:37,634 [INFO]    Predicting v1 chr17_20000000_30000000, 0 events pass lite-Unet module. Time cost: 0s
2026-01-17 01:35:37,639 [INFO]    Predicting v1 chr17_30000000_40000000, 0 events pass lite-Unet module. Time cost: 0s
2026-01-17 01:35:37,641 [INFO]    Predicting v1 chr17_10000000_20000000, 0 events pass lite-Unet module. Time cost: 0s
2026-01-17 01:35:37,645 [INFO]    Predicting v1 chr17_40000000_50000000, 0 events pass lite-Unet module. Time cost: 0s
2026-01-17 01:35:37,646 [INFO]    Predicting v1 chr15_60000000_70000000, 5 events pass lite-Unet module. Time cost: 0s
2026-01-17 01:35:37,650 [INFO]    Predicting v1 chr17_60000000_70000000, 0 events pass lite-Unet module. Time cost: 0s
2026-01-17 01:35:37,651 [INFO]    Predicting v1 chr17_70000000_80000000, 0 events pass lite-Unet module. Time cost: 0s
2026-01-17 01:35:37,686 [INFO]    Predicting v1 chr3_190000000_200000000, 10 events pass lite-Unet module. Time cost: 5s
2026-01-17 01:35:37,696 [INFO]    Predicting v1 chr18_10000000_20000000, 0 events pass lite-Unet module. Time cost: 0s
2026-01-17 01:35:37,702 [INFO]    Predicting v1 chr18_20000000_30000000, 0 events pass lite-Unet module. Time cost: 0s
2026-01-17 01:35:37,708 [INFO]    Predicting v1 chr18_30000000_40000000, 0 events pass lite-Unet module. Time cost: 0s
2026-01-17 01:35:37,714 [INFO]    Predicting v1 chr18_40000000_50000000, 0 events pass lite-Unet module. Time cost: 0s
2026-01-17 01:35:37,721 [INFO]    Predicting v1 chr18_50000000_60000000, 0 events pass lite-Unet module. Time cost: 0s
2026-01-17 01:35:37,728 [INFO]    Predicting v1 chr18_60000000_70000000, 0 events pass lite-Unet module. Time cost: 0s
2026-01-17 01:35:37,896 [INFO]    Predicting v1 chr13_90000000_100000000, 3 events pass lite-Unet module. Time cost: 1s
2026-01-17 01:35:37,904 [INFO]    Predicting v1 chr18_80000000_90000000, 0 events pass lite-Unet module. Time cost: 0s
2026-01-17 01:35:37,913 [INFO]    Predicting v1 chr19_0_10000000, 2 events pass lite-Unet module. Time cost: 0s
2026-01-17 01:35:37,947 [INFO]    Predicting v1 chr11_0_10000000, 5 events pass lite-Unet module. Time cost: 2s
2026-01-17 01:35:37,965 [INFO]    Predicting v1 chr16_80000000_90000000, 1 events pass lite-Unet module. Time cost: 0s
2026-01-17 01:35:37,970 [INFO]    Predicting v1 chr19_30000000_40000000, 0 events pass lite-Unet module. Time cost: 0s
2026-01-17 01:35:37,973 [INFO]    Predicting v1 chr19_40000000_50000000, 0 events pass lite-Unet module. Time cost: 0s
2026-01-17 01:35:37,976 [INFO]    Predicting v1 chr19_50000000_60000000, 0 events pass lite-Unet module. Time cost: 0s
2026-01-17 01:35:38,364 [INFO]    Predicting v1 chr16_70000000_80000000, 2 events pass lite-Unet module. Time cost: 0s
2026-01-17 01:35:38,493 [INFO]    Predicting v1 chr11_60000000_70000000, 4 events pass lite-Unet module. Time cost: 2s
2026-01-17 01:35:38,501 [INFO]    Predicting v1 chr20_10000000_20000000, 0 events pass lite-Unet module. Time cost: 0s
2026-01-17 01:35:38,510 [INFO]    Predicting v1 chr20_20000000_30000000, 0 events pass lite-Unet module. Time cost: 0s
2026-01-17 01:35:38,683 [INFO]    Predicting v1 chr19_60000000_70000000, 1 events pass lite-Unet module. Time cost: 0s
2026-01-17 01:35:38,689 [INFO]    Predicting v1 chr20_40000000_50000000, 0 events pass lite-Unet module. Time cost: 0s
2026-01-17 01:35:38,915 [INFO]    Predicting v1 chr13_10000000_20000000, 7 events pass lite-Unet module. Time cost: 2s
2026-01-17 01:35:38,988 [INFO]    Predicting v1 chr11_130000000_140000000, 4 events pass lite-Unet module. Time cost: 2s
2026-01-17 01:35:38,994 [INFO]    Predicting v1 chr21_0_10000000, 0 events pass lite-Unet module. Time cost: 0s
2026-01-17 01:35:38,999 [INFO]    Predicting v1 chr21_10000000_20000000, 0 events pass lite-Unet module. Time cost: 0s
2026-01-17 01:35:39,004 [INFO]    Predicting v1 chr21_20000000_30000000, 0 events pass lite-Unet module. Time cost: 0s
2026-01-17 01:35:39,066 [INFO]    Predicting v1 chr16_90000000_100000000, 4 events pass lite-Unet module. Time cost: 1s
2026-01-17 01:35:39,154 [INFO]    Predicting v1 chr17_50000000_60000000, 3 events pass lite-Unet module. Time cost: 1s
2026-01-17 01:35:39,159 [INFO]    Predicting v1 chr22_0_10000000, 0 events pass lite-Unet module. Time cost: 0s
2026-01-17 01:35:39,164 [INFO]    Predicting v1 chr22_10000000_20000000, 0 events pass lite-Unet module. Time cost: 0s
2026-01-17 01:35:39,263 [INFO]    Predicting v1 chr18_70000000_80000000, 4 events pass lite-Unet module. Time cost: 1s
2026-01-17 01:35:39,383 [INFO]    Predicting v1 chr15_70000000_80000000, 3 events pass lite-Unet module. Time cost: 2s
2026-01-17 01:35:39,388 [INFO]    Predicting v1 chr2_240000000_250000000, 8 events pass lite-Unet module. Time cost: 7s
2026-01-17 01:35:39,401 [INFO]    Predicting v1 chr20_30000000_40000000, 4 events pass lite-Unet module. Time cost: 0s
2026-01-17 01:35:39,469 [INFO]    Predicting v1 chr4_180000000_190000000, 12 events pass lite-Unet module. Time cost: 6s
2026-01-17 01:35:39,477 [INFO]    Predicting v1 chrX_10000000_20000000, 0 events pass lite-Unet module. Time cost: 0s
2026-01-17 01:35:39,483 [INFO]    Predicting v1 chrX_20000000_30000000, 0 events pass lite-Unet module. Time cost: 0s
2026-01-17 01:35:39,489 [INFO]    Predicting v1 chrX_30000000_40000000, 0 events pass lite-Unet module. Time cost: 0s
2026-01-17 01:35:39,495 [INFO]    Predicting v1 chrX_40000000_50000000, 0 events pass lite-Unet module. Time cost: 0s
2026-01-17 01:35:39,499 [INFO]    Predicting v1 chrX_50000000_60000000, 0 events pass lite-Unet module. Time cost: 0s
2026-01-17 01:35:39,505 [INFO]    Predicting v1 chrX_60000000_70000000, 0 events pass lite-Unet module. Time cost: 0s
2026-01-17 01:35:39,510 [INFO]    Predicting v1 chrX_70000000_80000000, 0 events pass lite-Unet module. Time cost: 0s
2026-01-17 01:35:39,516 [INFO]    Predicting v1 chrX_80000000_90000000, 0 events pass lite-Unet module. Time cost: 0s
2026-01-17 01:35:39,523 [INFO]    Predicting v1 chrX_90000000_100000000, 0 events pass lite-Unet module. Time cost: 0s
2026-01-17 01:35:39,531 [INFO]    Predicting v1 chrX_100000000_110000000, 0 events pass lite-Unet module. Time cost: 0s
2026-01-17 01:35:39,540 [INFO]    Predicting v1 chrX_110000000_120000000, 0 events pass lite-Unet module. Time cost: 0s
2026-01-17 01:35:39,547 [INFO]    Predicting v1 chrX_120000000_130000000, 0 events pass lite-Unet module. Time cost: 0s
2026-01-17 01:35:39,555 [INFO]    Predicting v1 chrX_130000000_140000000, 0 events pass lite-Unet module. Time cost: 0s
2026-01-17 01:35:39,563 [INFO]    Predicting v1 chrX_140000000_150000000, 0 events pass lite-Unet module. Time cost: 0s
2026-01-17 01:35:39,570 [INFO]    Predicting v1 chrX_150000000_160000000, 0 events pass lite-Unet module. Time cost: 0s
2026-01-17 01:35:39,577 [INFO]    Predicting v1 chrY_0_10000000, 0 events pass lite-Unet module. Time cost: 0s
2026-01-17 01:35:39,585 [INFO]    Predicting v1 chrY_10000000_20000000, 0 events pass lite-Unet module. Time cost: 0s
2026-01-17 01:35:39,592 [INFO]    Predicting v1 chrY_20000000_30000000, 0 events pass lite-Unet module. Time cost: 0s
2026-01-17 01:35:39,599 [INFO]    Predicting v1 chrY_30000000_40000000, 0 events pass lite-Unet module. Time cost: 0s
2026-01-17 01:35:39,606 [INFO]    Predicting v1 chrY_40000000_50000000, 0 events pass lite-Unet module. Time cost: 0s
2026-01-17 01:35:39,612 [INFO]    Predicting v1 chrY_50000000_60000000, 0 events pass lite-Unet module. Time cost: 0s
2026-01-17 01:35:39,618 [INFO]    Predicting v1 chrY_60000000_70000000, 0 events pass lite-Unet module. Time cost: 0s
2026-01-17 01:35:39,624 [INFO]    Predicting v1 chrM_0_10000000, 0 events pass lite-Unet module. Time cost: 0s
2026-01-17 01:35:39,644 [INFO]    Predicting v1 chr21_30000000_40000000, 1 events pass lite-Unet module. Time cost: 0s
2026-01-17 01:35:39,657 [INFO]    Predicting v1 chr12_120000000_130000000, 22 events pass lite-Unet module. Time cost: 3s
2026-01-17 01:35:39,759 [INFO]    Predicting v1 chr18_0_10000000, 6 events pass lite-Unet module. Time cost: 2s
2026-01-17 01:35:39,882 [INFO]    Predicting v1 chr19_10000000_20000000, 6 events pass lite-Unet module. Time cost: 1s
2026-01-17 01:35:40,153 [INFO]    Predicting v1 chr22_20000000_30000000, 2 events pass lite-Unet module. Time cost: 0s
2026-01-17 01:35:40,480 [INFO]    Predicting v1 chr14_100000000_110000000, 8 events pass lite-Unet module. Time cost: 3s
2026-01-17 01:35:40,482 [INFO]    Predicting v1 chr17_80000000_90000000, 9 events pass lite-Unet module. Time cost: 2s
2026-01-17 01:35:40,545 [INFO]    Predicting v1 chr14_90000000_100000000, 11 events pass lite-Unet module. Time cost: 3s
2026-01-17 01:35:40,641 [INFO]    Predicting v1 chr11_70000000_80000000, 11 events pass lite-Unet module. Time cost: 4s
2026-01-17 01:35:40,773 [INFO]    Predicting v1 chr20_50000000_60000000, 4 events pass lite-Unet module. Time cost: 2s
2026-01-17 01:35:40,915 [INFO]    Predicting v1 chr22_50000000_60000000, 3 events pass lite-Unet module. Time cost: 1s
2026-01-17 01:35:40,969 [INFO]    Predicting v1 chr20_0_10000000, 4 events pass lite-Unet module. Time cost: 2s
2026-01-17 01:35:41,268 [INFO]    Predicting v1 chr7_150000000_160000000, 19 events pass lite-Unet module. Time cost: 6s
2026-01-17 01:35:41,282 [INFO]    Predicting v1 chr19_20000000_30000000, 23 events pass lite-Unet module. Time cost: 3s
2026-01-17 01:35:41,376 [INFO]    Predicting v1 chr22_30000000_40000000, 7 events pass lite-Unet module. Time cost: 2s
2026-01-17 01:35:41,390 [INFO]    Predicting v1 chr10_130000000_140000000, 14 events pass lite-Unet module. Time cost: 5s
2026-01-17 01:35:41,430 [INFO]    Predicting v1 chr20_60000000_70000000, 9 events pass lite-Unet module. Time cost: 2s
2026-01-17 01:35:41,542 [INFO]    Predicting v1 chr1_110000000_120000000, 38 events pass lite-Unet module. Time cost: 9s
2026-01-17 01:35:41,907 [INFO]    Predicting v1 chr16_0_10000000, 16 events pass lite-Unet module. Time cost: 4s
2026-01-17 01:35:41,908 [INFO]    Predicting v1 chr1_0_10000000, 15 events pass lite-Unet module. Time cost: 10s
2026-01-17 01:35:42,120 [INFO]    Predicting v1 chr21_40000000_50000000, 17 events pass lite-Unet module. Time cost: 3s
2026-01-17 01:35:42,388 [INFO]    Predicting v1 chr6_160000000_170000000, 21 events pass lite-Unet module. Time cost: 8s
2026-01-17 01:35:42,852 [INFO]    Predicting v1 chr22_40000000_50000000, 12 events pass lite-Unet module. Time cost: 3s
2026-01-17 01:35:43,667 [INFO]    Predicting v1 chrX_0_10000000, 19 events pass lite-Unet module. Time cost: 4s
2026-01-17 01:35:43,884 [INFO]    Predicting v1 chr9_140000000_150000000, 31 events pass lite-Unet module. Time cost: 8s
2026-01-17 01:35:43,940 [INFO]    Predicting Time Cost 12s
2026-01-17 01:35:43,940 [INFO]    ****************** Step3 Outputting to VCF ****************************
2026-01-17 01:35:44,277 [INFO]    Outputting v1 to /storage/scratch01/groups/bu/simSVs/tfe_unir/visor-simulations/results/v1_40x_100000_B_svision/v1.svision_pro_v2.5.s5.vcf. Time cost: 0s
2026-01-17 01:35:45,350 [INFO]    ****************** Step4 Finish ***********************************
2026-01-17 01:35:45,350 [INFO]    SVision-pro v2.5 successfully finished. Time Cost 546.180066s
