2026-01-17 01:17:21,194 [INFO]    ****************** Start SVision-pro, version 2.5 ********************
2026-01-17 01:17:21,195 [INFO]    Command: /storage/scratch01/groups/bu/simSVs/tfe_unir/visor-simulations/.snakemake/conda/8698eeced1a729a78f4a9d539d4293a9_/bin/SVision-pro --target_path results/v1_40x_15000_B_LASeR/tumour.bam --base_path results/normal_40x_15000_LASeR/sim.srt.bam --genome_path resources/genome/chm13v2.0_maskedY_rCRS.fa --model_path /home/fvillena/SVision-pro/src/pre_process/model_liteunet_1024_8_16_32_32_32.pth --out_path results/v1_40x_15000_B_svision --sample_name v1 --preset error-prone --detect_mode somatic --process_num 52
2026-01-17 01:17:21,195 [INFO]    ****************** Step1 collecting and plotting **********************
2026-01-17 01:18:00,472 [INFO]    Collecting v1 chr2_150000000_160000000, 0 candidate events found. Time cost 38s
2026-01-17 01:18:01,176 [INFO]    Collecting v1 chr2_30000000_40000000, 0 candidate events found. Time cost 39s
2026-01-17 01:18:01,349 [INFO]    Collecting v1 chr1_160000000_170000000, 0 candidate events found. Time cost 39s
2026-01-17 01:18:03,408 [INFO]    Collecting v1 chr1_30000000_40000000, 0 candidate events found. Time cost 41s
2026-01-17 01:18:04,311 [INFO]    Collecting v1 chr2_70000000_80000000, 0 candidate events found. Time cost 42s
2026-01-17 01:18:04,907 [INFO]    Collecting v1 chr2_60000000_70000000, 6 candidate events found. Time cost 43s
2026-01-17 01:18:05,921 [INFO]    Collecting v1 chr1_40000000_50000000, 2 candidate events found. Time cost 44s
2026-01-17 01:18:06,434 [INFO]    Collecting v1 chr2_10000000_20000000, 0 candidate events found. Time cost 44s
2026-01-17 01:18:07,069 [INFO]    Collecting v1 chr2_170000000_180000000, 1 candidate events found. Time cost 45s
2026-01-17 01:18:07,652 [INFO]    Collecting v1 chr3_0_10000000, 0 candidate events found. Time cost 45s
2026-01-17 01:18:07,942 [INFO]    Collecting v1 chr1_0_10000000, 6 candidate events found. Time cost 46s
2026-01-17 01:18:08,536 [INFO]    Collecting v1 chr1_70000000_80000000, 0 candidate events found. Time cost 46s
2026-01-17 01:18:09,440 [INFO]    Collecting v1 chr1_130000000_140000000, 0 candidate events found. Time cost 47s
2026-01-17 01:18:09,657 [INFO]    Collecting v1 chr2_140000000_150000000, 0 candidate events found. Time cost 47s
2026-01-17 01:18:10,398 [INFO]    Collecting v1 chr1_90000000_100000000, 0 candidate events found. Time cost 48s
2026-01-17 01:18:10,623 [INFO]    Collecting v1 chr2_220000000_230000000, 0 candidate events found. Time cost 48s
2026-01-17 01:18:15,224 [INFO]    Collecting v1 chr2_180000000_190000000, 0 candidate events found. Time cost 53s
2026-01-17 01:18:16,004 [INFO]    Collecting v1 chr1_230000000_240000000, 5 candidate events found. Time cost 54s
2026-01-17 01:18:18,306 [INFO]    Collecting v1 chr2_240000000_250000000, 12 candidate events found. Time cost 56s
2026-01-17 01:18:19,695 [INFO]    Collecting v1 chr2_50000000_60000000, 0 candidate events found. Time cost 57s
2026-01-17 01:18:24,522 [INFO]    Collecting v1 chr1_180000000_190000000, 0 candidate events found. Time cost 62s
2026-01-17 01:18:24,650 [INFO]    Collecting v1 chr3_200000000_210000000, 0 candidate events found. Time cost 6s
2026-01-17 01:18:27,735 [INFO]    Collecting v1 chr2_210000000_220000000, 0 candidate events found. Time cost 65s
2026-01-17 01:18:28,396 [INFO]    Collecting v1 chr1_120000000_130000000, 0 candidate events found. Time cost 66s
2026-01-17 01:18:30,578 [INFO]    Collecting v1 chr1_10000000_20000000, 0 candidate events found. Time cost 68s
2026-01-17 01:18:34,361 [INFO]    Collecting v1 chr2_190000000_200000000, 0 candidate events found. Time cost 72s
2026-01-17 01:18:34,606 [INFO]    Collecting v1 chr1_240000000_250000000, 3 candidate events found. Time cost 72s
2026-01-17 01:18:39,229 [INFO]    Collecting v1 chr2_130000000_140000000, 0 candidate events found. Time cost 77s
2026-01-17 01:18:39,948 [INFO]    Collecting v1 chr1_100000000_110000000, 0 candidate events found. Time cost 78s
2026-01-17 01:18:41,834 [INFO]    Collecting v1 chr1_150000000_160000000, 3 candidate events found. Time cost 79s
2026-01-17 01:18:42,423 [INFO]    Collecting v1 chr2_90000000_100000000, 16 candidate events found. Time cost 80s
2026-01-17 01:18:42,613 [INFO]    Collecting v1 chr3_60000000_70000000, 0 candidate events found. Time cost 38s
2026-01-17 01:18:43,346 [INFO]    Collecting v1 chr3_20000000_30000000, 0 candidate events found. Time cost 42s
2026-01-17 01:18:43,459 [INFO]    Collecting v1 chr2_200000000_210000000, 1 candidate events found. Time cost 81s
2026-01-17 01:18:45,525 [INFO]    Collecting v1 chr2_100000000_110000000, 0 candidate events found. Time cost 83s
2026-01-17 01:18:47,593 [INFO]    Collecting v1 chr1_50000000_60000000, 0 candidate events found. Time cost 85s
2026-01-17 01:18:49,298 [INFO]    Collecting v1 chr2_80000000_90000000, 4 candidate events found. Time cost 87s
2026-01-17 01:18:50,736 [INFO]    Collecting v1 chr2_40000000_50000000, 0 candidate events found. Time cost 88s
2026-01-17 01:18:54,819 [INFO]    Collecting v1 chr1_20000000_30000000, 1 candidate events found. Time cost 92s
2026-01-17 01:18:55,707 [INFO]    Collecting v1 chr2_20000000_30000000, 0 candidate events found. Time cost 93s
2026-01-17 01:18:56,639 [INFO]    Collecting v1 chr3_50000000_60000000, 0 candidate events found. Time cost 53s
2026-01-17 01:18:58,010 [INFO]    Collecting v1 chr1_190000000_200000000, 0 candidate events found. Time cost 96s
2026-01-17 01:19:01,443 [INFO]    Collecting v1 chr1_200000000_210000000, 1 candidate events found. Time cost 99s
2026-01-17 01:19:05,591 [INFO]    Collecting v1 chr1_140000000_150000000, 1 candidate events found. Time cost 103s
2026-01-17 01:19:07,364 [INFO]    Collecting v1 chr3_190000000_200000000, 5 candidate events found. Time cost 51s
2026-01-17 01:19:15,151 [INFO]    Collecting v1 chr4_40000000_50000000, 0 candidate events found. Time cost 46s
2026-01-17 01:19:16,004 [INFO]    Collecting v1 chr3_110000000_120000000, 1 candidate events found. Time cost 68s
2026-01-17 01:19:18,790 [INFO]    Collecting v1 chr3_140000000_150000000, 0 candidate events found. Time cost 69s
2026-01-17 01:19:18,930 [INFO]    Collecting v1 chr3_30000000_40000000, 3 candidate events found. Time cost 77s
2026-01-17 01:19:22,315 [INFO]    Collecting v1 chr1_60000000_70000000, 0 candidate events found. Time cost 120s
2026-01-17 01:19:23,789 [INFO]    Collecting v1 chr2_110000000_120000000, 12 candidate events found. Time cost 121s
2026-01-17 01:19:24,725 [INFO]    Collecting v1 chr4_50000000_60000000, 0 candidate events found. Time cost 54s
2026-01-17 01:19:24,977 [INFO]    Collecting v1 chr1_220000000_230000000, 0 candidate events found. Time cost 123s
2026-01-17 01:19:26,868 [INFO]    Collecting v1 chr3_160000000_170000000, 0 candidate events found. Time cost 76s
2026-01-17 01:19:28,475 [INFO]    Collecting v1 chr3_100000000_110000000, 0 candidate events found. Time cost 81s
2026-01-17 01:19:31,201 [INFO]    Collecting v1 chr4_190000000_200000000, 0 candidate events found. Time cost 36s
2026-01-17 01:19:32,674 [INFO]    Collecting v1 chr3_40000000_50000000, 1 candidate events found. Time cost 91s
2026-01-17 01:19:33,543 [INFO]    Collecting v1 chr3_170000000_180000000, 0 candidate events found. Time cost 82s
2026-01-17 01:19:33,902 [INFO]    Collecting v1 chr4_60000000_70000000, 0 candidate events found. Time cost 59s
2026-01-17 01:19:39,867 [INFO]    Collecting v1 chr4_140000000_150000000, 3 candidate events found. Time cost 56s
2026-01-17 01:19:39,961 [INFO]    Collecting v1 chr2_160000000_170000000, 0 candidate events found. Time cost 138s
2026-01-17 01:19:40,895 [INFO]    Collecting v1 chr4_70000000_80000000, 0 candidate events found. Time cost 66s
2026-01-17 01:19:40,961 [INFO]    Collecting v1 chr3_150000000_160000000, 0 candidate events found. Time cost 91s
2026-01-17 01:19:41,529 [INFO]    Collecting v1 chr3_120000000_130000000, 0 candidate events found. Time cost 93s
2026-01-17 01:19:43,069 [INFO]    Collecting v1 chr3_180000000_190000000, 0 candidate events found. Time cost 87s
2026-01-17 01:19:43,565 [INFO]    Collecting v1 chr3_70000000_80000000, 3 candidate events found. Time cost 98s
2026-01-17 01:19:47,641 [INFO]    Collecting v1 chr1_80000000_90000000, 0 candidate events found. Time cost 145s
2026-01-17 01:19:51,072 [INFO]    Collecting v1 chr3_10000000_20000000, 2 candidate events found. Time cost 149s
2026-01-17 01:19:51,275 [INFO]    Collecting v1 chr3_130000000_140000000, 0 candidate events found. Time cost 102s
2026-01-17 01:19:53,880 [INFO]    Collecting v1 chr4_150000000_160000000, 0 candidate events found. Time cost 68s
2026-01-17 01:19:54,459 [INFO]    Collecting v1 chr4_30000000_40000000, 0 candidate events found. Time cost 86s
2026-01-17 01:19:54,601 [INFO]    Collecting v1 chr4_90000000_100000000, 0 candidate events found. Time cost 74s
2026-01-17 01:19:54,657 [INFO]    Collecting v1 chr4_160000000_170000000, 0 candidate events found. Time cost 67s
2026-01-17 01:19:56,060 [INFO]    Collecting v1 chr2_0_10000000, 23 candidate events found. Time cost 154s
2026-01-17 01:19:56,172 [INFO]    Collecting v1 chr1_210000000_220000000, 0 candidate events found. Time cost 154s
2026-01-17 01:19:56,589 [INFO]    Collecting v1 chr4_20000000_30000000, 0 candidate events found. Time cost 91s
2026-01-17 01:19:57,041 [INFO]    Collecting v1 chr5_180000000_190000000, 1 candidate events found. Time cost 23s
2026-01-17 01:19:59,245 [INFO]    Collecting v1 chr3_80000000_90000000, 0 candidate events found. Time cost 113s
2026-01-17 01:19:59,665 [INFO]    Collecting v1 chr4_130000000_140000000, 0 candidate events found. Time cost 76s
2026-01-17 01:20:00,709 [INFO]    Collecting v1 chr1_170000000_180000000, 0 candidate events found. Time cost 158s
2026-01-17 01:20:02,391 [INFO]    Collecting v1 chr5_0_10000000, 6 candidate events found. Time cost 66s
2026-01-17 01:20:03,214 [INFO]    Collecting v1 chr4_110000000_120000000, 0 candidate events found. Time cost 80s
2026-01-17 01:20:05,792 [INFO]    Collecting v1 chr4_10000000_20000000, 1 candidate events found. Time cost 101s
2026-01-17 01:20:05,904 [INFO]    Collecting v1 chr5_10000000_20000000, 0 candidate events found. Time cost 69s
2026-01-17 01:20:05,917 [INFO]    Collecting v1 chr4_80000000_90000000, 1 candidate events found. Time cost 86s
2026-01-17 01:20:06,563 [INFO]    Collecting v1 chr3_90000000_100000000, 0 candidate events found. Time cost 120s
2026-01-17 01:20:08,688 [INFO]    Collecting v1 chr4_170000000_180000000, 0 candidate events found. Time cost 79s
2026-01-17 01:20:09,089 [INFO]    Collecting v1 chr5_20000000_30000000, 0 candidate events found. Time cost 71s
2026-01-17 01:20:09,171 [INFO]    Collecting v1 chr4_120000000_130000000, 0 candidate events found. Time cost 86s
2026-01-17 01:20:09,643 [INFO]    Collecting v1 chr6_170000000_180000000, 0 candidate events found. Time cost 13s
2026-01-17 01:20:11,220 [INFO]    Collecting v1 chr4_100000000_110000000, 0 candidate events found. Time cost 89s
2026-01-17 01:20:11,826 [INFO]    Collecting v1 chr5_40000000_50000000, 0 candidate events found. Time cost 66s
2026-01-17 01:20:11,995 [INFO]    Collecting v1 chr5_30000000_40000000, 0 candidate events found. Time cost 70s
2026-01-17 01:20:16,289 [INFO]    Collecting v1 chr7_160000000_170000000, 0 candidate events found. Time cost 4s
2026-01-17 01:20:17,518 [INFO]    Collecting v1 chr2_120000000_130000000, 8 candidate events found. Time cost 175s
2026-01-17 01:20:20,869 [INFO]    Collecting v1 chr4_0_10000000, 4 candidate events found. Time cost 121s
2026-01-17 01:20:22,842 [INFO]    Collecting v1 chr5_50000000_60000000, 0 candidate events found. Time cost 75s
2026-01-17 01:20:23,297 [INFO]    Collecting v1 chr5_60000000_70000000, 0 candidate events found. Time cost 68s
2026-01-17 01:20:27,380 [INFO]    Collecting v1 chr5_80000000_90000000, 0 candidate events found. Time cost 68s
2026-01-17 01:20:27,960 [INFO]    Collecting v1 chr5_90000000_100000000, 0 candidate events found. Time cost 69s
2026-01-17 01:20:31,070 [INFO]    Collecting v1 chr5_100000000_110000000, 0 candidate events found. Time cost 68s
2026-01-17 01:20:32,404 [INFO]    Collecting v1 chr5_70000000_80000000, 1 candidate events found. Time cost 76s
2026-01-17 01:20:32,936 [INFO]    Collecting v1 chr5_130000000_140000000, 0 candidate events found. Time cost 67s
2026-01-17 01:20:33,652 [INFO]    Collecting v1 chr5_110000000_120000000, 0 candidate events found. Time cost 69s
2026-01-17 01:20:36,170 [INFO]    Collecting v1 chr5_120000000_130000000, 0 candidate events found. Time cost 71s
2026-01-17 01:20:36,900 [INFO]    Collecting v1 chr5_140000000_150000000, 0 candidate events found. Time cost 70s
2026-01-17 01:20:41,653 [INFO]    Collecting v1 chr5_160000000_170000000, 0 candidate events found. Time cost 70s
2026-01-17 01:20:42,245 [INFO]    Collecting v1 chr5_150000000_160000000, 0 candidate events found. Time cost 73s
2026-01-17 01:20:43,875 [INFO]    Collecting v1 chr6_40000000_50000000, 0 candidate events found. Time cost 62s
2026-01-17 01:20:43,884 [INFO]    Collecting v1 chr1_110000000_120000000, 18 candidate events found. Time cost 202s
2026-01-17 01:20:44,935 [INFO]    Collecting v1 chr5_170000000_180000000, 1 candidate events found. Time cost 72s
2026-01-17 01:20:46,993 [INFO]    Collecting v1 chr2_230000000_240000000, 30 candidate events found. Time cost 205s
2026-01-17 01:20:49,446 [INFO]    Collecting v1 chr6_30000000_40000000, 0 candidate events found. Time cost 68s
2026-01-17 01:20:49,883 [INFO]    Collecting v1 chr6_20000000_30000000, 0 candidate events found. Time cost 69s
2026-01-17 01:20:50,014 [INFO]    Collecting v1 chr6_0_10000000, 1 candidate events found. Time cost 76s
2026-01-17 01:20:52,616 [INFO]    Collecting v1 chr6_80000000_90000000, 0 candidate events found. Time cost 64s
2026-01-17 01:20:54,520 [INFO]    Collecting v1 chr6_70000000_80000000, 0 candidate events found. Time cost 70s
2026-01-17 01:20:56,467 [INFO]    Collecting v1 chr6_50000000_60000000, 0 candidate events found. Time cost 74s
2026-01-17 01:20:57,710 [INFO]    Collecting v1 chr6_10000000_20000000, 4 candidate events found. Time cost 77s
2026-01-17 01:20:59,127 [INFO]    Collecting v1 chr6_100000000_110000000, 0 candidate events found. Time cost 67s
2026-01-17 01:20:59,376 [INFO]    Collecting v1 chr6_90000000_100000000, 0 candidate events found. Time cost 68s
2026-01-17 01:20:59,761 [INFO]    Collecting v1 chr6_120000000_130000000, 0 candidate events found. Time cost 65s
2026-01-17 01:21:02,251 [INFO]    Collecting v1 chr6_150000000_160000000, 3 candidate events found. Time cost 66s
2026-01-17 01:21:02,954 [INFO]    Collecting v1 chr6_140000000_150000000, 2 candidate events found. Time cost 68s
2026-01-17 01:21:03,116 [INFO]    Collecting v1 chr4_180000000_190000000, 16 candidate events found. Time cost 132s
2026-01-17 01:21:04,228 [INFO]    Collecting v1 chr6_130000000_140000000, 0 candidate events found. Time cost 69s
2026-01-17 01:21:05,149 [INFO]    Collecting v1 chr7_60000000_70000000, 0 candidate events found. Time cost 59s
2026-01-17 01:21:05,854 [INFO]    Collecting v1 chr6_110000000_120000000, 0 candidate events found. Time cost 71s
2026-01-17 01:21:07,500 [INFO]    Collecting v1 chr6_60000000_70000000, 4 candidate events found. Time cost 84s
2026-01-17 01:21:08,657 [INFO]    Collecting v1 chr7_10000000_20000000, 1 candidate events found. Time cost 69s
2026-01-17 01:21:08,744 [INFO]    Collecting v1 chr7_0_10000000, 1 candidate events found. Time cost 71s
2026-01-17 01:21:09,342 [INFO]    Collecting v1 chr9_150000000_160000000, 1 candidate events found. Time cost 6s
2026-01-17 01:21:10,217 [INFO]    Collecting v1 chr7_30000000_40000000, 2 candidate events found. Time cost 69s
2026-01-17 01:21:12,265 [INFO]    Collecting v1 chr7_40000000_50000000, 1 candidate events found. Time cost 69s
2026-01-17 01:21:14,532 [INFO]    Collecting v1 chr7_50000000_60000000, 0 candidate events found. Time cost 71s
2026-01-17 01:21:16,918 [INFO]    Collecting v1 chr7_110000000_120000000, 1 candidate events found. Time cost 67s
2026-01-17 01:21:17,372 [INFO]    Collecting v1 chr7_80000000_90000000, 0 candidate events found. Time cost 71s
2026-01-17 01:21:19,858 [INFO]    Collecting v1 chr7_140000000_150000000, 0 candidate events found. Time cost 68s
2026-01-17 01:21:20,151 [INFO]    Collecting v1 chr7_120000000_130000000, 1 candidate events found. Time cost 70s
2026-01-17 01:21:24,057 [INFO]    Collecting v1 chr9_50000000_60000000, 0 candidate events found. Time cost 34s
2026-01-17 01:21:24,901 [INFO]    Collecting v1 chr7_130000000_140000000, 2 candidate events found. Time cost 75s
2026-01-17 01:21:25,138 [INFO]    Collecting v1 chr7_90000000_100000000, 7 candidate events found. Time cost 78s
2026-01-17 01:21:25,311 [INFO]    Collecting v1 chr7_100000000_110000000, 5 candidate events found. Time cost 76s
2026-01-17 01:21:26,405 [INFO]    Collecting v1 chr8_0_10000000, 3 candidate events found. Time cost 70s
2026-01-17 01:21:26,797 [INFO]    Collecting v1 chr9_60000000_70000000, 0 candidate events found. Time cost 36s
2026-01-17 01:21:27,524 [INFO]    Collecting v1 chr7_70000000_80000000, 0 candidate events found. Time cost 81s
2026-01-17 01:21:29,585 [INFO]    Collecting v1 chr8_20000000_30000000, 1 candidate events found. Time cost 68s
2026-01-17 01:21:30,803 [INFO]    Collecting v1 chr8_10000000_20000000, 0 candidate events found. Time cost 73s
2026-01-17 01:21:32,242 [INFO]    Collecting v1 chr7_20000000_30000000, 11 candidate events found. Time cost 92s
2026-01-17 01:21:32,737 [INFO]    Collecting v1 chr8_40000000_50000000, 0 candidate events found. Time cost 69s
2026-01-17 01:21:33,374 [INFO]    Collecting v1 chr8_30000000_40000000, 0 candidate events found. Time cost 70s
2026-01-17 01:21:36,235 [INFO]    Collecting v1 chr8_60000000_70000000, 0 candidate events found. Time cost 68s
2026-01-17 01:21:37,347 [INFO]    Collecting v1 chr8_50000000_60000000, 0 candidate events found. Time cost 69s
2026-01-17 01:21:39,465 [INFO]    Collecting v1 chr8_70000000_80000000, 0 candidate events found. Time cost 68s
2026-01-17 01:21:39,754 [INFO]    Collecting v1 chr8_140000000_150000000, 11 candidate events found. Time cost 57s
2026-01-17 01:21:40,851 [INFO]    Collecting v1 chr8_90000000_100000000, 0 candidate events found. Time cost 67s
2026-01-17 01:21:42,545 [INFO]    Collecting v1 chr8_100000000_110000000, 0 candidate events found. Time cost 68s
2026-01-17 01:21:44,412 [INFO]    Collecting v1 chr8_110000000_120000000, 0 candidate events found. Time cost 68s
2026-01-17 01:21:44,636 [INFO]    Collecting v1 chr8_120000000_130000000, 0 candidate events found. Time cost 67s
2026-01-17 01:21:50,058 [INFO]    Collecting v1 chr8_130000000_140000000, 0 candidate events found. Time cost 68s
2026-01-17 01:21:52,975 [INFO]    Collecting v1 chr8_80000000_90000000, 0 candidate events found. Time cost 80s
2026-01-17 01:21:53,099 [INFO]    Collecting v1 chr9_10000000_20000000, 0 candidate events found. Time cost 69s
2026-01-17 01:21:53,133 [INFO]    Collecting v1 chr9_70000000_80000000, 1 candidate events found. Time cost 60s
2026-01-17 01:21:53,530 [INFO]    Collecting v1 chr9_0_10000000, 2 candidate events found. Time cost 69s
2026-01-17 01:21:56,163 [INFO]    Collecting v1 chr7_150000000_160000000, 13 candidate events found. Time cost 104s
2026-01-17 01:21:56,413 [INFO]    Collecting v1 chr9_20000000_30000000, 2 candidate events found. Time cost 71s
2026-01-17 01:22:04,801 [INFO]    Collecting v1 chr9_30000000_40000000, 0 candidate events found. Time cost 77s
2026-01-17 01:22:05,649 [INFO]    Collecting v1 chr9_80000000_90000000, 0 candidate events found. Time cost 71s
2026-01-17 01:22:06,679 [INFO]    Collecting v1 chr9_100000000_110000000, 1 candidate events found. Time cost 68s
2026-01-17 01:22:07,823 [INFO]    Collecting v1 chr9_90000000_100000000, 0 candidate events found. Time cost 71s
2026-01-17 01:22:08,344 [INFO]    Collecting v1 chr9_120000000_130000000, 0 candidate events found. Time cost 68s
2026-01-17 01:22:09,698 [INFO]    Collecting v1 chr9_110000000_120000000, 0 candidate events found. Time cost 70s
2026-01-17 01:22:10,072 [INFO]    Collecting v1 chr9_40000000_50000000, 0 candidate events found. Time cost 80s
2026-01-17 01:22:10,824 [INFO]    Collecting v1 chr10_0_10000000, 4 candidate events found. Time cost 67s
2026-01-17 01:22:14,023 [INFO]    Collecting v1 chr11_130000000_140000000, 2 candidate events found. Time cost 37s
2026-01-17 01:22:15,690 [INFO]    Collecting v1 chr9_130000000_140000000, 11 candidate events found. Time cost 75s
2026-01-17 01:22:19,162 [INFO]    Collecting v1 chr10_10000000_20000000, 0 candidate events found. Time cost 74s
2026-01-17 01:22:20,089 [INFO]    Collecting v1 chr10_70000000_80000000, 1 candidate events found. Time cost 70s
2026-01-17 01:22:20,510 [INFO]    Collecting v1 chr10_90000000_100000000, 0 candidate events found. Time cost 68s
2026-01-17 01:22:20,575 [INFO]    Collecting v1 chr10_20000000_30000000, 0 candidate events found. Time cost 75s
2026-01-17 01:22:21,674 [INFO]    Collecting v1 chr10_60000000_70000000, 0 candidate events found. Time cost 72s
2026-01-17 01:22:22,066 [INFO]    Collecting v1 chr10_50000000_60000000, 3 candidate events found. Time cost 73s
2026-01-17 01:22:22,348 [INFO]    Collecting v1 chr12_130000000_140000000, 1 candidate events found. Time cost 25s
2026-01-17 01:22:23,300 [INFO]    Collecting v1 chr10_30000000_40000000, 1 candidate events found. Time cost 77s
2026-01-17 01:22:24,604 [INFO]    Collecting v1 chr10_110000000_120000000, 0 candidate events found. Time cost 67s
2026-01-17 01:22:24,933 [INFO]    Collecting v1 chr10_80000000_90000000, 0 candidate events found. Time cost 74s
2026-01-17 01:22:25,879 [INFO]    Collecting v1 chr10_100000000_110000000, 0 candidate events found. Time cost 71s
2026-01-17 01:22:27,438 [INFO]    Collecting v1 chr10_40000000_50000000, 12 candidate events found. Time cost 79s
2026-01-17 01:22:27,898 [INFO]    Collecting v1 chr11_40000000_50000000, 0 candidate events found. Time cost 62s
2026-01-17 01:22:30,186 [INFO]    Collecting v1 chr11_50000000_60000000, 0 candidate events found. Time cost 63s
2026-01-17 01:22:32,684 [INFO]    Collecting v1 chr11_20000000_30000000, 0 candidate events found. Time cost 67s
2026-01-17 01:22:33,005 [INFO]    Collecting v1 chr13_110000000_120000000, 0 candidate events found. Time cost 12s
2026-01-17 01:22:33,469 [INFO]    Collecting v1 chr10_120000000_130000000, 6 candidate events found. Time cost 76s
2026-01-17 01:22:35,149 [INFO]    Collecting v1 chr11_110000000_120000000, 0 candidate events found. Time cost 62s
2026-01-17 01:22:38,260 [INFO]    Collecting v1 chr11_0_10000000, 8 candidate events found. Time cost 78s
2026-01-17 01:22:38,814 [INFO]    Collecting v1 chr11_80000000_90000000, 0 candidate events found. Time cost 69s
2026-01-17 01:22:39,885 [INFO]    Collecting v1 chr11_120000000_130000000, 1 candidate events found. Time cost 66s
2026-01-17 01:22:40,729 [INFO]    Collecting v1 chr11_30000000_40000000, 7 candidate events found. Time cost 75s
2026-01-17 01:22:41,196 [INFO]    Collecting v1 chr11_90000000_100000000, 0 candidate events found. Time cost 70s
2026-01-17 01:22:41,933 [INFO]    Collecting v1 chr13_60000000_70000000, 0 candidate events found. Time cost 31s
2026-01-17 01:22:42,061 [INFO]    Collecting v1 chr13_50000000_60000000, 0 candidate events found. Time cost 32s
2026-01-17 01:22:42,275 [INFO]    Collecting v1 chr11_100000000_110000000, 0 candidate events found. Time cost 70s
2026-01-17 01:22:42,715 [INFO]    Collecting v1 chr6_160000000_170000000, 24 candidate events found. Time cost 166s
2026-01-17 01:22:43,313 [INFO]    Collecting v1 chr13_20000000_30000000, 1 candidate events found. Time cost 36s
2026-01-17 01:22:43,357 [INFO]    Collecting v1 chr12_0_10000000, 1 candidate events found. Time cost 66s
2026-01-17 01:22:43,412 [INFO]    Collecting v1 chr13_30000000_40000000, 0 candidate events found. Time cost 35s
2026-01-17 01:22:43,632 [INFO]    Collecting v1 chr14_100000000_110000000, 5 candidate events found. Time cost 15s
2026-01-17 01:22:44,598 [INFO]    Collecting v1 chr11_10000000_20000000, 9 candidate events found. Time cost 80s
2026-01-17 01:22:44,710 [INFO]    Collecting v1 chr13_70000000_80000000, 0 candidate events found. Time cost 33s
2026-01-17 01:22:45,849 [INFO]    Collecting v1 chr13_40000000_50000000, 3 candidate events found. Time cost 37s
2026-01-17 01:22:45,920 [INFO]    Collecting v1 chr13_80000000_90000000, 0 candidate events found. Time cost 31s
2026-01-17 01:22:47,325 [INFO]    Collecting v1 chr12_10000000_20000000, 1 candidate events found. Time cost 67s
2026-01-17 01:22:47,821 [INFO]    Collecting v1 chr13_0_10000000, 0 candidate events found. Time cost 43s
2026-01-17 01:22:48,896 [INFO]    Collecting v1 chr9_140000000_150000000, 31 candidate events found. Time cost 106s
2026-01-17 01:22:48,904 [INFO]    Collecting v1 chr12_30000000_40000000, 0 candidate events found. Time cost 68s
2026-01-17 01:22:50,678 [INFO]    Collecting v1 chr12_60000000_70000000, 0 candidate events found. Time cost 66s
2026-01-17 01:22:50,903 [INFO]    Collecting v1 chr13_90000000_100000000, 1 candidate events found. Time cost 35s
2026-01-17 01:22:50,967 [INFO]    Collecting v1 chr12_40000000_50000000, 0 candidate events found. Time cost 68s
2026-01-17 01:22:51,559 [INFO]    Collecting v1 chr12_20000000_30000000, 0 candidate events found. Time cost 71s
2026-01-17 01:22:54,910 [INFO]    Collecting v1 chr13_100000000_110000000, 0 candidate events found. Time cost 35s
2026-01-17 01:22:56,129 [INFO]    Collecting v1 chr12_70000000_80000000, 0 candidate events found. Time cost 66s
2026-01-17 01:22:56,370 [INFO]    Collecting v1 chr12_50000000_60000000, 0 candidate events found. Time cost 71s
2026-01-17 01:22:57,473 [INFO]    Collecting v1 chr12_90000000_100000000, 1 candidate events found. Time cost 64s
2026-01-17 01:23:00,152 [INFO]    Collecting v1 chr12_110000000_120000000, 0 candidate events found. Time cost 66s
2026-01-17 01:23:00,316 [INFO]    Collecting v1 chr12_100000000_110000000, 0 candidate events found. Time cost 67s
2026-01-17 01:23:02,686 [INFO]    Collecting v1 chr13_10000000_20000000, 6 candidate events found. Time cost 57s
2026-01-17 01:23:04,894 [INFO]    Collecting v1 chr11_70000000_80000000, 9 candidate events found. Time cost 97s
2026-01-17 01:23:05,856 [INFO]    Collecting v1 chr17_0_10000000, 1 candidate events found. Time cost 19s
2026-01-17 01:23:05,961 [INFO]    Collecting v1 chr12_80000000_90000000, 0 candidate events found. Time cost 72s
2026-01-17 01:23:06,061 [INFO]    Collecting v1 chr11_60000000_70000000, 11 candidate events found. Time cost 99s
2026-01-17 01:23:09,655 [INFO]    Collecting v1 chr18_80000000_90000000, 0 candidate events found. Time cost 4s
2026-01-17 01:23:16,656 [INFO]    Collecting v1 chr14_40000000_50000000, 0 candidate events found. Time cost 54s
2026-01-17 01:23:20,733 [INFO]    Collecting v1 chr14_10000000_20000000, 0 candidate events found. Time cost 60s
2026-01-17 01:23:22,125 [INFO]    Collecting v1 chr14_30000000_40000000, 0 candidate events found. Time cost 60s
2026-01-17 01:23:24,467 [INFO]    Collecting v1 chr14_50000000_60000000, 0 candidate events found. Time cost 61s
2026-01-17 01:23:24,621 [INFO]    Collecting v1 chr14_20000000_30000000, 0 candidate events found. Time cost 62s
2026-01-17 01:23:26,692 [INFO]    Collecting v1 chr15_0_10000000, 0 candidate events found. Time cost 56s
2026-01-17 01:23:29,545 [INFO]    Collecting v1 chr14_80000000_90000000, 0 candidate events found. Time cost 63s
2026-01-17 01:23:30,111 [INFO]    Collecting v1 chr15_40000000_50000000, 0 candidate events found. Time cost 54s
2026-01-17 01:23:32,627 [INFO]    Collecting v1 chr15_10000000_20000000, 0 candidate events found. Time cost 59s
2026-01-17 01:23:33,036 [INFO]    Collecting v1 chr15_90000000_100000000, 0 candidate events found. Time cost 51s
2026-01-17 01:23:35,520 [INFO]    Collecting v1 chr14_70000000_80000000, 0 candidate events found. Time cost 70s
2026-01-17 01:23:35,652 [INFO]    Collecting v1 chr14_0_10000000, 0 candidate events found. Time cost 75s
2026-01-17 01:23:36,440 [INFO]    Collecting v1 chr17_50000000_60000000, 0 candidate events found. Time cost 47s
2026-01-17 01:23:37,502 [INFO]    Collecting v1 chr15_20000000_30000000, 1 candidate events found. Time cost 64s
2026-01-17 01:23:37,839 [INFO]    Collecting v1 chr15_80000000_90000000, 0 candidate events found. Time cost 57s
2026-01-17 01:23:37,877 [INFO]    Collecting v1 chr16_10000000_20000000, 0 candidate events found. Time cost 55s
2026-01-17 01:23:38,462 [INFO]    Collecting v1 chr19_60000000_70000000, 0 candidate events found. Time cost 16s
2026-01-17 01:23:39,029 [INFO]    Collecting v1 chr16_40000000_50000000, 0 candidate events found. Time cost 55s
2026-01-17 01:23:40,772 [INFO]    Collecting v1 chr15_50000000_60000000, 0 candidate events found. Time cost 62s
2026-01-17 01:23:43,607 [INFO]    Collecting v1 chr14_90000000_100000000, 7 candidate events found. Time cost 76s
2026-01-17 01:23:45,739 [INFO]    Collecting v1 chr16_50000000_60000000, 0 candidate events found. Time cost 62s
2026-01-17 01:23:46,540 [INFO]    Collecting v1 chr16_70000000_80000000, 0 candidate events found. Time cost 62s
2026-01-17 01:23:47,837 [INFO]    Collecting v1 chr17_10000000_20000000, 1 candidate events found. Time cost 61s
2026-01-17 01:23:47,907 [INFO]    Collecting v1 chr15_70000000_80000000, 1 candidate events found. Time cost 68s
2026-01-17 01:23:48,425 [INFO]    Collecting v1 chr15_30000000_40000000, 4 candidate events found. Time cost 74s
2026-01-17 01:23:49,313 [INFO]    Collecting v1 chr14_60000000_70000000, 0 candidate events found. Time cost 84s
2026-01-17 01:23:50,357 [INFO]    Collecting v1 chr16_90000000_100000000, 6 candidate events found. Time cost 65s
2026-01-17 01:23:50,800 [INFO]    Collecting v1 chr16_30000000_40000000, 0 candidate events found. Time cost 67s
2026-01-17 01:23:52,833 [INFO]    Collecting v1 chr18_10000000_20000000, 1 candidate events found. Time cost 57s
2026-01-17 01:23:54,901 [INFO]    Collecting v1 chr17_60000000_70000000, 0 candidate events found. Time cost 64s
2026-01-17 01:23:55,444 [INFO]    Collecting v1 chr17_20000000_30000000, 0 candidate events found. Time cost 68s
2026-01-17 01:23:56,176 [INFO]    Collecting v1 chr22_50000000_60000000, 1 candidate events found. Time cost 10s
2026-01-17 01:23:57,775 [INFO]    Collecting v1 chr16_0_10000000, 19 candidate events found. Time cost 75s
2026-01-17 01:23:59,897 [INFO]    Collecting v1 chr16_80000000_90000000, 0 candidate events found. Time cost 75s
2026-01-17 01:24:04,057 [INFO]    Collecting v1 chr18_50000000_60000000, 0 candidate events found. Time cost 63s
2026-01-17 01:24:04,250 [INFO]    Collecting v1 chr16_20000000_30000000, 0 candidate events found. Time cost 81s
2026-01-17 01:24:07,256 [INFO]    Collecting v1 chr17_80000000_90000000, 15 candidate events found. Time cost 76s
2026-01-17 01:24:10,505 [INFO]    Collecting v1 chr15_60000000_70000000, 12 candidate events found. Time cost 91s
2026-01-17 01:24:10,820 [INFO]    Collecting v1 chr18_20000000_30000000, 4 candidate events found. Time cost 74s
2026-01-17 01:24:13,620 [INFO]    Collecting v1 chr20_60000000_70000000, 1 candidate events found. Time cost 40s
2026-01-17 01:24:14,421 [INFO]    Collecting v1 chr18_60000000_70000000, 0 candidate events found. Time cost 74s
2026-01-17 01:24:18,813 [INFO]    Collecting v1 chr18_70000000_80000000, 3 candidate events found. Time cost 76s
2026-01-17 01:24:21,097 [INFO]    Collecting v1 chr17_70000000_80000000, 4 candidate events found. Time cost 90s
2026-01-17 01:24:21,618 [INFO]    Collecting v1 chr18_40000000_50000000, 0 candidate events found. Time cost 84s
2026-01-17 01:24:22,254 [INFO]    Collecting v1 chr19_0_10000000, 12 candidate events found. Time cost 76s
2026-01-17 01:24:23,229 [INFO]    Collecting v1 chr17_40000000_50000000, 1 candidate events found. Time cost 94s
2026-01-17 01:24:23,757 [INFO]    Collecting v1 chrM_0_10000000, 0 candidate events found. Time cost 1s
2026-01-17 01:24:25,572 [INFO]    Collecting v1 chr17_30000000_40000000, 2 candidate events found. Time cost 97s
2026-01-17 01:24:26,719 [INFO]    Collecting v1 chr18_30000000_40000000, 0 candidate events found. Time cost 90s
2026-01-17 01:24:28,985 [INFO]    Collecting v1 chr19_40000000_50000000, 5 candidate events found. Time cost 72s
2026-01-17 01:24:30,912 [INFO]    Collecting v1 chr19_50000000_60000000, 0 candidate events found. Time cost 70s
2026-01-17 01:24:32,420 [INFO]    Collecting v1 chr16_60000000_70000000, 0 candidate events found. Time cost 109s
2026-01-17 01:24:33,742 [INFO]    Collecting v1 chrY_60000000_70000000, 0 candidate events found. Time cost 12s
2026-01-17 01:24:35,086 [INFO]    Collecting v1 chr20_40000000_50000000, 0 candidate events found. Time cost 64s
2026-01-17 01:24:35,365 [INFO]    Collecting v1 chr20_10000000_20000000, 0 candidate events found. Time cost 70s
2026-01-17 01:24:36,225 [INFO]    Collecting v1 chr19_30000000_40000000, 1 candidate events found. Time cost 86s
2026-01-17 01:24:36,555 [INFO]    Collecting v1 chrX_150000000_160000000, 0 candidate events found. Time cost 29s
2026-01-17 01:24:38,762 [INFO]    Collecting v1 chr18_0_10000000, 3 candidate events found. Time cost 107s
2026-01-17 01:24:39,282 [INFO]    Collecting v1 chr22_10000000_20000000, 0 candidate events found. Time cost 60s
2026-01-17 01:24:40,734 [INFO]    Collecting v1 chr19_20000000_30000000, 3 candidate events found. Time cost 94s
2026-01-17 01:24:41,672 [INFO]    Collecting v1 chr21_20000000_30000000, 0 candidate events found. Time cost 65s
2026-01-17 01:24:41,809 [INFO]    Collecting v1 chr22_20000000_30000000, 1 candidate events found. Time cost 62s
2026-01-17 01:24:42,209 [INFO]    Collecting v1 chr20_30000000_40000000, 5 candidate events found. Time cost 72s
2026-01-17 01:24:42,287 [INFO]    Collecting v1 chr21_10000000_20000000, 0 candidate events found. Time cost 66s
2026-01-17 01:24:43,536 [INFO]    Collecting v1 chr20_50000000_60000000, 7 candidate events found. Time cost 70s
2026-01-17 01:24:43,746 [INFO]    Collecting v1 chr20_20000000_30000000, 0 candidate events found. Time cost 77s
2026-01-17 01:24:43,758 [INFO]    Collecting v1 chr12_120000000_130000000, 15 candidate events found. Time cost 167s
2026-01-17 01:24:47,134 [INFO]    Collecting v1 chr21_40000000_50000000, 17 candidate events found. Time cost 69s
2026-01-17 01:24:48,001 [INFO]    Collecting v1 chr21_30000000_40000000, 8 candidate events found. Time cost 70s
2026-01-17 01:24:48,806 [INFO]    Collecting v1 chrX_10000000_20000000, 0 candidate events found. Time cost 60s
2026-01-17 01:24:49,104 [INFO]    Collecting v1 chr20_0_10000000, 7 candidate events found. Time cost 84s
2026-01-17 01:24:50,077 [INFO]    Collecting v1 chr22_30000000_40000000, 7 candidate events found. Time cost 69s
2026-01-17 01:24:51,188 [INFO]    Collecting v1 chrX_60000000_70000000, 0 candidate events found. Time cost 60s
2026-01-17 01:24:52,133 [INFO]    Collecting v1 chrX_30000000_40000000, 2 candidate events found. Time cost 63s
2026-01-17 01:24:52,639 [INFO]    Collecting v1 chrX_40000000_50000000, 0 candidate events found. Time cost 63s
2026-01-17 01:24:53,107 [INFO]    Collecting v1 chr21_0_10000000, 0 candidate events found. Time cost 77s
2026-01-17 01:24:53,209 [INFO]    Collecting v1 chrX_100000000_110000000, 0 candidate events found. Time cost 57s
2026-01-17 01:24:53,496 [INFO]    Collecting v1 chrY_20000000_30000000, 0 candidate events found. Time cost 39s
2026-01-17 01:24:53,504 [INFO]    Collecting v1 chr22_0_10000000, 0 candidate events found. Time cost 75s
2026-01-17 01:24:53,567 [INFO]    Collecting v1 chr22_40000000_50000000, 10 candidate events found. Time cost 69s
2026-01-17 01:24:53,656 [INFO]    Collecting v1 chrX_80000000_90000000, 0 candidate events found. Time cost 58s
2026-01-17 01:24:53,803 [INFO]    Collecting v1 chrX_110000000_120000000, 0 candidate events found. Time cost 55s
2026-01-17 01:24:53,968 [INFO]    Collecting v1 chrY_30000000_40000000, 0 candidate events found. Time cost 39s
2026-01-17 01:24:54,853 [INFO]    Collecting v1 chrY_50000000_60000000, 0 candidate events found. Time cost 33s
2026-01-17 01:24:54,884 [INFO]    Collecting v1 chrY_0_10000000, 0 candidate events found. Time cost 44s
2026-01-17 01:24:55,784 [INFO]    Collecting v1 chrY_40000000_50000000, 0 candidate events found. Time cost 36s
2026-01-17 01:24:56,211 [INFO]    Collecting v1 chrX_20000000_30000000, 1 candidate events found. Time cost 68s
2026-01-17 01:24:56,527 [INFO]    Collecting v1 chrX_70000000_80000000, 0 candidate events found. Time cost 63s
2026-01-17 01:24:56,653 [INFO]    Collecting v1 chrX_50000000_60000000, 0 candidate events found. Time cost 66s
2026-01-17 01:24:57,003 [INFO]    Collecting v1 chrX_120000000_130000000, 0 candidate events found. Time cost 57s
2026-01-17 01:24:57,071 [INFO]    Collecting v1 chr19_10000000_20000000, 16 candidate events found. Time cost 111s
2026-01-17 01:24:57,677 [INFO]    Collecting v1 chrX_130000000_140000000, 0 candidate events found. Time cost 53s
2026-01-17 01:24:59,883 [INFO]    Collecting v1 chrX_90000000_100000000, 0 candidate events found. Time cost 64s
2026-01-17 01:25:00,475 [INFO]    Collecting v1 chrY_10000000_20000000, 0 candidate events found. Time cost 49s
2026-01-17 01:25:01,195 [INFO]    Collecting v1 chrX_140000000_150000000, 0 candidate events found. Time cost 56s
2026-01-17 01:25:15,701 [INFO]    Collecting v1 chrX_0_10000000, 15 candidate events found. Time cost 89s
2026-01-17 01:26:17,140 [INFO]    Collecting v1 chr10_130000000_140000000, 25 candidate events found. Time cost 297s
2026-01-17 01:26:17,319 [INFO]    Collecting Time Cost 536s
2026-01-17 01:26:17,319 [INFO]    ****************** Step2 lite-Unet predicting **************************
2026-01-17 01:26:17,403 [INFO]    Predicting v1 chr1_30000000_40000000, 0 events pass lite-Unet module. Time cost: 0s
2026-01-17 01:26:17,403 [INFO]    Predicting v1 chr1_70000000_80000000, 0 events pass lite-Unet module. Time cost: 0s
2026-01-17 01:26:17,403 [INFO]    Predicting v1 chr1_50000000_60000000, 0 events pass lite-Unet module. Time cost: 0s
2026-01-17 01:26:17,403 [INFO]    Predicting v1 chr1_60000000_70000000, 0 events pass lite-Unet module. Time cost: 0s
2026-01-17 01:26:17,403 [INFO]    Predicting v1 chr1_10000000_20000000, 0 events pass lite-Unet module. Time cost: 0s
2026-01-17 01:26:17,403 [INFO]    Predicting v1 chr1_100000000_110000000, 0 events pass lite-Unet module. Time cost: 0s
2026-01-17 01:26:17,404 [INFO]    Predicting v1 chr1_170000000_180000000, 0 events pass lite-Unet module. Time cost: 0s
2026-01-17 01:26:17,404 [INFO]    Predicting v1 chr1_160000000_170000000, 0 events pass lite-Unet module. Time cost: 0s
2026-01-17 01:26:17,404 [INFO]    Predicting v1 chr1_180000000_190000000, 0 events pass lite-Unet module. Time cost: 0s
2026-01-17 01:26:17,404 [INFO]    Predicting v1 chr1_120000000_130000000, 0 events pass lite-Unet module. Time cost: 0s
2026-01-17 01:26:17,404 [INFO]    Predicting v1 chr1_90000000_100000000, 0 events pass lite-Unet module. Time cost: 0s
2026-01-17 01:26:17,404 [INFO]    Predicting v1 chr1_210000000_220000000, 0 events pass lite-Unet module. Time cost: 0s
2026-01-17 01:26:17,404 [INFO]    Predicting v1 chr1_140000000_150000000, 1 events pass lite-Unet module. Time cost: 0s
2026-01-17 01:26:17,404 [INFO]    Predicting v1 chr1_20000000_30000000, 1 events pass lite-Unet module. Time cost: 0s
2026-01-17 01:26:17,404 [INFO]    Predicting v1 chr1_80000000_90000000, 0 events pass lite-Unet module. Time cost: 0s
2026-01-17 01:26:17,404 [INFO]    Predicting v1 chr1_130000000_140000000, 0 events pass lite-Unet module. Time cost: 0s
2026-01-17 01:26:17,405 [INFO]    Predicting v1 chr1_220000000_230000000, 0 events pass lite-Unet module. Time cost: 0s
2026-01-17 01:26:17,405 [INFO]    Predicting v1 chr1_190000000_200000000, 0 events pass lite-Unet module. Time cost: 0s
2026-01-17 01:26:17,407 [INFO]    Predicting v1 chr2_10000000_20000000, 0 events pass lite-Unet module. Time cost: 0s
2026-01-17 01:26:17,407 [INFO]    Predicting v1 chr2_20000000_30000000, 0 events pass lite-Unet module. Time cost: 0s
2026-01-17 01:26:17,407 [INFO]    Predicting v1 chr2_30000000_40000000, 0 events pass lite-Unet module. Time cost: 0s
2026-01-17 01:26:17,408 [INFO]    Predicting v1 chr2_140000000_150000000, 0 events pass lite-Unet module. Time cost: 0s
2026-01-17 01:26:17,408 [INFO]    Predicting v1 chr2_40000000_50000000, 0 events pass lite-Unet module. Time cost: 0s
2026-01-17 01:26:17,408 [INFO]    Predicting v1 chr2_70000000_80000000, 0 events pass lite-Unet module. Time cost: 0s
2026-01-17 01:26:17,408 [INFO]    Predicting v1 chr2_130000000_140000000, 0 events pass lite-Unet module. Time cost: 0s
2026-01-17 01:26:17,409 [INFO]    Predicting v1 chr2_160000000_170000000, 0 events pass lite-Unet module. Time cost: 0s
2026-01-17 01:26:17,409 [INFO]    Predicting v1 chr2_100000000_110000000, 0 events pass lite-Unet module. Time cost: 0s
2026-01-17 01:26:17,409 [INFO]    Predicting v1 chr2_150000000_160000000, 0 events pass lite-Unet module. Time cost: 0s
2026-01-17 01:26:17,409 [INFO]    Predicting v1 chr2_180000000_190000000, 0 events pass lite-Unet module. Time cost: 0s
2026-01-17 01:26:17,411 [INFO]    Predicting v1 chr2_190000000_200000000, 0 events pass lite-Unet module. Time cost: 0s
2026-01-17 01:26:17,412 [INFO]    Predicting v1 chr3_20000000_30000000, 0 events pass lite-Unet module. Time cost: 0s
2026-01-17 01:26:17,413 [INFO]    Predicting v1 chr3_0_10000000, 0 events pass lite-Unet module. Time cost: 0s
2026-01-17 01:26:17,414 [INFO]    Predicting v1 chr3_50000000_60000000, 0 events pass lite-Unet module. Time cost: 0s
2026-01-17 01:26:17,416 [INFO]    Predicting v1 chr2_50000000_60000000, 0 events pass lite-Unet module. Time cost: 0s
2026-01-17 01:26:17,417 [INFO]    Predicting v1 chr3_60000000_70000000, 0 events pass lite-Unet module. Time cost: 0s
2026-01-17 01:26:17,420 [INFO]    Predicting v1 chr3_80000000_90000000, 0 events pass lite-Unet module. Time cost: 0s
2026-01-17 01:26:17,423 [INFO]    Predicting v1 chr3_90000000_100000000, 0 events pass lite-Unet module. Time cost: 0s
2026-01-17 01:26:17,423 [INFO]    Predicting v1 chr2_220000000_230000000, 0 events pass lite-Unet module. Time cost: 0s
2026-01-17 01:26:17,431 [INFO]    Predicting v1 chr3_130000000_140000000, 0 events pass lite-Unet module. Time cost: 0s
2026-01-17 01:26:17,435 [INFO]    Predicting v1 chr3_140000000_150000000, 0 events pass lite-Unet module. Time cost: 0s
2026-01-17 01:26:17,435 [INFO]    Predicting v1 chr3_100000000_110000000, 0 events pass lite-Unet module. Time cost: 0s
2026-01-17 01:26:17,438 [INFO]    Predicting v1 chr3_150000000_160000000, 0 events pass lite-Unet module. Time cost: 0s
2026-01-17 01:26:17,441 [INFO]    Predicting v1 chr3_160000000_170000000, 0 events pass lite-Unet module. Time cost: 0s
2026-01-17 01:26:17,441 [INFO]    Predicting v1 chr3_170000000_180000000, 0 events pass lite-Unet module. Time cost: 0s
2026-01-17 01:26:17,443 [INFO]    Predicting v1 chr3_180000000_190000000, 0 events pass lite-Unet module. Time cost: 0s
2026-01-17 01:26:17,447 [INFO]    Predicting v1 chr3_120000000_130000000, 0 events pass lite-Unet module. Time cost: 0s
2026-01-17 01:26:17,449 [INFO]    Predicting v1 chr2_210000000_220000000, 0 events pass lite-Unet module. Time cost: 0s
2026-01-17 01:26:17,486 [INFO]    Predicting v1 chr3_200000000_210000000, 0 events pass lite-Unet module. Time cost: 0s
2026-01-17 01:26:17,622 [INFO]    Predicting v1 chr4_20000000_30000000, 0 events pass lite-Unet module. Time cost: 0s
2026-01-17 01:26:17,718 [INFO]    Predicting v1 chr4_30000000_40000000, 0 events pass lite-Unet module. Time cost: 0s
2026-01-17 01:26:17,814 [INFO]    Predicting v1 chr4_40000000_50000000, 0 events pass lite-Unet module. Time cost: 0s
2026-01-17 01:26:17,934 [INFO]    Predicting v1 chr4_50000000_60000000, 0 events pass lite-Unet module. Time cost: 0s
2026-01-17 01:26:18,103 [INFO]    Predicting v1 chr4_60000000_70000000, 0 events pass lite-Unet module. Time cost: 0s
2026-01-17 01:26:18,111 [INFO]    Predicting v1 chr4_70000000_80000000, 0 events pass lite-Unet module. Time cost: 0s
2026-01-17 01:26:18,332 [INFO]    Predicting v1 chr1_200000000_210000000, 1 events pass lite-Unet module. Time cost: 0s
2026-01-17 01:26:18,342 [INFO]    Predicting v1 chr4_90000000_100000000, 0 events pass lite-Unet module. Time cost: 0s
2026-01-17 01:26:18,351 [INFO]    Predicting v1 chr4_100000000_110000000, 0 events pass lite-Unet module. Time cost: 0s
2026-01-17 01:26:18,359 [INFO]    Predicting v1 chr4_110000000_120000000, 0 events pass lite-Unet module. Time cost: 0s
2026-01-17 01:26:18,368 [INFO]    Predicting v1 chr4_120000000_130000000, 0 events pass lite-Unet module. Time cost: 0s
2026-01-17 01:26:18,376 [INFO]    Predicting v1 chr4_130000000_140000000, 0 events pass lite-Unet module. Time cost: 0s
2026-01-17 01:26:18,385 [INFO]    Predicting v1 chr4_140000000_150000000, 3 events pass lite-Unet module. Time cost: 0s
2026-01-17 01:26:18,394 [INFO]    Predicting v1 chr4_150000000_160000000, 0 events pass lite-Unet module. Time cost: 0s
2026-01-17 01:26:18,406 [INFO]    Predicting v1 chr4_160000000_170000000, 0 events pass lite-Unet module. Time cost: 0s
2026-01-17 01:26:18,415 [INFO]    Predicting v1 chr4_170000000_180000000, 0 events pass lite-Unet module. Time cost: 0s
2026-01-17 01:26:18,578 [INFO]    Predicting v1 chr3_110000000_120000000, 1 events pass lite-Unet module. Time cost: 1s
2026-01-17 01:26:18,585 [INFO]    Predicting v1 chr4_190000000_200000000, 0 events pass lite-Unet module. Time cost: 0s
2026-01-17 01:26:18,661 [INFO]    Predicting v1 chr2_200000000_210000000, 1 events pass lite-Unet module. Time cost: 1s
2026-01-17 01:26:18,663 [INFO]    Predicting v1 chr2_80000000_90000000, 3 events pass lite-Unet module. Time cost: 1s
2026-01-17 01:26:18,667 [INFO]    Predicting v1 chr5_10000000_20000000, 0 events pass lite-Unet module. Time cost: 0s
2026-01-17 01:26:18,670 [INFO]    Predicting v1 chr5_20000000_30000000, 0 events pass lite-Unet module. Time cost: 0s
2026-01-17 01:26:18,672 [INFO]    Predicting v1 chr1_40000000_50000000, 2 events pass lite-Unet module. Time cost: 1s
2026-01-17 01:26:18,676 [INFO]    Predicting v1 chr5_30000000_40000000, 0 events pass lite-Unet module. Time cost: 0s
2026-01-17 01:26:18,678 [INFO]    Predicting v1 chr5_40000000_50000000, 0 events pass lite-Unet module. Time cost: 0s
2026-01-17 01:26:18,681 [INFO]    Predicting v1 chr5_50000000_60000000, 0 events pass lite-Unet module. Time cost: 0s
2026-01-17 01:26:18,684 [INFO]    Predicting v1 chr5_60000000_70000000, 0 events pass lite-Unet module. Time cost: 0s
2026-01-17 01:26:18,686 [INFO]    Predicting v1 chr5_70000000_80000000, 1 events pass lite-Unet module. Time cost: 0s
2026-01-17 01:26:18,689 [INFO]    Predicting v1 chr5_80000000_90000000, 0 events pass lite-Unet module. Time cost: 0s
2026-01-17 01:26:18,691 [INFO]    Predicting v1 chr5_90000000_100000000, 0 events pass lite-Unet module. Time cost: 0s
2026-01-17 01:26:18,695 [INFO]    Predicting v1 chr5_100000000_110000000, 0 events pass lite-Unet module. Time cost: 0s
2026-01-17 01:26:18,696 [INFO]    Predicting v1 chr5_110000000_120000000, 0 events pass lite-Unet module. Time cost: 0s
2026-01-17 01:26:18,697 [INFO]    Predicting v1 chr5_120000000_130000000, 0 events pass lite-Unet module. Time cost: 0s
2026-01-17 01:26:18,700 [INFO]    Predicting v1 chr5_130000000_140000000, 0 events pass lite-Unet module. Time cost: 0s
2026-01-17 01:26:18,705 [INFO]    Predicting v1 chr5_140000000_150000000, 0 events pass lite-Unet module. Time cost: 0s
2026-01-17 01:26:18,706 [INFO]    Predicting v1 chr5_150000000_160000000, 0 events pass lite-Unet module. Time cost: 0s
2026-01-17 01:26:18,709 [INFO]    Predicting v1 chr5_160000000_170000000, 0 events pass lite-Unet module. Time cost: 0s
2026-01-17 01:26:18,713 [INFO]    Predicting v1 chr5_170000000_180000000, 1 events pass lite-Unet module. Time cost: 0s
2026-01-17 01:26:18,714 [INFO]    Predicting v1 chr5_180000000_190000000, 1 events pass lite-Unet module. Time cost: 0s
2026-01-17 01:26:18,716 [INFO]    Predicting v1 chr2_230000000_240000000, 30 events pass lite-Unet module. Time cost: 1s
2026-01-17 01:26:18,722 [INFO]    Predicting v1 chr6_20000000_30000000, 0 events pass lite-Unet module. Time cost: 0s
2026-01-17 01:26:18,726 [INFO]    Predicting v1 chr6_30000000_40000000, 0 events pass lite-Unet module. Time cost: 0s
2026-01-17 01:26:18,728 [INFO]    Predicting v1 chr6_40000000_50000000, 0 events pass lite-Unet module. Time cost: 0s
2026-01-17 01:26:18,733 [INFO]    Predicting v1 chr6_50000000_60000000, 0 events pass lite-Unet module. Time cost: 0s
2026-01-17 01:26:18,738 [INFO]    Predicting v1 chr2_170000000_180000000, 1 events pass lite-Unet module. Time cost: 1s
2026-01-17 01:26:18,740 [INFO]    Predicting v1 chr6_70000000_80000000, 0 events pass lite-Unet module. Time cost: 0s
2026-01-17 01:26:18,743 [INFO]    Predicting v1 chr6_80000000_90000000, 0 events pass lite-Unet module. Time cost: 0s
2026-01-17 01:26:18,747 [INFO]    Predicting v1 chr6_100000000_110000000, 0 events pass lite-Unet module. Time cost: 0s
2026-01-17 01:26:18,747 [INFO]    Predicting v1 chr6_90000000_100000000, 0 events pass lite-Unet module. Time cost: 0s
2026-01-17 01:26:18,752 [INFO]    Predicting v1 chr6_110000000_120000000, 0 events pass lite-Unet module. Time cost: 0s
2026-01-17 01:26:18,755 [INFO]    Predicting v1 chr6_120000000_130000000, 0 events pass lite-Unet module. Time cost: 0s
2026-01-17 01:26:18,757 [INFO]    Predicting v1 chr6_130000000_140000000, 0 events pass lite-Unet module. Time cost: 0s
2026-01-17 01:26:18,757 [INFO]    Predicting v1 chr4_10000000_20000000, 1 events pass lite-Unet module. Time cost: 1s
2026-01-17 01:26:18,759 [INFO]    Predicting v1 chr3_40000000_50000000, 1 events pass lite-Unet module. Time cost: 1s
2026-01-17 01:26:18,761 [INFO]    Predicting v1 chr6_150000000_160000000, 3 events pass lite-Unet module. Time cost: 0s
2026-01-17 01:26:18,763 [INFO]    Predicting v1 chr6_170000000_180000000, 0 events pass lite-Unet module. Time cost: 0s
2026-01-17 01:26:18,765 [INFO]    Predicting v1 chr6_140000000_150000000, 2 events pass lite-Unet module. Time cost: 0s
2026-01-17 01:26:18,845 [INFO]    Predicting v1 chr1_240000000_250000000, 3 events pass lite-Unet module. Time cost: 1s
2026-01-17 01:26:18,859 [INFO]    Predicting v1 chr7_30000000_40000000, 2 events pass lite-Unet module. Time cost: 0s
2026-01-17 01:26:19,164 [INFO]    Predicting v1 chr3_70000000_80000000, 3 events pass lite-Unet module. Time cost: 1s
2026-01-17 01:26:19,173 [INFO]    Predicting v1 chr7_50000000_60000000, 0 events pass lite-Unet module. Time cost: 0s
2026-01-17 01:26:19,179 [INFO]    Predicting v1 chr7_60000000_70000000, 0 events pass lite-Unet module. Time cost: 0s
2026-01-17 01:26:19,187 [INFO]    Predicting v1 chr7_70000000_80000000, 0 events pass lite-Unet module. Time cost: 0s
2026-01-17 01:26:19,194 [INFO]    Predicting v1 chr7_80000000_90000000, 0 events pass lite-Unet module. Time cost: 0s
2026-01-17 01:26:19,243 [INFO]    Predicting v1 chr6_0_10000000, 1 events pass lite-Unet module. Time cost: 0s
2026-01-17 01:26:19,252 [INFO]    Predicting v1 chr7_10000000_20000000, 1 events pass lite-Unet module. Time cost: 0s
2026-01-17 01:26:19,264 [INFO]    Predicting v1 chr3_10000000_20000000, 2 events pass lite-Unet module. Time cost: 1s
2026-01-17 01:26:19,339 [INFO]    Predicting v1 chr4_80000000_90000000, 1 events pass lite-Unet module. Time cost: 1s
2026-01-17 01:26:19,426 [INFO]    Predicting v1 chr3_30000000_40000000, 3 events pass lite-Unet module. Time cost: 2s
2026-01-17 01:26:19,434 [INFO]    Predicting v1 chr7_140000000_150000000, 0 events pass lite-Unet module. Time cost: 0s
2026-01-17 01:26:19,489 [INFO]    Predicting v1 chr1_150000000_160000000, 3 events pass lite-Unet module. Time cost: 2s
2026-01-17 01:26:19,505 [INFO]    Predicting v1 chr7_160000000_170000000, 0 events pass lite-Unet module. Time cost: 0s
2026-01-17 01:26:19,575 [INFO]    Predicting v1 chr6_60000000_70000000, 4 events pass lite-Unet module. Time cost: 0s
2026-01-17 01:26:19,584 [INFO]    Predicting v1 chr8_10000000_20000000, 0 events pass lite-Unet module. Time cost: 0s
2026-01-17 01:26:19,592 [INFO]    Predicting v1 chr3_190000000_200000000, 5 events pass lite-Unet module. Time cost: 2s
2026-01-17 01:26:19,596 [INFO]    Predicting v1 chr8_30000000_40000000, 0 events pass lite-Unet module. Time cost: 0s
2026-01-17 01:26:19,601 [INFO]    Predicting v1 chr8_40000000_50000000, 0 events pass lite-Unet module. Time cost: 0s
2026-01-17 01:26:19,606 [INFO]    Predicting v1 chr8_50000000_60000000, 0 events pass lite-Unet module. Time cost: 0s
2026-01-17 01:26:19,611 [INFO]    Predicting v1 chr8_60000000_70000000, 0 events pass lite-Unet module. Time cost: 0s
2026-01-17 01:26:19,616 [INFO]    Predicting v1 chr8_70000000_80000000, 0 events pass lite-Unet module. Time cost: 0s
2026-01-17 01:26:19,621 [INFO]    Predicting v1 chr8_80000000_90000000, 0 events pass lite-Unet module. Time cost: 0s
2026-01-17 01:26:19,626 [INFO]    Predicting v1 chr8_90000000_100000000, 0 events pass lite-Unet module. Time cost: 0s
2026-01-17 01:26:19,630 [INFO]    Predicting v1 chr8_100000000_110000000, 0 events pass lite-Unet module. Time cost: 0s
2026-01-17 01:26:19,634 [INFO]    Predicting v1 chr8_110000000_120000000, 0 events pass lite-Unet module. Time cost: 0s
2026-01-17 01:26:19,639 [INFO]    Predicting v1 chr8_120000000_130000000, 0 events pass lite-Unet module. Time cost: 0s
2026-01-17 01:26:19,644 [INFO]    Predicting v1 chr8_130000000_140000000, 0 events pass lite-Unet module. Time cost: 0s
2026-01-17 01:26:19,745 [INFO]    Predicting v1 chr7_0_10000000, 1 events pass lite-Unet module. Time cost: 0s
2026-01-17 01:26:19,750 [INFO]    Predicting v1 chr7_40000000_50000000, 1 events pass lite-Unet module. Time cost: 0s
2026-01-17 01:26:19,768 [INFO]    Predicting v1 chr9_10000000_20000000, 0 events pass lite-Unet module. Time cost: 0s
2026-01-17 01:26:19,786 [INFO]    Predicting v1 chr9_20000000_30000000, 2 events pass lite-Unet module. Time cost: 0s
2026-01-17 01:26:19,787 [INFO]    Predicting v1 chr7_110000000_120000000, 1 events pass lite-Unet module. Time cost: 0s
2026-01-17 01:26:19,793 [INFO]    Predicting v1 chr9_40000000_50000000, 0 events pass lite-Unet module. Time cost: 0s
2026-01-17 01:26:19,796 [INFO]    Predicting v1 chr9_30000000_40000000, 0 events pass lite-Unet module. Time cost: 0s
2026-01-17 01:26:19,801 [INFO]    Predicting v1 chr9_50000000_60000000, 0 events pass lite-Unet module. Time cost: 0s
2026-01-17 01:26:19,808 [INFO]    Predicting v1 chr9_60000000_70000000, 0 events pass lite-Unet module. Time cost: 0s
2026-01-17 01:26:19,818 [INFO]    Predicting v1 chr7_120000000_130000000, 1 events pass lite-Unet module. Time cost: 0s
2026-01-17 01:26:19,819 [INFO]    Predicting v1 chr9_80000000_90000000, 0 events pass lite-Unet module. Time cost: 0s
2026-01-17 01:26:19,830 [INFO]    Predicting v1 chr9_90000000_100000000, 0 events pass lite-Unet module. Time cost: 0s
2026-01-17 01:26:19,842 [INFO]    Predicting v1 chr9_110000000_120000000, 0 events pass lite-Unet module. Time cost: 0s
2026-01-17 01:26:19,854 [INFO]    Predicting v1 chr9_120000000_130000000, 0 events pass lite-Unet module. Time cost: 0s
2026-01-17 01:26:20,002 [INFO]    Predicting v1 chr8_20000000_30000000, 1 events pass lite-Unet module. Time cost: 0s
2026-01-17 01:26:20,020 [INFO]    Predicting v1 chr7_130000000_140000000, 2 events pass lite-Unet module. Time cost: 0s
2026-01-17 01:26:20,068 [INFO]    Predicting v1 chr6_10000000_20000000, 4 events pass lite-Unet module. Time cost: 1s
2026-01-17 01:26:20,124 [INFO]    Predicting v1 chr2_60000000_70000000, 6 events pass lite-Unet module. Time cost: 2s
2026-01-17 01:26:20,142 [INFO]    Predicting v1 chr10_10000000_20000000, 0 events pass lite-Unet module. Time cost: 0s
2026-01-17 01:26:20,147 [INFO]    Predicting v1 chr10_20000000_30000000, 0 events pass lite-Unet module. Time cost: 0s
2026-01-17 01:26:20,321 [INFO]    Predicting v1 chr9_70000000_80000000, 1 events pass lite-Unet module. Time cost: 0s
2026-01-17 01:26:20,443 [INFO]    Predicting v1 chr9_130000000_140000000, 11 events pass lite-Unet module. Time cost: 0s
2026-01-17 01:26:20,580 [INFO]    Predicting v1 chr7_20000000_30000000, 11 events pass lite-Unet module. Time cost: 1s
2026-01-17 01:26:20,594 [INFO]    Predicting v1 chr10_60000000_70000000, 0 events pass lite-Unet module. Time cost: 0s
2026-01-17 01:26:20,675 [INFO]    Predicting v1 chr2_90000000_100000000, 16 events pass lite-Unet module. Time cost: 3s
2026-01-17 01:26:20,688 [INFO]    Predicting v1 chr10_30000000_40000000, 1 events pass lite-Unet module. Time cost: 0s
2026-01-17 01:26:20,691 [INFO]    Predicting v1 chr10_80000000_90000000, 0 events pass lite-Unet module. Time cost: 0s
2026-01-17 01:26:20,691 [INFO]    Predicting v1 chr4_0_10000000, 4 events pass lite-Unet module. Time cost: 3s
2026-01-17 01:26:20,697 [INFO]    Predicting v1 chr10_90000000_100000000, 0 events pass lite-Unet module. Time cost: 0s
2026-01-17 01:26:20,699 [INFO]    Predicting v1 chr10_100000000_110000000, 0 events pass lite-Unet module. Time cost: 0s
2026-01-17 01:26:20,712 [INFO]    Predicting v1 chr10_110000000_120000000, 0 events pass lite-Unet module. Time cost: 0s
2026-01-17 01:26:20,788 [INFO]    Predicting v1 chr5_0_10000000, 6 events pass lite-Unet module. Time cost: 2s
2026-01-17 01:26:20,822 [INFO]    Predicting v1 chr10_40000000_50000000, 12 events pass lite-Unet module. Time cost: 0s
2026-01-17 01:26:20,836 [INFO]    Predicting v1 chr11_20000000_30000000, 0 events pass lite-Unet module. Time cost: 0s
2026-01-17 01:26:20,847 [INFO]    Predicting v1 chr2_120000000_130000000, 8 events pass lite-Unet module. Time cost: 3s
2026-01-17 01:26:20,856 [INFO]    Predicting v1 chr11_40000000_50000000, 0 events pass lite-Unet module. Time cost: 0s
2026-01-17 01:26:20,861 [INFO]    Predicting v1 chr11_50000000_60000000, 0 events pass lite-Unet module. Time cost: 0s
2026-01-17 01:26:20,909 [INFO]    Predicting v1 chr10_50000000_60000000, 3 events pass lite-Unet module. Time cost: 0s
2026-01-17 01:26:20,910 [INFO]    Predicting v1 chr9_150000000_160000000, 1 events pass lite-Unet module. Time cost: 0s
2026-01-17 01:26:20,926 [INFO]    Predicting v1 chr11_80000000_90000000, 0 events pass lite-Unet module. Time cost: 0s
2026-01-17 01:26:20,937 [INFO]    Predicting v1 chr11_90000000_100000000, 0 events pass lite-Unet module. Time cost: 0s
2026-01-17 01:26:20,950 [INFO]    Predicting v1 chr11_100000000_110000000, 0 events pass lite-Unet module. Time cost: 0s
2026-01-17 01:26:20,963 [INFO]    Predicting v1 chr11_110000000_120000000, 0 events pass lite-Unet module. Time cost: 0s
2026-01-17 01:26:20,987 [INFO]    Predicting v1 chr8_140000000_150000000, 11 events pass lite-Unet module. Time cost: 1s
2026-01-17 01:26:20,994 [INFO]    Predicting v1 chr9_100000000_110000000, 1 events pass lite-Unet module. Time cost: 1s
2026-01-17 01:26:21,009 [INFO]    Predicting v1 chr12_0_10000000, 1 events pass lite-Unet module. Time cost: 0s
2026-01-17 01:26:21,025 [INFO]    Predicting v1 chr12_10000000_20000000, 1 events pass lite-Unet module. Time cost: 0s
2026-01-17 01:26:21,037 [INFO]    Predicting v1 chr12_20000000_30000000, 0 events pass lite-Unet module. Time cost: 0s
2026-01-17 01:26:21,051 [INFO]    Predicting v1 chr12_30000000_40000000, 0 events pass lite-Unet module. Time cost: 0s
2026-01-17 01:26:21,056 [INFO]    Predicting v1 chr10_70000000_80000000, 1 events pass lite-Unet module. Time cost: 0s
2026-01-17 01:26:21,066 [INFO]    Predicting v1 chr12_40000000_50000000, 0 events pass lite-Unet module. Time cost: 0s
2026-01-17 01:26:21,068 [INFO]    Predicting v1 chr12_50000000_60000000, 0 events pass lite-Unet module. Time cost: 0s
2026-01-17 01:26:21,077 [INFO]    Predicting v1 chr12_60000000_70000000, 0 events pass lite-Unet module. Time cost: 0s
2026-01-17 01:26:21,078 [INFO]    Predicting v1 chr12_70000000_80000000, 0 events pass lite-Unet module. Time cost: 0s
2026-01-17 01:26:21,087 [INFO]    Predicting v1 chr12_90000000_100000000, 1 events pass lite-Unet module. Time cost: 0s
2026-01-17 01:26:21,091 [INFO]    Predicting v1 chr12_80000000_90000000, 0 events pass lite-Unet module. Time cost: 0s
2026-01-17 01:26:21,094 [INFO]    Predicting v1 chr12_100000000_110000000, 0 events pass lite-Unet module. Time cost: 0s
2026-01-17 01:26:21,106 [INFO]    Predicting v1 chr12_110000000_120000000, 0 events pass lite-Unet module. Time cost: 0s
2026-01-17 01:26:21,262 [INFO]    Predicting v1 chr2_110000000_120000000, 12 events pass lite-Unet module. Time cost: 3s
2026-01-17 01:26:21,272 [INFO]    Predicting v1 chr13_0_10000000, 0 events pass lite-Unet module. Time cost: 0s
2026-01-17 01:26:21,321 [INFO]    Predicting v1 chr11_30000000_40000000, 7 events pass lite-Unet module. Time cost: 0s
2026-01-17 01:26:21,332 [INFO]    Predicting v1 chr9_0_10000000, 2 events pass lite-Unet module. Time cost: 1s
2026-01-17 01:26:21,347 [INFO]    Predicting v1 chr13_30000000_40000000, 0 events pass lite-Unet module. Time cost: 0s
2026-01-17 01:26:21,513 [INFO]    Predicting v1 chr7_100000000_110000000, 5 events pass lite-Unet module. Time cost: 2s
2026-01-17 01:26:21,523 [INFO]    Predicting v1 chr13_50000000_60000000, 0 events pass lite-Unet module. Time cost: 0s
2026-01-17 01:26:21,532 [INFO]    Predicting v1 chr13_60000000_70000000, 0 events pass lite-Unet module. Time cost: 0s
2026-01-17 01:26:21,538 [INFO]    Predicting v1 chr10_0_10000000, 4 events pass lite-Unet module. Time cost: 1s
2026-01-17 01:26:21,539 [INFO]    Predicting v1 chr13_70000000_80000000, 0 events pass lite-Unet module. Time cost: 0s
2026-01-17 01:26:21,547 [INFO]    Predicting v1 chr13_80000000_90000000, 0 events pass lite-Unet module. Time cost: 0s
2026-01-17 01:26:21,549 [INFO]    Predicting v1 chr13_90000000_100000000, 1 events pass lite-Unet module. Time cost: 0s
2026-01-17 01:26:21,556 [INFO]    Predicting v1 chr13_100000000_110000000, 0 events pass lite-Unet module. Time cost: 0s
2026-01-17 01:26:21,556 [INFO]    Predicting v1 chr13_110000000_120000000, 0 events pass lite-Unet module. Time cost: 0s
2026-01-17 01:26:21,562 [INFO]    Predicting v1 chr14_0_10000000, 0 events pass lite-Unet module. Time cost: 0s
2026-01-17 01:26:21,562 [INFO]    Predicting v1 chr14_10000000_20000000, 0 events pass lite-Unet module. Time cost: 0s
2026-01-17 01:26:21,569 [INFO]    Predicting v1 chr14_20000000_30000000, 0 events pass lite-Unet module. Time cost: 0s
2026-01-17 01:26:21,569 [INFO]    Predicting v1 chr14_30000000_40000000, 0 events pass lite-Unet module. Time cost: 0s
2026-01-17 01:26:21,575 [INFO]    Predicting v1 chr14_40000000_50000000, 0 events pass lite-Unet module. Time cost: 0s
2026-01-17 01:26:21,575 [INFO]    Predicting v1 chr14_50000000_60000000, 0 events pass lite-Unet module. Time cost: 0s
2026-01-17 01:26:21,581 [INFO]    Predicting v1 chr14_60000000_70000000, 0 events pass lite-Unet module. Time cost: 0s
2026-01-17 01:26:21,581 [INFO]    Predicting v1 chr14_70000000_80000000, 0 events pass lite-Unet module. Time cost: 0s
2026-01-17 01:26:21,587 [INFO]    Predicting v1 chr14_80000000_90000000, 0 events pass lite-Unet module. Time cost: 0s
2026-01-17 01:26:21,612 [INFO]    Predicting v1 chr7_90000000_100000000, 7 events pass lite-Unet module. Time cost: 2s
2026-01-17 01:26:21,631 [INFO]    Predicting v1 chr15_0_10000000, 0 events pass lite-Unet module. Time cost: 0s
2026-01-17 01:26:21,646 [INFO]    Predicting v1 chr15_10000000_20000000, 0 events pass lite-Unet module. Time cost: 0s
2026-01-17 01:26:21,655 [INFO]    Predicting v1 chr11_130000000_140000000, 2 events pass lite-Unet module. Time cost: 0s
2026-01-17 01:26:21,807 [INFO]    Predicting v1 chr13_20000000_30000000, 1 events pass lite-Unet module. Time cost: 0s
2026-01-17 01:26:21,822 [INFO]    Predicting v1 chr15_40000000_50000000, 0 events pass lite-Unet module. Time cost: 0s
2026-01-17 01:26:21,839 [INFO]    Predicting v1 chr15_50000000_60000000, 0 events pass lite-Unet module. Time cost: 0s
2026-01-17 01:26:21,915 [INFO]    Predicting v1 chr11_120000000_130000000, 1 events pass lite-Unet module. Time cost: 0s
2026-01-17 01:26:22,045 [INFO]    Predicting v1 chr12_130000000_140000000, 1 events pass lite-Unet module. Time cost: 0s
2026-01-17 01:26:22,052 [INFO]    Predicting v1 chr15_80000000_90000000, 0 events pass lite-Unet module. Time cost: 0s
2026-01-17 01:26:22,058 [INFO]    Predicting v1 chr15_90000000_100000000, 0 events pass lite-Unet module. Time cost: 0s
2026-01-17 01:26:22,099 [INFO]    Predicting v1 chr8_0_10000000, 3 events pass lite-Unet module. Time cost: 2s
2026-01-17 01:26:22,110 [INFO]    Predicting v1 chr16_10000000_20000000, 0 events pass lite-Unet module. Time cost: 0s
2026-01-17 01:26:22,122 [INFO]    Predicting v1 chr16_20000000_30000000, 0 events pass lite-Unet module. Time cost: 0s
2026-01-17 01:26:22,136 [INFO]    Predicting v1 chr16_30000000_40000000, 0 events pass lite-Unet module. Time cost: 0s
2026-01-17 01:26:22,152 [INFO]    Predicting v1 chr16_40000000_50000000, 0 events pass lite-Unet module. Time cost: 0s
2026-01-17 01:26:22,169 [INFO]    Predicting v1 chr16_50000000_60000000, 0 events pass lite-Unet module. Time cost: 0s
2026-01-17 01:26:22,178 [INFO]    Predicting v1 chr1_230000000_240000000, 5 events pass lite-Unet module. Time cost: 4s
2026-01-17 01:26:22,185 [INFO]    Predicting v1 chr16_60000000_70000000, 0 events pass lite-Unet module. Time cost: 0s
2026-01-17 01:26:22,191 [INFO]    Predicting v1 chr16_70000000_80000000, 0 events pass lite-Unet module. Time cost: 0s
2026-01-17 01:26:22,199 [INFO]    Predicting v1 chr16_80000000_90000000, 0 events pass lite-Unet module. Time cost: 0s
2026-01-17 01:26:22,215 [INFO]    Predicting v1 chr17_0_10000000, 1 events pass lite-Unet module. Time cost: 0s
2026-01-17 01:26:22,227 [INFO]    Predicting v1 chr17_10000000_20000000, 1 events pass lite-Unet module. Time cost: 0s
2026-01-17 01:26:22,238 [INFO]    Predicting v1 chr17_20000000_30000000, 0 events pass lite-Unet module. Time cost: 0s
2026-01-17 01:26:22,438 [INFO]    Predicting v1 chr15_20000000_30000000, 1 events pass lite-Unet module. Time cost: 0s
2026-01-17 01:26:22,459 [INFO]    Predicting v1 chr17_40000000_50000000, 1 events pass lite-Unet module. Time cost: 0s
2026-01-17 01:26:22,476 [INFO]    Predicting v1 chr17_50000000_60000000, 0 events pass lite-Unet module. Time cost: 0s
2026-01-17 01:26:22,488 [INFO]    Predicting v1 chr17_60000000_70000000, 0 events pass lite-Unet module. Time cost: 0s
2026-01-17 01:26:22,525 [INFO]    Predicting v1 chr10_120000000_130000000, 6 events pass lite-Unet module. Time cost: 1s
2026-01-17 01:26:22,604 [INFO]    Predicting v1 chr13_40000000_50000000, 3 events pass lite-Unet module. Time cost: 1s
2026-01-17 01:26:22,643 [INFO]    Predicting v1 chr1_0_10000000, 6 events pass lite-Unet module. Time cost: 5s
2026-01-17 01:26:22,660 [INFO]    Predicting v1 chr18_10000000_20000000, 1 events pass lite-Unet module. Time cost: 0s
2026-01-17 01:26:22,670 [INFO]    Predicting v1 chr18_20000000_30000000, 4 events pass lite-Unet module. Time cost: 0s
2026-01-17 01:26:22,680 [INFO]    Predicting v1 chr18_30000000_40000000, 0 events pass lite-Unet module. Time cost: 0s
2026-01-17 01:26:22,697 [INFO]    Predicting v1 chr18_40000000_50000000, 0 events pass lite-Unet module. Time cost: 0s
2026-01-17 01:26:22,702 [INFO]    Predicting v1 chr18_50000000_60000000, 0 events pass lite-Unet module. Time cost: 0s
2026-01-17 01:26:22,707 [INFO]    Predicting v1 chr14_100000000_110000000, 5 events pass lite-Unet module. Time cost: 1s
2026-01-17 01:26:22,713 [INFO]    Predicting v1 chr18_60000000_70000000, 0 events pass lite-Unet module. Time cost: 0s
2026-01-17 01:26:22,718 [INFO]    Predicting v1 chr18_80000000_90000000, 0 events pass lite-Unet module. Time cost: 0s
2026-01-17 01:26:22,743 [INFO]    Predicting v1 chr15_70000000_80000000, 1 events pass lite-Unet module. Time cost: 0s
2026-01-17 01:26:22,833 [INFO]    Predicting v1 chr15_30000000_40000000, 4 events pass lite-Unet module. Time cost: 1s
2026-01-17 01:26:23,001 [INFO]    Predicting v1 chr17_30000000_40000000, 2 events pass lite-Unet module. Time cost: 0s
2026-01-17 01:26:23,071 [INFO]    Predicting v1 chr15_60000000_70000000, 12 events pass lite-Unet module. Time cost: 1s
2026-01-17 01:26:23,629 [INFO]    Predicting v1 chr13_10000000_20000000, 6 events pass lite-Unet module. Time cost: 2s
2026-01-17 01:26:23,638 [INFO]    Predicting v1 chr19_50000000_60000000, 0 events pass lite-Unet module. Time cost: 0s
2026-01-17 01:26:23,647 [INFO]    Predicting v1 chr19_60000000_70000000, 0 events pass lite-Unet module. Time cost: 0s
2026-01-17 01:26:23,810 [INFO]    Predicting v1 chr19_20000000_30000000, 3 events pass lite-Unet module. Time cost: 0s
2026-01-17 01:26:23,811 [INFO]    Predicting v1 chr11_60000000_70000000, 11 events pass lite-Unet module. Time cost: 2s
2026-01-17 01:26:23,820 [INFO]    Predicting v1 chr20_20000000_30000000, 0 events pass lite-Unet module. Time cost: 0s
2026-01-17 01:26:23,819 [INFO]    Predicting v1 chr20_10000000_20000000, 0 events pass lite-Unet module. Time cost: 0s
2026-01-17 01:26:23,828 [INFO]    Predicting v1 chr20_40000000_50000000, 0 events pass lite-Unet module. Time cost: 0s
2026-01-17 01:26:23,869 [INFO]    Predicting v1 chr19_30000000_40000000, 1 events pass lite-Unet module. Time cost: 0s
2026-01-17 01:26:23,914 [INFO]    Predicting v1 chr14_90000000_100000000, 7 events pass lite-Unet module. Time cost: 2s
2026-01-17 01:26:23,921 [INFO]    Predicting v1 chr21_0_10000000, 0 events pass lite-Unet module. Time cost: 0s
2026-01-17 01:26:23,927 [INFO]    Predicting v1 chr21_10000000_20000000, 0 events pass lite-Unet module. Time cost: 0s
2026-01-17 01:26:23,935 [INFO]    Predicting v1 chr21_20000000_30000000, 0 events pass lite-Unet module. Time cost: 0s
2026-01-17 01:26:24,018 [INFO]    Predicting v1 chr11_10000000_20000000, 9 events pass lite-Unet module. Time cost: 3s
2026-01-17 01:26:24,036 [INFO]    Predicting v1 chr7_150000000_160000000, 13 events pass lite-Unet module. Time cost: 4s
2026-01-17 01:26:24,042 [INFO]    Predicting v1 chr22_0_10000000, 0 events pass lite-Unet module. Time cost: 0s
2026-01-17 01:26:24,049 [INFO]    Predicting v1 chr22_10000000_20000000, 0 events pass lite-Unet module. Time cost: 0s
2026-01-17 01:26:24,167 [INFO]    Predicting v1 chr20_30000000_40000000, 5 events pass lite-Unet module. Time cost: 0s
2026-01-17 01:26:24,227 [INFO]    Predicting v1 chr18_0_10000000, 3 events pass lite-Unet module. Time cost: 1s
2026-01-17 01:26:24,500 [INFO]    Predicting v1 chr22_20000000_30000000, 1 events pass lite-Unet module. Time cost: 0s
2026-01-17 01:26:24,587 [INFO]    Predicting v1 chr9_140000000_150000000, 31 events pass lite-Unet module. Time cost: 4s
2026-01-17 01:26:24,609 [INFO]    Predicting v1 chr11_70000000_80000000, 9 events pass lite-Unet module. Time cost: 3s
2026-01-17 01:26:24,615 [INFO]    Predicting v1 chrX_10000000_20000000, 0 events pass lite-Unet module. Time cost: 0s
2026-01-17 01:26:24,721 [INFO]    Predicting v1 chr20_60000000_70000000, 1 events pass lite-Unet module. Time cost: 0s
2026-01-17 01:26:24,734 [INFO]    Predicting v1 chr17_70000000_80000000, 4 events pass lite-Unet module. Time cost: 2s
2026-01-17 01:26:24,744 [INFO]    Predicting v1 chrX_40000000_50000000, 0 events pass lite-Unet module. Time cost: 0s
2026-01-17 01:26:24,754 [INFO]    Predicting v1 chrX_50000000_60000000, 0 events pass lite-Unet module. Time cost: 0s
2026-01-17 01:26:24,764 [INFO]    Predicting v1 chrX_60000000_70000000, 0 events pass lite-Unet module. Time cost: 0s
2026-01-17 01:26:24,776 [INFO]    Predicting v1 chrX_70000000_80000000, 0 events pass lite-Unet module. Time cost: 0s
2026-01-17 01:26:24,786 [INFO]    Predicting v1 chrX_80000000_90000000, 0 events pass lite-Unet module. Time cost: 0s
2026-01-17 01:26:24,799 [INFO]    Predicting v1 chrX_90000000_100000000, 0 events pass lite-Unet module. Time cost: 0s
2026-01-17 01:26:24,810 [INFO]    Predicting v1 chrX_100000000_110000000, 0 events pass lite-Unet module. Time cost: 0s
2026-01-17 01:26:24,820 [INFO]    Predicting v1 chrX_110000000_120000000, 0 events pass lite-Unet module. Time cost: 0s
2026-01-17 01:26:24,831 [INFO]    Predicting v1 chrX_120000000_130000000, 0 events pass lite-Unet module. Time cost: 0s
2026-01-17 01:26:24,844 [INFO]    Predicting v1 chrX_130000000_140000000, 0 events pass lite-Unet module. Time cost: 0s
2026-01-17 01:26:24,859 [INFO]    Predicting v1 chrX_140000000_150000000, 0 events pass lite-Unet module. Time cost: 0s
2026-01-17 01:26:24,870 [INFO]    Predicting v1 chrX_150000000_160000000, 0 events pass lite-Unet module. Time cost: 0s
2026-01-17 01:26:24,876 [INFO]    Predicting v1 chr2_240000000_250000000, 12 events pass lite-Unet module. Time cost: 7s
2026-01-17 01:26:24,881 [INFO]    Predicting v1 chrY_0_10000000, 0 events pass lite-Unet module. Time cost: 0s
2026-01-17 01:26:24,887 [INFO]    Predicting v1 chrY_10000000_20000000, 0 events pass lite-Unet module. Time cost: 0s
2026-01-17 01:26:24,891 [INFO]    Predicting v1 chrY_20000000_30000000, 0 events pass lite-Unet module. Time cost: 0s
2026-01-17 01:26:24,895 [INFO]    Predicting v1 chrY_30000000_40000000, 0 events pass lite-Unet module. Time cost: 0s
2026-01-17 01:26:24,904 [INFO]    Predicting v1 chrY_40000000_50000000, 0 events pass lite-Unet module. Time cost: 0s
2026-01-17 01:26:24,909 [INFO]    Predicting v1 chrY_50000000_60000000, 0 events pass lite-Unet module. Time cost: 0s
2026-01-17 01:26:24,910 [INFO]    Predicting v1 chr22_50000000_60000000, 1 events pass lite-Unet module. Time cost: 0s
2026-01-17 01:26:24,915 [INFO]    Predicting v1 chrY_60000000_70000000, 0 events pass lite-Unet module. Time cost: 0s
2026-01-17 01:26:24,918 [INFO]    Predicting v1 chrM_0_10000000, 0 events pass lite-Unet module. Time cost: 0s
2026-01-17 01:26:25,077 [INFO]    Predicting v1 chrX_20000000_30000000, 1 events pass lite-Unet module. Time cost: 0s
2026-01-17 01:26:25,085 [INFO]    Predicting v1 chr18_70000000_80000000, 3 events pass lite-Unet module. Time cost: 2s
2026-01-17 01:26:25,148 [INFO]    Predicting v1 chr11_0_10000000, 8 events pass lite-Unet module. Time cost: 4s
2026-01-17 01:26:25,156 [INFO]    Predicting v1 chr19_40000000_50000000, 5 events pass lite-Unet module. Time cost: 2s
2026-01-17 01:26:25,218 [INFO]    Predicting v1 chr12_120000000_130000000, 15 events pass lite-Unet module. Time cost: 4s
2026-01-17 01:26:25,575 [INFO]    Predicting v1 chr21_30000000_40000000, 8 events pass lite-Unet module. Time cost: 1s
2026-01-17 01:26:25,602 [INFO]    Predicting v1 chr20_0_10000000, 7 events pass lite-Unet module. Time cost: 1s
2026-01-17 01:26:25,765 [INFO]    Predicting v1 chr19_0_10000000, 12 events pass lite-Unet module. Time cost: 3s
2026-01-17 01:26:25,815 [INFO]    Predicting v1 chr1_110000000_120000000, 18 events pass lite-Unet module. Time cost: 8s
2026-01-17 01:26:25,836 [INFO]    Predicting v1 chr20_50000000_60000000, 7 events pass lite-Unet module. Time cost: 2s
2026-01-17 01:26:25,920 [INFO]    Predicting v1 chrX_30000000_40000000, 2 events pass lite-Unet module. Time cost: 1s
2026-01-17 01:26:26,077 [INFO]    Predicting v1 chr4_180000000_190000000, 16 events pass lite-Unet module. Time cost: 7s
2026-01-17 01:26:26,127 [INFO]    Predicting v1 chr22_30000000_40000000, 7 events pass lite-Unet module. Time cost: 1s
2026-01-17 01:26:26,142 [INFO]    Predicting v1 chr16_90000000_100000000, 6 events pass lite-Unet module. Time cost: 3s
2026-01-17 01:26:26,310 [INFO]    Predicting v1 chr17_80000000_90000000, 15 events pass lite-Unet module. Time cost: 3s
2026-01-17 01:26:26,670 [INFO]    Predicting v1 chr22_40000000_50000000, 10 events pass lite-Unet module. Time cost: 2s
2026-01-17 01:26:26,685 [INFO]    Predicting v1 chr2_0_10000000, 23 events pass lite-Unet module. Time cost: 9s
2026-01-17 01:26:26,757 [INFO]    Predicting v1 chr6_160000000_170000000, 24 events pass lite-Unet module. Time cost: 7s
2026-01-17 01:26:27,157 [INFO]    Predicting v1 chrX_0_10000000, 15 events pass lite-Unet module. Time cost: 2s
2026-01-17 01:26:27,306 [INFO]    Predicting v1 chr10_130000000_140000000, 25 events pass lite-Unet module. Time cost: 6s
2026-01-17 01:26:27,317 [INFO]    Predicting v1 chr19_10000000_20000000, 16 events pass lite-Unet module. Time cost: 4s
2026-01-17 01:26:27,429 [INFO]    Predicting v1 chr21_40000000_50000000, 17 events pass lite-Unet module. Time cost: 3s
2026-01-17 01:26:27,860 [INFO]    Predicting v1 chr16_0_10000000, 19 events pass lite-Unet module. Time cost: 5s
2026-01-17 01:26:27,969 [INFO]    Predicting Time Cost 10s
2026-01-17 01:26:27,969 [INFO]    ****************** Step3 Outputting to VCF ****************************
2026-01-17 01:26:28,268 [INFO]    Outputting v1 to /storage/scratch01/groups/bu/simSVs/tfe_unir/visor-simulations/results/v1_40x_15000_B_svision/v1.svision_pro_v2.5.s5.vcf. Time cost: 0s
2026-01-17 01:26:29,249 [INFO]    ****************** Step4 Finish ***********************************
2026-01-17 01:26:29,249 [INFO]    SVision-pro v2.5 successfully finished. Time Cost 548.056553s
