2026-01-16 23:56:34,849 [INFO]    ****************** Start SVision-pro, version 2.5 ********************
2026-01-16 23:56:34,850 [INFO]    Command: /storage/scratch01/groups/bu/simSVs/tfe_unir/visor-simulations/.snakemake/conda/8698eeced1a729a78f4a9d539d4293a9_/bin/SVision-pro --target_path results/v1_40x_30000_B_LASeR/tumour.bam --base_path results/normal_40x_30000_LASeR/sim.srt.bam --genome_path resources/genome/chm13v2.0_maskedY_rCRS.fa --model_path /home/fvillena/SVision-pro/src/pre_process/model_liteunet_1024_8_16_32_32_32.pth --out_path results/v1_40x_30000_B_svision --sample_name v1 --preset error-prone --detect_mode somatic --process_num 52
2026-01-16 23:56:34,850 [INFO]    ****************** Step1 collecting and plotting **********************
2026-01-16 23:57:00,886 [INFO]    Collecting v1 chr2_240000000_250000000, 10 candidate events found. Time cost 25s
2026-01-16 23:57:13,151 [INFO]    Collecting v1 chr2_40000000_50000000, 0 candidate events found. Time cost 37s
2026-01-16 23:57:13,204 [INFO]    Collecting v1 chr1_210000000_220000000, 0 candidate events found. Time cost 38s
2026-01-16 23:57:13,810 [INFO]    Collecting v1 chr2_70000000_80000000, 0 candidate events found. Time cost 38s
2026-01-16 23:57:14,176 [INFO]    Collecting v1 chr2_140000000_150000000, 0 candidate events found. Time cost 39s
2026-01-16 23:57:14,868 [INFO]    Collecting v1 chr2_190000000_200000000, 0 candidate events found. Time cost 39s
2026-01-16 23:57:17,422 [INFO]    Collecting v1 chr2_150000000_160000000, 0 candidate events found. Time cost 42s
2026-01-16 23:57:17,424 [INFO]    Collecting v1 chr3_0_10000000, 0 candidate events found. Time cost 42s
2026-01-16 23:57:19,026 [INFO]    Collecting v1 chr1_180000000_190000000, 0 candidate events found. Time cost 43s
2026-01-16 23:57:24,313 [INFO]    Collecting v1 chr2_30000000_40000000, 0 candidate events found. Time cost 49s
2026-01-16 23:57:25,987 [INFO]    Collecting v1 chr1_190000000_200000000, 0 candidate events found. Time cost 50s
2026-01-16 23:57:27,557 [INFO]    Collecting v1 chr1_170000000_180000000, 0 candidate events found. Time cost 52s
2026-01-16 23:57:27,681 [INFO]    Collecting v1 chr2_170000000_180000000, 0 candidate events found. Time cost 52s
2026-01-16 23:57:30,342 [INFO]    Collecting v1 chr1_70000000_80000000, 1 candidate events found. Time cost 55s
2026-01-16 23:57:30,718 [INFO]    Collecting v1 chr1_10000000_20000000, 2 candidate events found. Time cost 55s
2026-01-16 23:57:31,793 [INFO]    Collecting v1 chr2_220000000_230000000, 0 candidate events found. Time cost 56s
2026-01-16 23:57:41,753 [INFO]    Collecting v1 chr1_100000000_110000000, 0 candidate events found. Time cost 66s
2026-01-16 23:57:43,230 [INFO]    Collecting v1 chr1_90000000_100000000, 0 candidate events found. Time cost 68s
2026-01-16 23:57:46,629 [INFO]    Collecting v1 chr1_200000000_210000000, 0 candidate events found. Time cost 71s
2026-01-16 23:57:48,600 [INFO]    Collecting v1 chr1_150000000_160000000, 6 candidate events found. Time cost 73s
2026-01-16 23:57:53,662 [INFO]    Collecting v1 chr3_60000000_70000000, 0 candidate events found. Time cost 39s
2026-01-16 23:57:57,053 [INFO]    Collecting v1 chr2_10000000_20000000, 1 candidate events found. Time cost 81s
2026-01-16 23:57:57,836 [INFO]    Collecting v1 chr1_30000000_40000000, 0 candidate events found. Time cost 82s
2026-01-16 23:57:59,944 [INFO]    Collecting v1 chr2_60000000_70000000, 6 candidate events found. Time cost 84s
2026-01-16 23:57:59,963 [INFO]    Collecting v1 chr1_240000000_250000000, 2 candidate events found. Time cost 84s
2026-01-16 23:58:03,217 [INFO]    Collecting v1 chr1_110000000_120000000, 27 candidate events found. Time cost 88s
2026-01-16 23:58:03,979 [INFO]    Collecting v1 chr3_30000000_40000000, 7 candidate events found. Time cost 50s
2026-01-16 23:58:04,015 [INFO]    Collecting v1 chr2_50000000_60000000, 1 candidate events found. Time cost 88s
2026-01-16 23:58:05,325 [INFO]    Collecting v1 chr2_20000000_30000000, 0 candidate events found. Time cost 90s
2026-01-16 23:58:05,849 [INFO]    Collecting v1 chr3_200000000_210000000, 0 candidate events found. Time cost 19s
2026-01-16 23:58:07,837 [INFO]    Collecting v1 chr1_60000000_70000000, 0 candidate events found. Time cost 92s
2026-01-16 23:58:08,799 [INFO]    Collecting v1 chr3_160000000_170000000, 0 candidate events found. Time cost 38s
2026-01-16 23:58:09,453 [INFO]    Collecting v1 chr3_170000000_180000000, 0 candidate events found. Time cost 37s
2026-01-16 23:58:09,815 [INFO]    Collecting v1 chr3_150000000_160000000, 1 candidate events found. Time cost 39s
2026-01-16 23:58:10,616 [INFO]    Collecting v1 chr1_220000000_230000000, 0 candidate events found. Time cost 95s
2026-01-16 23:58:12,249 [INFO]    Collecting v1 chr3_130000000_140000000, 0 candidate events found. Time cost 44s
2026-01-16 23:58:14,830 [INFO]    Collecting v1 chr3_10000000_20000000, 2 candidate events found. Time cost 99s
2026-01-16 23:58:14,885 [INFO]    Collecting v1 chr1_20000000_30000000, 0 candidate events found. Time cost 99s
2026-01-16 23:58:17,462 [INFO]    Collecting v1 chr3_50000000_60000000, 2 candidate events found. Time cost 63s
2026-01-16 23:58:17,658 [INFO]    Collecting v1 chr2_200000000_210000000, 0 candidate events found. Time cost 102s
2026-01-16 23:58:33,510 [INFO]    Collecting v1 chr4_190000000_200000000, 0 candidate events found. Time cost 16s
2026-01-16 23:58:36,518 [INFO]    Collecting v1 chr1_50000000_60000000, 1 candidate events found. Time cost 121s
2026-01-16 23:58:39,002 [INFO]    Collecting v1 chr4_40000000_50000000, 0 candidate events found. Time cost 39s
2026-01-16 23:58:41,014 [INFO]    Collecting v1 chr4_90000000_100000000, 0 candidate events found. Time cost 35s
2026-01-16 23:58:41,696 [INFO]    Collecting v1 chr4_70000000_80000000, 0 candidate events found. Time cost 37s
2026-01-16 23:58:41,925 [INFO]    Collecting v1 chr4_100000000_110000000, 0 candidate events found. Time cost 36s
2026-01-16 23:58:44,868 [INFO]    Collecting v1 chr1_120000000_130000000, 0 candidate events found. Time cost 129s
2026-01-16 23:58:47,875 [INFO]    Collecting v1 chr4_10000000_20000000, 2 candidate events found. Time cost 54s
2026-01-16 23:58:50,035 [INFO]    Collecting v1 chr2_160000000_170000000, 0 candidate events found. Time cost 134s
2026-01-16 23:58:51,952 [INFO]    Collecting v1 chr4_140000000_150000000, 1 candidate events found. Time cost 42s
2026-01-16 23:58:53,754 [INFO]    Collecting v1 chr4_170000000_180000000, 0 candidate events found. Time cost 38s
2026-01-16 23:58:58,201 [INFO]    Collecting v1 chr4_20000000_30000000, 0 candidate events found. Time cost 61s
2026-01-16 23:59:01,920 [INFO]    Collecting v1 chr3_90000000_100000000, 0 candidate events found. Time cost 104s
2026-01-16 23:59:09,200 [INFO]    Collecting v1 chr5_0_10000000, 4 candidate events found. Time cost 51s
2026-01-16 23:59:11,323 [INFO]    Collecting v1 chr4_30000000_40000000, 0 candidate events found. Time cost 73s
2026-01-16 23:59:12,036 [INFO]    Collecting v1 chr5_10000000_20000000, 0 candidate events found. Time cost 38s
2026-01-16 23:59:13,451 [INFO]    Collecting v1 chr4_50000000_60000000, 0 candidate events found. Time cost 73s
2026-01-16 23:59:15,220 [INFO]    Collecting v1 chr2_0_10000000, 19 candidate events found. Time cost 160s
2026-01-16 23:59:15,235 [INFO]    Collecting v1 chr2_130000000_140000000, 1 candidate events found. Time cost 160s
2026-01-16 23:59:18,079 [INFO]    Collecting v1 chr1_80000000_90000000, 0 candidate events found. Time cost 162s
2026-01-16 23:59:20,133 [INFO]    Collecting v1 chr3_190000000_200000000, 10 candidate events found. Time cost 96s
2026-01-16 23:59:21,318 [INFO]    Collecting v1 chr3_100000000_110000000, 0 candidate events found. Time cost 122s
2026-01-16 23:59:21,454 [INFO]    Collecting v1 chr4_130000000_140000000, 0 candidate events found. Time cost 71s
2026-01-16 23:59:22,740 [INFO]    Collecting v1 chr2_90000000_100000000, 17 candidate events found. Time cost 167s
2026-01-16 23:59:24,816 [INFO]    Collecting v1 chr5_80000000_90000000, 0 candidate events found. Time cost 36s
2026-01-16 23:59:25,499 [INFO]    Collecting v1 chr4_0_10000000, 9 candidate events found. Time cost 96s
2026-01-16 23:59:25,535 [INFO]    Collecting v1 chr1_140000000_150000000, 3 candidate events found. Time cost 170s
2026-01-16 23:59:31,512 [INFO]    Collecting v1 chr3_180000000_190000000, 0 candidate events found. Time cost 109s
2026-01-16 23:59:33,434 [INFO]    Collecting v1 chr2_100000000_110000000, 0 candidate events found. Time cost 178s
2026-01-16 23:59:34,879 [INFO]    Collecting v1 chr1_40000000_50000000, 2 candidate events found. Time cost 179s
2026-01-16 23:59:39,743 [INFO]    Collecting v1 chr5_130000000_140000000, 0 candidate events found. Time cost 37s
2026-01-16 23:59:42,592 [INFO]    Collecting v1 chr5_70000000_80000000, 0 candidate events found. Time cost 57s
2026-01-16 23:59:45,776 [INFO]    Collecting v1 chr3_110000000_120000000, 0 candidate events found. Time cost 141s
2026-01-16 23:59:46,888 [INFO]    Collecting v1 chr1_230000000_240000000, 5 candidate events found. Time cost 191s
2026-01-16 23:59:49,482 [INFO]    Collecting v1 chr5_20000000_30000000, 0 candidate events found. Time cost 72s
2026-01-16 23:59:50,631 [INFO]    Collecting v1 chr5_160000000_170000000, 0 candidate events found. Time cost 38s
2026-01-16 23:59:53,916 [INFO]    Collecting v1 chr5_40000000_50000000, 0 candidate events found. Time cost 72s
2026-01-16 23:59:54,686 [INFO]    Collecting v1 chr4_60000000_70000000, 0 candidate events found. Time cost 111s
2026-01-16 23:59:56,813 [INFO]    Collecting v1 chr4_80000000_90000000, 0 candidate events found. Time cost 112s
2026-01-16 23:59:57,990 [INFO]    Collecting v1 chr3_120000000_130000000, 1 candidate events found. Time cost 151s
2026-01-16 23:59:58,525 [INFO]    Collecting v1 chr6_50000000_60000000, 0 candidate events found. Time cost 35s
2026-01-16 23:59:59,076 [INFO]    Collecting v1 chr6_40000000_50000000, 1 candidate events found. Time cost 37s
2026-01-17 00:00:00,083 [INFO]    Collecting v1 chr2_210000000_220000000, 1 candidate events found. Time cost 204s
2026-01-17 00:00:00,584 [INFO]    Collecting v1 chr6_170000000_180000000, 1 candidate events found. Time cost 9s
2026-01-17 00:00:03,366 [INFO]    Collecting v1 chr4_120000000_130000000, 0 candidate events found. Time cost 114s
2026-01-17 00:00:08,969 [INFO]    Collecting v1 chr3_20000000_30000000, 0 candidate events found. Time cost 188s
2026-01-17 00:00:08,978 [INFO]    Collecting v1 chr5_170000000_180000000, 1 candidate events found. Time cost 55s
2026-01-17 00:00:12,785 [INFO]    Collecting v1 chr3_80000000_90000000, 0 candidate events found. Time cost 175s
2026-01-17 00:00:13,221 [INFO]    Collecting v1 chr2_80000000_90000000, 1 candidate events found. Time cost 218s
2026-01-17 00:00:13,999 [INFO]    Collecting v1 chr1_130000000_140000000, 0 candidate events found. Time cost 218s
2026-01-17 00:00:15,169 [INFO]    Collecting v1 chr5_50000000_60000000, 0 candidate events found. Time cost 93s
2026-01-17 00:00:21,130 [INFO]    Collecting v1 chr6_130000000_140000000, 0 candidate events found. Time cost 38s
2026-01-17 00:00:24,044 [INFO]    Collecting v1 chr1_0_10000000, 6 candidate events found. Time cost 228s
2026-01-17 00:00:28,854 [INFO]    Collecting v1 chr7_160000000_170000000, 0 candidate events found. Time cost 4s
2026-01-17 00:00:34,632 [INFO]    Collecting v1 chr7_30000000_40000000, 0 candidate events found. Time cost 36s
2026-01-17 00:00:37,507 [INFO]    Collecting v1 chr6_150000000_160000000, 1 candidate events found. Time cost 50s
2026-01-17 00:00:38,643 [INFO]    Collecting v1 chr7_50000000_60000000, 1 candidate events found. Time cost 39s
2026-01-17 00:00:39,281 [INFO]    Collecting v1 chr7_20000000_30000000, 4 candidate events found. Time cost 42s
2026-01-17 00:00:44,639 [INFO]    Collecting v1 chr5_100000000_110000000, 0 candidate events found. Time cost 112s
2026-01-17 00:00:45,047 [INFO]    Collecting v1 chr7_0_10000000, 1 candidate events found. Time cost 51s
2026-01-17 00:00:46,559 [INFO]    Collecting v1 chr2_110000000_120000000, 10 candidate events found. Time cost 251s
2026-01-17 00:00:48,699 [INFO]    Collecting v1 chr6_80000000_90000000, 0 candidate events found. Time cost 83s
2026-01-17 00:00:50,915 [INFO]    Collecting v1 chr6_20000000_30000000, 0 candidate events found. Time cost 90s
2026-01-17 00:00:51,208 [INFO]    Collecting v1 chr6_140000000_150000000, 2 candidate events found. Time cost 65s
2026-01-17 00:00:52,166 [INFO]    Collecting v1 chr5_150000000_160000000, 0 candidate events found. Time cost 100s
2026-01-17 00:00:54,914 [INFO]    Collecting v1 chr6_110000000_120000000, 0 candidate events found. Time cost 80s
2026-01-17 00:00:54,969 [INFO]    Collecting v1 chr7_110000000_120000000, 1 candidate events found. Time cost 42s
2026-01-17 00:00:57,152 [INFO]    Collecting v1 chr7_10000000_20000000, 0 candidate events found. Time cost 62s
2026-01-17 00:00:58,343 [INFO]    Collecting v1 chr7_80000000_90000000, 0 candidate events found. Time cost 54s
2026-01-17 00:01:03,028 [INFO]    Collecting v1 chr6_60000000_70000000, 7 candidate events found. Time cost 98s
2026-01-17 00:01:11,027 [INFO]    Collecting v1 chr2_180000000_190000000, 0 candidate events found. Time cost 275s
2026-01-17 00:01:14,005 [INFO]    Collecting v1 chr5_90000000_100000000, 1 candidate events found. Time cost 143s
2026-01-17 00:01:18,925 [INFO]    Collecting v1 chr6_120000000_130000000, 0 candidate events found. Time cost 99s
2026-01-17 00:01:19,208 [INFO]    Collecting v1 chr8_40000000_50000000, 1 candidate events found. Time cost 39s
2026-01-17 00:01:20,569 [INFO]    Collecting v1 chr7_130000000_140000000, 5 candidate events found. Time cost 66s
2026-01-17 00:01:21,393 [INFO]    Collecting v1 chr3_70000000_80000000, 0 candidate events found. Time cost 246s
2026-01-17 00:01:21,721 [INFO]    Collecting v1 chr8_60000000_70000000, 0 candidate events found. Time cost 36s
2026-01-17 00:01:21,970 [INFO]    Collecting v1 chr7_90000000_100000000, 20 candidate events found. Time cost 72s
2026-01-17 00:01:22,491 [INFO]    Collecting v1 chr5_110000000_120000000, 1 candidate events found. Time cost 148s
2026-01-17 00:01:23,297 [INFO]    Collecting v1 chr5_140000000_150000000, 0 candidate events found. Time cost 134s
2026-01-17 00:01:24,098 [INFO]    Collecting v1 chr3_140000000_150000000, 0 candidate events found. Time cost 236s
2026-01-17 00:01:36,728 [INFO]    Collecting v1 chr9_0_10000000, 0 candidate events found. Time cost 38s
2026-01-17 00:01:37,403 [INFO]    Collecting v1 chr6_70000000_80000000, 0 candidate events found. Time cost 131s
2026-01-17 00:01:41,129 [INFO]    Collecting v1 chr6_100000000_110000000, 0 candidate events found. Time cost 127s
2026-01-17 00:01:42,576 [INFO]    Collecting v1 chr7_100000000_110000000, 5 candidate events found. Time cost 93s
2026-01-17 00:01:43,152 [INFO]    Collecting v1 chr7_150000000_160000000, 21 candidate events found. Time cost 82s
2026-01-17 00:01:43,255 [INFO]    Collecting v1 chr7_140000000_150000000, 0 candidate events found. Time cost 88s
2026-01-17 00:01:44,177 [INFO]    Collecting v1 chr4_110000000_120000000, 0 candidate events found. Time cost 216s
2026-01-17 00:01:45,059 [INFO]    Collecting v1 chr8_80000000_90000000, 0 candidate events found. Time cost 56s
2026-01-17 00:01:54,619 [INFO]    Collecting v1 chr9_30000000_40000000, 1 candidate events found. Time cost 40s
2026-01-17 00:01:59,030 [INFO]    Collecting v1 chr8_140000000_150000000, 20 candidate events found. Time cost 61s
2026-01-17 00:02:00,291 [INFO]    Collecting v1 chr7_60000000_70000000, 0 candidate events found. Time cost 120s
2026-01-17 00:02:01,522 [INFO]    Collecting v1 chr8_100000000_110000000, 1 candidate events found. Time cost 70s
2026-01-17 00:02:03,716 [INFO]    Collecting v1 chr9_120000000_130000000, 0 candidate events found. Time cost 39s
2026-01-17 00:02:04,005 [INFO]    Collecting v1 chr8_10000000_20000000, 0 candidate events found. Time cost 89s
2026-01-17 00:02:04,752 [INFO]    Collecting v1 chr9_20000000_30000000, 2 candidate events found. Time cost 53s
2026-01-17 00:02:05,659 [INFO]    Collecting v1 chr1_160000000_170000000, 0 candidate events found. Time cost 330s
2026-01-17 00:02:05,803 [INFO]    Collecting v1 chr9_70000000_80000000, 0 candidate events found. Time cost 44s
2026-01-17 00:02:08,796 [INFO]    Collecting v1 chr8_50000000_60000000, 0 candidate events found. Time cost 84s
2026-01-17 00:02:09,585 [INFO]    Collecting v1 chr8_30000000_40000000, 0 candidate events found. Time cost 90s
2026-01-17 00:02:11,822 [INFO]    Collecting v1 chr9_90000000_100000000, 0 candidate events found. Time cost 49s
2026-01-17 00:02:14,110 [INFO]    Collecting v1 chr9_130000000_140000000, 0 candidate events found. Time cost 37s
2026-01-17 00:02:21,036 [INFO]    Collecting v1 chr6_0_10000000, 4 candidate events found. Time cost 185s
2026-01-17 00:02:24,891 [INFO]    Collecting v1 chr4_150000000_160000000, 0 candidate events found. Time cost 254s
2026-01-17 00:02:27,070 [INFO]    Collecting v1 chr9_100000000_110000000, 0 candidate events found. Time cost 64s
2026-01-17 00:02:29,044 [INFO]    Collecting v1 chr8_90000000_100000000, 0 candidate events found. Time cost 98s
2026-01-17 00:02:32,916 [INFO]    Collecting v1 chr7_40000000_50000000, 0 candidate events found. Time cost 154s
2026-01-17 00:02:33,869 [INFO]    Collecting v1 chr10_50000000_60000000, 5 candidate events found. Time cost 39s
2026-01-17 00:02:37,592 [INFO]    Collecting v1 chr10_60000000_70000000, 0 candidate events found. Time cost 38s
2026-01-17 00:02:38,345 [INFO]    Collecting v1 chr9_80000000_90000000, 0 candidate events found. Time cost 76s
2026-01-17 00:02:39,137 [INFO]    Collecting v1 chr10_70000000_80000000, 1 candidate events found. Time cost 38s
2026-01-17 00:02:40,334 [INFO]    Collecting v1 chr10_100000000_110000000, 0 candidate events found. Time cost 36s
2026-01-17 00:02:42,174 [INFO]    Collecting v1 chr8_110000000_120000000, 0 candidate events found. Time cost 110s
2026-01-17 00:02:42,976 [INFO]    Collecting v1 chr10_110000000_120000000, 0 candidate events found. Time cost 38s
2026-01-17 00:02:46,593 [INFO]    Collecting v1 chr5_120000000_130000000, 0 candidate events found. Time cost 228s
2026-01-17 00:02:49,056 [INFO]    Collecting v1 chr10_20000000_30000000, 0 candidate events found. Time cost 65s
2026-01-17 00:02:51,505 [INFO]    Collecting v1 chr7_120000000_130000000, 0 candidate events found. Time cost 158s
2026-01-17 00:02:53,884 [INFO]    Collecting v1 chr11_30000000_40000000, 6 candidate events found. Time cost 39s
2026-01-17 00:03:00,272 [INFO]    Collecting v1 chr6_10000000_20000000, 3 candidate events found. Time cost 222s
2026-01-17 00:03:00,326 [INFO]    Collecting v1 chr9_150000000_160000000, 1 candidate events found. Time cost 79s
2026-01-17 00:03:00,966 [INFO]    Collecting v1 chr11_40000000_50000000, 0 candidate events found. Time cost 39s
2026-01-17 00:03:17,218 [INFO]    Collecting v1 chr11_10000000_20000000, 9 candidate events found. Time cost 67s
2026-01-17 00:03:18,155 [INFO]    Collecting v1 chr11_50000000_60000000, 0 candidate events found. Time cost 53s
2026-01-17 00:03:23,069 [INFO]    Collecting v1 chr12_10000000_20000000, 0 candidate events found. Time cost 40s
2026-01-17 00:03:23,801 [INFO]    Collecting v1 chr12_20000000_30000000, 0 candidate events found. Time cost 37s
2026-01-17 00:03:26,911 [INFO]    Collecting v1 chr10_120000000_130000000, 6 candidate events found. Time cost 81s
2026-01-17 00:03:31,961 [INFO]    Collecting v1 chr12_50000000_60000000, 2 candidate events found. Time cost 38s
2026-01-17 00:03:38,690 [INFO]    Collecting v1 chr8_120000000_130000000, 0 candidate events found. Time cost 163s
2026-01-17 00:03:38,694 [INFO]    Collecting v1 chr11_20000000_30000000, 0 candidate events found. Time cost 86s
2026-01-17 00:03:41,837 [INFO]    Collecting v1 chr12_80000000_90000000, 0 candidate events found. Time cost 40s
2026-01-17 00:03:47,510 [INFO]    Collecting v1 chr9_10000000_20000000, 0 candidate events found. Time cost 164s
2026-01-17 00:03:49,106 [INFO]    Collecting v1 chr2_230000000_240000000, 32 candidate events found. Time cost 433s
2026-01-17 00:03:56,630 [INFO]    Collecting v1 chr12_70000000_80000000, 0 candidate events found. Time cost 56s
2026-01-17 00:03:58,870 [INFO]    Collecting v1 chr13_20000000_30000000, 0 candidate events found. Time cost 20s
2026-01-17 00:04:00,839 [INFO]    Collecting v1 chr8_130000000_140000000, 0 candidate events found. Time cost 185s
2026-01-17 00:04:01,949 [INFO]    Collecting v1 chr4_180000000_190000000, 12 candidate events found. Time cost 347s
2026-01-17 00:04:02,061 [INFO]    Collecting v1 chr13_30000000_40000000, 0 candidate events found. Time cost 20s
2026-01-17 00:04:02,194 [INFO]    Collecting v1 chr12_110000000_120000000, 0 candidate events found. Time cost 39s
2026-01-17 00:04:03,548 [INFO]    Collecting v1 chr8_0_10000000, 6 candidate events found. Time cost 214s
2026-01-17 00:04:04,243 [INFO]    Collecting v1 chr8_70000000_80000000, 0 candidate events found. Time cost 197s
2026-01-17 00:04:05,671 [INFO]    Collecting v1 chr3_40000000_50000000, 1 candidate events found. Time cost 412s
2026-01-17 00:04:12,209 [INFO]    Collecting v1 chr6_90000000_100000000, 0 candidate events found. Time cost 280s
2026-01-17 00:04:12,334 [INFO]    Collecting v1 chr13_110000000_120000000, 1 candidate events found. Time cost 10s
2026-01-17 00:04:17,081 [INFO]    Collecting v1 chr11_70000000_80000000, 9 candidate events found. Time cost 108s
2026-01-17 00:04:19,651 [INFO]    Collecting v1 chr4_160000000_170000000, 0 candidate events found. Time cost 367s
2026-01-17 00:04:19,954 [INFO]    Collecting v1 chr13_70000000_80000000, 0 candidate events found. Time cost 21s
2026-01-17 00:04:20,790 [INFO]    Collecting v1 chr9_110000000_120000000, 0 candidate events found. Time cost 177s
2026-01-17 00:04:21,800 [INFO]    Collecting v1 chr10_40000000_50000000, 13 candidate events found. Time cost 156s
2026-01-17 00:04:24,351 [INFO]    Collecting v1 chr13_100000000_110000000, 0 candidate events found. Time cost 22s
2026-01-17 00:04:24,710 [INFO]    Collecting v1 chr2_120000000_130000000, 5 candidate events found. Time cost 469s
2026-01-17 00:04:26,629 [INFO]    Collecting v1 chr6_30000000_40000000, 2 candidate events found. Time cost 305s
2026-01-17 00:04:32,836 [INFO]    Collecting v1 chr5_180000000_190000000, 1 candidate events found. Time cost 317s
2026-01-17 00:04:35,098 [INFO]    Collecting v1 chr14_100000000_110000000, 5 candidate events found. Time cost 10s
2026-01-17 00:04:36,254 [INFO]    Collecting v1 chr11_100000000_110000000, 0 candidate events found. Time cost 118s
2026-01-17 00:04:37,193 [INFO]    Collecting v1 chr11_90000000_100000000, 0 candidate events found. Time cost 123s
2026-01-17 00:04:43,231 [INFO]    Collecting v1 chr12_30000000_40000000, 0 candidate events found. Time cost 114s
2026-01-17 00:04:51,498 [INFO]    Collecting v1 chr9_50000000_60000000, 0 candidate events found. Time cost 212s
2026-01-17 00:04:52,086 [INFO]    Collecting v1 chr14_10000000_20000000, 0 candidate events found. Time cost 47s
2026-01-17 00:04:58,166 [INFO]    Collecting v1 chr10_0_10000000, 4 candidate events found. Time cost 195s
2026-01-17 00:04:58,392 [INFO]    Collecting v1 chr14_80000000_90000000, 0 candidate events found. Time cost 37s
2026-01-17 00:04:58,461 [INFO]    Collecting v1 chr7_70000000_80000000, 0 candidate events found. Time cost 297s
2026-01-17 00:05:00,719 [INFO]    Collecting v1 chr10_90000000_100000000, 0 candidate events found. Time cost 176s
2026-01-17 00:05:03,202 [INFO]    Collecting v1 chr14_20000000_30000000, 1 candidate events found. Time cost 57s
2026-01-17 00:05:10,178 [INFO]    Collecting v1 chr5_30000000_40000000, 0 candidate events found. Time cost 391s
2026-01-17 00:05:14,603 [INFO]    Collecting v1 chr13_60000000_70000000, 0 candidate events found. Time cost 77s
2026-01-17 00:05:14,935 [INFO]    Collecting v1 chr14_50000000_60000000, 0 candidate events found. Time cost 57s
2026-01-17 00:05:17,628 [INFO]    Collecting v1 chr12_100000000_110000000, 0 candidate events found. Time cost 119s
2026-01-17 00:05:17,665 [INFO]    Collecting v1 chr14_60000000_70000000, 0 candidate events found. Time cost 58s
2026-01-17 00:05:22,092 [INFO]    Collecting v1 chr11_130000000_140000000, 3 candidate events found. Time cost 161s
2026-01-17 00:05:27,306 [INFO]    Collecting v1 chr15_20000000_30000000, 1 candidate events found. Time cost 54s
2026-01-17 00:05:27,754 [INFO]    Collecting v1 chr8_20000000_30000000, 1 candidate events found. Time cost 290s
2026-01-17 00:05:28,145 [INFO]    Collecting v1 chr13_10000000_20000000, 7 candidate events found. Time cost 109s
2026-01-17 00:05:29,687 [INFO]    Collecting v1 chr11_80000000_90000000, 0 candidate events found. Time cost 176s
2026-01-17 00:05:40,815 [INFO]    Collecting v1 chr5_60000000_70000000, 0 candidate events found. Time cost 418s
2026-01-17 00:05:40,860 [INFO]    Collecting v1 chr9_140000000_150000000, 25 candidate events found. Time cost 243s
2026-01-17 00:05:41,684 [INFO]    Collecting v1 chr15_0_10000000, 0 candidate events found. Time cost 76s
2026-01-17 00:05:43,011 [INFO]    Collecting v1 chr15_90000000_100000000, 3 candidate events found. Time cost 44s
2026-01-17 00:05:45,802 [INFO]    Collecting v1 chr12_90000000_100000000, 0 candidate events found. Time cost 148s
2026-01-17 00:05:52,544 [INFO]    Collecting v1 chr16_60000000_70000000, 1 candidate events found. Time cost 37s
2026-01-17 00:05:55,321 [INFO]    Collecting v1 chr16_80000000_90000000, 0 candidate events found. Time cost 37s
2026-01-17 00:05:55,796 [INFO]    Collecting v1 chr12_0_10000000, 0 candidate events found. Time cost 193s
2026-01-17 00:05:55,841 [INFO]    Collecting v1 chr17_0_10000000, 1 candidate events found. Time cost 28s
2026-01-17 00:05:59,204 [INFO]    Collecting v1 chr16_50000000_60000000, 0 candidate events found. Time cost 44s
2026-01-17 00:06:00,328 [INFO]    Collecting v1 chr16_20000000_30000000, 0 candidate events found. Time cost 59s
2026-01-17 00:06:00,350 [INFO]    Collecting v1 chr11_0_10000000, 10 candidate events found. Time cost 231s
2026-01-17 00:06:01,539 [INFO]    Collecting v1 chr9_40000000_50000000, 0 candidate events found. Time cost 282s
2026-01-17 00:06:06,441 [INFO]    Collecting v1 chr11_60000000_70000000, 15 candidate events found. Time cost 219s
2026-01-17 00:06:07,479 [INFO]    Collecting v1 chr13_90000000_100000000, 1 candidate events found. Time cost 125s
2026-01-17 00:06:09,553 [INFO]    Collecting v1 chr10_80000000_90000000, 3 candidate events found. Time cost 248s
2026-01-17 00:06:09,690 [INFO]    Collecting v1 chr18_80000000_90000000, 0 candidate events found. Time cost 3s
2026-01-17 00:06:09,699 [INFO]    Collecting v1 chr16_40000000_50000000, 0 candidate events found. Time cost 59s
2026-01-17 00:06:09,918 [INFO]    Collecting v1 chr17_30000000_40000000, 0 candidate events found. Time cost 40s
2026-01-17 00:06:12,435 [INFO]    Collecting v1 chr16_0_10000000, 16 candidate events found. Time cost 74s
2026-01-17 00:06:14,653 [INFO]    Collecting v1 chr9_60000000_70000000, 0 candidate events found. Time cost 294s
2026-01-17 00:06:16,767 [INFO]    Collecting v1 chr12_130000000_140000000, 4 candidate events found. Time cost 169s
2026-01-17 00:06:16,950 [INFO]    Collecting v1 chr13_80000000_90000000, 0 candidate events found. Time cost 136s
2026-01-17 00:06:19,304 [INFO]    Collecting v1 chr14_30000000_40000000, 0 candidate events found. Time cost 127s
2026-01-17 00:06:20,177 [INFO]    Collecting v1 chr15_50000000_60000000, 0 candidate events found. Time cost 102s
2026-01-17 00:06:20,294 [INFO]    Collecting v1 chr17_60000000_70000000, 0 candidate events found. Time cost 38s
2026-01-17 00:06:21,148 [INFO]    Collecting v1 chr16_10000000_20000000, 0 candidate events found. Time cost 82s
2026-01-17 00:06:23,581 [INFO]    Collecting v1 chr15_60000000_70000000, 15 candidate events found. Time cost 100s
2026-01-17 00:06:23,728 [INFO]    Collecting v1 chr13_0_10000000, 0 candidate events found. Time cost 171s
2026-01-17 00:06:24,921 [INFO]    Collecting v1 chr15_10000000_20000000, 1 candidate events found. Time cost 118s
2026-01-17 00:06:25,101 [INFO]    Collecting v1 chr17_70000000_80000000, 1 candidate events found. Time cost 42s
2026-01-17 00:06:30,433 [INFO]    Collecting v1 chr18_0_10000000, 1 candidate events found. Time cost 37s
2026-01-17 00:06:31,088 [INFO]    Collecting v1 chr18_10000000_20000000, 1 candidate events found. Time cost 35s
2026-01-17 00:06:34,269 [INFO]    Collecting v1 chr17_20000000_30000000, 0 candidate events found. Time cost 66s
2026-01-17 00:06:36,582 [INFO]    Collecting v1 chr17_80000000_90000000, 12 candidate events found. Time cost 50s
2026-01-17 00:06:38,280 [INFO]    Collecting v1 chr17_40000000_50000000, 0 candidate events found. Time cost 57s
2026-01-17 00:06:42,606 [INFO]    Collecting v1 chr13_40000000_50000000, 0 candidate events found. Time cost 175s
2026-01-17 00:06:44,891 [INFO]    Collecting v1 chr16_90000000_100000000, 8 candidate events found. Time cost 82s
2026-01-17 00:06:51,194 [INFO]    Collecting v1 chr18_30000000_40000000, 0 candidate events found. Time cost 55s
2026-01-17 00:06:51,945 [INFO]    Collecting v1 chr20_60000000_70000000, 7 candidate events found. Time cost 28s
2026-01-17 00:06:55,332 [INFO]    Collecting v1 chr18_70000000_80000000, 6 candidate events found. Time cost 53s
2026-01-17 00:06:58,481 [INFO]    Collecting v1 chr14_40000000_50000000, 0 candidate events found. Time cost 166s
2026-01-17 00:07:00,030 [INFO]    Collecting v1 chr11_120000000_130000000, 0 candidate events found. Time cost 260s
2026-01-17 00:07:02,387 [INFO]    Collecting v1 chr20_40000000_50000000, 0 candidate events found. Time cost 42s
2026-01-17 00:07:02,577 [INFO]    Collecting v1 chr15_30000000_40000000, 4 candidate events found. Time cost 147s
2026-01-17 00:07:02,651 [INFO]    Collecting v1 chr19_60000000_70000000, 1 candidate events found. Time cost 47s
2026-01-17 00:07:03,048 [INFO]    Collecting v1 chr11_110000000_120000000, 1 candidate events found. Time cost 264s
2026-01-17 00:07:03,875 [INFO]    Collecting v1 chr10_10000000_20000000, 1 candidate events found. Time cost 320s
2026-01-17 00:07:04,882 [INFO]    Collecting v1 chr21_20000000_30000000, 0 candidate events found. Time cost 39s
2026-01-17 00:07:08,315 [INFO]    Collecting v1 chr18_60000000_70000000, 0 candidate events found. Time cost 67s
2026-01-17 00:07:12,875 [INFO]    Collecting v1 chr20_30000000_40000000, 7 candidate events found. Time cost 52s
2026-01-17 00:07:18,312 [INFO]    Collecting v1 chr12_40000000_50000000, 0 candidate events found. Time cost 266s
2026-01-17 00:07:19,966 [INFO]    Collecting v1 chr12_120000000_130000000, 18 candidate events found. Time cost 236s
2026-01-17 00:07:20,749 [INFO]    Collecting v1 chr21_30000000_40000000, 3 candidate events found. Time cost 50s
2026-01-17 00:07:21,989 [INFO]    Collecting v1 chr21_10000000_20000000, 0 candidate events found. Time cost 57s
2026-01-17 00:07:24,611 [INFO]    Collecting v1 chr12_60000000_70000000, 0 candidate events found. Time cost 264s
2026-01-17 00:07:24,736 [INFO]    Collecting v1 chr22_50000000_60000000, 2 candidate events found. Time cost 33s
2026-01-17 00:07:26,768 [INFO]    Collecting v1 chr21_40000000_50000000, 23 candidate events found. Time cost 55s
2026-01-17 00:07:29,133 [INFO]    Collecting v1 chr14_90000000_100000000, 12 candidate events found. Time cost 187s
2026-01-17 00:07:30,339 [INFO]    Collecting v1 chr22_20000000_30000000, 6 candidate events found. Time cost 52s
2026-01-17 00:07:31,577 [INFO]    Collecting v1 chr13_50000000_60000000, 0 candidate events found. Time cost 222s
2026-01-17 00:07:36,850 [INFO]    Collecting v1 chr16_70000000_80000000, 2 candidate events found. Time cost 139s
2026-01-17 00:07:37,214 [INFO]    Collecting v1 chr18_20000000_30000000, 0 candidate events found. Time cost 101s
2026-01-17 00:07:38,153 [INFO]    Collecting v1 chrM_0_10000000, 0 candidate events found. Time cost 0s
2026-01-17 00:07:40,023 [INFO]    Collecting v1 chr20_10000000_20000000, 0 candidate events found. Time cost 83s
2026-01-17 00:07:40,351 [INFO]    Collecting v1 chr17_10000000_20000000, 1 candidate events found. Time cost 132s
2026-01-17 00:07:43,963 [INFO]    Collecting v1 chr19_20000000_30000000, 3 candidate events found. Time cost 94s
2026-01-17 00:07:44,344 [INFO]    Collecting v1 chr20_0_10000000, 7 candidate events found. Time cost 87s
2026-01-17 00:07:47,068 [INFO]    Collecting v1 chr16_30000000_40000000, 0 candidate events found. Time cost 163s
2026-01-17 00:07:49,611 [INFO]    Collecting v1 chr21_0_10000000, 0 candidate events found. Time cost 85s
2026-01-17 00:07:50,604 [INFO]    Collecting v1 chrX_10000000_20000000, 0 candidate events found. Time cost 55s
2026-01-17 00:07:51,133 [INFO]    Collecting v1 chr22_30000000_40000000, 7 candidate events found. Time cost 68s
2026-01-17 00:07:53,104 [INFO]    Collecting v1 chrY_60000000_70000000, 0 candidate events found. Time cost 16s
2026-01-17 00:07:55,884 [INFO]    Collecting v1 chrX_150000000_160000000, 2 candidate events found. Time cost 33s
2026-01-17 00:07:56,388 [INFO]    Collecting v1 chr19_50000000_60000000, 1 candidate events found. Time cost 103s
2026-01-17 00:07:57,401 [INFO]    Collecting v1 chr15_40000000_50000000, 0 candidate events found. Time cost 201s
2026-01-17 00:07:57,458 [INFO]    Collecting v1 chr15_80000000_90000000, 0 candidate events found. Time cost 185s
2026-01-17 00:07:58,705 [INFO]    Collecting v1 chr19_40000000_50000000, 5 candidate events found. Time cost 108s
2026-01-17 00:07:58,887 [INFO]    Collecting v1 chr14_70000000_80000000, 0 candidate events found. Time cost 218s
2026-01-17 00:07:59,252 [INFO]    Collecting v1 chrX_20000000_30000000, 0 candidate events found. Time cost 60s
2026-01-17 00:08:01,004 [INFO]    Collecting v1 chr22_40000000_50000000, 11 candidate events found. Time cost 76s
2026-01-17 00:08:01,853 [INFO]    Collecting v1 chr22_0_10000000, 0 candidate events found. Time cost 87s
2026-01-17 00:08:03,649 [INFO]    Collecting v1 chr19_30000000_40000000, 1 candidate events found. Time cost 113s
2026-01-17 00:08:04,702 [INFO]    Collecting v1 chr10_30000000_40000000, 0 candidate events found. Time cost 380s
2026-01-17 00:08:04,724 [INFO]    Collecting v1 chr17_50000000_60000000, 1 candidate events found. Time cost 143s
2026-01-17 00:08:05,326 [INFO]    Collecting v1 chr18_40000000_50000000, 0 candidate events found. Time cost 126s
2026-01-17 00:08:05,588 [INFO]    Collecting v1 chr22_10000000_20000000, 1 candidate events found. Time cost 88s
2026-01-17 00:08:06,658 [INFO]    Collecting v1 chr14_0_10000000, 0 candidate events found. Time cost 243s
2026-01-17 00:08:07,230 [INFO]    Collecting v1 chrX_110000000_120000000, 0 candidate events found. Time cost 54s
2026-01-17 00:08:07,526 [INFO]    Collecting v1 chrX_70000000_80000000, 0 candidate events found. Time cost 64s
2026-01-17 00:08:07,680 [INFO]    Collecting v1 chr15_70000000_80000000, 2 candidate events found. Time cost 196s
2026-01-17 00:08:07,992 [INFO]    Collecting v1 chr19_0_10000000, 11 candidate events found. Time cost 120s
2026-01-17 00:08:08,141 [INFO]    Collecting v1 chr20_50000000_60000000, 10 candidate events found. Time cost 106s
2026-01-17 00:08:08,656 [INFO]    Collecting v1 chrX_30000000_40000000, 0 candidate events found. Time cost 68s
2026-01-17 00:08:08,686 [INFO]    Collecting v1 chrX_100000000_110000000, 1 candidate events found. Time cost 60s
2026-01-17 00:08:09,057 [INFO]    Collecting v1 chrY_30000000_40000000, 0 candidate events found. Time cost 39s
2026-01-17 00:08:09,482 [INFO]    Collecting v1 chr18_50000000_60000000, 0 candidate events found. Time cost 129s
2026-01-17 00:08:11,699 [INFO]    Collecting v1 chrX_40000000_50000000, 1 candidate events found. Time cost 69s
2026-01-17 00:08:11,807 [INFO]    Collecting v1 chrY_40000000_50000000, 0 candidate events found. Time cost 41s
2026-01-17 00:08:12,435 [INFO]    Collecting v1 chrX_50000000_60000000, 0 candidate events found. Time cost 69s
2026-01-17 00:08:12,511 [INFO]    Collecting v1 chrX_90000000_100000000, 0 candidate events found. Time cost 67s
2026-01-17 00:08:12,677 [INFO]    Collecting v1 chr19_10000000_20000000, 14 candidate events found. Time cost 123s
2026-01-17 00:08:13,012 [INFO]    Collecting v1 chrX_140000000_150000000, 1 candidate events found. Time cost 52s
2026-01-17 00:08:13,377 [INFO]    Collecting v1 chrX_80000000_90000000, 0 candidate events found. Time cost 69s
2026-01-17 00:08:13,687 [INFO]    Collecting v1 chrY_0_10000000, 0 candidate events found. Time cost 49s
2026-01-17 00:08:14,108 [INFO]    Collecting v1 chr20_20000000_30000000, 0 candidate events found. Time cost 114s
2026-01-17 00:08:14,440 [INFO]    Collecting v1 chrY_20000000_30000000, 0 candidate events found. Time cost 47s
2026-01-17 00:08:14,878 [INFO]    Collecting v1 chrY_50000000_60000000, 0 candidate events found. Time cost 43s
2026-01-17 00:08:14,947 [INFO]    Collecting v1 chrX_60000000_70000000, 0 candidate events found. Time cost 72s
2026-01-17 00:08:15,085 [INFO]    Collecting v1 chrX_130000000_140000000, 0 candidate events found. Time cost 55s
2026-01-17 00:08:19,052 [INFO]    Collecting v1 chrY_10000000_20000000, 0 candidate events found. Time cost 54s
2026-01-17 00:08:19,176 [INFO]    Collecting v1 chrX_120000000_130000000, 0 candidate events found. Time cost 60s
2026-01-17 00:08:29,117 [INFO]    Collecting v1 chrX_0_10000000, 14 candidate events found. Time cost 97s
2026-01-17 00:08:37,922 [INFO]    Collecting v1 chr6_160000000_170000000, 24 candidate events found. Time cost 528s
2026-01-17 00:09:14,421 [INFO]    Collecting v1 chr10_130000000_140000000, 22 candidate events found. Time cost 428s
2026-01-17 00:09:14,558 [INFO]    Collecting Time Cost 759s
2026-01-17 00:09:14,558 [INFO]    ****************** Step2 lite-Unet predicting **************************
2026-01-17 00:09:14,643 [INFO]    Predicting v1 chr1_130000000_140000000, 0 events pass lite-Unet module. Time cost: 0s
2026-01-17 00:09:14,646 [INFO]    Predicting v1 chr1_100000000_110000000, 0 events pass lite-Unet module. Time cost: 0s
2026-01-17 00:09:14,646 [INFO]    Predicting v1 chr1_60000000_70000000, 0 events pass lite-Unet module. Time cost: 0s
2026-01-17 00:09:14,646 [INFO]    Predicting v1 chr1_120000000_130000000, 0 events pass lite-Unet module. Time cost: 0s
2026-01-17 00:09:14,646 [INFO]    Predicting v1 chr1_170000000_180000000, 0 events pass lite-Unet module. Time cost: 0s
2026-01-17 00:09:14,646 [INFO]    Predicting v1 chr1_210000000_220000000, 0 events pass lite-Unet module. Time cost: 0s
2026-01-17 00:09:14,646 [INFO]    Predicting v1 chr1_20000000_30000000, 0 events pass lite-Unet module. Time cost: 0s
2026-01-17 00:09:14,646 [INFO]    Predicting v1 chr1_160000000_170000000, 0 events pass lite-Unet module. Time cost: 0s
2026-01-17 00:09:14,649 [INFO]    Predicting v1 chr1_40000000_50000000, 2 events pass lite-Unet module. Time cost: 0s
2026-01-17 00:09:14,650 [INFO]    Predicting v1 chr1_50000000_60000000, 1 events pass lite-Unet module. Time cost: 0s
2026-01-17 00:09:14,650 [INFO]    Predicting v1 chr1_90000000_100000000, 0 events pass lite-Unet module. Time cost: 0s
2026-01-17 00:09:14,651 [INFO]    Predicting v1 chr2_40000000_50000000, 0 events pass lite-Unet module. Time cost: 0s
2026-01-17 00:09:14,652 [INFO]    Predicting v1 chr1_220000000_230000000, 0 events pass lite-Unet module. Time cost: 0s
2026-01-17 00:09:14,653 [INFO]    Predicting v1 chr2_70000000_80000000, 0 events pass lite-Unet module. Time cost: 0s
2026-01-17 00:09:14,654 [INFO]    Predicting v1 chr2_100000000_110000000, 0 events pass lite-Unet module. Time cost: 0s
2026-01-17 00:09:14,654 [INFO]    Predicting v1 chr1_80000000_90000000, 0 events pass lite-Unet module. Time cost: 0s
2026-01-17 00:09:14,656 [INFO]    Predicting v1 chr1_190000000_200000000, 0 events pass lite-Unet module. Time cost: 0s
2026-01-17 00:09:14,660 [INFO]    Predicting v1 chr2_170000000_180000000, 0 events pass lite-Unet module. Time cost: 0s
2026-01-17 00:09:14,661 [INFO]    Predicting v1 chr2_160000000_170000000, 0 events pass lite-Unet module. Time cost: 0s
2026-01-17 00:09:14,661 [INFO]    Predicting v1 chr1_200000000_210000000, 0 events pass lite-Unet module. Time cost: 0s
2026-01-17 00:09:14,662 [INFO]    Predicting v1 chr2_180000000_190000000, 0 events pass lite-Unet module. Time cost: 0s
2026-01-17 00:09:14,664 [INFO]    Predicting v1 chr2_190000000_200000000, 0 events pass lite-Unet module. Time cost: 0s
2026-01-17 00:09:14,664 [INFO]    Predicting v1 chr2_200000000_210000000, 0 events pass lite-Unet module. Time cost: 0s
2026-01-17 00:09:14,665 [INFO]    Predicting v1 chr1_180000000_190000000, 0 events pass lite-Unet module. Time cost: 0s
2026-01-17 00:09:14,668 [INFO]    Predicting v1 chr2_30000000_40000000, 0 events pass lite-Unet module. Time cost: 0s
2026-01-17 00:09:14,674 [INFO]    Predicting v1 chr2_150000000_160000000, 0 events pass lite-Unet module. Time cost: 0s
2026-01-17 00:09:14,675 [INFO]    Predicting v1 chr2_140000000_150000000, 0 events pass lite-Unet module. Time cost: 0s
2026-01-17 00:09:14,683 [INFO]    Predicting v1 chr3_0_10000000, 0 events pass lite-Unet module. Time cost: 0s
2026-01-17 00:09:14,712 [INFO]    Predicting v1 chr2_220000000_230000000, 0 events pass lite-Unet module. Time cost: 0s
2026-01-17 00:09:14,738 [INFO]    Predicting v1 chr2_20000000_30000000, 0 events pass lite-Unet module. Time cost: 0s
2026-01-17 00:09:14,757 [INFO]    Predicting v1 chr1_30000000_40000000, 0 events pass lite-Unet module. Time cost: 0s
2026-01-17 00:09:14,779 [INFO]    Predicting v1 chr3_60000000_70000000, 0 events pass lite-Unet module. Time cost: 0s
2026-01-17 00:09:14,783 [INFO]    Predicting v1 chr3_70000000_80000000, 0 events pass lite-Unet module. Time cost: 0s
2026-01-17 00:09:14,787 [INFO]    Predicting v1 chr3_80000000_90000000, 0 events pass lite-Unet module. Time cost: 0s
2026-01-17 00:09:14,790 [INFO]    Predicting v1 chr3_90000000_100000000, 0 events pass lite-Unet module. Time cost: 0s
2026-01-17 00:09:14,794 [INFO]    Predicting v1 chr3_100000000_110000000, 0 events pass lite-Unet module. Time cost: 0s
2026-01-17 00:09:14,816 [INFO]    Predicting v1 chr3_110000000_120000000, 0 events pass lite-Unet module. Time cost: 0s
2026-01-17 00:09:14,817 [INFO]    Predicting v1 chr3_20000000_30000000, 0 events pass lite-Unet module. Time cost: 0s
2026-01-17 00:09:14,919 [INFO]    Predicting v1 chr3_130000000_140000000, 0 events pass lite-Unet module. Time cost: 0s
2026-01-17 00:09:15,014 [INFO]    Predicting v1 chr3_140000000_150000000, 0 events pass lite-Unet module. Time cost: 0s
2026-01-17 00:09:15,920 [INFO]    Predicting v1 chr2_210000000_220000000, 1 events pass lite-Unet module. Time cost: 1s
2026-01-17 00:09:15,934 [INFO]    Predicting v1 chr2_130000000_140000000, 1 events pass lite-Unet module. Time cost: 1s
2026-01-17 00:09:15,944 [INFO]    Predicting v1 chr2_80000000_90000000, 1 events pass lite-Unet module. Time cost: 1s
2026-01-17 00:09:15,950 [INFO]    Predicting v1 chr3_180000000_190000000, 0 events pass lite-Unet module. Time cost: 0s
2026-01-17 00:09:15,961 [INFO]    Predicting v1 chr3_170000000_180000000, 0 events pass lite-Unet module. Time cost: 0s
2026-01-17 00:09:15,962 [INFO]    Predicting v1 chr3_160000000_170000000, 0 events pass lite-Unet module. Time cost: 0s
2026-01-17 00:09:15,965 [INFO]    Predicting v1 chr3_200000000_210000000, 0 events pass lite-Unet module. Time cost: 0s
2026-01-17 00:09:15,972 [INFO]    Predicting v1 chr3_120000000_130000000, 1 events pass lite-Unet module. Time cost: 1s
2026-01-17 00:09:15,976 [INFO]    Predicting v1 chr4_20000000_30000000, 0 events pass lite-Unet module. Time cost: 0s
2026-01-17 00:09:15,982 [INFO]    Predicting v1 chr4_30000000_40000000, 0 events pass lite-Unet module. Time cost: 0s
2026-01-17 00:09:15,988 [INFO]    Predicting v1 chr1_70000000_80000000, 1 events pass lite-Unet module. Time cost: 1s
2026-01-17 00:09:15,988 [INFO]    Predicting v1 chr4_40000000_50000000, 0 events pass lite-Unet module. Time cost: 0s
2026-01-17 00:09:15,992 [INFO]    Predicting v1 chr4_50000000_60000000, 0 events pass lite-Unet module. Time cost: 0s
2026-01-17 00:09:15,994 [INFO]    Predicting v1 chr4_60000000_70000000, 0 events pass lite-Unet module. Time cost: 0s
2026-01-17 00:09:16,000 [INFO]    Predicting v1 chr4_80000000_90000000, 0 events pass lite-Unet module. Time cost: 0s
2026-01-17 00:09:16,053 [INFO]    Predicting v1 chr1_240000000_250000000, 2 events pass lite-Unet module. Time cost: 1s
2026-01-17 00:09:16,056 [INFO]    Predicting v1 chr2_10000000_20000000, 1 events pass lite-Unet module. Time cost: 1s
2026-01-17 00:09:16,063 [INFO]    Predicting v1 chr4_110000000_120000000, 0 events pass lite-Unet module. Time cost: 0s
2026-01-17 00:09:16,067 [INFO]    Predicting v1 chr4_90000000_100000000, 0 events pass lite-Unet module. Time cost: 0s
2026-01-17 00:09:16,069 [INFO]    Predicting v1 chr2_50000000_60000000, 1 events pass lite-Unet module. Time cost: 1s
2026-01-17 00:09:16,071 [INFO]    Predicting v1 chr4_120000000_130000000, 0 events pass lite-Unet module. Time cost: 0s
2026-01-17 00:09:16,080 [INFO]    Predicting v1 chr4_150000000_160000000, 0 events pass lite-Unet module. Time cost: 0s
2026-01-17 00:09:16,084 [INFO]    Predicting v1 chr4_100000000_110000000, 0 events pass lite-Unet module. Time cost: 0s
2026-01-17 00:09:16,088 [INFO]    Predicting v1 chr4_160000000_170000000, 0 events pass lite-Unet module. Time cost: 0s
2026-01-17 00:09:16,101 [INFO]    Predicting v1 chr4_70000000_80000000, 0 events pass lite-Unet module. Time cost: 0s
2026-01-17 00:09:16,103 [INFO]    Predicting v1 chr3_50000000_60000000, 2 events pass lite-Unet module. Time cost: 1s
2026-01-17 00:09:16,104 [INFO]    Predicting v1 chr4_170000000_180000000, 0 events pass lite-Unet module. Time cost: 0s
2026-01-17 00:09:16,105 [INFO]    Predicting v1 chr4_190000000_200000000, 0 events pass lite-Unet module. Time cost: 0s
2026-01-17 00:09:16,109 [INFO]    Predicting v1 chr5_10000000_20000000, 0 events pass lite-Unet module. Time cost: 0s
2026-01-17 00:09:16,111 [INFO]    Predicting v1 chr4_130000000_140000000, 0 events pass lite-Unet module. Time cost: 0s
2026-01-17 00:09:16,114 [INFO]    Predicting v1 chr5_30000000_40000000, 0 events pass lite-Unet module. Time cost: 0s
2026-01-17 00:09:16,114 [INFO]    Predicting v1 chr5_20000000_30000000, 0 events pass lite-Unet module. Time cost: 0s
2026-01-17 00:09:16,118 [INFO]    Predicting v1 chr5_50000000_60000000, 0 events pass lite-Unet module. Time cost: 0s
2026-01-17 00:09:16,118 [INFO]    Predicting v1 chr5_60000000_70000000, 0 events pass lite-Unet module. Time cost: 0s
2026-01-17 00:09:16,122 [INFO]    Predicting v1 chr5_70000000_80000000, 0 events pass lite-Unet module. Time cost: 0s
2026-01-17 00:09:16,123 [INFO]    Predicting v1 chr5_80000000_90000000, 0 events pass lite-Unet module. Time cost: 0s
2026-01-17 00:09:16,128 [INFO]    Predicting v1 chr5_40000000_50000000, 0 events pass lite-Unet module. Time cost: 0s
2026-01-17 00:09:16,131 [INFO]    Predicting v1 chr4_140000000_150000000, 1 events pass lite-Unet module. Time cost: 0s
2026-01-17 00:09:16,136 [INFO]    Predicting v1 chr5_100000000_110000000, 0 events pass lite-Unet module. Time cost: 0s
2026-01-17 00:09:16,141 [INFO]    Predicting v1 chr5_130000000_140000000, 0 events pass lite-Unet module. Time cost: 0s
2026-01-17 00:09:16,146 [INFO]    Predicting v1 chr5_140000000_150000000, 0 events pass lite-Unet module. Time cost: 0s
2026-01-17 00:09:16,150 [INFO]    Predicting v1 chr5_150000000_160000000, 0 events pass lite-Unet module. Time cost: 0s
2026-01-17 00:09:16,154 [INFO]    Predicting v1 chr5_120000000_130000000, 0 events pass lite-Unet module. Time cost: 0s
2026-01-17 00:09:16,168 [INFO]    Predicting v1 chr5_160000000_170000000, 0 events pass lite-Unet module. Time cost: 0s
2026-01-17 00:09:16,183 [INFO]    Predicting v1 chr5_180000000_190000000, 1 events pass lite-Unet module. Time cost: 0s
2026-01-17 00:09:16,220 [INFO]    Predicting v1 chr3_10000000_20000000, 2 events pass lite-Unet module. Time cost: 1s
2026-01-17 00:09:16,260 [INFO]    Predicting v1 chr3_40000000_50000000, 1 events pass lite-Unet module. Time cost: 1s
2026-01-17 00:09:16,271 [INFO]    Predicting v1 chr6_20000000_30000000, 0 events pass lite-Unet module. Time cost: 0s
2026-01-17 00:09:16,276 [INFO]    Predicting v1 chr3_150000000_160000000, 1 events pass lite-Unet module. Time cost: 1s
2026-01-17 00:09:16,656 [INFO]    Predicting v1 chr6_0_10000000, 3 events pass lite-Unet module. Time cost: 0s
2026-01-17 00:09:16,666 [INFO]    Predicting v1 chr6_50000000_60000000, 0 events pass lite-Unet module. Time cost: 0s
2026-01-17 00:09:16,698 [INFO]    Predicting v1 chr5_110000000_120000000, 1 events pass lite-Unet module. Time cost: 0s
2026-01-17 00:09:16,705 [INFO]    Predicting v1 chr6_70000000_80000000, 0 events pass lite-Unet module. Time cost: 0s
2026-01-17 00:09:16,713 [INFO]    Predicting v1 chr5_170000000_180000000, 1 events pass lite-Unet module. Time cost: 0s
2026-01-17 00:09:16,713 [INFO]    Predicting v1 chr6_80000000_90000000, 0 events pass lite-Unet module. Time cost: 0s
2026-01-17 00:09:16,719 [INFO]    Predicting v1 chr6_90000000_100000000, 0 events pass lite-Unet module. Time cost: 0s
2026-01-17 00:09:16,719 [INFO]    Predicting v1 chr6_100000000_110000000, 0 events pass lite-Unet module. Time cost: 0s
2026-01-17 00:09:16,727 [INFO]    Predicting v1 chr6_120000000_130000000, 0 events pass lite-Unet module. Time cost: 0s
2026-01-17 00:09:16,727 [INFO]    Predicting v1 chr6_110000000_120000000, 0 events pass lite-Unet module. Time cost: 0s
2026-01-17 00:09:16,735 [INFO]    Predicting v1 chr6_130000000_140000000, 0 events pass lite-Unet module. Time cost: 0s
2026-01-17 00:09:16,738 [INFO]    Predicting v1 chr6_140000000_150000000, 2 events pass lite-Unet module. Time cost: 0s
2026-01-17 00:09:16,744 [INFO]    Predicting v1 chr6_150000000_160000000, 1 events pass lite-Unet module. Time cost: 0s
2026-01-17 00:09:16,744 [INFO]    Predicting v1 chr5_90000000_100000000, 1 events pass lite-Unet module. Time cost: 0s
2026-01-17 00:09:16,798 [INFO]    Predicting v1 chr2_230000000_240000000, 32 events pass lite-Unet module. Time cost: 2s
2026-01-17 00:09:16,806 [INFO]    Predicting v1 chr7_10000000_20000000, 0 events pass lite-Unet module. Time cost: 0s
2026-01-17 00:09:16,840 [INFO]    Predicting v1 chr1_140000000_150000000, 3 events pass lite-Unet module. Time cost: 2s
2026-01-17 00:09:16,850 [INFO]    Predicting v1 chr7_30000000_40000000, 0 events pass lite-Unet module. Time cost: 0s
2026-01-17 00:09:16,858 [INFO]    Predicting v1 chr7_40000000_50000000, 0 events pass lite-Unet module. Time cost: 0s
2026-01-17 00:09:16,858 [INFO]    Predicting v1 chr1_10000000_20000000, 2 events pass lite-Unet module. Time cost: 2s
2026-01-17 00:09:16,869 [INFO]    Predicting v1 chr7_60000000_70000000, 0 events pass lite-Unet module. Time cost: 0s
2026-01-17 00:09:16,888 [INFO]    Predicting v1 chr7_70000000_80000000, 0 events pass lite-Unet module. Time cost: 0s
2026-01-17 00:09:16,893 [INFO]    Predicting v1 chr7_80000000_90000000, 0 events pass lite-Unet module. Time cost: 0s
2026-01-17 00:09:17,122 [INFO]    Predicting v1 chr6_40000000_50000000, 1 events pass lite-Unet module. Time cost: 0s
2026-01-17 00:09:17,181 [INFO]    Predicting v1 chr4_10000000_20000000, 2 events pass lite-Unet module. Time cost: 1s
2026-01-17 00:09:17,312 [INFO]    Predicting v1 chr6_170000000_180000000, 1 events pass lite-Unet module. Time cost: 0s
2026-01-17 00:09:17,326 [INFO]    Predicting v1 chr7_120000000_130000000, 0 events pass lite-Unet module. Time cost: 0s
2026-01-17 00:09:17,349 [INFO]    Predicting v1 chr7_50000000_60000000, 1 events pass lite-Unet module. Time cost: 0s
2026-01-17 00:09:17,350 [INFO]    Predicting v1 chr7_0_10000000, 1 events pass lite-Unet module. Time cost: 0s
2026-01-17 00:09:17,356 [INFO]    Predicting v1 chr7_140000000_150000000, 0 events pass lite-Unet module. Time cost: 0s
2026-01-17 00:09:17,360 [INFO]    Predicting v1 chr7_160000000_170000000, 0 events pass lite-Unet module. Time cost: 0s
2026-01-17 00:09:17,675 [INFO]    Predicting v1 chr1_150000000_160000000, 6 events pass lite-Unet module. Time cost: 3s
2026-01-17 00:09:17,684 [INFO]    Predicting v1 chr8_10000000_20000000, 0 events pass lite-Unet module. Time cost: 0s
2026-01-17 00:09:17,750 [INFO]    Predicting v1 chr2_110000000_120000000, 10 events pass lite-Unet module. Time cost: 3s
2026-01-17 00:09:17,757 [INFO]    Predicting v1 chr8_30000000_40000000, 0 events pass lite-Unet module. Time cost: 0s
2026-01-17 00:09:17,880 [INFO]    Predicting v1 chr6_30000000_40000000, 2 events pass lite-Unet module. Time cost: 1s
2026-01-17 00:09:17,887 [INFO]    Predicting v1 chr8_50000000_60000000, 0 events pass lite-Unet module. Time cost: 0s
2026-01-17 00:09:17,892 [INFO]    Predicting v1 chr8_60000000_70000000, 0 events pass lite-Unet module. Time cost: 0s
2026-01-17 00:09:17,895 [INFO]    Predicting v1 chr8_70000000_80000000, 0 events pass lite-Unet module. Time cost: 0s
2026-01-17 00:09:17,899 [INFO]    Predicting v1 chr8_80000000_90000000, 0 events pass lite-Unet module. Time cost: 0s
2026-01-17 00:09:17,902 [INFO]    Predicting v1 chr8_90000000_100000000, 0 events pass lite-Unet module. Time cost: 0s
2026-01-17 00:09:17,963 [INFO]    Predicting v1 chr7_110000000_120000000, 1 events pass lite-Unet module. Time cost: 0s
2026-01-17 00:09:17,965 [INFO]    Predicting v1 chr2_120000000_130000000, 5 events pass lite-Unet module. Time cost: 3s
2026-01-17 00:09:17,972 [INFO]    Predicting v1 chr8_110000000_120000000, 0 events pass lite-Unet module. Time cost: 0s
2026-01-17 00:09:17,978 [INFO]    Predicting v1 chr8_120000000_130000000, 0 events pass lite-Unet module. Time cost: 0s
2026-01-17 00:09:18,005 [INFO]    Predicting v1 chr8_130000000_140000000, 0 events pass lite-Unet module. Time cost: 0s
2026-01-17 00:09:18,015 [INFO]    Predicting v1 chr9_0_10000000, 0 events pass lite-Unet module. Time cost: 0s
2026-01-17 00:09:18,024 [INFO]    Predicting v1 chr9_10000000_20000000, 0 events pass lite-Unet module. Time cost: 0s
2026-01-17 00:09:18,034 [INFO]    Predicting v1 chr9_20000000_30000000, 2 events pass lite-Unet module. Time cost: 0s
2026-01-17 00:09:18,039 [INFO]    Predicting v1 chr8_20000000_30000000, 1 events pass lite-Unet module. Time cost: 0s
2026-01-17 00:09:18,045 [INFO]    Predicting v1 chr9_40000000_50000000, 0 events pass lite-Unet module. Time cost: 0s
2026-01-17 00:09:18,054 [INFO]    Predicting v1 chr9_50000000_60000000, 0 events pass lite-Unet module. Time cost: 0s
2026-01-17 00:09:18,058 [INFO]    Predicting v1 chr9_60000000_70000000, 0 events pass lite-Unet module. Time cost: 0s
2026-01-17 00:09:18,061 [INFO]    Predicting v1 chr9_70000000_80000000, 0 events pass lite-Unet module. Time cost: 0s
2026-01-17 00:09:18,065 [INFO]    Predicting v1 chr9_80000000_90000000, 0 events pass lite-Unet module. Time cost: 0s
2026-01-17 00:09:18,068 [INFO]    Predicting v1 chr9_90000000_100000000, 0 events pass lite-Unet module. Time cost: 0s
2026-01-17 00:09:18,072 [INFO]    Predicting v1 chr9_100000000_110000000, 0 events pass lite-Unet module. Time cost: 0s
2026-01-17 00:09:18,077 [INFO]    Predicting v1 chr9_110000000_120000000, 0 events pass lite-Unet module. Time cost: 0s
2026-01-17 00:09:18,081 [INFO]    Predicting v1 chr9_120000000_130000000, 0 events pass lite-Unet module. Time cost: 0s
2026-01-17 00:09:18,087 [INFO]    Predicting v1 chr9_130000000_140000000, 0 events pass lite-Unet module. Time cost: 0s
2026-01-17 00:09:18,117 [INFO]    Predicting v1 chr8_40000000_50000000, 1 events pass lite-Unet module. Time cost: 0s
2026-01-17 00:09:18,196 [INFO]    Predicting v1 chr6_10000000_20000000, 3 events pass lite-Unet module. Time cost: 1s
2026-01-17 00:09:18,249 [INFO]    Predicting v1 chr1_0_10000000, 6 events pass lite-Unet module. Time cost: 3s
2026-01-17 00:09:18,456 [INFO]    Predicting v1 chr2_90000000_100000000, 17 events pass lite-Unet module. Time cost: 3s
2026-01-17 00:09:18,467 [INFO]    Predicting v1 chr10_20000000_30000000, 0 events pass lite-Unet module. Time cost: 0s
2026-01-17 00:09:18,473 [INFO]    Predicting v1 chr9_150000000_160000000, 1 events pass lite-Unet module. Time cost: 0s
2026-01-17 00:09:18,475 [INFO]    Predicting v1 chr10_30000000_40000000, 0 events pass lite-Unet module. Time cost: 0s
2026-01-17 00:09:18,483 [INFO]    Predicting v1 chr10_40000000_50000000, 13 events pass lite-Unet module. Time cost: 0s
2026-01-17 00:09:18,484 [INFO]    Predicting v1 chr10_50000000_60000000, 5 events pass lite-Unet module. Time cost: 0s
2026-01-17 00:09:18,490 [INFO]    Predicting v1 chr10_60000000_70000000, 0 events pass lite-Unet module. Time cost: 0s
2026-01-17 00:09:18,502 [INFO]    Predicting v1 chr5_0_10000000, 4 events pass lite-Unet module. Time cost: 2s
2026-01-17 00:09:18,519 [INFO]    Predicting v1 chr10_90000000_100000000, 0 events pass lite-Unet module. Time cost: 0s
2026-01-17 00:09:18,538 [INFO]    Predicting v1 chr10_100000000_110000000, 0 events pass lite-Unet module. Time cost: 0s
2026-01-17 00:09:18,544 [INFO]    Predicting v1 chr10_110000000_120000000, 0 events pass lite-Unet module. Time cost: 0s
2026-01-17 00:09:18,611 [INFO]    Predicting v1 chr1_230000000_240000000, 5 events pass lite-Unet module. Time cost: 3s
2026-01-17 00:09:18,639 [INFO]    Predicting v1 chr8_100000000_110000000, 1 events pass lite-Unet module. Time cost: 0s
2026-01-17 00:09:18,649 [INFO]    Predicting v1 chr4_0_10000000, 9 events pass lite-Unet module. Time cost: 2s
2026-01-17 00:09:18,724 [INFO]    Predicting v1 chr10_10000000_20000000, 1 events pass lite-Unet module. Time cost: 0s
2026-01-17 00:09:18,731 [INFO]    Predicting v1 chr11_20000000_30000000, 0 events pass lite-Unet module. Time cost: 0s
2026-01-17 00:09:18,737 [INFO]    Predicting v1 chr9_30000000_40000000, 1 events pass lite-Unet module. Time cost: 0s
2026-01-17 00:09:18,739 [INFO]    Predicting v1 chr11_30000000_40000000, 6 events pass lite-Unet module. Time cost: 0s
2026-01-17 00:09:18,744 [INFO]    Predicting v1 chr11_50000000_60000000, 0 events pass lite-Unet module. Time cost: 0s
2026-01-17 00:09:18,744 [INFO]    Predicting v1 chr11_40000000_50000000, 0 events pass lite-Unet module. Time cost: 0s
2026-01-17 00:09:18,794 [INFO]    Predicting v1 chr7_20000000_30000000, 4 events pass lite-Unet module. Time cost: 1s
2026-01-17 00:09:18,800 [INFO]    Predicting v1 chr11_80000000_90000000, 0 events pass lite-Unet module. Time cost: 0s
2026-01-17 00:09:18,809 [INFO]    Predicting v1 chr11_90000000_100000000, 0 events pass lite-Unet module. Time cost: 0s
2026-01-17 00:09:18,819 [INFO]    Predicting v1 chr11_100000000_110000000, 0 events pass lite-Unet module. Time cost: 0s
2026-01-17 00:09:18,865 [INFO]    Predicting v1 chr10_70000000_80000000, 1 events pass lite-Unet module. Time cost: 0s
2026-01-17 00:09:18,871 [INFO]    Predicting v1 chr11_120000000_130000000, 0 events pass lite-Unet module. Time cost: 0s
2026-01-17 00:09:19,062 [INFO]    Predicting v1 chr7_90000000_100000000, 20 events pass lite-Unet module. Time cost: 2s
2026-01-17 00:09:19,072 [INFO]    Predicting v1 chr12_0_10000000, 0 events pass lite-Unet module. Time cost: 0s
2026-01-17 00:09:19,081 [INFO]    Predicting v1 chr12_10000000_20000000, 0 events pass lite-Unet module. Time cost: 0s
2026-01-17 00:09:19,087 [INFO]    Predicting v1 chr12_20000000_30000000, 0 events pass lite-Unet module. Time cost: 0s
2026-01-17 00:09:19,095 [INFO]    Predicting v1 chr12_30000000_40000000, 0 events pass lite-Unet module. Time cost: 0s
2026-01-17 00:09:19,100 [INFO]    Predicting v1 chr12_40000000_50000000, 0 events pass lite-Unet module. Time cost: 0s
2026-01-17 00:09:19,436 [INFO]    Predicting v1 chr2_60000000_70000000, 6 events pass lite-Unet module. Time cost: 4s
2026-01-17 00:09:19,442 [INFO]    Predicting v1 chr12_60000000_70000000, 0 events pass lite-Unet module. Time cost: 0s
2026-01-17 00:09:19,456 [INFO]    Predicting v1 chr12_70000000_80000000, 0 events pass lite-Unet module. Time cost: 0s
2026-01-17 00:09:19,461 [INFO]    Predicting v1 chr12_80000000_90000000, 0 events pass lite-Unet module. Time cost: 0s
2026-01-17 00:09:19,463 [INFO]    Predicting v1 chr10_80000000_90000000, 3 events pass lite-Unet module. Time cost: 0s
2026-01-17 00:09:19,467 [INFO]    Predicting v1 chr12_90000000_100000000, 0 events pass lite-Unet module. Time cost: 0s
2026-01-17 00:09:19,470 [INFO]    Predicting v1 chr12_100000000_110000000, 0 events pass lite-Unet module. Time cost: 0s
2026-01-17 00:09:19,472 [INFO]    Predicting v1 chr12_110000000_120000000, 0 events pass lite-Unet module. Time cost: 0s
2026-01-17 00:09:19,479 [INFO]    Predicting v1 chr7_130000000_140000000, 4 events pass lite-Unet module. Time cost: 2s
2026-01-17 00:09:19,485 [INFO]    Predicting v1 chr13_0_10000000, 0 events pass lite-Unet module. Time cost: 0s
2026-01-17 00:09:19,493 [INFO]    Predicting v1 chr11_110000000_120000000, 1 events pass lite-Unet module. Time cost: 0s
2026-01-17 00:09:19,498 [INFO]    Predicting v1 chr13_20000000_30000000, 0 events pass lite-Unet module. Time cost: 0s
2026-01-17 00:09:19,503 [INFO]    Predicting v1 chr13_30000000_40000000, 0 events pass lite-Unet module. Time cost: 0s
2026-01-17 00:09:19,508 [INFO]    Predicting v1 chr13_40000000_50000000, 0 events pass lite-Unet module. Time cost: 0s
2026-01-17 00:09:19,510 [INFO]    Predicting v1 chr3_190000000_200000000, 10 events pass lite-Unet module. Time cost: 3s
2026-01-17 00:09:19,514 [INFO]    Predicting v1 chr13_50000000_60000000, 0 events pass lite-Unet module. Time cost: 0s
2026-01-17 00:09:19,522 [INFO]    Predicting v1 chr13_70000000_80000000, 0 events pass lite-Unet module. Time cost: 0s
2026-01-17 00:09:19,531 [INFO]    Predicting v1 chr13_80000000_90000000, 0 events pass lite-Unet module. Time cost: 0s
2026-01-17 00:09:19,540 [INFO]    Predicting v1 chr13_60000000_70000000, 0 events pass lite-Unet module. Time cost: 0s
2026-01-17 00:09:19,556 [INFO]    Predicting v1 chr13_100000000_110000000, 0 events pass lite-Unet module. Time cost: 0s
2026-01-17 00:09:19,916 [INFO]    Predicting v1 chr3_30000000_40000000, 7 events pass lite-Unet module. Time cost: 5s
2026-01-17 00:09:19,923 [INFO]    Predicting v1 chr14_0_10000000, 0 events pass lite-Unet module. Time cost: 0s
2026-01-17 00:09:19,929 [INFO]    Predicting v1 chr14_10000000_20000000, 0 events pass lite-Unet module. Time cost: 0s
2026-01-17 00:09:19,936 [INFO]    Predicting v1 chr7_100000000_110000000, 5 events pass lite-Unet module. Time cost: 2s
2026-01-17 00:09:19,942 [INFO]    Predicting v1 chr14_30000000_40000000, 0 events pass lite-Unet module. Time cost: 0s
2026-01-17 00:09:19,948 [INFO]    Predicting v1 chr14_40000000_50000000, 0 events pass lite-Unet module. Time cost: 0s
2026-01-17 00:09:19,953 [INFO]    Predicting v1 chr14_50000000_60000000, 0 events pass lite-Unet module. Time cost: 0s
2026-01-17 00:09:19,958 [INFO]    Predicting v1 chr14_60000000_70000000, 0 events pass lite-Unet module. Time cost: 0s
2026-01-17 00:09:19,962 [INFO]    Predicting v1 chr14_70000000_80000000, 0 events pass lite-Unet module. Time cost: 0s
2026-01-17 00:09:19,974 [INFO]    Predicting v1 chr14_80000000_90000000, 0 events pass lite-Unet module. Time cost: 0s
2026-01-17 00:09:20,018 [INFO]    Predicting v1 chr11_130000000_140000000, 3 events pass lite-Unet module. Time cost: 1s
2026-01-17 00:09:20,032 [INFO]    Predicting v1 chr13_110000000_120000000, 1 events pass lite-Unet module. Time cost: 0s
2026-01-17 00:09:20,039 [INFO]    Predicting v1 chr15_0_10000000, 0 events pass lite-Unet module. Time cost: 0s
2026-01-17 00:09:20,045 [INFO]    Predicting v1 chr15_10000000_20000000, 1 events pass lite-Unet module. Time cost: 0s
2026-01-17 00:09:20,079 [INFO]    Predicting v1 chr2_0_10000000, 19 events pass lite-Unet module. Time cost: 5s
2026-01-17 00:09:20,087 [INFO]    Predicting v1 chr12_50000000_60000000, 2 events pass lite-Unet module. Time cost: 0s
2026-01-17 00:09:20,093 [INFO]    Predicting v1 chr15_40000000_50000000, 0 events pass lite-Unet module. Time cost: 0s
2026-01-17 00:09:20,098 [INFO]    Predicting v1 chr15_50000000_60000000, 0 events pass lite-Unet module. Time cost: 0s
2026-01-17 00:09:20,321 [INFO]    Predicting v1 chr4_180000000_190000000, 12 events pass lite-Unet module. Time cost: 4s
2026-01-17 00:09:20,343 [INFO]    Predicting v1 chr13_90000000_100000000, 1 events pass lite-Unet module. Time cost: 0s
2026-01-17 00:09:20,352 [INFO]    Predicting v1 chr15_80000000_90000000, 0 events pass lite-Unet module. Time cost: 0s
2026-01-17 00:09:20,558 [INFO]    Predicting v1 chr14_20000000_30000000, 1 events pass lite-Unet module. Time cost: 0s
2026-01-17 00:09:20,594 [INFO]    Predicting v1 chr15_20000000_30000000, 1 events pass lite-Unet module. Time cost: 0s
2026-01-17 00:09:20,601 [INFO]    Predicting v1 chr16_10000000_20000000, 0 events pass lite-Unet module. Time cost: 0s
2026-01-17 00:09:20,610 [INFO]    Predicting v1 chr16_20000000_30000000, 0 events pass lite-Unet module. Time cost: 0s
2026-01-17 00:09:20,617 [INFO]    Predicting v1 chr16_30000000_40000000, 0 events pass lite-Unet module. Time cost: 0s
2026-01-17 00:09:20,626 [INFO]    Predicting v1 chr16_40000000_50000000, 0 events pass lite-Unet module. Time cost: 0s
2026-01-17 00:09:20,636 [INFO]    Predicting v1 chr16_50000000_60000000, 0 events pass lite-Unet module. Time cost: 0s
2026-01-17 00:09:20,643 [INFO]    Predicting v1 chr8_0_10000000, 6 events pass lite-Unet module. Time cost: 3s
2026-01-17 00:09:20,858 [INFO]    Predicting v1 chr15_60000000_70000000, 15 events pass lite-Unet module. Time cost: 0s
2026-01-17 00:09:20,867 [INFO]    Predicting v1 chr16_80000000_90000000, 0 events pass lite-Unet module. Time cost: 0s
2026-01-17 00:09:20,954 [INFO]    Predicting v1 chr6_60000000_70000000, 7 events pass lite-Unet module. Time cost: 4s
2026-01-17 00:09:20,971 [INFO]    Predicting v1 chr17_0_10000000, 1 events pass lite-Unet module. Time cost: 0s
2026-01-17 00:09:20,983 [INFO]    Predicting v1 chr17_10000000_20000000, 1 events pass lite-Unet module. Time cost: 0s
2026-01-17 00:09:20,993 [INFO]    Predicting v1 chr17_20000000_30000000, 0 events pass lite-Unet module. Time cost: 0s
2026-01-17 00:09:21,000 [INFO]    Predicting v1 chr17_30000000_40000000, 0 events pass lite-Unet module. Time cost: 0s
2026-01-17 00:09:21,010 [INFO]    Predicting v1 chr17_40000000_50000000, 0 events pass lite-Unet module. Time cost: 0s
2026-01-17 00:09:21,150 [INFO]    Predicting v1 chr10_0_10000000, 4 events pass lite-Unet module. Time cost: 2s
2026-01-17 00:09:21,157 [INFO]    Predicting v1 chr17_60000000_70000000, 0 events pass lite-Unet module. Time cost: 0s
2026-01-17 00:09:21,165 [INFO]    Predicting v1 chr17_70000000_80000000, 1 events pass lite-Unet module. Time cost: 0s
2026-01-17 00:09:21,204 [INFO]    Predicting v1 chr15_70000000_80000000, 2 events pass lite-Unet module. Time cost: 0s
2026-01-17 00:09:21,315 [INFO]    Predicting v1 chr8_140000000_150000000, 20 events pass lite-Unet module. Time cost: 3s
2026-01-17 00:09:21,333 [INFO]    Predicting v1 chr16_60000000_70000000, 1 events pass lite-Unet module. Time cost: 0s
2026-01-17 00:09:21,354 [INFO]    Predicting v1 chr18_20000000_30000000, 0 events pass lite-Unet module. Time cost: 0s
2026-01-17 00:09:21,361 [INFO]    Predicting v1 chr18_30000000_40000000, 0 events pass lite-Unet module. Time cost: 0s
2026-01-17 00:09:21,367 [INFO]    Predicting v1 chr18_40000000_50000000, 0 events pass lite-Unet module. Time cost: 0s
2026-01-17 00:09:21,384 [INFO]    Predicting v1 chr18_50000000_60000000, 0 events pass lite-Unet module. Time cost: 0s
2026-01-17 00:09:21,394 [INFO]    Predicting v1 chr18_60000000_70000000, 0 events pass lite-Unet module. Time cost: 0s
2026-01-17 00:09:21,483 [INFO]    Predicting v1 chr14_100000000_110000000, 5 events pass lite-Unet module. Time cost: 1s
2026-01-17 00:09:21,489 [INFO]    Predicting v1 chr18_80000000_90000000, 0 events pass lite-Unet module. Time cost: 0s
2026-01-17 00:09:21,502 [INFO]    Predicting v1 chr10_120000000_130000000, 6 events pass lite-Unet module. Time cost: 2s
2026-01-17 00:09:21,550 [INFO]    Predicting v1 chr15_30000000_40000000, 4 events pass lite-Unet module. Time cost: 1s
2026-01-17 00:09:21,585 [INFO]    Predicting v1 chr18_0_10000000, 1 events pass lite-Unet module. Time cost: 0s
2026-01-17 00:09:21,631 [INFO]    Predicting v1 chr16_70000000_80000000, 2 events pass lite-Unet module. Time cost: 0s
2026-01-17 00:09:21,657 [INFO]    Predicting v1 chr18_10000000_20000000, 1 events pass lite-Unet module. Time cost: 0s
2026-01-17 00:09:21,800 [INFO]    Predicting v1 chr17_50000000_60000000, 1 events pass lite-Unet module. Time cost: 0s
2026-01-17 00:09:21,818 [INFO]    Predicting v1 chr19_60000000_70000000, 1 events pass lite-Unet module. Time cost: 0s
2026-01-17 00:09:21,926 [INFO]    Predicting v1 chr19_20000000_30000000, 3 events pass lite-Unet module. Time cost: 0s
2026-01-17 00:09:21,929 [INFO]    Predicting v1 chr19_30000000_40000000, 1 events pass lite-Unet module. Time cost: 0s
2026-01-17 00:09:21,931 [INFO]    Predicting v1 chr20_10000000_20000000, 0 events pass lite-Unet module. Time cost: 0s
2026-01-17 00:09:21,934 [INFO]    Predicting v1 chr20_20000000_30000000, 0 events pass lite-Unet module. Time cost: 0s
2026-01-17 00:09:21,941 [INFO]    Predicting v1 chr20_40000000_50000000, 0 events pass lite-Unet module. Time cost: 0s
2026-01-17 00:09:22,015 [INFO]    Predicting v1 chr11_60000000_70000000, 15 events pass lite-Unet module. Time cost: 3s
2026-01-17 00:09:22,145 [INFO]    Predicting v1 chr19_50000000_60000000, 1 events pass lite-Unet module. Time cost: 0s
2026-01-17 00:09:22,155 [INFO]    Predicting v1 chr21_0_10000000, 0 events pass lite-Unet module. Time cost: 0s
2026-01-17 00:09:22,164 [INFO]    Predicting v1 chr21_10000000_20000000, 0 events pass lite-Unet module. Time cost: 0s
2026-01-17 00:09:22,172 [INFO]    Predicting v1 chr21_20000000_30000000, 0 events pass lite-Unet module. Time cost: 0s
2026-01-17 00:09:22,543 [INFO]    Predicting v1 chr1_110000000_120000000, 27 events pass lite-Unet module. Time cost: 7s
2026-01-17 00:09:22,571 [INFO]    Predicting v1 chr15_90000000_100000000, 3 events pass lite-Unet module. Time cost: 2s
2026-01-17 00:09:22,582 [INFO]    Predicting v1 chr22_0_10000000, 0 events pass lite-Unet module. Time cost: 0s
2026-01-17 00:09:22,628 [INFO]    Predicting v1 chr12_130000000_140000000, 4 events pass lite-Unet module. Time cost: 3s
2026-01-17 00:09:22,650 [INFO]    Predicting v1 chr12_120000000_130000000, 18 events pass lite-Unet module. Time cost: 3s
2026-01-17 00:09:22,773 [INFO]    Predicting v1 chr11_10000000_20000000, 9 events pass lite-Unet module. Time cost: 4s
2026-01-17 00:09:22,847 [INFO]    Predicting v1 chr9_140000000_150000000, 25 events pass lite-Unet module. Time cost: 4s
2026-01-17 00:09:23,000 [INFO]    Predicting v1 chr21_30000000_40000000, 3 events pass lite-Unet module. Time cost: 0s
2026-01-17 00:09:23,101 [INFO]    Predicting v1 chr2_240000000_250000000, 10 events pass lite-Unet module. Time cost: 8s
2026-01-17 00:09:23,125 [INFO]    Predicting v1 chrX_10000000_20000000, 0 events pass lite-Unet module. Time cost: 0s
2026-01-17 00:09:23,131 [INFO]    Predicting v1 chrX_20000000_30000000, 0 events pass lite-Unet module. Time cost: 0s
2026-01-17 00:09:23,144 [INFO]    Predicting v1 chrX_30000000_40000000, 0 events pass lite-Unet module. Time cost: 0s
2026-01-17 00:09:23,366 [INFO]    Predicting v1 chr11_70000000_80000000, 9 events pass lite-Unet module. Time cost: 4s
2026-01-17 00:09:23,378 [INFO]    Predicting v1 chrX_50000000_60000000, 0 events pass lite-Unet module. Time cost: 0s
2026-01-17 00:09:23,388 [INFO]    Predicting v1 chr19_0_10000000, 11 events pass lite-Unet module. Time cost: 1s
2026-01-17 00:09:23,390 [INFO]    Predicting v1 chrX_60000000_70000000, 0 events pass lite-Unet module. Time cost: 0s
2026-01-17 00:09:23,395 [INFO]    Predicting v1 chrX_70000000_80000000, 0 events pass lite-Unet module. Time cost: 0s
2026-01-17 00:09:23,400 [INFO]    Predicting v1 chrX_80000000_90000000, 0 events pass lite-Unet module. Time cost: 0s
2026-01-17 00:09:23,401 [INFO]    Predicting v1 chrX_90000000_100000000, 0 events pass lite-Unet module. Time cost: 0s
2026-01-17 00:09:23,408 [INFO]    Predicting v1 chrX_110000000_120000000, 0 events pass lite-Unet module. Time cost: 0s
2026-01-17 00:09:23,415 [INFO]    Predicting v1 chrX_120000000_130000000, 0 events pass lite-Unet module. Time cost: 0s
2026-01-17 00:09:23,421 [INFO]    Predicting v1 chrX_130000000_140000000, 0 events pass lite-Unet module. Time cost: 0s
2026-01-17 00:09:23,570 [INFO]    Predicting v1 chr13_10000000_20000000, 7 events pass lite-Unet module. Time cost: 4s
2026-01-17 00:09:23,632 [INFO]    Predicting v1 chr22_50000000_60000000, 2 events pass lite-Unet module. Time cost: 0s
2026-01-17 00:09:23,638 [INFO]    Predicting v1 chrY_0_10000000, 0 events pass lite-Unet module. Time cost: 0s
2026-01-17 00:09:23,644 [INFO]    Predicting v1 chrY_10000000_20000000, 0 events pass lite-Unet module. Time cost: 0s
2026-01-17 00:09:23,650 [INFO]    Predicting v1 chrY_20000000_30000000, 0 events pass lite-Unet module. Time cost: 0s
2026-01-17 00:09:23,655 [INFO]    Predicting v1 chrY_30000000_40000000, 0 events pass lite-Unet module. Time cost: 0s
2026-01-17 00:09:23,661 [INFO]    Predicting v1 chrY_40000000_50000000, 0 events pass lite-Unet module. Time cost: 0s
2026-01-17 00:09:23,669 [INFO]    Predicting v1 chrY_50000000_60000000, 0 events pass lite-Unet module. Time cost: 0s
2026-01-17 00:09:23,676 [INFO]    Predicting v1 chrY_60000000_70000000, 0 events pass lite-Unet module. Time cost: 0s
2026-01-17 00:09:23,682 [INFO]    Predicting v1 chrM_0_10000000, 0 events pass lite-Unet module. Time cost: 0s
2026-01-17 00:09:23,685 [INFO]    Predicting v1 chr22_10000000_20000000, 1 events pass lite-Unet module. Time cost: 1s
2026-01-17 00:09:23,743 [INFO]    Predicting v1 chr19_40000000_50000000, 5 events pass lite-Unet module. Time cost: 2s
2026-01-17 00:09:23,814 [INFO]    Predicting v1 chrX_140000000_150000000, 1 events pass lite-Unet module. Time cost: 0s
2026-01-17 00:09:23,843 [INFO]    Predicting v1 chr20_30000000_40000000, 7 events pass lite-Unet module. Time cost: 1s
2026-01-17 00:09:23,857 [INFO]    Predicting v1 chrX_40000000_50000000, 1 events pass lite-Unet module. Time cost: 0s
2026-01-17 00:09:23,994 [INFO]    Predicting v1 chrX_100000000_110000000, 1 events pass lite-Unet module. Time cost: 0s
2026-01-17 00:09:24,026 [INFO]    Predicting v1 chr16_90000000_100000000, 8 events pass lite-Unet module. Time cost: 3s
2026-01-17 00:09:24,099 [INFO]    Predicting v1 chr20_50000000_60000000, 10 events pass lite-Unet module. Time cost: 2s
2026-01-17 00:09:24,472 [INFO]    Predicting v1 chr22_40000000_50000000, 11 events pass lite-Unet module. Time cost: 1s
2026-01-17 00:09:24,497 [INFO]    Predicting v1 chr20_60000000_70000000, 7 events pass lite-Unet module. Time cost: 2s
2026-01-17 00:09:24,522 [INFO]    Predicting v1 chrX_150000000_160000000, 2 events pass lite-Unet module. Time cost: 0s
2026-01-17 00:09:24,567 [INFO]    Predicting v1 chr22_30000000_40000000, 7 events pass lite-Unet module. Time cost: 1s
2026-01-17 00:09:24,646 [INFO]    Predicting v1 chr7_150000000_160000000, 21 events pass lite-Unet module. Time cost: 7s
2026-01-17 00:09:24,857 [INFO]    Predicting v1 chr18_70000000_80000000, 6 events pass lite-Unet module. Time cost: 3s
2026-01-17 00:09:25,058 [INFO]    Predicting v1 chr19_10000000_20000000, 14 events pass lite-Unet module. Time cost: 3s
2026-01-17 00:09:25,293 [INFO]    Predicting v1 chr20_0_10000000, 7 events pass lite-Unet module. Time cost: 3s
2026-01-17 00:09:25,375 [INFO]    Predicting v1 chr14_90000000_100000000, 12 events pass lite-Unet module. Time cost: 5s
2026-01-17 00:09:25,530 [INFO]    Predicting v1 chr11_0_10000000, 10 events pass lite-Unet module. Time cost: 6s
2026-01-17 00:09:25,573 [INFO]    Predicting v1 chrX_0_10000000, 14 events pass lite-Unet module. Time cost: 2s
2026-01-17 00:09:25,613 [INFO]    Predicting v1 chr22_20000000_30000000, 6 events pass lite-Unet module. Time cost: 2s
2026-01-17 00:09:25,840 [INFO]    Predicting v1 chr17_80000000_90000000, 12 events pass lite-Unet module. Time cost: 4s
2026-01-17 00:09:26,099 [INFO]    Predicting v1 chr10_130000000_140000000, 22 events pass lite-Unet module. Time cost: 7s
2026-01-17 00:09:26,219 [INFO]    Predicting v1 chr6_160000000_170000000, 23 events pass lite-Unet module. Time cost: 9s
2026-01-17 00:09:26,319 [INFO]    Predicting v1 chr16_0_10000000, 16 events pass lite-Unet module. Time cost: 5s
2026-01-17 00:09:27,281 [INFO]    Predicting v1 chr21_40000000_50000000, 23 events pass lite-Unet module. Time cost: 4s
2026-01-17 00:09:27,426 [INFO]    Predicting Time Cost 12s
2026-01-17 00:09:27,426 [INFO]    ****************** Step3 Outputting to VCF ****************************
2026-01-17 00:09:27,728 [INFO]    Outputting v1 to /storage/scratch01/groups/bu/simSVs/tfe_unir/visor-simulations/results/v1_40x_30000_B_svision/v1.svision_pro_v2.5.s5.vcf. Time cost: 0s
2026-01-17 00:09:28,803 [INFO]    ****************** Step4 Finish ***********************************
2026-01-17 00:09:28,803 [INFO]    SVision-pro v2.5 successfully finished. Time Cost 773.957852s
