[2026-01-16 23:52:26] root: INFO: Starting Severus 1.6
[2026-01-16 23:52:26] root: DEBUG: Cmd: /storage/scratch01/groups/bu/simSVs/tfe_unir/visor-simulations/.snakemake/conda/0a60675bf6ce8bab1bbad883c64c3a01_/bin/severus --target-bam results/v1_40x_50000_A_LASeR/tumour.bam --control-bam results/normal_40x_50000_LASeR/sim.srt.bam --out-dir results/v1_40x_50000_A_severus --vntr-bed /storage/scratch01/groups/bu/simSVs/tfe_unir/visor-simulations/resources/severus_vntrs/human_chm13v2.0_maskedY_rCRS.trf.bed -t 24
[2026-01-16 23:52:26] root: DEBUG: Python version: 3.13.11 | packaged by conda-forge | (main, Dec  6 2025, 11:24:03) [GCC 14.3.0]
[2026-01-16 23:52:29] root: INFO: Parsing reads from tumour.bam
[2026-01-17 00:04:07] root: INFO: 	Total read length: 130981450827
[2026-01-17 00:04:07] root: INFO: 	Total aligned length: 122441674973 (0.93)
[2026-01-17 00:04:07] root: INFO: 	Read N50 / N90: 52401 / 37128
[2026-01-17 00:04:07] root: INFO: 	Alignments N50 / N90: 52192 / 36867
[2026-01-17 00:04:07] root: INFO: 	Read error rate (Q25 / Q50 / Q75): 0.0600 / 0.0800 / 0.1130
[2026-01-17 00:04:07] root: INFO: 	Read mismatch rate (Q25 / Q50 / Q75): 0.0210 / 0.0290 / 0.0450
[2026-01-17 00:04:34] root: INFO: Parsing reads from sim.srt.bam
[2026-01-17 00:14:04] root: INFO: 	Total read length: 133251770989
[2026-01-17 00:14:04] root: INFO: 	Total aligned length: 124568599176 (0.93)
[2026-01-17 00:14:04] root: INFO: 	Read N50 / N90: 52374 / 37138
[2026-01-17 00:14:04] root: INFO: 	Alignments N50 / N90: 52163 / 36876
[2026-01-17 00:14:04] root: INFO: 	Read error rate (Q25 / Q50 / Q75): 0.0600 / 0.0800 / 0.1130
[2026-01-17 00:14:04] root: INFO: 	Read mismatch rate (Q25 / Q50 / Q75): 0.0210 / 0.0290 / 0.0450
[2026-01-17 00:14:31] root: INFO: Computing read quality
[2026-01-17 00:14:41] root: INFO: Annotating reads
[2026-01-17 00:15:01] root: INFO: Computing coverage histogram
[2026-01-17 00:15:03] root: INFO: 	Median coverage by PASS reads for tumour.bam (H1 / H2 / H0): 0.0 / 0.0 / 38.0
[2026-01-17 00:15:03] root: INFO: 	Median coverage by PASS reads for sim.srt.bam (H1 / H2 / H0): 0.0 / 0.0 / 38.0
[2026-01-17 00:15:03] root: INFO: Extracting split alignments
[2026-01-17 00:15:04] root: INFO: Extracting clipped reads
[2026-01-17 00:15:05] root: INFO: Starting breakpoint detection
[2026-01-17 00:15:11] root: INFO: Clustering unmapped insertions
[2026-01-17 00:15:20] root: INFO: Starting compute_bp_coverage
[2026-01-17 00:15:51] root: INFO: Filtering breakpoints
[2026-01-17 00:15:51] root: INFO: Writing breakpoints
[2026-01-17 00:15:51] root: INFO: Preparing outputs for all_SVs
[2026-01-17 00:15:51] root: INFO: 	Computing segment coverage
[2026-01-17 00:15:51] root: INFO: 	Preparing graph
[2026-01-17 00:15:52] root: INFO: 	Writing vcf
[2026-01-17 00:15:52] root: INFO: Preparing outputs for somatic_SVs
[2026-01-17 00:15:52] root: INFO: 	Computing segment coverage
[2026-01-17 00:15:52] root: INFO: 	Preparing graph
[2026-01-17 00:15:52] root: INFO: 	Writing vcf
