2026-01-16 23:46:16,480 [INFO]    ****************** Start SVision-pro, version 2.5 ********************
2026-01-16 23:46:16,481 [INFO]    Command: /storage/scratch01/groups/bu/simSVs/tfe_unir/visor-simulations/.snakemake/conda/8698eeced1a729a78f4a9d539d4293a9_/bin/SVision-pro --target_path results/v1_40x_100000_C_LASeR/tumour.bam --base_path results/normal_40x_100000_LASeR/sim.srt.bam --genome_path resources/genome/chm13v2.0_maskedY_rCRS.fa --model_path /home/fvillena/SVision-pro/src/pre_process/model_liteunet_1024_8_16_32_32_32.pth --out_path results/v1_40x_100000_C_svision --sample_name v1 --preset error-prone --detect_mode somatic --process_num 52
2026-01-16 23:46:16,481 [INFO]    ****************** Step1 collecting and plotting **********************
2026-01-16 23:46:47,282 [INFO]    Collecting v1 chr1_130000000_140000000, 0 candidate events found. Time cost 30s
2026-01-16 23:47:00,302 [INFO]    Collecting v1 chr1_20000000_30000000, 0 candidate events found. Time cost 43s
2026-01-16 23:47:03,124 [INFO]    Collecting v1 chr1_60000000_70000000, 0 candidate events found. Time cost 46s
2026-01-16 23:47:04,183 [INFO]    Collecting v1 chr2_150000000_160000000, 0 candidate events found. Time cost 47s
2026-01-16 23:47:05,267 [INFO]    Collecting v1 chr1_180000000_190000000, 0 candidate events found. Time cost 48s
2026-01-16 23:47:06,210 [INFO]    Collecting v1 chr1_70000000_80000000, 0 candidate events found. Time cost 49s
2026-01-16 23:47:08,879 [INFO]    Collecting v1 chr2_170000000_180000000, 4 candidate events found. Time cost 52s
2026-01-16 23:47:09,241 [INFO]    Collecting v1 chr1_10000000_20000000, 0 candidate events found. Time cost 52s
2026-01-16 23:47:11,448 [INFO]    Collecting v1 chr2_60000000_70000000, 1 candidate events found. Time cost 54s
2026-01-16 23:47:13,647 [INFO]    Collecting v1 chr2_220000000_230000000, 0 candidate events found. Time cost 56s
2026-01-16 23:47:14,107 [INFO]    Collecting v1 chr1_170000000_180000000, 0 candidate events found. Time cost 57s
2026-01-16 23:47:14,511 [INFO]    Collecting v1 chr2_100000000_110000000, 1 candidate events found. Time cost 57s
2026-01-16 23:47:15,351 [INFO]    Collecting v1 chr1_80000000_90000000, 0 candidate events found. Time cost 58s
2026-01-16 23:47:17,409 [INFO]    Collecting v1 chr1_200000000_210000000, 2 candidate events found. Time cost 60s
2026-01-16 23:47:19,483 [INFO]    Collecting v1 chr1_30000000_40000000, 0 candidate events found. Time cost 62s
2026-01-16 23:47:22,075 [INFO]    Collecting v1 chr2_240000000_250000000, 18 candidate events found. Time cost 65s
2026-01-16 23:47:25,231 [INFO]    Collecting v1 chr3_10000000_20000000, 2 candidate events found. Time cost 68s
2026-01-16 23:47:25,703 [INFO]    Collecting v1 chr2_210000000_220000000, 0 candidate events found. Time cost 68s
2026-01-16 23:47:27,418 [INFO]    Collecting v1 chr1_0_10000000, 14 candidate events found. Time cost 70s
2026-01-16 23:47:30,769 [INFO]    Collecting v1 chr2_140000000_150000000, 1 candidate events found. Time cost 73s
2026-01-16 23:47:30,868 [INFO]    Collecting v1 chr2_50000000_60000000, 0 candidate events found. Time cost 74s
2026-01-16 23:47:32,105 [INFO]    Collecting v1 chr3_0_10000000, 2 candidate events found. Time cost 75s
2026-01-16 23:47:35,215 [INFO]    Collecting v1 chr2_180000000_190000000, 1 candidate events found. Time cost 78s
2026-01-16 23:47:38,975 [INFO]    Collecting v1 chr2_40000000_50000000, 0 candidate events found. Time cost 82s
2026-01-16 23:47:40,214 [INFO]    Collecting v1 chr1_120000000_130000000, 0 candidate events found. Time cost 83s
2026-01-16 23:47:40,234 [INFO]    Collecting v1 chr3_200000000_210000000, 0 candidate events found. Time cost 12s
2026-01-16 23:47:44,119 [INFO]    Collecting v1 chr2_160000000_170000000, 1 candidate events found. Time cost 87s
2026-01-16 23:47:44,922 [INFO]    Collecting v1 chr1_90000000_100000000, 0 candidate events found. Time cost 88s
2026-01-16 23:47:46,798 [INFO]    Collecting v1 chr2_20000000_30000000, 0 candidate events found. Time cost 89s
2026-01-16 23:47:48,872 [INFO]    Collecting v1 chr1_240000000_250000000, 0 candidate events found. Time cost 92s
2026-01-16 23:47:50,757 [INFO]    Collecting v1 chr1_40000000_50000000, 0 candidate events found. Time cost 93s
2026-01-16 23:47:52,216 [INFO]    Collecting v1 chr1_100000000_110000000, 0 candidate events found. Time cost 95s
2026-01-16 23:47:52,456 [INFO]    Collecting v1 chr2_190000000_200000000, 1 candidate events found. Time cost 95s
2026-01-16 23:47:53,458 [INFO]    Collecting v1 chr2_70000000_80000000, 0 candidate events found. Time cost 96s
2026-01-16 23:47:53,984 [INFO]    Collecting v1 chr2_10000000_20000000, 0 candidate events found. Time cost 97s
2026-01-16 23:47:54,239 [INFO]    Collecting v1 chr1_50000000_60000000, 0 candidate events found. Time cost 97s
2026-01-16 23:47:55,483 [INFO]    Collecting v1 chr1_190000000_200000000, 0 candidate events found. Time cost 98s
2026-01-16 23:47:56,341 [INFO]    Collecting v1 chr3_20000000_30000000, 0 candidate events found. Time cost 69s
2026-01-16 23:47:57,985 [INFO]    Collecting v1 chr1_160000000_170000000, 0 candidate events found. Time cost 101s
2026-01-16 23:47:58,871 [INFO]    Collecting v1 chr2_80000000_90000000, 0 candidate events found. Time cost 102s
2026-01-16 23:47:58,987 [INFO]    Collecting v1 chr1_210000000_220000000, 0 candidate events found. Time cost 102s
2026-01-16 23:47:59,290 [INFO]    Collecting v1 chr1_230000000_240000000, 3 candidate events found. Time cost 102s
2026-01-16 23:48:00,134 [INFO]    Collecting v1 chr2_130000000_140000000, 0 candidate events found. Time cost 103s
2026-01-16 23:48:00,304 [INFO]    Collecting v1 chr2_30000000_40000000, 0 candidate events found. Time cost 103s
2026-01-16 23:48:02,298 [INFO]    Collecting v1 chr1_220000000_230000000, 0 candidate events found. Time cost 105s
2026-01-16 23:48:03,111 [INFO]    Collecting v1 chr2_200000000_210000000, 0 candidate events found. Time cost 106s
2026-01-16 23:48:10,013 [INFO]    Collecting v1 chr2_110000000_120000000, 9 candidate events found. Time cost 113s
2026-01-16 23:48:16,378 [INFO]    Collecting v1 chr3_60000000_70000000, 0 candidate events found. Time cost 71s
2026-01-16 23:48:21,536 [INFO]    Collecting v1 chr3_80000000_90000000, 0 candidate events found. Time cost 72s
2026-01-16 23:48:21,957 [INFO]    Collecting v1 chr3_100000000_110000000, 0 candidate events found. Time cost 70s
2026-01-16 23:48:24,267 [INFO]    Collecting v1 chr3_30000000_40000000, 4 candidate events found. Time cost 83s
2026-01-16 23:48:24,957 [INFO]    Collecting v1 chr3_70000000_80000000, 1 candidate events found. Time cost 78s
2026-01-16 23:48:25,909 [INFO]    Collecting v1 chr3_50000000_60000000, 2 candidate events found. Time cost 81s
2026-01-16 23:48:27,215 [INFO]    Collecting v1 chr3_150000000_160000000, 0 candidate events found. Time cost 69s
2026-01-16 23:48:27,579 [INFO]    Collecting v1 chr3_120000000_130000000, 0 candidate events found. Time cost 73s
2026-01-16 23:48:27,857 [INFO]    Collecting v1 chr3_130000000_140000000, 0 candidate events found. Time cost 73s
2026-01-16 23:48:29,098 [INFO]    Collecting v1 chr3_40000000_50000000, 5 candidate events found. Time cost 85s
2026-01-16 23:48:29,400 [INFO]    Collecting v1 chr4_190000000_200000000, 0 candidate events found. Time cost 31s
2026-01-16 23:48:30,490 [INFO]    Collecting v1 chr2_90000000_100000000, 17 candidate events found. Time cost 133s
2026-01-16 23:48:31,077 [INFO]    Collecting v1 chr3_110000000_120000000, 1 candidate events found. Time cost 77s
2026-01-16 23:48:32,259 [INFO]    Collecting v1 chr3_140000000_150000000, 0 candidate events found. Time cost 76s
2026-01-16 23:48:37,279 [INFO]    Collecting v1 chr3_90000000_100000000, 0 candidate events found. Time cost 88s
2026-01-16 23:48:38,972 [INFO]    Collecting v1 chr3_160000000_170000000, 0 candidate events found. Time cost 79s
2026-01-16 23:48:41,889 [INFO]    Collecting v1 chr3_170000000_180000000, 0 candidate events found. Time cost 79s
2026-01-16 23:48:43,882 [INFO]    Collecting v1 chr4_50000000_60000000, 0 candidate events found. Time cost 63s
2026-01-16 23:48:44,658 [INFO]    Collecting v1 chr4_20000000_30000000, 0 candidate events found. Time cost 72s
2026-01-16 23:48:44,870 [INFO]    Collecting v1 chr3_180000000_190000000, 1 candidate events found. Time cost 79s
2026-01-16 23:48:45,103 [INFO]    Collecting v1 chr5_180000000_190000000, 0 candidate events found. Time cost 15s
2026-01-16 23:48:49,707 [INFO]    Collecting v1 chr4_40000000_50000000, 0 candidate events found. Time cost 70s
2026-01-16 23:48:49,849 [INFO]    Collecting v1 chr4_10000000_20000000, 2 candidate events found. Time cost 78s
2026-01-16 23:48:50,233 [INFO]    Collecting v1 chr2_120000000_130000000, 6 candidate events found. Time cost 153s
2026-01-16 23:48:52,710 [INFO]    Collecting v1 chr1_150000000_160000000, 8 candidate events found. Time cost 155s
2026-01-16 23:48:53,005 [INFO]    Collecting v1 chr4_60000000_70000000, 0 candidate events found. Time cost 72s
2026-01-16 23:48:53,077 [INFO]    Collecting v1 chr4_30000000_40000000, 0 candidate events found. Time cost 77s
2026-01-16 23:48:57,022 [INFO]    Collecting v1 chr1_140000000_150000000, 1 candidate events found. Time cost 160s
2026-01-16 23:48:57,513 [INFO]    Collecting v1 chr4_80000000_90000000, 0 candidate events found. Time cost 72s
2026-01-16 23:48:58,063 [INFO]    Collecting v1 chr4_70000000_80000000, 0 candidate events found. Time cost 73s
2026-01-16 23:49:00,886 [INFO]    Collecting v1 chr4_110000000_120000000, 1 candidate events found. Time cost 70s
2026-01-16 23:49:01,753 [INFO]    Collecting v1 chr4_100000000_110000000, 0 candidate events found. Time cost 72s
2026-01-16 23:49:03,151 [INFO]    Collecting v1 chr4_90000000_100000000, 0 candidate events found. Time cost 76s
2026-01-16 23:49:03,756 [INFO]    Collecting v1 chr4_130000000_140000000, 0 candidate events found. Time cost 71s
2026-01-16 23:49:04,562 [INFO]    Collecting v1 chr3_190000000_200000000, 12 candidate events found. Time cost 98s
2026-01-16 23:49:05,081 [INFO]    Collecting v1 chr4_160000000_170000000, 0 candidate events found. Time cost 70s
2026-01-16 23:49:07,976 [INFO]    Collecting v1 chr4_120000000_130000000, 0 candidate events found. Time cost 75s
2026-01-16 23:49:08,042 [INFO]    Collecting v1 chr4_170000000_180000000, 0 candidate events found. Time cost 72s
2026-01-16 23:49:09,645 [INFO]    Collecting v1 chr4_150000000_160000000, 0 candidate events found. Time cost 75s
2026-01-16 23:49:12,105 [INFO]    Collecting v1 chr5_30000000_40000000, 0 candidate events found. Time cost 71s
2026-01-16 23:49:12,227 [INFO]    Collecting v1 chr5_10000000_20000000, 1 candidate events found. Time cost 73s
2026-01-16 23:49:13,054 [INFO]    Collecting v1 chr5_60000000_70000000, 0 candidate events found. Time cost 69s
2026-01-16 23:49:13,404 [INFO]    Collecting v1 chr5_20000000_30000000, 0 candidate events found. Time cost 74s
2026-01-16 23:49:13,745 [INFO]    Collecting v1 chr6_170000000_180000000, 1 candidate events found. Time cost 16s
2026-01-16 23:49:14,124 [INFO]    Collecting v1 chr5_50000000_60000000, 0 candidate events found. Time cost 71s
2026-01-16 23:49:14,205 [INFO]    Collecting v1 chr4_140000000_150000000, 0 candidate events found. Time cost 80s
2026-01-16 23:49:16,020 [INFO]    Collecting v1 chr5_40000000_50000000, 0 candidate events found. Time cost 75s
2026-01-16 23:49:17,745 [INFO]    Collecting v1 chr5_0_10000000, 3 candidate events found. Time cost 78s
2026-01-16 23:49:20,125 [INFO]    Collecting v1 chr7_160000000_170000000, 0 candidate events found. Time cost 5s
2026-01-16 23:49:21,948 [INFO]    Collecting v1 chr4_0_10000000, 8 candidate events found. Time cost 111s
2026-01-16 23:49:25,083 [INFO]    Collecting v1 chr5_70000000_80000000, 1 candidate events found. Time cost 75s
2026-01-16 23:49:29,115 [INFO]    Collecting v1 chr5_80000000_90000000, 1 candidate events found. Time cost 72s
2026-01-16 23:49:32,006 [INFO]    Collecting v1 chr5_90000000_100000000, 0 candidate events found. Time cost 70s
2026-01-16 23:49:33,143 [INFO]    Collecting v1 chr5_100000000_110000000, 0 candidate events found. Time cost 71s
2026-01-16 23:49:37,318 [INFO]    Collecting v1 chr5_130000000_140000000, 0 candidate events found. Time cost 71s
2026-01-16 23:49:38,425 [INFO]    Collecting v1 chr5_160000000_170000000, 0 candidate events found. Time cost 70s
2026-01-16 23:49:38,582 [INFO]    Collecting v1 chr5_140000000_150000000, 0 candidate events found. Time cost 71s
2026-01-16 23:49:42,129 [INFO]    Collecting v1 chr2_230000000_240000000, 29 candidate events found. Time cost 205s
2026-01-16 23:49:42,662 [INFO]    Collecting v1 chr2_0_10000000, 26 candidate events found. Time cost 205s
2026-01-16 23:49:43,296 [INFO]    Collecting v1 chr5_150000000_160000000, 0 candidate events found. Time cost 75s
2026-01-16 23:49:43,718 [INFO]    Collecting v1 chr5_170000000_180000000, 0 candidate events found. Time cost 74s
2026-01-16 23:49:44,481 [INFO]    Collecting v1 chr1_110000000_120000000, 36 candidate events found. Time cost 207s
2026-01-16 23:49:44,486 [INFO]    Collecting v1 chr5_110000000_120000000, 3 candidate events found. Time cost 80s
2026-01-16 23:49:45,359 [INFO]    Collecting v1 chr4_180000000_190000000, 12 candidate events found. Time cost 109s
2026-01-16 23:49:45,751 [INFO]    Collecting v1 chr5_120000000_130000000, 0 candidate events found. Time cost 80s
2026-01-16 23:49:46,921 [INFO]    Collecting v1 chr6_30000000_40000000, 1 candidate events found. Time cost 69s
2026-01-16 23:49:48,140 [INFO]    Collecting v1 chr6_20000000_30000000, 0 candidate events found. Time cost 75s
2026-01-16 23:49:55,174 [INFO]    Collecting v1 chr6_50000000_60000000, 0 candidate events found. Time cost 73s
2026-01-16 23:49:57,072 [INFO]    Collecting v1 chr6_70000000_80000000, 0 candidate events found. Time cost 72s
2026-01-16 23:49:59,068 [INFO]    Collecting v1 chr6_10000000_20000000, 2 candidate events found. Time cost 87s
2026-01-16 23:50:00,679 [INFO]    Collecting v1 chr6_90000000_100000000, 0 candidate events found. Time cost 75s
2026-01-16 23:50:01,016 [INFO]    Collecting v1 chr6_40000000_50000000, 2 candidate events found. Time cost 82s
2026-01-16 23:50:01,375 [INFO]    Collecting v1 chr6_80000000_90000000, 0 candidate events found. Time cost 76s
2026-01-16 23:50:01,797 [INFO]    Collecting v1 chr6_120000000_130000000, 0 candidate events found. Time cost 71s
2026-01-16 23:50:02,982 [INFO]    Collecting v1 chr6_130000000_140000000, 0 candidate events found. Time cost 69s
2026-01-16 23:50:05,245 [INFO]    Collecting v1 chr6_110000000_120000000, 0 candidate events found. Time cost 75s
2026-01-16 23:50:05,916 [INFO]    Collecting v1 chr6_140000000_150000000, 2 candidate events found. Time cost 72s
2026-01-16 23:50:06,378 [INFO]    Collecting v1 chr6_100000000_110000000, 1 candidate events found. Time cost 76s
2026-01-16 23:50:06,587 [INFO]    Collecting v1 chr6_0_10000000, 5 candidate events found. Time cost 96s
2026-01-16 23:50:09,774 [INFO]    Collecting v1 chr7_60000000_70000000, 0 candidate events found. Time cost 64s
2026-01-16 23:50:11,272 [INFO]    Collecting v1 chr9_150000000_160000000, 0 candidate events found. Time cost 5s
2026-01-16 23:50:11,304 [INFO]    Collecting v1 chr6_150000000_160000000, 2 candidate events found. Time cost 78s
2026-01-16 23:50:12,137 [INFO]    Collecting v1 chr7_40000000_50000000, 0 candidate events found. Time cost 68s
2026-01-16 23:50:12,361 [INFO]    Collecting v1 chr7_10000000_20000000, 0 candidate events found. Time cost 71s
2026-01-16 23:50:17,354 [INFO]    Collecting v1 chr7_30000000_40000000, 0 candidate events found. Time cost 74s
2026-01-16 23:50:22,661 [INFO]    Collecting v1 chr7_50000000_60000000, 0 candidate events found. Time cost 78s
2026-01-16 23:50:24,065 [INFO]    Collecting v1 chr7_110000000_120000000, 0 candidate events found. Time cost 71s
2026-01-16 23:50:25,787 [INFO]    Collecting v1 chr7_120000000_130000000, 0 candidate events found. Time cost 72s
2026-01-16 23:50:26,049 [INFO]    Collecting v1 chr7_80000000_90000000, 0 candidate events found. Time cost 77s
2026-01-16 23:50:26,615 [INFO]    Collecting v1 chr7_70000000_80000000, 0 candidate events found. Time cost 78s
2026-01-16 23:50:28,820 [INFO]    Collecting v1 chr9_50000000_60000000, 0 candidate events found. Time cost 40s
2026-01-16 23:50:29,851 [INFO]    Collecting v1 chr7_0_10000000, 8 candidate events found. Time cost 91s
2026-01-16 23:50:30,888 [INFO]    Collecting v1 chr7_140000000_150000000, 1 candidate events found. Time cost 77s
2026-01-16 23:50:31,898 [INFO]    Collecting v1 chr7_100000000_110000000, 6 candidate events found. Time cost 79s
2026-01-16 23:50:33,243 [INFO]    Collecting v1 chr8_10000000_20000000, 0 candidate events found. Time cost 75s
2026-01-16 23:50:36,053 [INFO]    Collecting v1 chr9_60000000_70000000, 0 candidate events found. Time cost 40s
2026-01-16 23:50:36,113 [INFO]    Collecting v1 chr7_20000000_30000000, 6 candidate events found. Time cost 94s
2026-01-16 23:50:37,387 [INFO]    Collecting v1 chr8_30000000_40000000, 0 candidate events found. Time cost 75s
2026-01-16 23:50:37,586 [INFO]    Collecting v1 chr8_20000000_30000000, 1 candidate events found. Time cost 77s
2026-01-16 23:50:40,762 [INFO]    Collecting v1 chr8_0_10000000, 6 candidate events found. Time cost 84s
2026-01-16 23:50:44,542 [INFO]    Collecting v1 chr8_60000000_70000000, 0 candidate events found. Time cost 72s
2026-01-16 23:50:44,667 [INFO]    Collecting v1 chr8_40000000_50000000, 1 candidate events found. Time cost 79s
2026-01-16 23:50:45,053 [INFO]    Collecting v1 chr8_70000000_80000000, 0 candidate events found. Time cost 71s
2026-01-16 23:50:46,441 [INFO]    Collecting v1 chr8_50000000_60000000, 1 candidate events found. Time cost 77s
2026-01-16 23:50:49,453 [INFO]    Collecting v1 chr8_90000000_100000000, 0 candidate events found. Time cost 71s
2026-01-16 23:50:54,458 [INFO]    Collecting v1 chr7_90000000_100000000, 15 candidate events found. Time cost 104s
2026-01-16 23:50:55,638 [INFO]    Collecting v1 chr8_100000000_110000000, 0 candidate events found. Time cost 77s
2026-01-16 23:50:56,127 [INFO]    Collecting v1 chr8_110000000_120000000, 0 candidate events found. Time cost 73s
2026-01-16 23:50:56,174 [INFO]    Collecting v1 chr9_10000000_20000000, 0 candidate events found. Time cost 71s
2026-01-16 23:50:56,322 [INFO]    Collecting v1 chr7_150000000_160000000, 11 candidate events found. Time cost 102s
2026-01-16 23:50:56,702 [INFO]    Collecting v1 chr9_20000000_30000000, 1 candidate events found. Time cost 71s
2026-01-16 23:50:57,302 [INFO]    Collecting v1 chr8_80000000_90000000, 0 candidate events found. Time cost 79s
2026-01-16 23:50:58,401 [INFO]    Collecting v1 chr9_0_10000000, 0 candidate events found. Time cost 73s
2026-01-16 23:50:59,549 [INFO]    Collecting v1 chr8_120000000_130000000, 0 candidate events found. Time cost 76s
2026-01-16 23:50:59,550 [INFO]    Collecting v1 chr8_130000000_140000000, 0 candidate events found. Time cost 76s
2026-01-16 23:51:04,875 [INFO]    Collecting v1 chr6_60000000_70000000, 14 candidate events found. Time cost 140s
2026-01-16 23:51:06,015 [INFO]    Collecting v1 chr7_130000000_140000000, 9 candidate events found. Time cost 112s
2026-01-16 23:51:08,386 [INFO]    Collecting v1 chr9_30000000_40000000, 0 candidate events found. Time cost 82s
2026-01-16 23:51:13,195 [INFO]    Collecting v1 chr9_80000000_90000000, 0 candidate events found. Time cost 74s
2026-01-16 23:51:13,284 [INFO]    Collecting v1 chr9_70000000_80000000, 0 candidate events found. Time cost 76s
2026-01-16 23:51:13,934 [INFO]    Collecting v1 chr9_130000000_140000000, 0 candidate events found. Time cost 70s
2026-01-16 23:51:14,185 [INFO]    Collecting v1 chr9_120000000_130000000, 0 candidate events found. Time cost 72s
2026-01-16 23:51:14,636 [INFO]    Collecting v1 chr9_40000000_50000000, 0 candidate events found. Time cost 87s
2026-01-16 23:51:14,758 [INFO]    Collecting v1 chr9_100000000_110000000, 0 candidate events found. Time cost 73s
2026-01-16 23:51:15,693 [INFO]    Collecting v1 chr9_110000000_120000000, 0 candidate events found. Time cost 74s
2026-01-16 23:51:16,834 [INFO]    Collecting v1 chr9_90000000_100000000, 0 candidate events found. Time cost 76s
2026-01-16 23:51:21,867 [INFO]    Collecting v1 chr10_20000000_30000000, 0 candidate events found. Time cost 72s
2026-01-16 23:51:24,181 [INFO]    Collecting v1 chr10_0_10000000, 6 candidate events found. Time cost 77s
2026-01-16 23:51:25,031 [INFO]    Collecting v1 chr10_10000000_20000000, 2 candidate events found. Time cost 78s
2026-01-16 23:51:25,439 [INFO]    Collecting v1 chr10_30000000_40000000, 0 candidate events found. Time cost 74s
2026-01-16 23:51:25,730 [INFO]    Collecting v1 chr11_130000000_140000000, 0 candidate events found. Time cost 36s
2026-01-16 23:51:25,821 [INFO]    Collecting v1 chr10_60000000_70000000, 0 candidate events found. Time cost 73s
2026-01-16 23:51:25,976 [INFO]    Collecting v1 chr10_50000000_60000000, 0 candidate events found. Time cost 73s
2026-01-16 23:51:32,414 [INFO]    Collecting v1 chr10_70000000_80000000, 0 candidate events found. Time cost 75s
2026-01-16 23:51:32,544 [INFO]    Collecting v1 chr10_40000000_50000000, 1 candidate events found. Time cost 81s
2026-01-16 23:51:35,205 [INFO]    Collecting v1 chr10_90000000_100000000, 0 candidate events found. Time cost 71s
2026-01-16 23:51:35,425 [INFO]    Collecting v1 chr8_140000000_150000000, 23 candidate events found. Time cost 111s
2026-01-16 23:51:37,475 [INFO]    Collecting v1 chr13_110000000_120000000, 0 candidate events found. Time cost 11s
2026-01-16 23:51:39,598 [INFO]    Collecting v1 chr10_100000000_110000000, 0 candidate events found. Time cost 73s
2026-01-16 23:51:42,291 [INFO]    Collecting v1 chr10_80000000_90000000, 1 candidate events found. Time cost 79s
2026-01-16 23:51:42,506 [INFO]    Collecting v1 chr6_160000000_170000000, 20 candidate events found. Time cost 165s
2026-01-16 23:51:42,536 [INFO]    Collecting v1 chr10_110000000_120000000, 0 candidate events found. Time cost 76s
2026-01-16 23:51:45,415 [INFO]    Collecting v1 chr11_30000000_40000000, 0 candidate events found. Time cost 72s
2026-01-16 23:51:46,033 [INFO]    Collecting v1 chr11_20000000_30000000, 0 candidate events found. Time cost 74s
2026-01-16 23:51:47,068 [INFO]    Collecting v1 chr11_10000000_20000000, 3 candidate events found. Time cost 76s
2026-01-16 23:51:50,214 [INFO]    Collecting v1 chr13_30000000_40000000, 0 candidate events found. Time cost 35s
2026-01-16 23:51:51,692 [INFO]    Collecting v1 chr13_40000000_50000000, 0 candidate events found. Time cost 36s
2026-01-16 23:51:52,589 [INFO]    Collecting v1 chr13_50000000_60000000, 0 candidate events found. Time cost 36s
2026-01-16 23:51:53,169 [INFO]    Collecting v1 chr13_20000000_30000000, 1 candidate events found. Time cost 38s
2026-01-16 23:51:54,435 [INFO]    Collecting v1 chr13_60000000_70000000, 0 candidate events found. Time cost 37s
2026-01-16 23:51:54,917 [INFO]    Collecting v1 chr12_130000000_140000000, 3 candidate events found. Time cost 41s
2026-01-16 23:51:54,947 [INFO]    Collecting v1 chr11_80000000_90000000, 0 candidate events found. Time cost 74s
2026-01-16 23:51:55,044 [INFO]    Collecting v1 chr11_40000000_50000000, 0 candidate events found. Time cost 78s
2026-01-16 23:51:55,676 [INFO]    Collecting v1 chr11_90000000_100000000, 0 candidate events found. Time cost 71s
2026-01-16 23:51:55,683 [INFO]    Collecting v1 chr11_50000000_60000000, 0 candidate events found. Time cost 79s
2026-01-16 23:51:57,640 [INFO]    Collecting v1 chr14_100000000_110000000, 5 candidate events found. Time cost 14s
2026-01-16 23:51:57,645 [INFO]    Collecting v1 chr11_100000000_110000000, 0 candidate events found. Time cost 72s
2026-01-16 23:51:58,341 [INFO]    Collecting v1 chr11_0_10000000, 5 candidate events found. Time cost 88s
2026-01-16 23:51:58,619 [INFO]    Collecting v1 chr13_70000000_80000000, 0 candidate events found. Time cost 36s
2026-01-16 23:51:59,480 [INFO]    Collecting v1 chr11_120000000_130000000, 1 candidate events found. Time cost 72s
2026-01-16 23:52:00,562 [INFO]    Collecting v1 chr13_100000000_110000000, 0 candidate events found. Time cost 35s
2026-01-16 23:52:01,243 [INFO]    Collecting v1 chr13_80000000_90000000, 0 candidate events found. Time cost 36s
2026-01-16 23:52:01,808 [INFO]    Collecting v1 chr11_110000000_120000000, 1 candidate events found. Time cost 76s
2026-01-16 23:52:02,413 [INFO]    Collecting v1 chr13_90000000_100000000, 1 candidate events found. Time cost 37s
2026-01-16 23:52:04,092 [INFO]    Collecting v1 chr13_0_10000000, 0 candidate events found. Time cost 50s
2026-01-16 23:52:07,118 [INFO]    Collecting v1 chr10_120000000_130000000, 13 candidate events found. Time cost 100s
2026-01-16 23:52:09,495 [INFO]    Collecting v1 chr12_50000000_60000000, 0 candidate events found. Time cost 72s
2026-01-16 23:52:10,517 [INFO]    Collecting v1 chr12_70000000_80000000, 0 candidate events found. Time cost 72s
2026-01-16 23:52:11,080 [INFO]    Collecting v1 chr12_40000000_50000000, 0 candidate events found. Time cost 74s
2026-01-16 23:52:11,583 [INFO]    Collecting v1 chr12_30000000_40000000, 0 candidate events found. Time cost 75s
2026-01-16 23:52:12,000 [INFO]    Collecting v1 chr12_20000000_30000000, 0 candidate events found. Time cost 75s
2026-01-16 23:52:12,233 [INFO]    Collecting v1 chr12_10000000_20000000, 0 candidate events found. Time cost 76s
2026-01-16 23:52:13,523 [INFO]    Collecting v1 chr12_60000000_70000000, 0 candidate events found. Time cost 76s
2026-01-16 23:52:13,879 [INFO]    Collecting v1 chr12_0_10000000, 2 candidate events found. Time cost 79s
2026-01-16 23:52:14,866 [INFO]    Collecting v1 chr12_80000000_90000000, 0 candidate events found. Time cost 75s
2026-01-16 23:52:17,340 [INFO]    Collecting v1 chr11_70000000_80000000, 8 candidate events found. Time cost 99s
2026-01-16 23:52:17,467 [INFO]    Collecting v1 chr13_10000000_20000000, 5 candidate events found. Time cost 63s
2026-01-16 23:52:17,468 [INFO]    Collecting v1 chr12_90000000_100000000, 0 candidate events found. Time cost 77s
2026-01-16 23:52:17,750 [INFO]    Collecting v1 chr12_100000000_110000000, 0 candidate events found. Time cost 72s
2026-01-16 23:52:17,793 [INFO]    Collecting v1 chr12_110000000_120000000, 0 candidate events found. Time cost 71s
2026-01-16 23:52:22,570 [INFO]    Collecting v1 chr18_80000000_90000000, 0 candidate events found. Time cost 4s
2026-01-16 23:52:24,042 [INFO]    Collecting v1 chr11_60000000_70000000, 5 candidate events found. Time cost 106s
2026-01-16 23:52:25,543 [INFO]    Collecting v1 chr17_0_10000000, 1 candidate events found. Time cost 23s
2026-01-16 23:52:37,057 [INFO]    Collecting v1 chr17_10000000_20000000, 1 candidate events found. Time cost 34s
2026-01-16 23:52:37,487 [INFO]    Collecting v1 chr14_10000000_20000000, 2 candidate events found. Time cost 71s
2026-01-16 23:52:45,769 [INFO]    Collecting v1 chr9_140000000_150000000, 37 candidate events found. Time cost 160s
2026-01-16 23:52:46,184 [INFO]    Collecting v1 chr14_30000000_40000000, 0 candidate events found. Time cost 73s
2026-01-16 23:52:47,952 [INFO]    Collecting v1 chr14_20000000_30000000, 0 candidate events found. Time cost 75s
2026-01-16 23:52:49,102 [INFO]    Collecting v1 chr14_40000000_50000000, 0 candidate events found. Time cost 73s
2026-01-16 23:52:51,335 [INFO]    Collecting v1 chr14_70000000_80000000, 0 candidate events found. Time cost 71s
2026-01-16 23:52:53,929 [INFO]    Collecting v1 chr14_50000000_60000000, 0 candidate events found. Time cost 78s
2026-01-16 23:52:58,078 [INFO]    Collecting v1 chr16_90000000_100000000, 7 candidate events found. Time cost 56s
2026-01-16 23:52:58,221 [INFO]    Collecting v1 chr14_60000000_70000000, 2 candidate events found. Time cost 80s
2026-01-16 23:52:59,265 [INFO]    Collecting v1 chr14_80000000_90000000, 0 candidate events found. Time cost 76s
2026-01-16 23:53:01,871 [INFO]    Collecting v1 chr14_0_10000000, 0 candidate events found. Time cost 96s
2026-01-16 23:53:02,130 [INFO]    Collecting v1 chr15_0_10000000, 0 candidate events found. Time cost 76s
2026-01-16 23:53:02,186 [INFO]    Collecting v1 chr16_40000000_50000000, 0 candidate events found. Time cost 64s
2026-01-16 23:53:02,672 [INFO]    Collecting v1 chr15_30000000_40000000, 1 candidate events found. Time cost 72s
2026-01-16 23:53:03,510 [INFO]    Collecting v1 chr15_10000000_20000000, 1 candidate events found. Time cost 77s
2026-01-16 23:53:03,698 [INFO]    Collecting v1 chr15_20000000_30000000, 1 candidate events found. Time cost 76s
2026-01-16 23:53:04,943 [INFO]    Collecting v1 chr17_20000000_30000000, 0 candidate events found. Time cost 60s
2026-01-16 23:53:07,475 [INFO]    Collecting v1 chr15_80000000_90000000, 0 candidate events found. Time cost 72s
2026-01-16 23:53:08,959 [INFO]    Collecting v1 chr15_50000000_60000000, 0 candidate events found. Time cost 76s
2026-01-16 23:53:09,065 [INFO]    Collecting v1 chr15_90000000_100000000, 1 candidate events found. Time cost 74s
2026-01-16 23:53:10,037 [INFO]    Collecting v1 chr15_70000000_80000000, 1 candidate events found. Time cost 75s
2026-01-16 23:53:10,629 [INFO]    Collecting v1 chr16_50000000_60000000, 0 candidate events found. Time cost 72s
2026-01-16 23:53:11,243 [INFO]    Collecting v1 chr15_40000000_50000000, 1 candidate events found. Time cost 79s
2026-01-16 23:53:11,720 [INFO]    Collecting v1 chr16_10000000_20000000, 0 candidate events found. Time cost 76s
2026-01-16 23:53:12,285 [INFO]    Collecting v1 chr16_70000000_80000000, 0 candidate events found. Time cost 72s
2026-01-16 23:53:12,752 [INFO]    Collecting v1 chr16_80000000_90000000, 0 candidate events found. Time cost 72s
2026-01-16 23:53:12,787 [INFO]    Collecting v1 chr16_30000000_40000000, 0 candidate events found. Time cost 75s
2026-01-16 23:53:13,935 [INFO]    Collecting v1 chr16_60000000_70000000, 2 candidate events found. Time cost 75s
2026-01-16 23:53:15,274 [INFO]    Collecting v1 chr16_20000000_30000000, 0 candidate events found. Time cost 79s
2026-01-16 23:53:16,791 [INFO]    Collecting v1 chr14_90000000_100000000, 6 candidate events found. Time cost 94s
2026-01-16 23:53:17,986 [INFO]    Collecting v1 chr19_60000000_70000000, 4 candidate events found. Time cost 31s
2026-01-16 23:53:20,268 [INFO]    Collecting v1 chr17_40000000_50000000, 0 candidate events found. Time cost 70s
2026-01-16 23:53:23,285 [INFO]    Collecting v1 chr17_70000000_80000000, 0 candidate events found. Time cost 71s
2026-01-16 23:53:24,050 [INFO]    Collecting v1 chr17_60000000_70000000, 0 candidate events found. Time cost 72s
2026-01-16 23:53:24,626 [INFO]    Collecting v1 chr17_50000000_60000000, 1 candidate events found. Time cost 74s
2026-01-16 23:53:25,312 [INFO]    Collecting v1 chr17_30000000_40000000, 2 candidate events found. Time cost 77s
2026-01-16 23:53:29,862 [INFO]    Collecting v1 chr18_30000000_40000000, 0 candidate events found. Time cost 74s
2026-01-16 23:53:30,374 [INFO]    Collecting v1 chr18_60000000_70000000, 0 candidate events found. Time cost 72s
2026-01-16 23:53:30,670 [INFO]    Collecting v1 chr22_50000000_60000000, 3 candidate events found. Time cost 20s
2026-01-16 23:53:30,988 [INFO]    Collecting v1 chr18_10000000_20000000, 2 candidate events found. Time cost 77s
2026-01-16 23:53:31,273 [INFO]    Collecting v1 chr17_80000000_90000000, 21 candidate events found. Time cost 79s
2026-01-16 23:53:32,083 [INFO]    Collecting v1 chr18_50000000_60000000, 0 candidate events found. Time cost 74s
2026-01-16 23:53:34,360 [INFO]    Collecting v1 chr18_20000000_30000000, 1 candidate events found. Time cost 80s
2026-01-16 23:53:36,041 [INFO]    Collecting v1 chr18_40000000_50000000, 1 candidate events found. Time cost 78s
2026-01-16 23:53:37,018 [INFO]    Collecting v1 chr16_0_10000000, 17 candidate events found. Time cost 101s
2026-01-16 23:53:37,657 [INFO]    Collecting v1 chr15_60000000_70000000, 6 candidate events found. Time cost 104s
2026-01-16 23:53:37,743 [INFO]    Collecting v1 chr19_0_10000000, 1 candidate events found. Time cost 75s
2026-01-16 23:53:37,886 [INFO]    Collecting v1 chrM_0_10000000, 0 candidate events found. Time cost 0s
2026-01-16 23:53:40,824 [INFO]    Collecting v1 chr18_0_10000000, 6 candidate events found. Time cost 88s
2026-01-16 23:53:48,732 [INFO]    Collecting v1 chr18_70000000_80000000, 10 candidate events found. Time cost 90s
2026-01-16 23:53:49,968 [INFO]    Collecting v1 chr19_30000000_40000000, 1 candidate events found. Time cost 72s
2026-01-16 23:53:52,622 [INFO]    Collecting v1 chrY_60000000_70000000, 0 candidate events found. Time cost 16s
2026-01-16 23:53:52,853 [INFO]    Collecting v1 chr19_40000000_50000000, 1 candidate events found. Time cost 75s
2026-01-16 23:53:55,161 [INFO]    Collecting v1 chr20_10000000_20000000, 0 candidate events found. Time cost 66s
2026-01-16 23:54:01,347 [INFO]    Collecting v1 chr19_50000000_60000000, 0 candidate events found. Time cost 75s
2026-01-16 23:54:02,972 [INFO]    Collecting v1 chr19_20000000_30000000, 11 candidate events found. Time cost 97s
2026-01-16 23:54:07,103 [INFO]    Collecting v1 chr20_40000000_50000000, 0 candidate events found. Time cost 68s
2026-01-16 23:54:07,493 [INFO]    Collecting v1 chrX_150000000_160000000, 1 candidate events found. Time cost 37s
2026-01-16 23:54:07,581 [INFO]    Collecting v1 chr20_60000000_70000000, 10 candidate events found. Time cost 68s
2026-01-16 23:54:07,690 [INFO]    Collecting v1 chr21_30000000_40000000, 2 candidate events found. Time cost 64s
2026-01-16 23:54:08,537 [INFO]    Collecting v1 chr20_0_10000000, 4 candidate events found. Time cost 80s
2026-01-16 23:54:08,653 [INFO]    Collecting v1 chr20_20000000_30000000, 0 candidate events found. Time cost 77s
2026-01-16 23:54:09,758 [INFO]    Collecting v1 chr20_50000000_60000000, 7 candidate events found. Time cost 71s
2026-01-16 23:54:11,131 [INFO]    Collecting v1 chr21_20000000_30000000, 0 candidate events found. Time cost 68s
2026-01-16 23:54:11,748 [INFO]    Collecting v1 chr21_10000000_20000000, 0 candidate events found. Time cost 69s
2026-01-16 23:54:11,827 [INFO]    Collecting v1 chr22_20000000_30000000, 0 candidate events found. Time cost 64s
2026-01-16 23:54:13,618 [INFO]    Collecting v1 chr19_10000000_20000000, 9 candidate events found. Time cost 109s
2026-01-16 23:54:13,619 [INFO]    Collecting v1 chr20_30000000_40000000, 2 candidate events found. Time cost 79s
2026-01-16 23:54:15,017 [INFO]    Collecting v1 chrX_50000000_60000000, 0 candidate events found. Time cost 62s
2026-01-16 23:54:15,030 [INFO]    Collecting v1 chr21_0_10000000, 0 candidate events found. Time cost 73s
2026-01-16 23:54:16,158 [INFO]    Collecting v1 chrY_0_10000000, 0 candidate events found. Time cost 45s
2026-01-16 23:54:16,801 [INFO]    Collecting v1 chr22_10000000_20000000, 0 candidate events found. Time cost 71s
2026-01-16 23:54:16,929 [INFO]    Collecting v1 chrX_20000000_30000000, 0 candidate events found. Time cost 65s
2026-01-16 23:54:17,150 [INFO]    Collecting v1 chrX_10000000_20000000, 0 candidate events found. Time cost 65s
2026-01-16 23:54:17,240 [INFO]    Collecting v1 chrX_30000000_40000000, 2 candidate events found. Time cost 64s
2026-01-16 23:54:17,539 [INFO]    Collecting v1 chrY_50000000_60000000, 0 candidate events found. Time cost 43s
2026-01-16 23:54:18,099 [INFO]    Collecting v1 chrX_80000000_90000000, 0 candidate events found. Time cost 60s
2026-01-16 23:54:18,355 [INFO]    Collecting v1 chrX_60000000_70000000, 0 candidate events found. Time cost 64s
2026-01-16 23:54:18,662 [INFO]    Collecting v1 chrX_90000000_100000000, 0 candidate events found. Time cost 60s
2026-01-16 23:54:19,161 [INFO]    Collecting v1 chrX_40000000_50000000, 0 candidate events found. Time cost 66s
2026-01-16 23:54:20,012 [INFO]    Collecting v1 chrX_70000000_80000000, 0 candidate events found. Time cost 64s
2026-01-16 23:54:20,238 [INFO]    Collecting v1 chrY_40000000_50000000, 0 candidate events found. Time cost 48s
2026-01-16 23:54:20,256 [INFO]    Collecting v1 chrY_20000000_30000000, 0 candidate events found. Time cost 49s
2026-01-16 23:54:21,145 [INFO]    Collecting v1 chrY_30000000_40000000, 0 candidate events found. Time cost 49s
2026-01-16 23:54:21,707 [INFO]    Collecting v1 chrX_110000000_120000000, 0 candidate events found. Time cost 58s
2026-01-16 23:54:22,947 [INFO]    Collecting v1 chr22_0_10000000, 0 candidate events found. Time cost 79s
2026-01-16 23:54:23,279 [INFO]    Collecting v1 chrX_120000000_130000000, 0 candidate events found. Time cost 59s
2026-01-16 23:54:23,438 [INFO]    Collecting v1 chrX_100000000_110000000, 0 candidate events found. Time cost 63s
2026-01-16 23:54:23,801 [INFO]    Collecting v1 chr22_30000000_40000000, 6 candidate events found. Time cost 74s
2026-01-16 23:54:23,897 [INFO]    Collecting v1 chrX_130000000_140000000, 0 candidate events found. Time cost 59s
2026-01-16 23:54:24,444 [INFO]    Collecting v1 chr21_40000000_50000000, 18 candidate events found. Time cost 80s
2026-01-16 23:54:25,011 [INFO]    Collecting v1 chr22_40000000_50000000, 7 candidate events found. Time cost 75s
2026-01-16 23:54:26,324 [INFO]    Collecting v1 chrX_140000000_150000000, 0 candidate events found. Time cost 60s
2026-01-16 23:54:29,858 [INFO]    Collecting v1 chrY_10000000_20000000, 0 candidate events found. Time cost 58s
2026-01-16 23:54:38,626 [INFO]    Collecting v1 chr10_130000000_140000000, 25 candidate events found. Time cost 249s
2026-01-16 23:54:52,383 [INFO]    Collecting v1 chrX_0_10000000, 19 candidate events found. Time cost 101s
2026-01-16 23:56:08,011 [INFO]    Collecting v1 chr12_120000000_130000000, 26 candidate events found. Time cost 299s
2026-01-16 23:56:08,141 [INFO]    Collecting Time Cost 591s
2026-01-16 23:56:08,141 [INFO]    ****************** Step2 lite-Unet predicting **************************
2026-01-16 23:56:08,217 [INFO]    Predicting v1 chr1_70000000_80000000, 0 events pass lite-Unet module. Time cost: 0s
2026-01-16 23:56:08,217 [INFO]    Predicting v1 chr1_40000000_50000000, 0 events pass lite-Unet module. Time cost: 0s
2026-01-16 23:56:08,217 [INFO]    Predicting v1 chr1_160000000_170000000, 0 events pass lite-Unet module. Time cost: 0s
2026-01-16 23:56:08,217 [INFO]    Predicting v1 chr1_50000000_60000000, 0 events pass lite-Unet module. Time cost: 0s
2026-01-16 23:56:08,218 [INFO]    Predicting v1 chr1_60000000_70000000, 0 events pass lite-Unet module. Time cost: 0s
2026-01-16 23:56:08,218 [INFO]    Predicting v1 chr1_210000000_220000000, 0 events pass lite-Unet module. Time cost: 0s
2026-01-16 23:56:08,218 [INFO]    Predicting v1 chr1_130000000_140000000, 0 events pass lite-Unet module. Time cost: 0s
2026-01-16 23:56:08,218 [INFO]    Predicting v1 chr1_20000000_30000000, 0 events pass lite-Unet module. Time cost: 0s
2026-01-16 23:56:08,218 [INFO]    Predicting v1 chr1_220000000_230000000, 0 events pass lite-Unet module. Time cost: 0s
2026-01-16 23:56:08,218 [INFO]    Predicting v1 chr1_80000000_90000000, 0 events pass lite-Unet module. Time cost: 0s
2026-01-16 23:56:08,218 [INFO]    Predicting v1 chr1_100000000_110000000, 0 events pass lite-Unet module. Time cost: 0s
2026-01-16 23:56:08,218 [INFO]    Predicting v1 chr1_120000000_130000000, 0 events pass lite-Unet module. Time cost: 0s
2026-01-16 23:56:08,218 [INFO]    Predicting v1 chr1_180000000_190000000, 0 events pass lite-Unet module. Time cost: 0s
2026-01-16 23:56:08,218 [INFO]    Predicting v1 chr1_10000000_20000000, 0 events pass lite-Unet module. Time cost: 0s
2026-01-16 23:56:08,218 [INFO]    Predicting v1 chr1_240000000_250000000, 0 events pass lite-Unet module. Time cost: 0s
2026-01-16 23:56:08,218 [INFO]    Predicting v1 chr1_90000000_100000000, 0 events pass lite-Unet module. Time cost: 0s
2026-01-16 23:56:08,218 [INFO]    Predicting v1 chr1_30000000_40000000, 0 events pass lite-Unet module. Time cost: 0s
2026-01-16 23:56:08,219 [INFO]    Predicting v1 chr1_190000000_200000000, 0 events pass lite-Unet module. Time cost: 0s
2026-01-16 23:56:08,219 [INFO]    Predicting v1 chr1_170000000_180000000, 0 events pass lite-Unet module. Time cost: 0s
2026-01-16 23:56:08,221 [INFO]    Predicting v1 chr2_20000000_30000000, 0 events pass lite-Unet module. Time cost: 0s
2026-01-16 23:56:08,221 [INFO]    Predicting v1 chr2_30000000_40000000, 0 events pass lite-Unet module. Time cost: 0s
2026-01-16 23:56:08,221 [INFO]    Predicting v1 chr2_10000000_20000000, 0 events pass lite-Unet module. Time cost: 0s
2026-01-16 23:56:08,222 [INFO]    Predicting v1 chr2_50000000_60000000, 0 events pass lite-Unet module. Time cost: 0s
2026-01-16 23:56:08,222 [INFO]    Predicting v1 chr2_150000000_160000000, 0 events pass lite-Unet module. Time cost: 0s
2026-01-16 23:56:08,223 [INFO]    Predicting v1 chr2_70000000_80000000, 0 events pass lite-Unet module. Time cost: 0s
2026-01-16 23:56:08,223 [INFO]    Predicting v1 chr2_40000000_50000000, 0 events pass lite-Unet module. Time cost: 0s
2026-01-16 23:56:08,223 [INFO]    Predicting v1 chr2_130000000_140000000, 0 events pass lite-Unet module. Time cost: 0s
2026-01-16 23:56:08,224 [INFO]    Predicting v1 chr2_200000000_210000000, 0 events pass lite-Unet module. Time cost: 0s
2026-01-16 23:56:08,224 [INFO]    Predicting v1 chr2_210000000_220000000, 0 events pass lite-Unet module. Time cost: 0s
2026-01-16 23:56:08,226 [INFO]    Predicting v1 chr2_220000000_230000000, 0 events pass lite-Unet module. Time cost: 0s
2026-01-16 23:56:08,227 [INFO]    Predicting v1 chr3_20000000_30000000, 0 events pass lite-Unet module. Time cost: 0s
2026-01-16 23:56:08,228 [INFO]    Predicting v1 chr2_80000000_90000000, 0 events pass lite-Unet module. Time cost: 0s
2026-01-16 23:56:08,230 [INFO]    Predicting v1 chr3_60000000_70000000, 0 events pass lite-Unet module. Time cost: 0s
2026-01-16 23:56:08,233 [INFO]    Predicting v1 chr3_80000000_90000000, 0 events pass lite-Unet module. Time cost: 0s
2026-01-16 23:56:08,236 [INFO]    Predicting v1 chr3_90000000_100000000, 0 events pass lite-Unet module. Time cost: 0s
2026-01-16 23:56:08,264 [INFO]    Predicting v1 chr3_100000000_110000000, 0 events pass lite-Unet module. Time cost: 0s
2026-01-16 23:56:09,413 [INFO]    Predicting v1 chr2_160000000_170000000, 1 events pass lite-Unet module. Time cost: 1s
2026-01-16 23:56:09,423 [INFO]    Predicting v1 chr3_120000000_130000000, 0 events pass lite-Unet module. Time cost: 0s
2026-01-16 23:56:09,426 [INFO]    Predicting v1 chr3_130000000_140000000, 0 events pass lite-Unet module. Time cost: 0s
2026-01-16 23:56:09,427 [INFO]    Predicting v1 chr3_110000000_120000000, 1 events pass lite-Unet module. Time cost: 1s
2026-01-16 23:56:09,431 [INFO]    Predicting v1 chr3_150000000_160000000, 0 events pass lite-Unet module. Time cost: 0s
2026-01-16 23:56:09,431 [INFO]    Predicting v1 chr3_140000000_150000000, 0 events pass lite-Unet module. Time cost: 0s
2026-01-16 23:56:09,434 [INFO]    Predicting v1 chr3_160000000_170000000, 0 events pass lite-Unet module. Time cost: 0s
2026-01-16 23:56:09,448 [INFO]    Predicting v1 chr3_170000000_180000000, 0 events pass lite-Unet module. Time cost: 0s
2026-01-16 23:56:09,567 [INFO]    Predicting v1 chr2_180000000_190000000, 1 events pass lite-Unet module. Time cost: 1s
2026-01-16 23:56:09,575 [INFO]    Predicting v1 chr3_200000000_210000000, 0 events pass lite-Unet module. Time cost: 0s
2026-01-16 23:56:09,578 [INFO]    Predicting v1 chr2_190000000_200000000, 1 events pass lite-Unet module. Time cost: 1s
2026-01-16 23:56:09,607 [INFO]    Predicting v1 chr2_230000000_240000000, 29 events pass lite-Unet module. Time cost: 1s
2026-01-16 23:56:09,622 [INFO]    Predicting v1 chr4_20000000_30000000, 0 events pass lite-Unet module. Time cost: 0s
2026-01-16 23:56:09,627 [INFO]    Predicting v1 chr4_30000000_40000000, 0 events pass lite-Unet module. Time cost: 0s
2026-01-16 23:56:09,633 [INFO]    Predicting v1 chr4_40000000_50000000, 0 events pass lite-Unet module. Time cost: 0s
2026-01-16 23:56:09,640 [INFO]    Predicting v1 chr4_50000000_60000000, 0 events pass lite-Unet module. Time cost: 0s
2026-01-16 23:56:09,646 [INFO]    Predicting v1 chr4_60000000_70000000, 0 events pass lite-Unet module. Time cost: 0s
2026-01-16 23:56:09,652 [INFO]    Predicting v1 chr4_70000000_80000000, 0 events pass lite-Unet module. Time cost: 0s
2026-01-16 23:56:09,658 [INFO]    Predicting v1 chr4_80000000_90000000, 0 events pass lite-Unet module. Time cost: 0s
2026-01-16 23:56:09,664 [INFO]    Predicting v1 chr4_90000000_100000000, 0 events pass lite-Unet module. Time cost: 0s
2026-01-16 23:56:09,670 [INFO]    Predicting v1 chr4_100000000_110000000, 0 events pass lite-Unet module. Time cost: 0s
2026-01-16 23:56:09,672 [INFO]    Predicting v1 chr2_140000000_150000000, 1 events pass lite-Unet module. Time cost: 1s
2026-01-16 23:56:09,678 [INFO]    Predicting v1 chr4_120000000_130000000, 0 events pass lite-Unet module. Time cost: 0s
2026-01-16 23:56:09,696 [INFO]    Predicting v1 chr4_130000000_140000000, 0 events pass lite-Unet module. Time cost: 0s
2026-01-16 23:56:09,704 [INFO]    Predicting v1 chr4_140000000_150000000, 0 events pass lite-Unet module. Time cost: 0s
2026-01-16 23:56:09,719 [INFO]    Predicting v1 chr4_150000000_160000000, 0 events pass lite-Unet module. Time cost: 0s
2026-01-16 23:56:09,725 [INFO]    Predicting v1 chr4_160000000_170000000, 0 events pass lite-Unet module. Time cost: 0s
2026-01-16 23:56:09,730 [INFO]    Predicting v1 chr4_170000000_180000000, 0 events pass lite-Unet module. Time cost: 0s
2026-01-16 23:56:09,936 [INFO]    Predicting v1 chr3_180000000_190000000, 1 events pass lite-Unet module. Time cost: 0s
2026-01-16 23:56:09,942 [INFO]    Predicting v1 chr4_190000000_200000000, 0 events pass lite-Unet module. Time cost: 0s
2026-01-16 23:56:09,952 [INFO]    Predicting v1 chr1_140000000_150000000, 1 events pass lite-Unet module. Time cost: 1s
2026-01-16 23:56:09,954 [INFO]    Predicting v1 chr3_70000000_80000000, 1 events pass lite-Unet module. Time cost: 1s
2026-01-16 23:56:09,985 [INFO]    Predicting v1 chr5_20000000_30000000, 0 events pass lite-Unet module. Time cost: 0s
2026-01-16 23:56:09,997 [INFO]    Predicting v1 chr5_30000000_40000000, 0 events pass lite-Unet module. Time cost: 0s
2026-01-16 23:56:09,997 [INFO]    Predicting v1 chr2_60000000_70000000, 1 events pass lite-Unet module. Time cost: 1s
2026-01-16 23:56:10,005 [INFO]    Predicting v1 chr2_100000000_110000000, 1 events pass lite-Unet module. Time cost: 1s
2026-01-16 23:56:10,007 [INFO]    Predicting v1 chr5_40000000_50000000, 0 events pass lite-Unet module. Time cost: 0s
2026-01-16 23:56:10,027 [INFO]    Predicting v1 chr5_50000000_60000000, 0 events pass lite-Unet module. Time cost: 0s
2026-01-16 23:56:10,029 [INFO]    Predicting v1 chr5_60000000_70000000, 0 events pass lite-Unet module. Time cost: 0s
2026-01-16 23:56:10,053 [INFO]    Predicting v1 chr5_90000000_100000000, 0 events pass lite-Unet module. Time cost: 0s
2026-01-16 23:56:10,065 [INFO]    Predicting v1 chr3_50000000_60000000, 2 events pass lite-Unet module. Time cost: 1s
2026-01-16 23:56:10,069 [INFO]    Predicting v1 chr5_100000000_110000000, 0 events pass lite-Unet module. Time cost: 0s
2026-01-16 23:56:10,076 [INFO]    Predicting v1 chr5_120000000_130000000, 0 events pass lite-Unet module. Time cost: 0s
2026-01-16 23:56:10,082 [INFO]    Predicting v1 chr5_130000000_140000000, 0 events pass lite-Unet module. Time cost: 0s
2026-01-16 23:56:10,087 [INFO]    Predicting v1 chr5_140000000_150000000, 0 events pass lite-Unet module. Time cost: 0s
2026-01-16 23:56:10,092 [INFO]    Predicting v1 chr5_150000000_160000000, 0 events pass lite-Unet module. Time cost: 0s
2026-01-16 23:56:10,098 [INFO]    Predicting v1 chr5_160000000_170000000, 0 events pass lite-Unet module. Time cost: 0s
2026-01-16 23:56:10,103 [INFO]    Predicting v1 chr5_170000000_180000000, 0 events pass lite-Unet module. Time cost: 0s
2026-01-16 23:56:10,111 [INFO]    Predicting v1 chr5_180000000_190000000, 0 events pass lite-Unet module. Time cost: 0s
2026-01-16 23:56:10,157 [INFO]    Predicting v1 chr4_110000000_120000000, 1 events pass lite-Unet module. Time cost: 0s
2026-01-16 23:56:10,498 [INFO]    Predicting v1 chr1_200000000_210000000, 2 events pass lite-Unet module. Time cost: 2s
2026-01-16 23:56:10,525 [INFO]    Predicting v1 chr6_20000000_30000000, 0 events pass lite-Unet module. Time cost: 0s
2026-01-16 23:56:10,555 [INFO]    Predicting v1 chr4_10000000_20000000, 2 events pass lite-Unet module. Time cost: 0s
2026-01-16 23:56:10,719 [INFO]    Predicting v1 chr3_40000000_50000000, 5 events pass lite-Unet module. Time cost: 2s
2026-01-16 23:56:10,724 [INFO]    Predicting v1 chr6_50000000_60000000, 0 events pass lite-Unet module. Time cost: 0s
2026-01-16 23:56:10,803 [INFO]    Predicting v1 chr1_230000000_240000000, 3 events pass lite-Unet module. Time cost: 2s
2026-01-16 23:56:10,809 [INFO]    Predicting v1 chr6_70000000_80000000, 0 events pass lite-Unet module. Time cost: 0s
2026-01-16 23:56:10,812 [INFO]    Predicting v1 chr6_80000000_90000000, 0 events pass lite-Unet module. Time cost: 0s
2026-01-16 23:56:10,817 [INFO]    Predicting v1 chr6_90000000_100000000, 0 events pass lite-Unet module. Time cost: 0s
2026-01-16 23:56:10,961 [INFO]    Predicting v1 chr3_0_10000000, 2 events pass lite-Unet module. Time cost: 2s
2026-01-16 23:56:10,972 [INFO]    Predicting v1 chr6_110000000_120000000, 0 events pass lite-Unet module. Time cost: 0s
2026-01-16 23:56:10,978 [INFO]    Predicting v1 chr6_120000000_130000000, 0 events pass lite-Unet module. Time cost: 0s
2026-01-16 23:56:10,986 [INFO]    Predicting v1 chr5_10000000_20000000, 1 events pass lite-Unet module. Time cost: 1s
2026-01-16 23:56:10,987 [INFO]    Predicting v1 chr6_130000000_140000000, 0 events pass lite-Unet module. Time cost: 0s
2026-01-16 23:56:10,995 [INFO]    Predicting v1 chr6_140000000_150000000, 2 events pass lite-Unet module. Time cost: 0s
2026-01-16 23:56:10,998 [INFO]    Predicting v1 chr3_30000000_40000000, 4 events pass lite-Unet module. Time cost: 2s
2026-01-16 23:56:11,003 [INFO]    Predicting v1 chr5_70000000_80000000, 1 events pass lite-Unet module. Time cost: 0s
2026-01-16 23:56:11,003 [INFO]    Predicting v1 chr6_150000000_160000000, 2 events pass lite-Unet module. Time cost: 0s
2026-01-16 23:56:11,014 [INFO]    Predicting v1 chr7_10000000_20000000, 0 events pass lite-Unet module. Time cost: 0s
2026-01-16 23:56:11,027 [INFO]    Predicting v1 chr2_170000000_180000000, 4 events pass lite-Unet module. Time cost: 2s
2026-01-16 23:56:11,038 [INFO]    Predicting v1 chr7_30000000_40000000, 0 events pass lite-Unet module. Time cost: 0s
2026-01-16 23:56:11,046 [INFO]    Predicting v1 chr7_40000000_50000000, 0 events pass lite-Unet module. Time cost: 0s
2026-01-16 23:56:11,056 [INFO]    Predicting v1 chr7_50000000_60000000, 0 events pass lite-Unet module. Time cost: 0s
2026-01-16 23:56:11,065 [INFO]    Predicting v1 chr7_60000000_70000000, 0 events pass lite-Unet module. Time cost: 0s
2026-01-16 23:56:11,069 [INFO]    Predicting v1 chr5_80000000_90000000, 1 events pass lite-Unet module. Time cost: 1s
2026-01-16 23:56:11,074 [INFO]    Predicting v1 chr7_70000000_80000000, 0 events pass lite-Unet module. Time cost: 0s
2026-01-16 23:56:11,083 [INFO]    Predicting v1 chr7_80000000_90000000, 0 events pass lite-Unet module. Time cost: 0s
2026-01-16 23:56:11,121 [INFO]    Predicting v1 chr3_10000000_20000000, 2 events pass lite-Unet module. Time cost: 2s
2026-01-16 23:56:11,137 [INFO]    Predicting v1 chr7_110000000_120000000, 0 events pass lite-Unet module. Time cost: 0s
2026-01-16 23:56:11,145 [INFO]    Predicting v1 chr7_120000000_130000000, 0 events pass lite-Unet module. Time cost: 0s
2026-01-16 23:56:11,223 [INFO]    Predicting v1 chr6_30000000_40000000, 1 events pass lite-Unet module. Time cost: 0s
2026-01-16 23:56:11,376 [INFO]    Predicting v1 chr6_100000000_110000000, 1 events pass lite-Unet module. Time cost: 0s
2026-01-16 23:56:11,390 [INFO]    Predicting v1 chr6_40000000_50000000, 2 events pass lite-Unet module. Time cost: 0s
2026-01-16 23:56:11,395 [INFO]    Predicting v1 chr7_160000000_170000000, 0 events pass lite-Unet module. Time cost: 0s
2026-01-16 23:56:11,408 [INFO]    Predicting v1 chr5_110000000_120000000, 3 events pass lite-Unet module. Time cost: 1s
2026-01-16 23:56:11,412 [INFO]    Predicting v1 chr2_90000000_100000000, 17 events pass lite-Unet module. Time cost: 3s
2026-01-16 23:56:11,418 [INFO]    Predicting v1 chr8_10000000_20000000, 0 events pass lite-Unet module. Time cost: 0s
2026-01-16 23:56:11,421 [INFO]    Predicting v1 chr5_0_10000000, 3 events pass lite-Unet module. Time cost: 1s
2026-01-16 23:56:11,426 [INFO]    Predicting v1 chr8_30000000_40000000, 0 events pass lite-Unet module. Time cost: 0s
2026-01-16 23:56:11,453 [INFO]    Predicting v1 chr6_170000000_180000000, 1 events pass lite-Unet module. Time cost: 0s
2026-01-16 23:56:11,463 [INFO]    Predicting v1 chr8_60000000_70000000, 0 events pass lite-Unet module. Time cost: 0s
2026-01-16 23:56:11,473 [INFO]    Predicting v1 chr8_70000000_80000000, 0 events pass lite-Unet module. Time cost: 0s
2026-01-16 23:56:11,485 [INFO]    Predicting v1 chr8_80000000_90000000, 0 events pass lite-Unet module. Time cost: 0s
2026-01-16 23:56:11,498 [INFO]    Predicting v1 chr8_90000000_100000000, 0 events pass lite-Unet module. Time cost: 0s
2026-01-16 23:56:11,508 [INFO]    Predicting v1 chr8_100000000_110000000, 0 events pass lite-Unet module. Time cost: 0s
2026-01-16 23:56:11,517 [INFO]    Predicting v1 chr8_110000000_120000000, 0 events pass lite-Unet module. Time cost: 0s
2026-01-16 23:56:11,526 [INFO]    Predicting v1 chr8_120000000_130000000, 0 events pass lite-Unet module. Time cost: 0s
2026-01-16 23:56:11,535 [INFO]    Predicting v1 chr8_130000000_140000000, 0 events pass lite-Unet module. Time cost: 0s
2026-01-16 23:56:11,631 [INFO]    Predicting v1 chr6_10000000_20000000, 2 events pass lite-Unet module. Time cost: 1s
2026-01-16 23:56:11,655 [INFO]    Predicting v1 chr9_0_10000000, 0 events pass lite-Unet module. Time cost: 0s
2026-01-16 23:56:11,670 [INFO]    Predicting v1 chr9_10000000_20000000, 0 events pass lite-Unet module. Time cost: 0s
2026-01-16 23:56:11,685 [INFO]    Predicting v1 chr9_20000000_30000000, 1 events pass lite-Unet module. Time cost: 0s
2026-01-16 23:56:11,693 [INFO]    Predicting v1 chr9_30000000_40000000, 0 events pass lite-Unet module. Time cost: 0s
2026-01-16 23:56:11,701 [INFO]    Predicting v1 chr9_40000000_50000000, 0 events pass lite-Unet module. Time cost: 0s
2026-01-16 23:56:11,709 [INFO]    Predicting v1 chr9_50000000_60000000, 0 events pass lite-Unet module. Time cost: 0s
2026-01-16 23:56:11,718 [INFO]    Predicting v1 chr9_60000000_70000000, 0 events pass lite-Unet module. Time cost: 0s
2026-01-16 23:56:11,726 [INFO]    Predicting v1 chr9_70000000_80000000, 0 events pass lite-Unet module. Time cost: 0s
2026-01-16 23:56:11,733 [INFO]    Predicting v1 chr9_80000000_90000000, 0 events pass lite-Unet module. Time cost: 0s
2026-01-16 23:56:11,742 [INFO]    Predicting v1 chr9_90000000_100000000, 0 events pass lite-Unet module. Time cost: 0s
2026-01-16 23:56:11,749 [INFO]    Predicting v1 chr9_100000000_110000000, 0 events pass lite-Unet module. Time cost: 0s
2026-01-16 23:56:11,756 [INFO]    Predicting v1 chr9_110000000_120000000, 0 events pass lite-Unet module. Time cost: 0s
2026-01-16 23:56:11,765 [INFO]    Predicting v1 chr9_120000000_130000000, 0 events pass lite-Unet module. Time cost: 0s
2026-01-16 23:56:11,774 [INFO]    Predicting v1 chr9_130000000_140000000, 0 events pass lite-Unet module. Time cost: 0s
2026-01-16 23:56:11,782 [INFO]    Predicting v1 chr2_120000000_130000000, 6 events pass lite-Unet module. Time cost: 3s
2026-01-16 23:56:11,789 [INFO]    Predicting v1 chr9_150000000_160000000, 0 events pass lite-Unet module. Time cost: 0s
2026-01-16 23:56:11,823 [INFO]    Predicting v1 chr8_20000000_30000000, 1 events pass lite-Unet module. Time cost: 0s
2026-01-16 23:56:11,840 [INFO]    Predicting v1 chr8_50000000_60000000, 1 events pass lite-Unet module. Time cost: 0s
2026-01-16 23:56:11,857 [INFO]    Predicting v1 chr10_20000000_30000000, 0 events pass lite-Unet module. Time cost: 0s
2026-01-16 23:56:11,867 [INFO]    Predicting v1 chr8_40000000_50000000, 1 events pass lite-Unet module. Time cost: 0s
2026-01-16 23:56:11,868 [INFO]    Predicting v1 chr10_30000000_40000000, 0 events pass lite-Unet module. Time cost: 0s
2026-01-16 23:56:11,874 [INFO]    Predicting v1 chr10_50000000_60000000, 0 events pass lite-Unet module. Time cost: 0s
2026-01-16 23:56:11,882 [INFO]    Predicting v1 chr10_60000000_70000000, 0 events pass lite-Unet module. Time cost: 0s
2026-01-16 23:56:11,890 [INFO]    Predicting v1 chr7_90000000_100000000, 15 events pass lite-Unet module. Time cost: 0s
2026-01-16 23:56:11,893 [INFO]    Predicting v1 chr10_70000000_80000000, 0 events pass lite-Unet module. Time cost: 0s
2026-01-16 23:56:11,901 [INFO]    Predicting v1 chr10_90000000_100000000, 0 events pass lite-Unet module. Time cost: 0s
2026-01-16 23:56:11,913 [INFO]    Predicting v1 chr10_100000000_110000000, 0 events pass lite-Unet module. Time cost: 0s
2026-01-16 23:56:11,926 [INFO]    Predicting v1 chr10_110000000_120000000, 0 events pass lite-Unet module. Time cost: 0s
2026-01-16 23:56:11,955 [INFO]    Predicting v1 chr6_0_10000000, 5 events pass lite-Unet module. Time cost: 1s
2026-01-16 23:56:11,979 [INFO]    Predicting v1 chr7_140000000_150000000, 1 events pass lite-Unet module. Time cost: 0s
2026-01-16 23:56:12,342 [INFO]    Predicting v1 chr10_80000000_90000000, 1 events pass lite-Unet module. Time cost: 0s
2026-01-16 23:56:12,366 [INFO]    Predicting v1 chr10_40000000_50000000, 1 events pass lite-Unet module. Time cost: 0s
2026-01-16 23:56:12,372 [INFO]    Predicting v1 chr11_20000000_30000000, 0 events pass lite-Unet module. Time cost: 0s
2026-01-16 23:56:12,377 [INFO]    Predicting v1 chr11_30000000_40000000, 0 events pass lite-Unet module. Time cost: 0s
2026-01-16 23:56:12,383 [INFO]    Predicting v1 chr11_40000000_50000000, 0 events pass lite-Unet module. Time cost: 0s
2026-01-16 23:56:12,389 [INFO]    Predicting v1 chr11_50000000_60000000, 0 events pass lite-Unet module. Time cost: 0s
2026-01-16 23:56:12,522 [INFO]    Predicting v1 chr2_110000000_120000000, 9 events pass lite-Unet module. Time cost: 4s
2026-01-16 23:56:12,524 [INFO]    Predicting v1 chr10_10000000_20000000, 2 events pass lite-Unet module. Time cost: 0s
2026-01-16 23:56:12,537 [INFO]    Predicting v1 chr11_80000000_90000000, 0 events pass lite-Unet module. Time cost: 0s
2026-01-16 23:56:12,549 [INFO]    Predicting v1 chr11_90000000_100000000, 0 events pass lite-Unet module. Time cost: 0s
2026-01-16 23:56:12,560 [INFO]    Predicting v1 chr11_100000000_110000000, 0 events pass lite-Unet module. Time cost: 0s
2026-01-16 23:56:12,756 [INFO]    Predicting v1 chr7_130000000_140000000, 9 events pass lite-Unet module. Time cost: 1s
2026-01-16 23:56:12,923 [INFO]    Predicting v1 chr11_110000000_120000000, 1 events pass lite-Unet module. Time cost: 0s
2026-01-16 23:56:12,958 [INFO]    Predicting v1 chr11_130000000_140000000, 0 events pass lite-Unet module. Time cost: 0s
2026-01-16 23:56:13,086 [INFO]    Predicting v1 chr8_140000000_150000000, 23 events pass lite-Unet module. Time cost: 1s
2026-01-16 23:56:13,091 [INFO]    Predicting v1 chr12_10000000_20000000, 0 events pass lite-Unet module. Time cost: 0s
2026-01-16 23:56:13,095 [INFO]    Predicting v1 chr12_20000000_30000000, 0 events pass lite-Unet module. Time cost: 0s
2026-01-16 23:56:13,100 [INFO]    Predicting v1 chr12_30000000_40000000, 0 events pass lite-Unet module. Time cost: 0s
2026-01-16 23:56:13,117 [INFO]    Predicting v1 chr12_40000000_50000000, 0 events pass lite-Unet module. Time cost: 0s
2026-01-16 23:56:13,122 [INFO]    Predicting v1 chr12_50000000_60000000, 0 events pass lite-Unet module. Time cost: 0s
2026-01-16 23:56:13,126 [INFO]    Predicting v1 chr12_60000000_70000000, 0 events pass lite-Unet module. Time cost: 0s
2026-01-16 23:56:13,131 [INFO]    Predicting v1 chr12_70000000_80000000, 0 events pass lite-Unet module. Time cost: 0s
2026-01-16 23:56:13,152 [INFO]    Predicting v1 chr12_80000000_90000000, 0 events pass lite-Unet module. Time cost: 0s
2026-01-16 23:56:13,165 [INFO]    Predicting v1 chr12_90000000_100000000, 0 events pass lite-Unet module. Time cost: 0s
2026-01-16 23:56:13,170 [INFO]    Predicting v1 chr12_100000000_110000000, 0 events pass lite-Unet module. Time cost: 0s
2026-01-16 23:56:13,175 [INFO]    Predicting v1 chr12_110000000_120000000, 0 events pass lite-Unet module. Time cost: 0s
2026-01-16 23:56:13,247 [INFO]    Predicting v1 chr11_120000000_130000000, 1 events pass lite-Unet module. Time cost: 0s
2026-01-16 23:56:13,368 [INFO]    Predicting v1 chr12_0_10000000, 2 events pass lite-Unet module. Time cost: 0s
2026-01-16 23:56:13,378 [INFO]    Predicting v1 chr13_0_10000000, 0 events pass lite-Unet module. Time cost: 0s
2026-01-16 23:56:13,388 [INFO]    Predicting v1 chr11_10000000_20000000, 3 events pass lite-Unet module. Time cost: 1s
2026-01-16 23:56:13,624 [INFO]    Predicting v1 chr8_0_10000000, 6 events pass lite-Unet module. Time cost: 2s
2026-01-16 23:56:13,636 [INFO]    Predicting v1 chr13_30000000_40000000, 0 events pass lite-Unet module. Time cost: 0s
2026-01-16 23:56:13,645 [INFO]    Predicting v1 chr13_40000000_50000000, 0 events pass lite-Unet module. Time cost: 0s
2026-01-16 23:56:13,655 [INFO]    Predicting v1 chr13_50000000_60000000, 0 events pass lite-Unet module. Time cost: 0s
2026-01-16 23:56:13,667 [INFO]    Predicting v1 chr13_60000000_70000000, 0 events pass lite-Unet module. Time cost: 0s
2026-01-16 23:56:13,678 [INFO]    Predicting v1 chr13_70000000_80000000, 0 events pass lite-Unet module. Time cost: 0s
2026-01-16 23:56:13,686 [INFO]    Predicting v1 chr13_80000000_90000000, 0 events pass lite-Unet module. Time cost: 0s
2026-01-16 23:56:13,824 [INFO]    Predicting v1 chr4_0_10000000, 8 events pass lite-Unet module. Time cost: 4s
2026-01-16 23:56:13,831 [INFO]    Predicting v1 chr13_100000000_110000000, 0 events pass lite-Unet module. Time cost: 0s
2026-01-16 23:56:13,836 [INFO]    Predicting v1 chr13_110000000_120000000, 0 events pass lite-Unet module. Time cost: 0s
2026-01-16 23:56:13,841 [INFO]    Predicting v1 chr14_0_10000000, 0 events pass lite-Unet module. Time cost: 0s
2026-01-16 23:56:13,889 [INFO]    Predicting v1 chr13_20000000_30000000, 1 events pass lite-Unet module. Time cost: 0s
2026-01-16 23:56:13,892 [INFO]    Predicting v1 chr10_0_10000000, 6 events pass lite-Unet module. Time cost: 2s
2026-01-16 23:56:13,899 [INFO]    Predicting v1 chr14_20000000_30000000, 0 events pass lite-Unet module. Time cost: 0s
2026-01-16 23:56:13,900 [INFO]    Predicting v1 chr14_30000000_40000000, 0 events pass lite-Unet module. Time cost: 0s
2026-01-16 23:56:13,907 [INFO]    Predicting v1 chr14_40000000_50000000, 0 events pass lite-Unet module. Time cost: 0s
2026-01-16 23:56:13,909 [INFO]    Predicting v1 chr14_50000000_60000000, 0 events pass lite-Unet module. Time cost: 0s
2026-01-16 23:56:13,917 [INFO]    Predicting v1 chr14_70000000_80000000, 0 events pass lite-Unet module. Time cost: 0s
2026-01-16 23:56:13,926 [INFO]    Predicting v1 chr14_80000000_90000000, 0 events pass lite-Unet module. Time cost: 0s
2026-01-16 23:56:14,021 [INFO]    Predicting v1 chr2_0_10000000, 26 events pass lite-Unet module. Time cost: 5s
2026-01-16 23:56:14,032 [INFO]    Predicting v1 chr6_60000000_70000000, 14 events pass lite-Unet module. Time cost: 3s
2026-01-16 23:56:14,058 [INFO]    Predicting v1 chr15_0_10000000, 0 events pass lite-Unet module. Time cost: 0s
2026-01-16 23:56:14,068 [INFO]    Predicting v1 chr13_90000000_100000000, 1 events pass lite-Unet module. Time cost: 0s
2026-01-16 23:56:14,209 [INFO]    Predicting v1 chr11_60000000_70000000, 5 events pass lite-Unet module. Time cost: 1s
2026-01-16 23:56:14,477 [INFO]    Predicting v1 chr15_10000000_20000000, 1 events pass lite-Unet module. Time cost: 0s
2026-01-16 23:56:14,494 [INFO]    Predicting v1 chr15_20000000_30000000, 1 events pass lite-Unet module. Time cost: 0s
2026-01-16 23:56:14,514 [INFO]    Predicting v1 chr15_50000000_60000000, 0 events pass lite-Unet module. Time cost: 0s
2026-01-16 23:56:14,544 [INFO]    Predicting v1 chr14_60000000_70000000, 2 events pass lite-Unet module. Time cost: 0s
2026-01-16 23:56:14,569 [INFO]    Predicting v1 chr1_150000000_160000000, 8 events pass lite-Unet module. Time cost: 6s
2026-01-16 23:56:14,576 [INFO]    Predicting v1 chr15_30000000_40000000, 1 events pass lite-Unet module. Time cost: 0s
2026-01-16 23:56:14,588 [INFO]    Predicting v1 chr15_80000000_90000000, 0 events pass lite-Unet module. Time cost: 0s
2026-01-16 23:56:14,853 [INFO]    Predicting v1 chr15_40000000_50000000, 1 events pass lite-Unet module. Time cost: 0s
2026-01-16 23:56:14,860 [INFO]    Predicting v1 chr16_10000000_20000000, 0 events pass lite-Unet module. Time cost: 0s
2026-01-16 23:56:14,866 [INFO]    Predicting v1 chr16_20000000_30000000, 0 events pass lite-Unet module. Time cost: 0s
2026-01-16 23:56:14,872 [INFO]    Predicting v1 chr16_30000000_40000000, 0 events pass lite-Unet module. Time cost: 0s
2026-01-16 23:56:14,877 [INFO]    Predicting v1 chr16_40000000_50000000, 0 events pass lite-Unet module. Time cost: 0s
2026-01-16 23:56:14,884 [INFO]    Predicting v1 chr16_50000000_60000000, 0 events pass lite-Unet module. Time cost: 0s
2026-01-16 23:56:14,893 [INFO]    Predicting v1 chr14_10000000_20000000, 2 events pass lite-Unet module. Time cost: 1s
2026-01-16 23:56:14,899 [INFO]    Predicting v1 chr16_70000000_80000000, 0 events pass lite-Unet module. Time cost: 0s
2026-01-16 23:56:14,906 [INFO]    Predicting v1 chr16_80000000_90000000, 0 events pass lite-Unet module. Time cost: 0s
2026-01-16 23:56:14,965 [INFO]    Predicting v1 chr15_70000000_80000000, 1 events pass lite-Unet module. Time cost: 0s
2026-01-16 23:56:14,972 [INFO]    Predicting v1 chr17_0_10000000, 1 events pass lite-Unet module. Time cost: 0s
2026-01-16 23:56:14,979 [INFO]    Predicting v1 chr17_10000000_20000000, 1 events pass lite-Unet module. Time cost: 0s
2026-01-16 23:56:14,986 [INFO]    Predicting v1 chr17_20000000_30000000, 0 events pass lite-Unet module. Time cost: 0s
2026-01-16 23:56:15,073 [INFO]    Predicting v1 chr15_90000000_100000000, 1 events pass lite-Unet module. Time cost: 0s
2026-01-16 23:56:15,081 [INFO]    Predicting v1 chr17_40000000_50000000, 0 events pass lite-Unet module. Time cost: 0s
2026-01-16 23:56:15,273 [INFO]    Predicting v1 chr14_100000000_110000000, 5 events pass lite-Unet module. Time cost: 1s
2026-01-16 23:56:15,285 [INFO]    Predicting v1 chr17_60000000_70000000, 0 events pass lite-Unet module. Time cost: 0s
2026-01-16 23:56:15,295 [INFO]    Predicting v1 chr17_70000000_80000000, 0 events pass lite-Unet module. Time cost: 0s
2026-01-16 23:56:15,299 [INFO]    Predicting v1 chr13_10000000_20000000, 5 events pass lite-Unet module. Time cost: 1s
2026-01-16 23:56:15,474 [INFO]    Predicting v1 chr17_50000000_60000000, 1 events pass lite-Unet module. Time cost: 0s
2026-01-16 23:56:15,525 [INFO]    Predicting v1 chr16_60000000_70000000, 2 events pass lite-Unet module. Time cost: 0s
2026-01-16 23:56:15,732 [INFO]    Predicting v1 chr17_30000000_40000000, 2 events pass lite-Unet module. Time cost: 0s
2026-01-16 23:56:15,741 [INFO]    Predicting v1 chr18_30000000_40000000, 0 events pass lite-Unet module. Time cost: 0s
2026-01-16 23:56:15,848 [INFO]    Predicting v1 chr18_20000000_30000000, 1 events pass lite-Unet module. Time cost: 0s
2026-01-16 23:56:15,856 [INFO]    Predicting v1 chr18_50000000_60000000, 0 events pass lite-Unet module. Time cost: 0s
2026-01-16 23:56:15,861 [INFO]    Predicting v1 chr14_90000000_100000000, 6 events pass lite-Unet module. Time cost: 1s
2026-01-16 23:56:15,862 [INFO]    Predicting v1 chr18_60000000_70000000, 0 events pass lite-Unet module. Time cost: 0s
2026-01-16 23:56:15,868 [INFO]    Predicting v1 chr18_80000000_90000000, 0 events pass lite-Unet module. Time cost: 0s
2026-01-16 23:56:15,875 [INFO]    Predicting v1 chr11_0_10000000, 5 events pass lite-Unet module. Time cost: 3s
2026-01-16 23:56:15,942 [INFO]    Predicting v1 chr7_100000000_110000000, 6 events pass lite-Unet module. Time cost: 4s
2026-01-16 23:56:16,029 [INFO]    Predicting v1 chr7_20000000_30000000, 6 events pass lite-Unet module. Time cost: 5s
2026-01-16 23:56:16,045 [INFO]    Predicting v1 chr18_40000000_50000000, 1 events pass lite-Unet module. Time cost: 0s
2026-01-16 23:56:16,165 [INFO]    Predicting v1 chr12_130000000_140000000, 3 events pass lite-Unet module. Time cost: 2s
2026-01-16 23:56:16,177 [INFO]    Predicting v1 chr19_50000000_60000000, 0 events pass lite-Unet module. Time cost: 0s
2026-01-16 23:56:16,215 [INFO]    Predicting v1 chr11_70000000_80000000, 8 events pass lite-Unet module. Time cost: 3s
2026-01-16 23:56:16,242 [INFO]    Predicting v1 chr15_60000000_70000000, 6 events pass lite-Unet module. Time cost: 1s
2026-01-16 23:56:16,251 [INFO]    Predicting v1 chr20_10000000_20000000, 0 events pass lite-Unet module. Time cost: 0s
2026-01-16 23:56:16,257 [INFO]    Predicting v1 chr20_20000000_30000000, 0 events pass lite-Unet module. Time cost: 0s
2026-01-16 23:56:16,282 [INFO]    Predicting v1 chr10_120000000_130000000, 13 events pass lite-Unet module. Time cost: 4s
2026-01-16 23:56:16,287 [INFO]    Predicting v1 chr20_40000000_50000000, 0 events pass lite-Unet module. Time cost: 0s
2026-01-16 23:56:16,293 [INFO]    Predicting v1 chr19_0_10000000, 1 events pass lite-Unet module. Time cost: 0s
2026-01-16 23:56:16,334 [INFO]    Predicting v1 chr18_10000000_20000000, 2 events pass lite-Unet module. Time cost: 0s
2026-01-16 23:56:16,342 [INFO]    Predicting v1 chr21_0_10000000, 0 events pass lite-Unet module. Time cost: 0s
2026-01-16 23:56:16,349 [INFO]    Predicting v1 chr21_10000000_20000000, 0 events pass lite-Unet module. Time cost: 0s
2026-01-16 23:56:16,357 [INFO]    Predicting v1 chr21_20000000_30000000, 0 events pass lite-Unet module. Time cost: 0s
2026-01-16 23:56:16,405 [INFO]    Predicting v1 chr19_40000000_50000000, 1 events pass lite-Unet module. Time cost: 0s
2026-01-16 23:56:16,680 [INFO]    Predicting v1 chr1_110000000_120000000, 36 events pass lite-Unet module. Time cost: 8s
2026-01-16 23:56:16,692 [INFO]    Predicting v1 chr22_0_10000000, 0 events pass lite-Unet module. Time cost: 0s
2026-01-16 23:56:16,703 [INFO]    Predicting v1 chr22_10000000_20000000, 0 events pass lite-Unet module. Time cost: 0s
2026-01-16 23:56:16,712 [INFO]    Predicting v1 chr22_20000000_30000000, 0 events pass lite-Unet module. Time cost: 0s
2026-01-16 23:56:16,724 [INFO]    Predicting v1 chr20_30000000_40000000, 2 events pass lite-Unet module. Time cost: 0s
2026-01-16 23:56:16,752 [INFO]    Predicting v1 chr19_30000000_40000000, 1 events pass lite-Unet module. Time cost: 0s
2026-01-16 23:56:16,820 [INFO]    Predicting v1 chr3_190000000_200000000, 12 events pass lite-Unet module. Time cost: 7s
2026-01-16 23:56:17,225 [INFO]    Predicting v1 chr21_30000000_40000000, 2 events pass lite-Unet module. Time cost: 0s
2026-01-16 23:56:17,237 [INFO]    Predicting v1 chrX_10000000_20000000, 0 events pass lite-Unet module. Time cost: 0s
2026-01-16 23:56:17,249 [INFO]    Predicting v1 chrX_20000000_30000000, 0 events pass lite-Unet module. Time cost: 0s
2026-01-16 23:56:17,443 [INFO]    Predicting v1 chr4_180000000_190000000, 12 events pass lite-Unet module. Time cost: 7s
2026-01-16 23:56:17,455 [INFO]    Predicting v1 chrX_40000000_50000000, 0 events pass lite-Unet module. Time cost: 0s
2026-01-16 23:56:17,462 [INFO]    Predicting v1 chrX_50000000_60000000, 0 events pass lite-Unet module. Time cost: 0s
2026-01-16 23:56:17,469 [INFO]    Predicting v1 chrX_60000000_70000000, 0 events pass lite-Unet module. Time cost: 0s
2026-01-16 23:56:17,477 [INFO]    Predicting v1 chrX_70000000_80000000, 0 events pass lite-Unet module. Time cost: 0s
2026-01-16 23:56:17,486 [INFO]    Predicting v1 chrX_80000000_90000000, 0 events pass lite-Unet module. Time cost: 0s
2026-01-16 23:56:17,494 [INFO]    Predicting v1 chrX_90000000_100000000, 0 events pass lite-Unet module. Time cost: 0s
2026-01-16 23:56:17,502 [INFO]    Predicting v1 chrX_100000000_110000000, 0 events pass lite-Unet module. Time cost: 0s
2026-01-16 23:56:17,508 [INFO]    Predicting v1 chrX_110000000_120000000, 0 events pass lite-Unet module. Time cost: 0s
2026-01-16 23:56:17,515 [INFO]    Predicting v1 chrX_120000000_130000000, 0 events pass lite-Unet module. Time cost: 0s
2026-01-16 23:56:17,521 [INFO]    Predicting v1 chrX_130000000_140000000, 0 events pass lite-Unet module. Time cost: 0s
2026-01-16 23:56:17,529 [INFO]    Predicting v1 chrX_140000000_150000000, 0 events pass lite-Unet module. Time cost: 0s
2026-01-16 23:56:17,586 [INFO]    Predicting v1 chr18_0_10000000, 6 events pass lite-Unet module. Time cost: 2s
2026-01-16 23:56:17,596 [INFO]    Predicting v1 chrY_0_10000000, 0 events pass lite-Unet module. Time cost: 0s
2026-01-16 23:56:17,606 [INFO]    Predicting v1 chrY_10000000_20000000, 0 events pass lite-Unet module. Time cost: 0s
2026-01-16 23:56:17,615 [INFO]    Predicting v1 chrY_20000000_30000000, 0 events pass lite-Unet module. Time cost: 0s
2026-01-16 23:56:17,619 [INFO]    Predicting v1 chr7_0_10000000, 8 events pass lite-Unet module. Time cost: 6s
2026-01-16 23:56:17,625 [INFO]    Predicting v1 chrY_30000000_40000000, 0 events pass lite-Unet module. Time cost: 0s
2026-01-16 23:56:17,626 [INFO]    Predicting v1 chrY_40000000_50000000, 0 events pass lite-Unet module. Time cost: 0s
2026-01-16 23:56:17,633 [INFO]    Predicting v1 chrY_60000000_70000000, 0 events pass lite-Unet module. Time cost: 0s
2026-01-16 23:56:17,636 [INFO]    Predicting v1 chrY_50000000_60000000, 0 events pass lite-Unet module. Time cost: 0s
2026-01-16 23:56:17,641 [INFO]    Predicting v1 chrM_0_10000000, 0 events pass lite-Unet module. Time cost: 0s
2026-01-16 23:56:17,646 [INFO]    Predicting v1 chr1_0_10000000, 14 events pass lite-Unet module. Time cost: 9s
2026-01-16 23:56:17,754 [INFO]    Predicting v1 chr16_90000000_100000000, 7 events pass lite-Unet module. Time cost: 2s
2026-01-16 23:56:18,006 [INFO]    Predicting v1 chrX_30000000_40000000, 2 events pass lite-Unet module. Time cost: 0s
2026-01-16 23:56:18,145 [INFO]    Predicting v1 chr19_60000000_70000000, 4 events pass lite-Unet module. Time cost: 1s
2026-01-16 23:56:18,336 [INFO]    Predicting v1 chr7_150000000_160000000, 11 events pass lite-Unet module. Time cost: 6s
2026-01-16 23:56:18,337 [INFO]    Predicting v1 chrX_150000000_160000000, 1 events pass lite-Unet module. Time cost: 0s
2026-01-16 23:56:18,362 [INFO]    Predicting v1 chr12_120000000_130000000, 26 events pass lite-Unet module. Time cost: 5s
2026-01-16 23:56:18,425 [INFO]    Predicting v1 chr20_0_10000000, 4 events pass lite-Unet module. Time cost: 2s
2026-01-16 23:56:18,492 [INFO]    Predicting v1 chr20_50000000_60000000, 7 events pass lite-Unet module. Time cost: 2s
2026-01-16 23:56:18,587 [INFO]    Predicting v1 chr22_50000000_60000000, 3 events pass lite-Unet module. Time cost: 1s
2026-01-16 23:56:18,590 [INFO]    Predicting v1 chr22_30000000_40000000, 6 events pass lite-Unet module. Time cost: 1s
2026-01-16 23:56:18,691 [INFO]    Predicting v1 chr22_40000000_50000000, 7 events pass lite-Unet module. Time cost: 1s
2026-01-16 23:56:18,753 [INFO]    Predicting v1 chr19_20000000_30000000, 11 events pass lite-Unet module. Time cost: 2s
2026-01-16 23:56:18,783 [INFO]    Predicting v1 chr18_70000000_80000000, 10 events pass lite-Unet module. Time cost: 2s
2026-01-16 23:56:18,820 [INFO]    Predicting v1 chr20_60000000_70000000, 10 events pass lite-Unet module. Time cost: 2s
2026-01-16 23:56:19,081 [INFO]    Predicting v1 chr2_240000000_250000000, 18 events pass lite-Unet module. Time cost: 10s
2026-01-16 23:56:19,480 [INFO]    Predicting v1 chr19_10000000_20000000, 9 events pass lite-Unet module. Time cost: 3s
2026-01-16 23:56:20,007 [INFO]    Predicting v1 chr21_40000000_50000000, 18 events pass lite-Unet module. Time cost: 3s
2026-01-16 23:56:20,048 [INFO]    Predicting v1 chr17_80000000_90000000, 21 events pass lite-Unet module. Time cost: 4s
2026-01-16 23:56:20,169 [INFO]    Predicting v1 chr6_160000000_170000000, 20 events pass lite-Unet module. Time cost: 9s
2026-01-16 23:56:20,782 [INFO]    Predicting v1 chr10_130000000_140000000, 25 events pass lite-Unet module. Time cost: 8s
2026-01-16 23:56:21,480 [INFO]    Predicting v1 chr16_0_10000000, 17 events pass lite-Unet module. Time cost: 6s
2026-01-16 23:56:21,803 [INFO]    Predicting v1 chr9_140000000_150000000, 37 events pass lite-Unet module. Time cost: 10s
2026-01-16 23:56:21,906 [INFO]    Predicting v1 chrX_0_10000000, 19 events pass lite-Unet module. Time cost: 5s
2026-01-16 23:56:22,007 [INFO]    Predicting Time Cost 13s
2026-01-16 23:56:22,008 [INFO]    ****************** Step3 Outputting to VCF ****************************
2026-01-16 23:56:22,276 [INFO]    Outputting v1 to /storage/scratch01/groups/bu/simSVs/tfe_unir/visor-simulations/results/v1_40x_100000_C_svision/v1.svision_pro_v2.5.s5.vcf. Time cost: 0s
2026-01-16 23:56:23,381 [INFO]    ****************** Step4 Finish ***********************************
2026-01-16 23:56:23,381 [INFO]    SVision-pro v2.5 successfully finished. Time Cost 606.904364s
