2026-01-17 00:10:15,177 [INFO]    ****************** Start SVision-pro, version 2.5 ********************
2026-01-17 00:10:15,178 [INFO]    Command: /storage/scratch01/groups/bu/simSVs/tfe_unir/visor-simulations/.snakemake/conda/8698eeced1a729a78f4a9d539d4293a9_/bin/SVision-pro --target_path results/v1_40x_15000_C_LASeR/tumour.bam --base_path results/normal_40x_15000_LASeR/sim.srt.bam --genome_path resources/genome/chm13v2.0_maskedY_rCRS.fa --model_path /home/fvillena/SVision-pro/src/pre_process/model_liteunet_1024_8_16_32_32_32.pth --out_path results/v1_40x_15000_C_svision --sample_name v1 --preset error-prone --detect_mode somatic --process_num 52
2026-01-17 00:10:15,178 [INFO]    ****************** Step1 collecting and plotting **********************
2026-01-17 00:10:41,027 [INFO]    Collecting v1 chr2_240000000_250000000, 12 candidate events found. Time cost 25s
2026-01-17 00:10:57,080 [INFO]    Collecting v1 chr1_240000000_250000000, 5 candidate events found. Time cost 41s
2026-01-17 00:10:58,685 [INFO]    Collecting v1 chr1_130000000_140000000, 0 candidate events found. Time cost 42s
2026-01-17 00:11:02,060 [INFO]    Collecting v1 chr1_60000000_70000000, 0 candidate events found. Time cost 46s
2026-01-17 00:11:02,097 [INFO]    Collecting v1 chr2_200000000_210000000, 0 candidate events found. Time cost 46s
2026-01-17 00:11:04,856 [INFO]    Collecting v1 chr2_50000000_60000000, 2 candidate events found. Time cost 48s
2026-01-17 00:11:07,131 [INFO]    Collecting v1 chr1_190000000_200000000, 0 candidate events found. Time cost 51s
2026-01-17 00:11:07,450 [INFO]    Collecting v1 chr2_140000000_150000000, 2 candidate events found. Time cost 51s
2026-01-17 00:11:08,153 [INFO]    Collecting v1 chr3_10000000_20000000, 1 candidate events found. Time cost 52s
2026-01-17 00:11:10,109 [INFO]    Collecting v1 chr2_130000000_140000000, 0 candidate events found. Time cost 54s
2026-01-17 00:11:10,191 [INFO]    Collecting v1 chr1_100000000_110000000, 1 candidate events found. Time cost 54s
2026-01-17 00:11:10,417 [INFO]    Collecting v1 chr2_170000000_180000000, 2 candidate events found. Time cost 54s
2026-01-17 00:11:10,562 [INFO]    Collecting v1 chr1_90000000_100000000, 0 candidate events found. Time cost 54s
2026-01-17 00:11:10,640 [INFO]    Collecting v1 chr2_70000000_80000000, 1 candidate events found. Time cost 54s
2026-01-17 00:11:10,865 [INFO]    Collecting v1 chr2_10000000_20000000, 0 candidate events found. Time cost 54s
2026-01-17 00:11:13,309 [INFO]    Collecting v1 chr1_30000000_40000000, 0 candidate events found. Time cost 57s
2026-01-17 00:11:15,984 [INFO]    Collecting v1 chr1_160000000_170000000, 0 candidate events found. Time cost 60s
2026-01-17 00:11:20,121 [INFO]    Collecting v1 chr2_60000000_70000000, 6 candidate events found. Time cost 64s
2026-01-17 00:11:20,275 [INFO]    Collecting v1 chr2_80000000_90000000, 2 candidate events found. Time cost 64s
2026-01-17 00:11:21,397 [INFO]    Collecting v1 chr1_180000000_190000000, 0 candidate events found. Time cost 65s
2026-01-17 00:11:26,068 [INFO]    Collecting v1 chr2_160000000_170000000, 0 candidate events found. Time cost 70s
2026-01-17 00:11:28,391 [INFO]    Collecting v1 chr1_70000000_80000000, 0 candidate events found. Time cost 72s
2026-01-17 00:11:29,227 [INFO]    Collecting v1 chr2_220000000_230000000, 0 candidate events found. Time cost 73s
2026-01-17 00:11:29,928 [INFO]    Collecting v1 chr3_200000000_210000000, 0 candidate events found. Time cost 9s
2026-01-17 00:11:31,428 [INFO]    Collecting v1 chr1_120000000_130000000, 0 candidate events found. Time cost 75s
2026-01-17 00:11:34,418 [INFO]    Collecting v1 chr2_190000000_200000000, 0 candidate events found. Time cost 78s
2026-01-17 00:11:35,992 [INFO]    Collecting v1 chr2_20000000_30000000, 0 candidate events found. Time cost 80s
2026-01-17 00:11:37,981 [INFO]    Collecting v1 chr1_20000000_30000000, 0 candidate events found. Time cost 82s
2026-01-17 00:11:39,979 [INFO]    Collecting v1 chr1_220000000_230000000, 1 candidate events found. Time cost 84s
2026-01-17 00:11:40,188 [INFO]    Collecting v1 chr1_200000000_210000000, 0 candidate events found. Time cost 84s
2026-01-17 00:11:40,469 [INFO]    Collecting v1 chr2_150000000_160000000, 0 candidate events found. Time cost 84s
2026-01-17 00:11:40,795 [INFO]    Collecting v1 chr1_110000000_120000000, 20 candidate events found. Time cost 84s
2026-01-17 00:11:40,871 [INFO]    Collecting v1 chr1_80000000_90000000, 0 candidate events found. Time cost 84s
2026-01-17 00:11:43,121 [INFO]    Collecting v1 chr1_170000000_180000000, 0 candidate events found. Time cost 87s
2026-01-17 00:11:43,843 [INFO]    Collecting v1 chr2_40000000_50000000, 0 candidate events found. Time cost 87s
2026-01-17 00:11:44,923 [INFO]    Collecting v1 chr2_30000000_40000000, 0 candidate events found. Time cost 88s
2026-01-17 00:11:45,282 [INFO]    Collecting v1 chr2_110000000_120000000, 10 candidate events found. Time cost 89s
2026-01-17 00:11:46,072 [INFO]    Collecting v1 chr3_0_10000000, 0 candidate events found. Time cost 90s
2026-01-17 00:11:46,366 [INFO]    Collecting v1 chr1_10000000_20000000, 1 candidate events found. Time cost 90s
2026-01-17 00:11:46,437 [INFO]    Collecting v1 chr1_0_10000000, 5 candidate events found. Time cost 90s
2026-01-17 00:11:47,588 [INFO]    Collecting v1 chr2_210000000_220000000, 0 candidate events found. Time cost 91s
2026-01-17 00:11:49,160 [INFO]    Collecting v1 chr2_100000000_110000000, 0 candidate events found. Time cost 93s
2026-01-17 00:11:49,970 [INFO]    Collecting v1 chr2_90000000_100000000, 15 candidate events found. Time cost 93s
2026-01-17 00:11:50,293 [INFO]    Collecting v1 chr3_20000000_30000000, 0 candidate events found. Time cost 69s
2026-01-17 00:11:52,134 [INFO]    Collecting v1 chr1_210000000_220000000, 0 candidate events found. Time cost 96s
2026-01-17 00:11:52,816 [INFO]    Collecting v1 chr2_180000000_190000000, 0 candidate events found. Time cost 96s
2026-01-17 00:11:55,741 [INFO]    Collecting v1 chr1_230000000_240000000, 6 candidate events found. Time cost 99s
2026-01-17 00:11:57,602 [INFO]    Collecting v1 chr1_50000000_60000000, 0 candidate events found. Time cost 101s
2026-01-17 00:11:58,444 [INFO]    Collecting v1 chr1_40000000_50000000, 2 candidate events found. Time cost 102s
2026-01-17 00:12:05,893 [INFO]    Collecting v1 chr3_40000000_50000000, 0 candidate events found. Time cost 67s
2026-01-17 00:12:08,654 [INFO]    Collecting v1 chr3_50000000_60000000, 1 candidate events found. Time cost 66s
2026-01-17 00:12:09,311 [INFO]    Collecting v1 chr3_70000000_80000000, 3 candidate events found. Time cost 64s
2026-01-17 00:12:10,843 [INFO]    Collecting v1 chr4_190000000_200000000, 0 candidate events found. Time cost 24s
2026-01-17 00:12:11,362 [INFO]    Collecting v1 chr3_60000000_70000000, 1 candidate events found. Time cost 69s
2026-01-17 00:12:13,242 [INFO]    Collecting v1 chr3_30000000_40000000, 4 candidate events found. Time cost 76s
2026-01-17 00:12:13,969 [INFO]    Collecting v1 chr3_100000000_110000000, 0 candidate events found. Time cost 65s
2026-01-17 00:12:15,380 [INFO]    Collecting v1 chr3_80000000_90000000, 0 candidate events found. Time cost 68s
2026-01-17 00:12:16,222 [INFO]    Collecting v1 chr3_130000000_140000000, 0 candidate events found. Time cost 65s
2026-01-17 00:12:17,285 [INFO]    Collecting v1 chr3_150000000_160000000, 0 candidate events found. Time cost 66s
2026-01-17 00:12:18,184 [INFO]    Collecting v1 chr3_110000000_120000000, 0 candidate events found. Time cost 68s
2026-01-17 00:12:18,817 [INFO]    Collecting v1 chr3_140000000_150000000, 0 candidate events found. Time cost 68s
2026-01-17 00:12:19,731 [INFO]    Collecting v1 chr3_160000000_170000000, 0 candidate events found. Time cost 68s
2026-01-17 00:12:20,793 [INFO]    Collecting v1 chr3_170000000_180000000, 0 candidate events found. Time cost 67s
2026-01-17 00:12:25,015 [INFO]    Collecting v1 chr2_230000000_240000000, 29 candidate events found. Time cost 129s
2026-01-17 00:12:27,644 [INFO]    Collecting v1 chr3_120000000_130000000, 2 candidate events found. Time cost 77s
2026-01-17 00:12:27,700 [INFO]    Collecting v1 chr3_180000000_190000000, 0 candidate events found. Time cost 71s
2026-01-17 00:12:30,557 [INFO]    Collecting v1 chr3_90000000_100000000, 0 candidate events found. Time cost 83s
2026-01-17 00:12:30,742 [INFO]    Collecting v1 chr4_50000000_60000000, 0 candidate events found. Time cost 59s
2026-01-17 00:12:33,986 [INFO]    Collecting v1 chr4_20000000_30000000, 0 candidate events found. Time cost 65s
2026-01-17 00:12:34,779 [INFO]    Collecting v1 chr5_180000000_190000000, 1 candidate events found. Time cost 18s
2026-01-17 00:12:35,297 [INFO]    Collecting v1 chr2_0_10000000, 25 candidate events found. Time cost 139s
2026-01-17 00:12:35,822 [INFO]    Collecting v1 chr4_10000000_20000000, 1 candidate events found. Time cost 69s
2026-01-17 00:12:40,872 [INFO]    Collecting v1 chr4_30000000_40000000, 0 candidate events found. Time cost 71s
2026-01-17 00:12:41,012 [INFO]    Collecting v1 chr4_40000000_50000000, 1 candidate events found. Time cost 71s
2026-01-17 00:12:41,248 [INFO]    Collecting v1 chr4_60000000_70000000, 0 candidate events found. Time cost 66s
2026-01-17 00:12:41,524 [INFO]    Collecting v1 chr3_190000000_200000000, 7 candidate events found. Time cost 81s
2026-01-17 00:12:42,570 [INFO]    Collecting v1 chr4_0_10000000, 6 candidate events found. Time cost 81s
2026-01-17 00:12:45,079 [INFO]    Collecting v1 chr4_100000000_110000000, 0 candidate events found. Time cost 64s
2026-01-17 00:12:46,892 [INFO]    Collecting v1 chr4_120000000_130000000, 0 candidate events found. Time cost 66s
2026-01-17 00:12:46,913 [INFO]    Collecting v1 chr1_150000000_160000000, 3 candidate events found. Time cost 150s
2026-01-17 00:12:47,588 [INFO]    Collecting v1 chr4_80000000_90000000, 0 candidate events found. Time cost 69s
2026-01-17 00:12:48,976 [INFO]    Collecting v1 chr4_90000000_100000000, 0 candidate events found. Time cost 68s
2026-01-17 00:12:49,880 [INFO]    Collecting v1 chr4_110000000_120000000, 0 candidate events found. Time cost 69s
2026-01-17 00:12:50,152 [INFO]    Collecting v1 chr4_70000000_80000000, 0 candidate events found. Time cost 74s
2026-01-17 00:12:50,691 [INFO]    Collecting v1 chr4_130000000_140000000, 0 candidate events found. Time cost 69s
2026-01-17 00:12:52,923 [INFO]    Collecting v1 chr5_0_10000000, 0 candidate events found. Time cost 66s
2026-01-17 00:12:53,125 [INFO]    Collecting v1 chr4_140000000_150000000, 1 candidate events found. Time cost 69s
2026-01-17 00:12:54,063 [INFO]    Collecting v1 chr4_150000000_160000000, 1 candidate events found. Time cost 70s
2026-01-17 00:12:54,627 [INFO]    Collecting v1 chr4_160000000_170000000, 0 candidate events found. Time cost 69s
2026-01-17 00:12:55,925 [INFO]    Collecting v1 chr5_10000000_20000000, 0 candidate events found. Time cost 68s
2026-01-17 00:12:58,660 [INFO]    Collecting v1 chr5_20000000_30000000, 0 candidate events found. Time cost 69s
2026-01-17 00:13:00,272 [INFO]    Collecting v1 chr5_30000000_40000000, 0 candidate events found. Time cost 70s
2026-01-17 00:13:00,916 [INFO]    Collecting v1 chr5_40000000_50000000, 0 candidate events found. Time cost 70s
2026-01-17 00:13:01,922 [INFO]    Collecting v1 chr4_170000000_180000000, 0 candidate events found. Time cost 76s
2026-01-17 00:13:02,176 [INFO]    Collecting v1 chr6_170000000_180000000, 0 candidate events found. Time cost 20s
2026-01-17 00:13:02,364 [INFO]    Collecting v1 chr5_60000000_70000000, 0 candidate events found. Time cost 69s
2026-01-17 00:13:05,986 [INFO]    Collecting v1 chr5_50000000_60000000, 0 candidate events found. Time cost 73s
2026-01-17 00:13:07,176 [INFO]    Collecting v1 chr5_70000000_80000000, 1 candidate events found. Time cost 71s
2026-01-17 00:13:07,308 [INFO]    Collecting v1 chr5_90000000_100000000, 0 candidate events found. Time cost 68s
2026-01-17 00:13:08,842 [INFO]    Collecting v1 chr7_160000000_170000000, 2 candidate events found. Time cost 7s
2026-01-17 00:13:12,857 [INFO]    Collecting v1 chr5_120000000_130000000, 0 candidate events found. Time cost 63s
2026-01-17 00:13:12,962 [INFO]    Collecting v1 chr2_120000000_130000000, 11 candidate events found. Time cost 176s
2026-01-17 00:13:13,562 [INFO]    Collecting v1 chr5_100000000_110000000, 0 candidate events found. Time cost 67s
2026-01-17 00:13:15,393 [INFO]    Collecting v1 chr5_130000000_140000000, 0 candidate events found. Time cost 64s
2026-01-17 00:13:16,107 [INFO]    Collecting v1 chr5_80000000_90000000, 0 candidate events found. Time cost 78s
2026-01-17 00:13:16,499 [INFO]    Collecting v1 chr5_110000000_120000000, 0 candidate events found. Time cost 67s
2026-01-17 00:13:19,359 [INFO]    Collecting v1 chr5_150000000_160000000, 0 candidate events found. Time cost 66s
2026-01-17 00:13:19,480 [INFO]    Collecting v1 chr5_140000000_150000000, 0 candidate events found. Time cost 68s
2026-01-17 00:13:21,447 [INFO]    Collecting v1 chr5_160000000_170000000, 0 candidate events found. Time cost 67s
2026-01-17 00:13:22,863 [INFO]    Collecting v1 chr1_140000000_150000000, 2 candidate events found. Time cost 186s
2026-01-17 00:13:25,115 [INFO]    Collecting v1 chr6_0_10000000, 1 candidate events found. Time cost 67s
2026-01-17 00:13:25,999 [INFO]    Collecting v1 chr6_40000000_50000000, 0 candidate events found. Time cost 65s
2026-01-17 00:13:27,319 [INFO]    Collecting v1 chr5_170000000_180000000, 1 candidate events found. Time cost 71s
2026-01-17 00:13:27,867 [INFO]    Collecting v1 chr6_20000000_30000000, 0 candidate events found. Time cost 69s
2026-01-17 00:13:28,348 [INFO]    Collecting v1 chr6_50000000_60000000, 0 candidate events found. Time cost 63s
2026-01-17 00:13:30,624 [INFO]    Collecting v1 chr6_30000000_40000000, 0 candidate events found. Time cost 70s
2026-01-17 00:13:34,935 [INFO]    Collecting v1 chr6_10000000_20000000, 4 candidate events found. Time cost 76s
2026-01-17 00:13:38,853 [INFO]    Collecting v1 chr6_80000000_90000000, 0 candidate events found. Time cost 68s
2026-01-17 00:13:39,018 [INFO]    Collecting v1 chr6_70000000_80000000, 0 candidate events found. Time cost 71s
2026-01-17 00:13:39,249 [INFO]    Collecting v1 chr6_120000000_130000000, 0 candidate events found. Time cost 63s
2026-01-17 00:13:39,330 [INFO]    Collecting v1 chr6_90000000_100000000, 0 candidate events found. Time cost 68s
2026-01-17 00:13:41,975 [INFO]    Collecting v1 chr6_100000000_110000000, 0 candidate events found. Time cost 67s
2026-01-17 00:13:41,988 [INFO]    Collecting v1 chr6_110000000_120000000, 0 candidate events found. Time cost 67s
2026-01-17 00:13:43,198 [INFO]    Collecting v1 chr6_130000000_140000000, 0 candidate events found. Time cost 67s
2026-01-17 00:13:43,313 [INFO]    Collecting v1 chr7_10000000_20000000, 0 candidate events found. Time cost 58s
2026-01-17 00:13:49,621 [INFO]    Collecting v1 chr9_150000000_160000000, 1 candidate events found. Time cost 6s
2026-01-17 00:13:53,174 [INFO]    Collecting v1 chr6_140000000_150000000, 2 candidate events found. Time cost 72s
2026-01-17 00:13:55,113 [INFO]    Collecting v1 chr6_150000000_160000000, 5 candidate events found. Time cost 74s
2026-01-17 00:13:55,639 [INFO]    Collecting v1 chr7_0_10000000, 3 candidate events found. Time cost 73s
2026-01-17 00:13:56,278 [INFO]    Collecting v1 chr7_60000000_70000000, 0 candidate events found. Time cost 66s
2026-01-17 00:13:57,130 [INFO]    Collecting v1 chr6_60000000_70000000, 4 candidate events found. Time cost 89s
2026-01-17 00:13:58,412 [INFO]    Collecting v1 chr7_40000000_50000000, 0 candidate events found. Time cost 70s
2026-01-17 00:13:58,520 [INFO]    Collecting v1 chr7_80000000_90000000, 0 candidate events found. Time cost 67s
2026-01-17 00:13:59,422 [INFO]    Collecting v1 chr7_110000000_120000000, 1 candidate events found. Time cost 65s
2026-01-17 00:14:01,848 [INFO]    Collecting v1 chr7_120000000_130000000, 0 candidate events found. Time cost 67s
2026-01-17 00:14:03,589 [INFO]    Collecting v1 chr7_50000000_60000000, 0 candidate events found. Time cost 74s
2026-01-17 00:14:03,684 [INFO]    Collecting v1 chr9_50000000_60000000, 0 candidate events found. Time cost 35s
2026-01-17 00:14:03,777 [INFO]    Collecting v1 chr7_140000000_150000000, 0 candidate events found. Time cost 65s
2026-01-17 00:14:06,144 [INFO]    Collecting v1 chr4_180000000_190000000, 16 candidate events found. Time cost 140s
2026-01-17 00:14:06,418 [INFO]    Collecting v1 chr9_60000000_70000000, 0 candidate events found. Time cost 38s
2026-01-17 00:14:07,214 [INFO]    Collecting v1 chr7_30000000_40000000, 0 candidate events found. Time cost 80s
2026-01-17 00:14:08,587 [INFO]    Collecting v1 chr8_20000000_30000000, 1 candidate events found. Time cost 66s
2026-01-17 00:14:08,643 [INFO]    Collecting v1 chr7_100000000_110000000, 5 candidate events found. Time cost 75s
2026-01-17 00:14:09,885 [INFO]    Collecting v1 chr7_130000000_140000000, 2 candidate events found. Time cost 73s
2026-01-17 00:14:10,271 [INFO]    Collecting v1 chr7_70000000_80000000, 0 candidate events found. Time cost 80s
2026-01-17 00:14:14,017 [INFO]    Collecting v1 chr7_20000000_30000000, 13 candidate events found. Time cost 87s
2026-01-17 00:14:15,030 [INFO]    Collecting v1 chr8_30000000_40000000, 0 candidate events found. Time cost 69s
2026-01-17 00:14:15,724 [INFO]    Collecting v1 chr7_90000000_100000000, 9 candidate events found. Time cost 82s
2026-01-17 00:14:16,830 [INFO]    Collecting v1 chr8_0_10000000, 3 candidate events found. Time cost 74s
2026-01-17 00:14:16,990 [INFO]    Collecting v1 chr8_10000000_20000000, 0 candidate events found. Time cost 74s
2026-01-17 00:14:17,143 [INFO]    Collecting v1 chr8_140000000_150000000, 12 candidate events found. Time cost 57s
2026-01-17 00:14:17,551 [INFO]    Collecting v1 chr8_50000000_60000000, 0 candidate events found. Time cost 70s
2026-01-17 00:14:18,634 [INFO]    Collecting v1 chr8_60000000_70000000, 0 candidate events found. Time cost 69s
2026-01-17 00:14:19,419 [INFO]    Collecting v1 chr8_90000000_100000000, 0 candidate events found. Time cost 65s
2026-01-17 00:14:19,864 [INFO]    Collecting v1 chr8_120000000_130000000, 0 candidate events found. Time cost 63s
2026-01-17 00:14:20,771 [INFO]    Collecting v1 chr8_40000000_50000000, 0 candidate events found. Time cost 73s
2026-01-17 00:14:22,706 [INFO]    Collecting v1 chr8_70000000_80000000, 0 candidate events found. Time cost 69s
2026-01-17 00:14:24,963 [INFO]    Collecting v1 chr9_0_10000000, 0 candidate events found. Time cost 63s
2026-01-17 00:14:25,566 [INFO]    Collecting v1 chr8_130000000_140000000, 0 candidate events found. Time cost 66s
2026-01-17 00:14:25,662 [INFO]    Collecting v1 chr8_100000000_110000000, 0 candidate events found. Time cost 70s
2026-01-17 00:14:27,237 [INFO]    Collecting v1 chr8_80000000_90000000, 0 candidate events found. Time cost 74s
2026-01-17 00:14:30,794 [INFO]    Collecting v1 chr8_110000000_120000000, 0 candidate events found. Time cost 74s
2026-01-17 00:14:32,449 [INFO]    Collecting v1 chr9_10000000_20000000, 0 candidate events found. Time cost 69s
2026-01-17 00:14:33,367 [INFO]    Collecting v1 chr9_20000000_30000000, 2 candidate events found. Time cost 68s
2026-01-17 00:14:36,641 [INFO]    Collecting v1 chr9_70000000_80000000, 0 candidate events found. Time cost 66s
2026-01-17 00:14:38,233 [INFO]    Collecting v1 chr9_30000000_40000000, 0 candidate events found. Time cost 72s
2026-01-17 00:14:41,061 [INFO]    Collecting v1 chr7_150000000_160000000, 11 candidate events found. Time cost 100s
2026-01-17 00:14:43,128 [INFO]    Collecting v1 chr9_120000000_130000000, 0 candidate events found. Time cost 63s
2026-01-17 00:14:47,774 [INFO]    Collecting v1 chr9_110000000_120000000, 0 candidate events found. Time cost 68s
2026-01-17 00:14:48,055 [INFO]    Collecting v1 chr9_90000000_100000000, 0 candidate events found. Time cost 69s
2026-01-17 00:14:48,171 [INFO]    Collecting v1 chr9_80000000_90000000, 0 candidate events found. Time cost 73s
2026-01-17 00:14:48,806 [INFO]    Collecting v1 chr10_0_10000000, 2 candidate events found. Time cost 65s
2026-01-17 00:14:53,200 [INFO]    Collecting v1 chr11_130000000_140000000, 1 candidate events found. Time cost 35s
2026-01-17 00:14:54,738 [INFO]    Collecting v1 chr9_40000000_50000000, 0 candidate events found. Time cost 87s
2026-01-17 00:14:55,543 [INFO]    Collecting v1 chr9_130000000_140000000, 10 candidate events found. Time cost 73s
2026-01-17 00:14:58,919 [INFO]    Collecting v1 chr10_10000000_20000000, 0 candidate events found. Time cost 69s
2026-01-17 00:15:01,172 [INFO]    Collecting v1 chr9_100000000_110000000, 2 candidate events found. Time cost 82s
2026-01-17 00:15:01,929 [INFO]    Collecting v1 chr10_80000000_90000000, 0 candidate events found. Time cost 63s
2026-01-17 00:15:02,496 [INFO]    Collecting v1 chr10_20000000_30000000, 0 candidate events found. Time cost 69s
2026-01-17 00:15:04,025 [INFO]    Collecting v1 chr12_130000000_140000000, 2 candidate events found. Time cost 25s
2026-01-17 00:15:05,506 [INFO]    Collecting v1 chr10_70000000_80000000, 0 candidate events found. Time cost 67s
2026-01-17 00:15:07,457 [INFO]    Collecting v1 chr10_60000000_70000000, 0 candidate events found. Time cost 70s
2026-01-17 00:15:07,805 [INFO]    Collecting v1 chr10_30000000_40000000, 0 candidate events found. Time cost 72s
2026-01-17 00:15:09,117 [INFO]    Collecting v1 chr10_90000000_100000000, 0 candidate events found. Time cost 69s
2026-01-17 00:15:09,752 [INFO]    Collecting v1 chr10_100000000_110000000, 1 candidate events found. Time cost 67s
2026-01-17 00:15:10,739 [INFO]    Collecting v1 chr10_40000000_50000000, 3 candidate events found. Time cost 75s
2026-01-17 00:15:11,494 [INFO]    Collecting v1 chr10_110000000_120000000, 0 candidate events found. Time cost 67s
2026-01-17 00:15:12,801 [INFO]    Collecting v1 chr11_40000000_50000000, 0 candidate events found. Time cost 64s
2026-01-17 00:15:13,733 [INFO]    Collecting v1 chr9_140000000_150000000, 17 candidate events found. Time cost 91s
2026-01-17 00:15:14,329 [INFO]    Collecting v1 chr13_110000000_120000000, 1 candidate events found. Time cost 12s
2026-01-17 00:15:15,539 [INFO]    Collecting v1 chr10_120000000_130000000, 7 candidate events found. Time cost 71s
2026-01-17 00:15:15,662 [INFO]    Collecting v1 chr10_50000000_60000000, 5 candidate events found. Time cost 79s
2026-01-17 00:15:16,591 [INFO]    Collecting v1 chr11_50000000_60000000, 0 candidate events found. Time cost 66s
2026-01-17 00:15:21,108 [INFO]    Collecting v1 chr13_0_10000000, 0 candidate events found. Time cost 40s
2026-01-17 00:15:21,361 [INFO]    Collecting v1 chr11_10000000_20000000, 5 candidate events found. Time cost 74s
2026-01-17 00:15:21,425 [INFO]    Collecting v1 chr13_40000000_50000000, 2 candidate events found. Time cost 33s
2026-01-17 00:15:22,084 [INFO]    Collecting v1 chr13_50000000_60000000, 0 candidate events found. Time cost 33s
2026-01-17 00:15:22,134 [INFO]    Collecting v1 chr12_20000000_30000000, 0 candidate events found. Time cost 62s
2026-01-17 00:15:22,892 [INFO]    Collecting v1 chr12_10000000_20000000, 0 candidate events found. Time cost 63s
2026-01-17 00:15:23,184 [INFO]    Collecting v1 chr13_30000000_40000000, 0 candidate events found. Time cost 35s
2026-01-17 00:15:23,251 [INFO]    Collecting v1 chr11_80000000_90000000, 0 candidate events found. Time cost 68s
2026-01-17 00:15:23,415 [INFO]    Collecting v1 chr11_120000000_130000000, 0 candidate events found. Time cost 66s
2026-01-17 00:15:24,346 [INFO]    Collecting v1 chr11_20000000_30000000, 0 candidate events found. Time cost 77s
2026-01-17 00:15:24,723 [INFO]    Collecting v1 chr11_90000000_100000000, 0 candidate events found. Time cost 68s
2026-01-17 00:15:26,268 [INFO]    Collecting v1 chr13_60000000_70000000, 0 candidate events found. Time cost 33s
2026-01-17 00:15:26,407 [INFO]    Collecting v1 chr11_110000000_120000000, 0 candidate events found. Time cost 69s
2026-01-17 00:15:26,552 [INFO]    Collecting v1 chr11_30000000_40000000, 9 candidate events found. Time cost 77s
2026-01-17 00:15:27,510 [INFO]    Collecting v1 chr12_30000000_40000000, 0 candidate events found. Time cost 66s
2026-01-17 00:15:27,618 [INFO]    Collecting v1 chr12_40000000_50000000, 0 candidate events found. Time cost 64s
2026-01-17 00:15:27,844 [INFO]    Collecting v1 chr13_70000000_80000000, 0 candidate events found. Time cost 33s
2026-01-17 00:15:28,239 [INFO]    Collecting v1 chr12_0_10000000, 1 candidate events found. Time cost 69s
2026-01-17 00:15:28,978 [INFO]    Collecting v1 chr13_80000000_90000000, 0 candidate events found. Time cost 33s
2026-01-17 00:15:29,756 [INFO]    Collecting v1 chr12_50000000_60000000, 0 candidate events found. Time cost 64s
2026-01-17 00:15:29,761 [INFO]    Collecting v1 chr14_100000000_110000000, 8 candidate events found. Time cost 15s
2026-01-17 00:15:29,808 [INFO]    Collecting v1 chr11_100000000_110000000, 0 candidate events found. Time cost 72s
2026-01-17 00:15:30,451 [INFO]    Collecting v1 chr12_70000000_80000000, 0 candidate events found. Time cost 64s
2026-01-17 00:15:31,352 [INFO]    Collecting v1 chr11_0_10000000, 12 candidate events found. Time cost 85s
2026-01-17 00:15:31,993 [INFO]    Collecting v1 chr13_20000000_30000000, 1 candidate events found. Time cost 44s
2026-01-17 00:15:33,712 [INFO]    Collecting v1 chr12_60000000_70000000, 0 candidate events found. Time cost 68s
2026-01-17 00:15:34,401 [INFO]    Collecting v1 chr6_160000000_170000000, 33 candidate events found. Time cost 173s
2026-01-17 00:15:35,230 [INFO]    Collecting v1 chr13_90000000_100000000, 2 candidate events found. Time cost 36s
2026-01-17 00:15:35,258 [INFO]    Collecting v1 chr12_80000000_90000000, 0 candidate events found. Time cost 68s
2026-01-17 00:15:37,886 [INFO]    Collecting v1 chr12_100000000_110000000, 0 candidate events found. Time cost 65s
2026-01-17 00:15:41,380 [INFO]    Collecting v1 chr11_70000000_80000000, 9 candidate events found. Time cost 87s
2026-01-17 00:15:42,100 [INFO]    Collecting v1 chr12_110000000_120000000, 1 candidate events found. Time cost 68s
2026-01-17 00:15:43,465 [INFO]    Collecting v1 chr13_100000000_110000000, 0 candidate events found. Time cost 42s
2026-01-17 00:15:44,457 [INFO]    Collecting v1 chr12_90000000_100000000, 1 candidate events found. Time cost 73s
2026-01-17 00:15:48,771 [INFO]    Collecting v1 chr13_10000000_20000000, 8 candidate events found. Time cost 65s
2026-01-17 00:15:49,919 [INFO]    Collecting v1 chr18_80000000_90000000, 0 candidate events found. Time cost 5s
2026-01-17 00:15:51,062 [INFO]    Collecting v1 chr11_60000000_70000000, 9 candidate events found. Time cost 100s
2026-01-17 00:15:52,943 [INFO]    Collecting v1 chr17_0_10000000, 1 candidate events found. Time cost 25s
2026-01-17 00:16:00,245 [INFO]    Collecting v1 chr17_10000000_20000000, 1 candidate events found. Time cost 31s
2026-01-17 00:16:07,671 [INFO]    Collecting v1 chr14_10000000_20000000, 0 candidate events found. Time cost 63s
2026-01-17 00:16:13,363 [INFO]    Collecting v1 chr14_20000000_30000000, 0 candidate events found. Time cost 67s
2026-01-17 00:16:16,807 [INFO]    Collecting v1 chr16_90000000_100000000, 6 candidate events found. Time cost 49s
2026-01-17 00:16:18,238 [INFO]    Collecting v1 chr14_60000000_70000000, 0 candidate events found. Time cost 68s
2026-01-17 00:16:18,722 [INFO]    Collecting v1 chr14_50000000_60000000, 0 candidate events found. Time cost 69s
2026-01-17 00:16:19,138 [INFO]    Collecting v1 chr14_40000000_50000000, 0 candidate events found. Time cost 71s
2026-01-17 00:16:21,167 [INFO]    Collecting v1 chr15_10000000_20000000, 1 candidate events found. Time cost 65s
2026-01-17 00:16:21,325 [INFO]    Collecting v1 chr14_70000000_80000000, 0 candidate events found. Time cost 70s
2026-01-17 00:16:21,345 [INFO]    Collecting v1 chr17_20000000_30000000, 0 candidate events found. Time cost 52s
2026-01-17 00:16:22,035 [INFO]    Collecting v1 chr14_80000000_90000000, 0 candidate events found. Time cost 70s
2026-01-17 00:16:22,694 [INFO]    Collecting v1 chr14_90000000_100000000, 10 candidate events found. Time cost 69s
2026-01-17 00:16:23,218 [INFO]    Collecting v1 chr14_30000000_40000000, 1 candidate events found. Time cost 75s
2026-01-17 00:16:23,976 [INFO]    Collecting v1 chr15_90000000_100000000, 1 candidate events found. Time cost 61s
2026-01-17 00:16:24,209 [INFO]    Collecting v1 chr17_80000000_90000000, 12 candidate events found. Time cost 52s
2026-01-17 00:16:24,526 [INFO]    Collecting v1 chr15_50000000_60000000, 0 candidate events found. Time cost 63s
2026-01-17 00:16:25,761 [INFO]    Collecting v1 chr15_40000000_50000000, 0 candidate events found. Time cost 64s
2026-01-17 00:16:27,611 [INFO]    Collecting v1 chr15_30000000_40000000, 5 candidate events found. Time cost 71s
2026-01-17 00:16:28,956 [INFO]    Collecting v1 chr16_50000000_60000000, 0 candidate events found. Time cost 62s
2026-01-17 00:16:29,407 [INFO]    Collecting v1 chr15_80000000_90000000, 0 candidate events found. Time cost 67s
2026-01-17 00:16:29,661 [INFO]    Collecting v1 chr15_70000000_80000000, 0 candidate events found. Time cost 67s
2026-01-17 00:16:29,676 [INFO]    Collecting v1 chr19_60000000_70000000, 0 candidate events found. Time cost 16s
2026-01-17 00:16:31,694 [INFO]    Collecting v1 chr16_80000000_90000000, 0 candidate events found. Time cost 64s
2026-01-17 00:16:31,746 [INFO]    Collecting v1 chr17_30000000_40000000, 2 candidate events found. Time cost 61s
2026-01-17 00:16:32,025 [INFO]    Collecting v1 chr16_20000000_30000000, 0 candidate events found. Time cost 68s
2026-01-17 00:16:32,470 [INFO]    Collecting v1 chr16_10000000_20000000, 0 candidate events found. Time cost 69s
2026-01-17 00:16:34,177 [INFO]    Collecting v1 chr14_0_10000000, 0 candidate events found. Time cost 91s
2026-01-17 00:16:34,772 [INFO]    Collecting v1 chr17_60000000_70000000, 0 candidate events found. Time cost 64s
2026-01-17 00:16:35,101 [INFO]    Collecting v1 chr17_40000000_50000000, 1 candidate events found. Time cost 65s
2026-01-17 00:16:35,180 [INFO]    Collecting v1 chr15_0_10000000, 0 candidate events found. Time cost 80s
2026-01-17 00:16:35,603 [INFO]    Collecting v1 chr16_70000000_80000000, 1 candidate events found. Time cost 69s
2026-01-17 00:16:35,920 [INFO]    Collecting v1 chr15_20000000_30000000, 0 candidate events found. Time cost 80s
2026-01-17 00:16:36,541 [INFO]    Collecting v1 chr18_50000000_60000000, 0 candidate events found. Time cost 55s
2026-01-17 00:16:39,104 [INFO]    Collecting v1 chr18_10000000_20000000, 0 candidate events found. Time cost 64s
2026-01-17 00:16:39,436 [INFO]    Collecting v1 chr18_20000000_30000000, 0 candidate events found. Time cost 64s
2026-01-17 00:16:40,421 [INFO]    Collecting v1 chr18_40000000_50000000, 0 candidate events found. Time cost 62s
2026-01-17 00:16:40,713 [INFO]    Collecting v1 chr17_50000000_60000000, 0 candidate events found. Time cost 70s
2026-01-17 00:16:40,867 [INFO]    Collecting v1 chr18_30000000_40000000, 0 candidate events found. Time cost 65s
2026-01-17 00:16:41,235 [INFO]    Collecting v1 chr16_40000000_50000000, 0 candidate events found. Time cost 76s
2026-01-17 00:16:42,523 [INFO]    Collecting v1 chr16_60000000_70000000, 0 candidate events found. Time cost 76s
2026-01-17 00:16:42,899 [INFO]    Collecting v1 chr16_30000000_40000000, 0 candidate events found. Time cost 78s
2026-01-17 00:16:45,315 [INFO]    Collecting v1 chr18_0_10000000, 4 candidate events found. Time cost 71s
2026-01-17 00:16:45,812 [INFO]    Collecting v1 chr18_60000000_70000000, 0 candidate events found. Time cost 63s
2026-01-17 00:16:46,740 [INFO]    Collecting v1 chr17_70000000_80000000, 5 candidate events found. Time cost 75s
2026-01-17 00:16:50,978 [INFO]    Collecting v1 chr22_50000000_60000000, 6 candidate events found. Time cost 21s
2026-01-17 00:16:51,770 [INFO]    Collecting v1 chrM_0_10000000, 0 candidate events found. Time cost 0s
2026-01-17 00:16:51,954 [INFO]    Collecting v1 chr16_0_10000000, 24 candidate events found. Time cost 88s
2026-01-17 00:16:54,860 [INFO]    Collecting v1 chr19_0_10000000, 7 candidate events found. Time cost 66s
2026-01-17 00:16:58,328 [INFO]    Collecting v1 chr20_60000000_70000000, 1 candidate events found. Time cost 36s
2026-01-17 00:16:59,299 [INFO]    Collecting v1 chr18_70000000_80000000, 3 candidate events found. Time cost 75s
2026-01-17 00:17:00,898 [INFO]    Collecting v1 chr15_60000000_70000000, 10 candidate events found. Time cost 99s
2026-01-17 00:17:02,319 [INFO]    Collecting v1 chr19_40000000_50000000, 4 candidate events found. Time cost 62s
2026-01-17 00:17:06,140 [INFO]    Collecting v1 chrY_60000000_70000000, 0 candidate events found. Time cost 19s
2026-01-17 00:17:07,104 [INFO]    Collecting v1 chr19_50000000_60000000, 0 candidate events found. Time cost 59s
2026-01-17 00:17:11,895 [INFO]    Collecting v1 chr19_30000000_40000000, 0 candidate events found. Time cost 78s
2026-01-17 00:17:12,016 [INFO]    Collecting v1 chrX_150000000_160000000, 1 candidate events found. Time cost 31s
2026-01-17 00:17:12,559 [INFO]    Collecting v1 chr20_40000000_50000000, 0 candidate events found. Time cost 51s
2026-01-17 00:17:16,346 [INFO]    Collecting v1 chrX_30000000_40000000, 0 candidate events found. Time cost 44s
2026-01-17 00:17:16,562 [INFO]    Collecting v1 chr21_40000000_50000000, 13 candidate events found. Time cost 52s
2026-01-17 00:17:18,431 [INFO]    Collecting v1 chr19_20000000_30000000, 3 candidate events found. Time cost 87s
2026-01-17 00:17:18,531 [INFO]    Collecting v1 chr20_10000000_20000000, 0 candidate events found. Time cost 60s
2026-01-17 00:17:21,576 [INFO]    Collecting v1 chr22_10000000_20000000, 0 candidate events found. Time cost 55s
2026-01-17 00:17:22,367 [INFO]    Collecting v1 chr19_10000000_20000000, 11 candidate events found. Time cost 92s
2026-01-17 00:17:23,433 [INFO]    Collecting v1 chrY_40000000_50000000, 0 candidate events found. Time cost 38s
2026-01-17 00:17:24,114 [INFO]    Collecting v1 chr22_20000000_30000000, 0 candidate events found. Time cost 56s
2026-01-17 00:17:25,024 [INFO]    Collecting v1 chrX_40000000_50000000, 0 candidate events found. Time cost 52s
2026-01-17 00:17:25,399 [INFO]    Collecting v1 chr21_20000000_30000000, 0 candidate events found. Time cost 62s
2026-01-17 00:17:26,870 [INFO]    Collecting v1 chr21_30000000_40000000, 9 candidate events found. Time cost 62s
2026-01-17 00:17:28,418 [INFO]    Collecting v1 chrX_140000000_150000000, 0 candidate events found. Time cost 47s
2026-01-17 00:17:29,040 [INFO]    Collecting v1 chrX_110000000_120000000, 1 candidate events found. Time cost 52s
2026-01-17 00:17:30,770 [INFO]    Collecting v1 chr21_0_10000000, 0 candidate events found. Time cost 68s
2026-01-17 00:17:31,181 [INFO]    Collecting v1 chrX_70000000_80000000, 0 candidate events found. Time cost 56s
2026-01-17 00:17:31,646 [INFO]    Collecting v1 chrX_60000000_70000000, 0 candidate events found. Time cost 56s
2026-01-17 00:17:32,299 [INFO]    Collecting v1 chrX_20000000_30000000, 0 candidate events found. Time cost 60s
2026-01-17 00:17:33,427 [INFO]    Collecting v1 chrX_10000000_20000000, 0 candidate events found. Time cost 61s
2026-01-17 00:17:33,526 [INFO]    Collecting v1 chr21_10000000_20000000, 0 candidate events found. Time cost 70s
2026-01-17 00:17:33,568 [INFO]    Collecting v1 chrY_50000000_60000000, 0 candidate events found. Time cost 47s
2026-01-17 00:17:34,638 [INFO]    Collecting v1 chr20_20000000_30000000, 0 candidate events found. Time cost 75s
2026-01-17 00:17:35,346 [INFO]    Collecting v1 chr22_40000000_50000000, 9 candidate events found. Time cost 65s
2026-01-17 00:17:35,371 [INFO]    Collecting v1 chrY_20000000_30000000, 0 candidate events found. Time cost 52s
2026-01-17 00:17:35,474 [INFO]    Collecting v1 chr20_50000000_60000000, 8 candidate events found. Time cost 74s
2026-01-17 00:17:35,984 [INFO]    Collecting v1 chrX_50000000_60000000, 0 candidate events found. Time cost 61s
2026-01-17 00:17:37,085 [INFO]    Collecting v1 chrX_80000000_90000000, 0 candidate events found. Time cost 61s
2026-01-17 00:17:37,086 [INFO]    Collecting v1 chr20_30000000_40000000, 4 candidate events found. Time cost 77s
2026-01-17 00:17:37,559 [INFO]    Collecting v1 chr22_0_10000000, 0 candidate events found. Time cost 73s
2026-01-17 00:17:37,983 [INFO]    Collecting v1 chrY_30000000_40000000, 0 candidate events found. Time cost 55s
2026-01-17 00:17:38,189 [INFO]    Collecting v1 chrY_10000000_20000000, 0 candidate events found. Time cost 56s
2026-01-17 00:17:38,289 [INFO]    Collecting v1 chr12_120000000_130000000, 17 candidate events found. Time cost 181s
2026-01-17 00:17:38,516 [INFO]    Collecting v1 chrX_130000000_140000000, 1 candidate events found. Time cost 59s
2026-01-17 00:17:39,669 [INFO]    Collecting v1 chrY_0_10000000, 0 candidate events found. Time cost 58s
2026-01-17 00:17:40,146 [INFO]    Collecting v1 chr20_0_10000000, 10 candidate events found. Time cost 83s
2026-01-17 00:17:40,795 [INFO]    Collecting v1 chr22_30000000_40000000, 7 candidate events found. Time cost 71s
2026-01-17 00:17:43,893 [INFO]    Collecting v1 chrX_100000000_110000000, 0 candidate events found. Time cost 67s
2026-01-17 00:17:47,817 [INFO]    Collecting v1 chrX_90000000_100000000, 0 candidate events found. Time cost 72s
2026-01-17 00:17:49,100 [INFO]    Collecting v1 chrX_120000000_130000000, 0 candidate events found. Time cost 69s
2026-01-17 00:18:06,219 [INFO]    Collecting v1 chrX_0_10000000, 15 candidate events found. Time cost 96s
2026-01-17 00:18:38,967 [INFO]    Collecting v1 chr10_130000000_140000000, 24 candidate events found. Time cost 275s
2026-01-17 00:18:39,131 [INFO]    Collecting Time Cost 503s
2026-01-17 00:18:39,131 [INFO]    ****************** Step2 lite-Unet predicting **************************
2026-01-17 00:18:39,214 [INFO]    Predicting v1 chr1_80000000_90000000, 0 events pass lite-Unet module. Time cost: 0s
2026-01-17 00:18:39,215 [INFO]    Predicting v1 chr1_120000000_130000000, 0 events pass lite-Unet module. Time cost: 0s
2026-01-17 00:18:39,215 [INFO]    Predicting v1 chr1_50000000_60000000, 0 events pass lite-Unet module. Time cost: 0s
2026-01-17 00:18:39,215 [INFO]    Predicting v1 chr1_90000000_100000000, 0 events pass lite-Unet module. Time cost: 0s
2026-01-17 00:18:39,215 [INFO]    Predicting v1 chr1_60000000_70000000, 0 events pass lite-Unet module. Time cost: 0s
2026-01-17 00:18:39,215 [INFO]    Predicting v1 chr1_20000000_30000000, 0 events pass lite-Unet module. Time cost: 0s
2026-01-17 00:18:39,215 [INFO]    Predicting v1 chr1_30000000_40000000, 0 events pass lite-Unet module. Time cost: 0s
2026-01-17 00:18:39,216 [INFO]    Predicting v1 chr1_170000000_180000000, 0 events pass lite-Unet module. Time cost: 0s
2026-01-17 00:18:39,216 [INFO]    Predicting v1 chr1_160000000_170000000, 0 events pass lite-Unet module. Time cost: 0s
2026-01-17 00:18:39,216 [INFO]    Predicting v1 chr1_70000000_80000000, 0 events pass lite-Unet module. Time cost: 0s
2026-01-17 00:18:39,217 [INFO]    Predicting v1 chr1_200000000_210000000, 0 events pass lite-Unet module. Time cost: 0s
2026-01-17 00:18:39,217 [INFO]    Predicting v1 chr1_130000000_140000000, 0 events pass lite-Unet module. Time cost: 0s
2026-01-17 00:18:39,218 [INFO]    Predicting v1 chr1_190000000_200000000, 0 events pass lite-Unet module. Time cost: 0s
2026-01-17 00:18:39,218 [INFO]    Predicting v1 chr1_210000000_220000000, 0 events pass lite-Unet module. Time cost: 0s
2026-01-17 00:18:39,219 [INFO]    Predicting v1 chr2_20000000_30000000, 0 events pass lite-Unet module. Time cost: 0s
2026-01-17 00:18:39,219 [INFO]    Predicting v1 chr1_180000000_190000000, 0 events pass lite-Unet module. Time cost: 0s
2026-01-17 00:18:39,219 [INFO]    Predicting v1 chr2_10000000_20000000, 0 events pass lite-Unet module. Time cost: 0s
2026-01-17 00:18:39,223 [INFO]    Predicting v1 chr2_160000000_170000000, 0 events pass lite-Unet module. Time cost: 0s
2026-01-17 00:18:39,223 [INFO]    Predicting v1 chr2_150000000_160000000, 0 events pass lite-Unet module. Time cost: 0s
2026-01-17 00:18:39,225 [INFO]    Predicting v1 chr2_40000000_50000000, 0 events pass lite-Unet module. Time cost: 0s
2026-01-17 00:18:39,230 [INFO]    Predicting v1 chr2_100000000_110000000, 0 events pass lite-Unet module. Time cost: 0s
2026-01-17 00:18:39,237 [INFO]    Predicting v1 chr2_200000000_210000000, 0 events pass lite-Unet module. Time cost: 0s
2026-01-17 00:18:39,248 [INFO]    Predicting v1 chr2_180000000_190000000, 0 events pass lite-Unet module. Time cost: 0s
2026-01-17 00:18:39,249 [INFO]    Predicting v1 chr2_210000000_220000000, 0 events pass lite-Unet module. Time cost: 0s
2026-01-17 00:18:39,250 [INFO]    Predicting v1 chr2_130000000_140000000, 0 events pass lite-Unet module. Time cost: 0s
2026-01-17 00:18:39,253 [INFO]    Predicting v1 chr2_190000000_200000000, 0 events pass lite-Unet module. Time cost: 0s
2026-01-17 00:18:39,254 [INFO]    Predicting v1 chr2_220000000_230000000, 0 events pass lite-Unet module. Time cost: 0s
2026-01-17 00:18:39,259 [INFO]    Predicting v1 chr2_30000000_40000000, 0 events pass lite-Unet module. Time cost: 0s
2026-01-17 00:18:39,322 [INFO]    Predicting v1 chr3_20000000_30000000, 0 events pass lite-Unet module. Time cost: 0s
2026-01-17 00:18:39,370 [INFO]    Predicting v1 chr3_0_10000000, 0 events pass lite-Unet module. Time cost: 0s
2026-01-17 00:18:39,410 [INFO]    Predicting v1 chr3_40000000_50000000, 0 events pass lite-Unet module. Time cost: 0s
2026-01-17 00:18:40,375 [INFO]    Predicting v1 chr1_100000000_110000000, 1 events pass lite-Unet module. Time cost: 1s
2026-01-17 00:18:40,381 [INFO]    Predicting v1 chr2_70000000_80000000, 1 events pass lite-Unet module. Time cost: 1s
2026-01-17 00:18:40,383 [INFO]    Predicting v1 chr3_70000000_80000000, 3 events pass lite-Unet module. Time cost: 0s
2026-01-17 00:18:40,387 [INFO]    Predicting v1 chr3_80000000_90000000, 0 events pass lite-Unet module. Time cost: 0s
2026-01-17 00:18:40,389 [INFO]    Predicting v1 chr3_90000000_100000000, 0 events pass lite-Unet module. Time cost: 0s
2026-01-17 00:18:40,394 [INFO]    Predicting v1 chr3_100000000_110000000, 0 events pass lite-Unet module. Time cost: 0s
2026-01-17 00:18:40,395 [INFO]    Predicting v1 chr3_110000000_120000000, 0 events pass lite-Unet module. Time cost: 0s
2026-01-17 00:18:40,401 [INFO]    Predicting v1 chr3_130000000_140000000, 0 events pass lite-Unet module. Time cost: 0s
2026-01-17 00:18:40,407 [INFO]    Predicting v1 chr3_140000000_150000000, 0 events pass lite-Unet module. Time cost: 0s
2026-01-17 00:18:40,417 [INFO]    Predicting v1 chr1_40000000_50000000, 2 events pass lite-Unet module. Time cost: 1s
2026-01-17 00:18:40,422 [INFO]    Predicting v1 chr3_150000000_160000000, 0 events pass lite-Unet module. Time cost: 0s
2026-01-17 00:18:40,425 [INFO]    Predicting v1 chr3_160000000_170000000, 0 events pass lite-Unet module. Time cost: 0s
2026-01-17 00:18:40,428 [INFO]    Predicting v1 chr3_170000000_180000000, 0 events pass lite-Unet module. Time cost: 0s
2026-01-17 00:18:40,431 [INFO]    Predicting v1 chr3_180000000_190000000, 0 events pass lite-Unet module. Time cost: 0s
2026-01-17 00:18:40,439 [INFO]    Predicting v1 chr3_200000000_210000000, 0 events pass lite-Unet module. Time cost: 0s
2026-01-17 00:18:40,466 [INFO]    Predicting v1 chr3_60000000_70000000, 1 events pass lite-Unet module. Time cost: 1s
2026-01-17 00:18:40,488 [INFO]    Predicting v1 chr3_10000000_20000000, 1 events pass lite-Unet module. Time cost: 1s
2026-01-17 00:18:40,507 [INFO]    Predicting v1 chr4_20000000_30000000, 0 events pass lite-Unet module. Time cost: 0s
2026-01-17 00:18:40,508 [INFO]    Predicting v1 chr1_140000000_150000000, 2 events pass lite-Unet module. Time cost: 1s
2026-01-17 00:18:40,512 [INFO]    Predicting v1 chr4_30000000_40000000, 0 events pass lite-Unet module. Time cost: 0s
2026-01-17 00:18:40,516 [INFO]    Predicting v1 chr4_50000000_60000000, 0 events pass lite-Unet module. Time cost: 0s
2026-01-17 00:18:40,521 [INFO]    Predicting v1 chr4_60000000_70000000, 0 events pass lite-Unet module. Time cost: 0s
2026-01-17 00:18:40,528 [INFO]    Predicting v1 chr4_70000000_80000000, 0 events pass lite-Unet module. Time cost: 0s
2026-01-17 00:18:40,533 [INFO]    Predicting v1 chr4_80000000_90000000, 0 events pass lite-Unet module. Time cost: 0s
2026-01-17 00:18:40,539 [INFO]    Predicting v1 chr4_90000000_100000000, 0 events pass lite-Unet module. Time cost: 0s
2026-01-17 00:18:40,561 [INFO]    Predicting v1 chr4_100000000_110000000, 0 events pass lite-Unet module. Time cost: 0s
2026-01-17 00:18:40,567 [INFO]    Predicting v1 chr4_110000000_120000000, 0 events pass lite-Unet module. Time cost: 0s
2026-01-17 00:18:40,573 [INFO]    Predicting v1 chr4_120000000_130000000, 0 events pass lite-Unet module. Time cost: 0s
2026-01-17 00:18:40,578 [INFO]    Predicting v1 chr4_130000000_140000000, 0 events pass lite-Unet module. Time cost: 0s
2026-01-17 00:18:40,592 [INFO]    Predicting v1 chr4_140000000_150000000, 1 events pass lite-Unet module. Time cost: 0s
2026-01-17 00:18:40,633 [INFO]    Predicting v1 chr2_80000000_90000000, 1 events pass lite-Unet module. Time cost: 1s
2026-01-17 00:18:40,641 [INFO]    Predicting v1 chr4_160000000_170000000, 0 events pass lite-Unet module. Time cost: 0s
2026-01-17 00:18:40,643 [INFO]    Predicting v1 chr1_10000000_20000000, 1 events pass lite-Unet module. Time cost: 1s
2026-01-17 00:18:40,644 [INFO]    Predicting v1 chr4_170000000_180000000, 0 events pass lite-Unet module. Time cost: 0s
2026-01-17 00:18:40,663 [INFO]    Predicting v1 chr4_190000000_200000000, 0 events pass lite-Unet module. Time cost: 0s
2026-01-17 00:18:40,668 [INFO]    Predicting v1 chr5_0_10000000, 0 events pass lite-Unet module. Time cost: 0s
2026-01-17 00:18:40,682 [INFO]    Predicting v1 chr5_10000000_20000000, 0 events pass lite-Unet module. Time cost: 0s
2026-01-17 00:18:40,683 [INFO]    Predicting v1 chr1_220000000_230000000, 1 events pass lite-Unet module. Time cost: 1s
2026-01-17 00:18:40,687 [INFO]    Predicting v1 chr5_20000000_30000000, 0 events pass lite-Unet module. Time cost: 0s
2026-01-17 00:18:40,691 [INFO]    Predicting v1 chr5_40000000_50000000, 0 events pass lite-Unet module. Time cost: 0s
2026-01-17 00:18:40,692 [INFO]    Predicting v1 chr5_30000000_40000000, 0 events pass lite-Unet module. Time cost: 0s
2026-01-17 00:18:40,699 [INFO]    Predicting v1 chr5_50000000_60000000, 0 events pass lite-Unet module. Time cost: 0s
2026-01-17 00:18:40,707 [INFO]    Predicting v1 chr5_70000000_80000000, 1 events pass lite-Unet module. Time cost: 0s
2026-01-17 00:18:40,709 [INFO]    Predicting v1 chr5_60000000_70000000, 0 events pass lite-Unet module. Time cost: 0s
2026-01-17 00:18:40,718 [INFO]    Predicting v1 chr5_80000000_90000000, 0 events pass lite-Unet module. Time cost: 0s
2026-01-17 00:18:40,720 [INFO]    Predicting v1 chr5_90000000_100000000, 0 events pass lite-Unet module. Time cost: 0s
2026-01-17 00:18:40,728 [INFO]    Predicting v1 chr5_100000000_110000000, 0 events pass lite-Unet module. Time cost: 0s
2026-01-17 00:18:40,729 [INFO]    Predicting v1 chr5_110000000_120000000, 0 events pass lite-Unet module. Time cost: 0s
2026-01-17 00:18:40,738 [INFO]    Predicting v1 chr5_120000000_130000000, 0 events pass lite-Unet module. Time cost: 0s
2026-01-17 00:18:40,740 [INFO]    Predicting v1 chr5_130000000_140000000, 0 events pass lite-Unet module. Time cost: 0s
2026-01-17 00:18:40,747 [INFO]    Predicting v1 chr5_140000000_150000000, 0 events pass lite-Unet module. Time cost: 0s
2026-01-17 00:18:40,748 [INFO]    Predicting v1 chr5_150000000_160000000, 0 events pass lite-Unet module. Time cost: 0s
2026-01-17 00:18:40,769 [INFO]    Predicting v1 chr5_160000000_170000000, 0 events pass lite-Unet module. Time cost: 0s
2026-01-17 00:18:40,776 [INFO]    Predicting v1 chr5_180000000_190000000, 1 events pass lite-Unet module. Time cost: 0s
2026-01-17 00:18:40,851 [INFO]    Predicting v1 chr1_240000000_250000000, 5 events pass lite-Unet module. Time cost: 1s
2026-01-17 00:18:40,970 [INFO]    Predicting v1 chr2_170000000_180000000, 2 events pass lite-Unet module. Time cost: 1s
2026-01-17 00:18:40,974 [INFO]    Predicting v1 chr4_40000000_50000000, 1 events pass lite-Unet module. Time cost: 0s
2026-01-17 00:18:40,976 [INFO]    Predicting v1 chr6_20000000_30000000, 0 events pass lite-Unet module. Time cost: 0s
2026-01-17 00:18:40,979 [INFO]    Predicting v1 chr3_50000000_60000000, 1 events pass lite-Unet module. Time cost: 1s
2026-01-17 00:18:40,981 [INFO]    Predicting v1 chr6_30000000_40000000, 0 events pass lite-Unet module. Time cost: 0s
2026-01-17 00:18:40,981 [INFO]    Predicting v1 chr6_40000000_50000000, 0 events pass lite-Unet module. Time cost: 0s
2026-01-17 00:18:40,986 [INFO]    Predicting v1 chr6_70000000_80000000, 0 events pass lite-Unet module. Time cost: 0s
2026-01-17 00:18:40,988 [INFO]    Predicting v1 chr6_50000000_60000000, 0 events pass lite-Unet module. Time cost: 0s
2026-01-17 00:18:40,991 [INFO]    Predicting v1 chr6_80000000_90000000, 0 events pass lite-Unet module. Time cost: 0s
2026-01-17 00:18:40,997 [INFO]    Predicting v1 chr6_100000000_110000000, 0 events pass lite-Unet module. Time cost: 0s
2026-01-17 00:18:40,999 [INFO]    Predicting v1 chr6_90000000_100000000, 0 events pass lite-Unet module. Time cost: 0s
2026-01-17 00:18:41,001 [INFO]    Predicting v1 chr6_110000000_120000000, 0 events pass lite-Unet module. Time cost: 0s
2026-01-17 00:18:41,006 [INFO]    Predicting v1 chr6_130000000_140000000, 0 events pass lite-Unet module. Time cost: 0s
2026-01-17 00:18:41,009 [INFO]    Predicting v1 chr6_120000000_130000000, 0 events pass lite-Unet module. Time cost: 0s
2026-01-17 00:18:41,012 [INFO]    Predicting v1 chr6_140000000_150000000, 2 events pass lite-Unet module. Time cost: 0s
2026-01-17 00:18:41,021 [INFO]    Predicting v1 chr6_150000000_160000000, 5 events pass lite-Unet module. Time cost: 0s
2026-01-17 00:18:41,029 [INFO]    Predicting v1 chr6_170000000_180000000, 0 events pass lite-Unet module. Time cost: 0s
2026-01-17 00:18:41,080 [INFO]    Predicting v1 chr1_150000000_160000000, 3 events pass lite-Unet module. Time cost: 1s
2026-01-17 00:18:41,082 [INFO]    Predicting v1 chr4_150000000_160000000, 1 events pass lite-Unet module. Time cost: 0s
2026-01-17 00:18:41,133 [INFO]    Predicting v1 chr4_10000000_20000000, 1 events pass lite-Unet module. Time cost: 0s
2026-01-17 00:18:41,134 [INFO]    Predicting v1 chr7_10000000_20000000, 0 events pass lite-Unet module. Time cost: 0s
2026-01-17 00:18:41,142 [INFO]    Predicting v1 chr7_30000000_40000000, 0 events pass lite-Unet module. Time cost: 0s
2026-01-17 00:18:41,142 [INFO]    Predicting v1 chr7_40000000_50000000, 0 events pass lite-Unet module. Time cost: 0s
2026-01-17 00:18:41,149 [INFO]    Predicting v1 chr7_50000000_60000000, 0 events pass lite-Unet module. Time cost: 0s
2026-01-17 00:18:41,150 [INFO]    Predicting v1 chr7_60000000_70000000, 0 events pass lite-Unet module. Time cost: 0s
2026-01-17 00:18:41,157 [INFO]    Predicting v1 chr7_80000000_90000000, 0 events pass lite-Unet module. Time cost: 0s
2026-01-17 00:18:41,171 [INFO]    Predicting v1 chr7_70000000_80000000, 0 events pass lite-Unet module. Time cost: 0s
2026-01-17 00:18:41,249 [INFO]    Predicting v1 chr6_0_10000000, 1 events pass lite-Unet module. Time cost: 0s
2026-01-17 00:18:41,253 [INFO]    Predicting v1 chr3_120000000_130000000, 2 events pass lite-Unet module. Time cost: 0s
2026-01-17 00:18:41,255 [INFO]    Predicting v1 chr7_110000000_120000000, 1 events pass lite-Unet module. Time cost: 0s
2026-01-17 00:18:41,260 [INFO]    Predicting v1 chr7_120000000_130000000, 0 events pass lite-Unet module. Time cost: 0s
2026-01-17 00:18:41,264 [INFO]    Predicting v1 chr7_140000000_150000000, 0 events pass lite-Unet module. Time cost: 0s
2026-01-17 00:18:41,309 [INFO]    Predicting v1 chr5_170000000_180000000, 1 events pass lite-Unet module. Time cost: 0s
2026-01-17 00:18:41,315 [INFO]    Predicting v1 chr7_160000000_170000000, 1 events pass lite-Unet module. Time cost: 0s
2026-01-17 00:18:41,410 [INFO]    Predicting v1 chr2_50000000_60000000, 2 events pass lite-Unet module. Time cost: 2s
2026-01-17 00:18:41,424 [INFO]    Predicting v1 chr8_10000000_20000000, 0 events pass lite-Unet module. Time cost: 0s
2026-01-17 00:18:41,808 [INFO]    Predicting v1 chr2_140000000_150000000, 2 events pass lite-Unet module. Time cost: 2s
2026-01-17 00:18:41,824 [INFO]    Predicting v1 chr8_30000000_40000000, 0 events pass lite-Unet module. Time cost: 0s
2026-01-17 00:18:41,837 [INFO]    Predicting v1 chr8_40000000_50000000, 0 events pass lite-Unet module. Time cost: 0s
2026-01-17 00:18:41,845 [INFO]    Predicting v1 chr8_50000000_60000000, 0 events pass lite-Unet module. Time cost: 0s
2026-01-17 00:18:41,855 [INFO]    Predicting v1 chr8_60000000_70000000, 0 events pass lite-Unet module. Time cost: 0s
2026-01-17 00:18:41,867 [INFO]    Predicting v1 chr8_70000000_80000000, 0 events pass lite-Unet module. Time cost: 0s
2026-01-17 00:18:41,879 [INFO]    Predicting v1 chr8_80000000_90000000, 0 events pass lite-Unet module. Time cost: 0s
2026-01-17 00:18:41,889 [INFO]    Predicting v1 chr8_90000000_100000000, 0 events pass lite-Unet module. Time cost: 0s
2026-01-17 00:18:41,892 [INFO]    Predicting v1 chr7_130000000_140000000, 2 events pass lite-Unet module. Time cost: 0s
2026-01-17 00:18:41,896 [INFO]    Predicting v1 chr8_110000000_120000000, 0 events pass lite-Unet module. Time cost: 0s
2026-01-17 00:18:41,896 [INFO]    Predicting v1 chr8_100000000_110000000, 0 events pass lite-Unet module. Time cost: 0s
2026-01-17 00:18:41,900 [INFO]    Predicting v1 chr8_120000000_130000000, 0 events pass lite-Unet module. Time cost: 0s
2026-01-17 00:18:41,900 [INFO]    Predicting v1 chr8_130000000_140000000, 0 events pass lite-Unet module. Time cost: 0s
2026-01-17 00:18:41,904 [INFO]    Predicting v1 chr9_0_10000000, 0 events pass lite-Unet module. Time cost: 0s
2026-01-17 00:18:41,908 [INFO]    Predicting v1 chr9_10000000_20000000, 0 events pass lite-Unet module. Time cost: 0s
2026-01-17 00:18:41,912 [INFO]    Predicting v1 chr9_20000000_30000000, 2 events pass lite-Unet module. Time cost: 0s
2026-01-17 00:18:41,916 [INFO]    Predicting v1 chr9_30000000_40000000, 0 events pass lite-Unet module. Time cost: 0s
2026-01-17 00:18:41,921 [INFO]    Predicting v1 chr9_40000000_50000000, 0 events pass lite-Unet module. Time cost: 0s
2026-01-17 00:18:41,926 [INFO]    Predicting v1 chr9_50000000_60000000, 0 events pass lite-Unet module. Time cost: 0s
2026-01-17 00:18:41,932 [INFO]    Predicting v1 chr9_60000000_70000000, 0 events pass lite-Unet module. Time cost: 0s
2026-01-17 00:18:41,938 [INFO]    Predicting v1 chr9_70000000_80000000, 0 events pass lite-Unet module. Time cost: 0s
2026-01-17 00:18:41,945 [INFO]    Predicting v1 chr9_80000000_90000000, 0 events pass lite-Unet module. Time cost: 0s
2026-01-17 00:18:41,953 [INFO]    Predicting v1 chr9_90000000_100000000, 0 events pass lite-Unet module. Time cost: 0s
2026-01-17 00:18:41,989 [INFO]    Predicting v1 chr7_90000000_100000000, 9 events pass lite-Unet module. Time cost: 0s
2026-01-17 00:18:41,996 [INFO]    Predicting v1 chr9_110000000_120000000, 0 events pass lite-Unet module. Time cost: 0s
2026-01-17 00:18:42,002 [INFO]    Predicting v1 chr9_120000000_130000000, 0 events pass lite-Unet module. Time cost: 0s
2026-01-17 00:18:42,009 [INFO]    Predicting v1 chr9_130000000_140000000, 10 events pass lite-Unet module. Time cost: 0s
2026-01-17 00:18:42,208 [INFO]    Predicting v1 chr2_230000000_240000000, 29 events pass lite-Unet module. Time cost: 2s
2026-01-17 00:18:42,225 [INFO]    Predicting v1 chr8_20000000_30000000, 1 events pass lite-Unet module. Time cost: 0s
2026-01-17 00:18:42,433 [INFO]    Predicting v1 chr1_0_10000000, 5 events pass lite-Unet module. Time cost: 3s
2026-01-17 00:18:42,461 [INFO]    Predicting v1 chr10_10000000_20000000, 0 events pass lite-Unet module. Time cost: 0s
2026-01-17 00:18:42,464 [INFO]    Predicting v1 chr4_0_10000000, 6 events pass lite-Unet module. Time cost: 2s
2026-01-17 00:18:42,470 [INFO]    Predicting v1 chr10_30000000_40000000, 0 events pass lite-Unet module. Time cost: 0s
2026-01-17 00:18:42,471 [INFO]    Predicting v1 chr10_20000000_30000000, 0 events pass lite-Unet module. Time cost: 0s
2026-01-17 00:18:42,476 [INFO]    Predicting v1 chr10_40000000_50000000, 3 events pass lite-Unet module. Time cost: 0s
2026-01-17 00:18:42,481 [INFO]    Predicting v1 chr10_60000000_70000000, 0 events pass lite-Unet module. Time cost: 0s
2026-01-17 00:18:42,486 [INFO]    Predicting v1 chr10_70000000_80000000, 0 events pass lite-Unet module. Time cost: 0s
2026-01-17 00:18:42,491 [INFO]    Predicting v1 chr10_80000000_90000000, 0 events pass lite-Unet module. Time cost: 0s
2026-01-17 00:18:42,496 [INFO]    Predicting v1 chr10_90000000_100000000, 0 events pass lite-Unet module. Time cost: 0s
2026-01-17 00:18:42,864 [INFO]    Predicting v1 chr8_0_10000000, 3 events pass lite-Unet module. Time cost: 1s
2026-01-17 00:18:42,872 [INFO]    Predicting v1 chr10_110000000_120000000, 0 events pass lite-Unet module. Time cost: 0s
2026-01-17 00:18:42,935 [INFO]    Predicting v1 chr3_190000000_200000000, 7 events pass lite-Unet module. Time cost: 2s
2026-01-17 00:18:42,942 [INFO]    Predicting v1 chr10_100000000_110000000, 1 events pass lite-Unet module. Time cost: 0s
2026-01-17 00:18:42,946 [INFO]    Predicting v1 chr10_50000000_60000000, 5 events pass lite-Unet module. Time cost: 0s
2026-01-17 00:18:42,961 [INFO]    Predicting v1 chr2_110000000_120000000, 10 events pass lite-Unet module. Time cost: 3s
2026-01-17 00:18:42,966 [INFO]    Predicting v1 chr11_20000000_30000000, 0 events pass lite-Unet module. Time cost: 0s
2026-01-17 00:18:43,014 [INFO]    Predicting v1 chr6_60000000_70000000, 4 events pass lite-Unet module. Time cost: 2s
2026-01-17 00:18:43,021 [INFO]    Predicting v1 chr11_40000000_50000000, 0 events pass lite-Unet module. Time cost: 0s
2026-01-17 00:18:43,027 [INFO]    Predicting v1 chr11_50000000_60000000, 0 events pass lite-Unet module. Time cost: 0s
2026-01-17 00:18:43,041 [INFO]    Predicting v1 chr9_150000000_160000000, 1 events pass lite-Unet module. Time cost: 0s
2026-01-17 00:18:43,067 [INFO]    Predicting v1 chr6_10000000_20000000, 4 events pass lite-Unet module. Time cost: 2s
2026-01-17 00:18:43,083 [INFO]    Predicting v1 chr11_80000000_90000000, 0 events pass lite-Unet module. Time cost: 0s
2026-01-17 00:18:43,091 [INFO]    Predicting v1 chr11_90000000_100000000, 0 events pass lite-Unet module. Time cost: 0s
2026-01-17 00:18:43,100 [INFO]    Predicting v1 chr11_100000000_110000000, 0 events pass lite-Unet module. Time cost: 0s
2026-01-17 00:18:43,112 [INFO]    Predicting v1 chr11_110000000_120000000, 0 events pass lite-Unet module. Time cost: 0s
2026-01-17 00:18:43,124 [INFO]    Predicting v1 chr11_120000000_130000000, 0 events pass lite-Unet module. Time cost: 0s
2026-01-17 00:18:43,178 [INFO]    Predicting v1 chr3_30000000_40000000, 4 events pass lite-Unet module. Time cost: 3s
2026-01-17 00:18:43,189 [INFO]    Predicting v1 chr12_0_10000000, 1 events pass lite-Unet module. Time cost: 0s
2026-01-17 00:18:43,201 [INFO]    Predicting v1 chr12_10000000_20000000, 0 events pass lite-Unet module. Time cost: 0s
2026-01-17 00:18:43,205 [INFO]    Predicting v1 chr9_100000000_110000000, 2 events pass lite-Unet module. Time cost: 1s
2026-01-17 00:18:43,214 [INFO]    Predicting v1 chr12_30000000_40000000, 0 events pass lite-Unet module. Time cost: 0s
2026-01-17 00:18:43,215 [INFO]    Predicting v1 chr12_20000000_30000000, 0 events pass lite-Unet module. Time cost: 0s
2026-01-17 00:18:43,220 [INFO]    Predicting v1 chr12_40000000_50000000, 0 events pass lite-Unet module. Time cost: 0s
2026-01-17 00:18:43,230 [INFO]    Predicting v1 chr12_50000000_60000000, 0 events pass lite-Unet module. Time cost: 0s
2026-01-17 00:18:43,232 [INFO]    Predicting v1 chr12_60000000_70000000, 0 events pass lite-Unet module. Time cost: 0s
2026-01-17 00:18:43,238 [INFO]    Predicting v1 chr12_70000000_80000000, 0 events pass lite-Unet module. Time cost: 0s
2026-01-17 00:18:43,243 [INFO]    Predicting v1 chr12_80000000_90000000, 0 events pass lite-Unet module. Time cost: 0s
2026-01-17 00:18:43,254 [INFO]    Predicting v1 chr12_100000000_110000000, 0 events pass lite-Unet module. Time cost: 0s
2026-01-17 00:18:43,266 [INFO]    Predicting v1 chr7_0_10000000, 3 events pass lite-Unet module. Time cost: 2s
2026-01-17 00:18:43,407 [INFO]    Predicting v1 chr11_30000000_40000000, 9 events pass lite-Unet module. Time cost: 0s
2026-01-17 00:18:43,641 [INFO]    Predicting v1 chr7_20000000_30000000, 13 events pass lite-Unet module. Time cost: 2s
2026-01-17 00:18:43,647 [INFO]    Predicting v1 chr2_120000000_130000000, 11 events pass lite-Unet module. Time cost: 4s
2026-01-17 00:18:43,652 [INFO]    Predicting v1 chr13_0_10000000, 0 events pass lite-Unet module. Time cost: 0s
2026-01-17 00:18:43,800 [INFO]    Predicting v1 chr10_0_10000000, 2 events pass lite-Unet module. Time cost: 1s
2026-01-17 00:18:43,807 [INFO]    Predicting v1 chr13_30000000_40000000, 0 events pass lite-Unet module. Time cost: 0s
2026-01-17 00:18:43,825 [INFO]    Predicting v1 chr12_130000000_140000000, 2 events pass lite-Unet module. Time cost: 0s
2026-01-17 00:18:43,844 [INFO]    Predicting v1 chr13_50000000_60000000, 0 events pass lite-Unet module. Time cost: 0s
2026-01-17 00:18:43,849 [INFO]    Predicting v1 chr2_60000000_70000000, 6 events pass lite-Unet module. Time cost: 4s
2026-01-17 00:18:43,857 [INFO]    Predicting v1 chr13_60000000_70000000, 0 events pass lite-Unet module. Time cost: 0s
2026-01-17 00:18:43,863 [INFO]    Predicting v1 chr13_70000000_80000000, 0 events pass lite-Unet module. Time cost: 0s
2026-01-17 00:18:43,868 [INFO]    Predicting v1 chr13_80000000_90000000, 0 events pass lite-Unet module. Time cost: 0s
2026-01-17 00:18:43,877 [INFO]    Predicting v1 chr13_100000000_110000000, 0 events pass lite-Unet module. Time cost: 0s
2026-01-17 00:18:43,909 [INFO]    Predicting v1 chr8_140000000_150000000, 12 events pass lite-Unet module. Time cost: 2s
2026-01-17 00:18:43,946 [INFO]    Predicting v1 chr14_0_10000000, 0 events pass lite-Unet module. Time cost: 0s
2026-01-17 00:18:43,952 [INFO]    Predicting v1 chr14_10000000_20000000, 0 events pass lite-Unet module. Time cost: 0s
2026-01-17 00:18:43,952 [INFO]    Predicting v1 chr11_130000000_140000000, 1 events pass lite-Unet module. Time cost: 0s
2026-01-17 00:18:43,957 [INFO]    Predicting v1 chr14_20000000_30000000, 0 events pass lite-Unet module. Time cost: 0s
2026-01-17 00:18:43,961 [INFO]    Predicting v1 chr14_40000000_50000000, 0 events pass lite-Unet module. Time cost: 0s
2026-01-17 00:18:43,965 [INFO]    Predicting v1 chr14_50000000_60000000, 0 events pass lite-Unet module. Time cost: 0s
2026-01-17 00:18:43,969 [INFO]    Predicting v1 chr14_60000000_70000000, 0 events pass lite-Unet module. Time cost: 0s
2026-01-17 00:18:43,978 [INFO]    Predicting v1 chr12_90000000_100000000, 1 events pass lite-Unet module. Time cost: 0s
2026-01-17 00:18:43,985 [INFO]    Predicting v1 chr14_80000000_90000000, 0 events pass lite-Unet module. Time cost: 0s
2026-01-17 00:18:43,986 [INFO]    Predicting v1 chr14_70000000_80000000, 0 events pass lite-Unet module. Time cost: 0s
2026-01-17 00:18:44,112 [INFO]    Predicting v1 chr13_20000000_30000000, 1 events pass lite-Unet module. Time cost: 0s
2026-01-17 00:18:44,119 [INFO]    Predicting v1 chr15_0_10000000, 0 events pass lite-Unet module. Time cost: 0s
2026-01-17 00:18:44,127 [INFO]    Predicting v1 chr15_10000000_20000000, 1 events pass lite-Unet module. Time cost: 0s
2026-01-17 00:18:44,132 [INFO]    Predicting v1 chr12_110000000_120000000, 1 events pass lite-Unet module. Time cost: 0s
2026-01-17 00:18:44,134 [INFO]    Predicting v1 chr15_20000000_30000000, 0 events pass lite-Unet module. Time cost: 0s
2026-01-17 00:18:44,141 [INFO]    Predicting v1 chr15_40000000_50000000, 0 events pass lite-Unet module. Time cost: 0s
2026-01-17 00:18:44,146 [INFO]    Predicting v1 chr15_50000000_60000000, 0 events pass lite-Unet module. Time cost: 0s
2026-01-17 00:18:44,172 [INFO]    Predicting v1 chr1_230000000_240000000, 6 events pass lite-Unet module. Time cost: 4s
2026-01-17 00:18:44,187 [INFO]    Predicting v1 chr15_70000000_80000000, 0 events pass lite-Unet module. Time cost: 0s
2026-01-17 00:18:44,208 [INFO]    Predicting v1 chr15_80000000_90000000, 0 events pass lite-Unet module. Time cost: 0s
2026-01-17 00:18:44,243 [INFO]    Predicting v1 chr13_110000000_120000000, 1 events pass lite-Unet module. Time cost: 0s
2026-01-17 00:18:44,387 [INFO]    Predicting v1 chr1_110000000_120000000, 20 events pass lite-Unet module. Time cost: 5s
2026-01-17 00:18:44,399 [INFO]    Predicting v1 chr16_10000000_20000000, 0 events pass lite-Unet module. Time cost: 0s
2026-01-17 00:18:44,411 [INFO]    Predicting v1 chr16_20000000_30000000, 0 events pass lite-Unet module. Time cost: 0s
2026-01-17 00:18:44,422 [INFO]    Predicting v1 chr16_30000000_40000000, 0 events pass lite-Unet module. Time cost: 0s
2026-01-17 00:18:44,430 [INFO]    Predicting v1 chr16_40000000_50000000, 0 events pass lite-Unet module. Time cost: 0s
2026-01-17 00:18:44,459 [INFO]    Predicting v1 chr16_50000000_60000000, 0 events pass lite-Unet module. Time cost: 0s
2026-01-17 00:18:44,496 [INFO]    Predicting v1 chr16_60000000_70000000, 0 events pass lite-Unet module. Time cost: 0s
2026-01-17 00:18:44,559 [INFO]    Predicting v1 chr2_240000000_250000000, 12 events pass lite-Unet module. Time cost: 5s
2026-01-17 00:18:44,564 [INFO]    Predicting v1 chr2_90000000_100000000, 15 events pass lite-Unet module. Time cost: 5s
2026-01-17 00:18:44,569 [INFO]    Predicting v1 chr16_80000000_90000000, 0 events pass lite-Unet module. Time cost: 0s
2026-01-17 00:18:44,587 [INFO]    Predicting v1 chr17_0_10000000, 1 events pass lite-Unet module. Time cost: 0s
2026-01-17 00:18:44,606 [INFO]    Predicting v1 chr17_10000000_20000000, 1 events pass lite-Unet module. Time cost: 0s
2026-01-17 00:18:44,612 [INFO]    Predicting v1 chr17_20000000_30000000, 0 events pass lite-Unet module. Time cost: 0s
2026-01-17 00:18:44,634 [INFO]    Predicting v1 chr13_90000000_100000000, 2 events pass lite-Unet module. Time cost: 0s
2026-01-17 00:18:44,642 [INFO]    Predicting v1 chr17_40000000_50000000, 1 events pass lite-Unet module. Time cost: 0s
2026-01-17 00:18:44,649 [INFO]    Predicting v1 chr17_50000000_60000000, 0 events pass lite-Unet module. Time cost: 0s
2026-01-17 00:18:44,657 [INFO]    Predicting v1 chr17_60000000_70000000, 0 events pass lite-Unet module. Time cost: 0s
2026-01-17 00:18:44,708 [INFO]    Predicting v1 chr14_100000000_110000000, 7 events pass lite-Unet module. Time cost: 0s
2026-01-17 00:18:44,737 [INFO]    Predicting v1 chr14_30000000_40000000, 1 events pass lite-Unet module. Time cost: 0s
2026-01-17 00:18:44,872 [INFO]    Predicting v1 chr16_70000000_80000000, 1 events pass lite-Unet module. Time cost: 0s
2026-01-17 00:18:44,881 [INFO]    Predicting v1 chr18_10000000_20000000, 0 events pass lite-Unet module. Time cost: 0s
2026-01-17 00:18:44,888 [INFO]    Predicting v1 chr18_20000000_30000000, 0 events pass lite-Unet module. Time cost: 0s
2026-01-17 00:18:44,894 [INFO]    Predicting v1 chr18_30000000_40000000, 0 events pass lite-Unet module. Time cost: 0s
2026-01-17 00:18:44,901 [INFO]    Predicting v1 chr18_40000000_50000000, 0 events pass lite-Unet module. Time cost: 0s
2026-01-17 00:18:44,908 [INFO]    Predicting v1 chr15_90000000_100000000, 1 events pass lite-Unet module. Time cost: 0s
2026-01-17 00:18:44,909 [INFO]    Predicting v1 chr18_50000000_60000000, 0 events pass lite-Unet module. Time cost: 0s
2026-01-17 00:18:44,916 [INFO]    Predicting v1 chr18_60000000_70000000, 0 events pass lite-Unet module. Time cost: 0s
2026-01-17 00:18:44,924 [INFO]    Predicting v1 chr18_80000000_90000000, 0 events pass lite-Unet module. Time cost: 0s
2026-01-17 00:18:45,014 [INFO]    Predicting v1 chr7_150000000_160000000, 11 events pass lite-Unet module. Time cost: 3s
2026-01-17 00:18:45,066 [INFO]    Predicting v1 chr17_30000000_40000000, 2 events pass lite-Unet module. Time cost: 0s
2026-01-17 00:18:45,197 [INFO]    Predicting v1 chr13_40000000_50000000, 2 events pass lite-Unet module. Time cost: 1s
2026-01-17 00:18:45,201 [INFO]    Predicting v1 chr9_140000000_150000000, 17 events pass lite-Unet module. Time cost: 3s
2026-01-17 00:18:45,203 [INFO]    Predicting v1 chr19_30000000_40000000, 0 events pass lite-Unet module. Time cost: 0s
2026-01-17 00:18:45,208 [INFO]    Predicting v1 chr7_100000000_110000000, 5 events pass lite-Unet module. Time cost: 4s
2026-01-17 00:18:45,209 [INFO]    Predicting v1 chr19_50000000_60000000, 0 events pass lite-Unet module. Time cost: 0s
2026-01-17 00:18:45,224 [INFO]    Predicting v1 chr19_60000000_70000000, 0 events pass lite-Unet module. Time cost: 0s
2026-01-17 00:18:45,228 [INFO]    Predicting v1 chr20_10000000_20000000, 0 events pass lite-Unet module. Time cost: 0s
2026-01-17 00:18:45,232 [INFO]    Predicting v1 chr20_20000000_30000000, 0 events pass lite-Unet module. Time cost: 0s
2026-01-17 00:18:45,266 [INFO]    Predicting v1 chr11_10000000_20000000, 5 events pass lite-Unet module. Time cost: 2s
2026-01-17 00:18:45,283 [INFO]    Predicting v1 chr20_40000000_50000000, 0 events pass lite-Unet module. Time cost: 0s
2026-01-17 00:18:45,329 [INFO]    Predicting v1 chr11_60000000_70000000, 9 events pass lite-Unet module. Time cost: 2s
2026-01-17 00:18:46,006 [INFO]    Predicting v1 chr17_70000000_80000000, 5 events pass lite-Unet module. Time cost: 1s
2026-01-17 00:18:46,008 [INFO]    Predicting v1 chr18_70000000_80000000, 3 events pass lite-Unet module. Time cost: 1s
2026-01-17 00:18:46,016 [INFO]    Predicting v1 chr21_10000000_20000000, 0 events pass lite-Unet module. Time cost: 0s
2026-01-17 00:18:46,016 [INFO]    Predicting v1 chr21_0_10000000, 0 events pass lite-Unet module. Time cost: 0s
2026-01-17 00:18:46,022 [INFO]    Predicting v1 chr21_20000000_30000000, 0 events pass lite-Unet module. Time cost: 0s
2026-01-17 00:18:46,039 [INFO]    Predicting v1 chr20_60000000_70000000, 1 events pass lite-Unet module. Time cost: 0s
2026-01-17 00:18:46,064 [INFO]    Predicting v1 chr22_0_10000000, 0 events pass lite-Unet module. Time cost: 0s
2026-01-17 00:18:46,070 [INFO]    Predicting v1 chr22_10000000_20000000, 0 events pass lite-Unet module. Time cost: 0s
2026-01-17 00:18:46,083 [INFO]    Predicting v1 chr22_20000000_30000000, 0 events pass lite-Unet module. Time cost: 0s
2026-01-17 00:18:46,226 [INFO]    Predicting v1 chr15_60000000_70000000, 10 events pass lite-Unet module. Time cost: 2s
2026-01-17 00:18:46,255 [INFO]    Predicting v1 chr19_20000000_30000000, 3 events pass lite-Unet module. Time cost: 1s
2026-01-17 00:18:46,269 [INFO]    Predicting v1 chr20_30000000_40000000, 4 events pass lite-Unet module. Time cost: 1s
2026-01-17 00:18:46,324 [INFO]    Predicting v1 chr19_40000000_50000000, 4 events pass lite-Unet module. Time cost: 1s
2026-01-17 00:18:46,331 [INFO]    Predicting v1 chrX_10000000_20000000, 0 events pass lite-Unet module. Time cost: 0s
2026-01-17 00:18:46,337 [INFO]    Predicting v1 chrX_20000000_30000000, 0 events pass lite-Unet module. Time cost: 0s
2026-01-17 00:18:46,343 [INFO]    Predicting v1 chrX_30000000_40000000, 0 events pass lite-Unet module. Time cost: 0s
2026-01-17 00:18:46,349 [INFO]    Predicting v1 chrX_40000000_50000000, 0 events pass lite-Unet module. Time cost: 0s
2026-01-17 00:18:46,354 [INFO]    Predicting v1 chrX_50000000_60000000, 0 events pass lite-Unet module. Time cost: 0s
2026-01-17 00:18:46,360 [INFO]    Predicting v1 chrX_60000000_70000000, 0 events pass lite-Unet module. Time cost: 0s
2026-01-17 00:18:46,366 [INFO]    Predicting v1 chrX_70000000_80000000, 0 events pass lite-Unet module. Time cost: 0s
2026-01-17 00:18:46,372 [INFO]    Predicting v1 chrX_80000000_90000000, 0 events pass lite-Unet module. Time cost: 0s
2026-01-17 00:18:46,378 [INFO]    Predicting v1 chrX_90000000_100000000, 0 events pass lite-Unet module. Time cost: 0s
2026-01-17 00:18:46,384 [INFO]    Predicting v1 chrX_100000000_110000000, 0 events pass lite-Unet module. Time cost: 0s
2026-01-17 00:18:46,518 [INFO]    Predicting v1 chr10_120000000_130000000, 7 events pass lite-Unet module. Time cost: 3s
2026-01-17 00:18:46,525 [INFO]    Predicting v1 chrX_120000000_130000000, 0 events pass lite-Unet module. Time cost: 0s
2026-01-17 00:18:46,798 [INFO]    Predicting v1 chr13_10000000_20000000, 8 events pass lite-Unet module. Time cost: 3s
2026-01-17 00:18:46,806 [INFO]    Predicting v1 chrX_140000000_150000000, 0 events pass lite-Unet module. Time cost: 0s
2026-01-17 00:18:46,819 [INFO]    Predicting v1 chrX_110000000_120000000, 1 events pass lite-Unet module. Time cost: 0s
2026-01-17 00:18:46,826 [INFO]    Predicting v1 chrY_0_10000000, 0 events pass lite-Unet module. Time cost: 0s
2026-01-17 00:18:46,831 [INFO]    Predicting v1 chrY_10000000_20000000, 0 events pass lite-Unet module. Time cost: 0s
2026-01-17 00:18:46,838 [INFO]    Predicting v1 chrY_20000000_30000000, 0 events pass lite-Unet module. Time cost: 0s
2026-01-17 00:18:46,843 [INFO]    Predicting v1 chrY_30000000_40000000, 0 events pass lite-Unet module. Time cost: 0s
2026-01-17 00:18:46,849 [INFO]    Predicting v1 chrY_40000000_50000000, 0 events pass lite-Unet module. Time cost: 0s
2026-01-17 00:18:46,855 [INFO]    Predicting v1 chrY_50000000_60000000, 0 events pass lite-Unet module. Time cost: 0s
2026-01-17 00:18:46,863 [INFO]    Predicting v1 chrY_60000000_70000000, 0 events pass lite-Unet module. Time cost: 0s
2026-01-17 00:18:46,872 [INFO]    Predicting v1 chrM_0_10000000, 0 events pass lite-Unet module. Time cost: 0s
2026-01-17 00:18:47,017 [INFO]    Predicting v1 chr16_90000000_100000000, 6 events pass lite-Unet module. Time cost: 2s
2026-01-17 00:18:47,125 [INFO]    Predicting v1 chrX_150000000_160000000, 1 events pass lite-Unet module. Time cost: 0s
2026-01-17 00:18:47,299 [INFO]    Predicting v1 chrX_130000000_140000000, 1 events pass lite-Unet module. Time cost: 0s
2026-01-17 00:18:47,366 [INFO]    Predicting v1 chr11_0_10000000, 12 events pass lite-Unet module. Time cost: 4s
2026-01-17 00:18:47,409 [INFO]    Predicting v1 chr21_30000000_40000000, 9 events pass lite-Unet module. Time cost: 1s
2026-01-17 00:18:47,422 [INFO]    Predicting v1 chr15_30000000_40000000, 5 events pass lite-Unet module. Time cost: 3s
2026-01-17 00:18:47,653 [INFO]    Predicting v1 chr18_0_10000000, 4 events pass lite-Unet module. Time cost: 2s
2026-01-17 00:18:47,728 [INFO]    Predicting v1 chr4_180000000_190000000, 16 events pass lite-Unet module. Time cost: 7s
2026-01-17 00:18:47,795 [INFO]    Predicting v1 chr19_10000000_20000000, 11 events pass lite-Unet module. Time cost: 2s
2026-01-17 00:18:47,840 [INFO]    Predicting v1 chr22_40000000_50000000, 9 events pass lite-Unet module. Time cost: 1s
2026-01-17 00:18:47,862 [INFO]    Predicting v1 chr22_50000000_60000000, 6 events pass lite-Unet module. Time cost: 1s
2026-01-17 00:18:48,199 [INFO]    Predicting v1 chr6_160000000_170000000, 33 events pass lite-Unet module. Time cost: 7s
2026-01-17 00:18:48,214 [INFO]    Predicting v1 chr20_50000000_60000000, 8 events pass lite-Unet module. Time cost: 2s
2026-01-17 00:18:48,221 [INFO]    Predicting v1 chr14_90000000_100000000, 9 events pass lite-Unet module. Time cost: 4s
2026-01-17 00:18:48,307 [INFO]    Predicting v1 chr19_0_10000000, 7 events pass lite-Unet module. Time cost: 3s
2026-01-17 00:18:48,355 [INFO]    Predicting v1 chr20_0_10000000, 10 events pass lite-Unet module. Time cost: 3s
2026-01-17 00:18:48,363 [INFO]    Predicting v1 chr11_70000000_80000000, 9 events pass lite-Unet module. Time cost: 5s
2026-01-17 00:18:48,402 [INFO]    Predicting v1 chr12_120000000_130000000, 17 events pass lite-Unet module. Time cost: 5s
2026-01-17 00:18:48,532 [INFO]    Predicting v1 chr2_0_10000000, 25 events pass lite-Unet module. Time cost: 9s
2026-01-17 00:18:48,659 [INFO]    Predicting v1 chr22_30000000_40000000, 7 events pass lite-Unet module. Time cost: 2s
2026-01-17 00:18:48,924 [INFO]    Predicting v1 chr21_40000000_50000000, 13 events pass lite-Unet module. Time cost: 2s
2026-01-17 00:18:49,039 [INFO]    Predicting v1 chr10_130000000_140000000, 24 events pass lite-Unet module. Time cost: 6s
2026-01-17 00:18:49,080 [INFO]    Predicting v1 chr16_0_10000000, 24 events pass lite-Unet module. Time cost: 4s
2026-01-17 00:18:49,168 [INFO]    Predicting v1 chr17_80000000_90000000, 12 events pass lite-Unet module. Time cost: 4s
2026-01-17 00:18:49,833 [INFO]    Predicting v1 chrX_0_10000000, 15 events pass lite-Unet module. Time cost: 3s
2026-01-17 00:18:49,890 [INFO]    Predicting Time Cost 10s
2026-01-17 00:18:49,890 [INFO]    ****************** Step3 Outputting to VCF ****************************
2026-01-17 00:18:50,190 [INFO]    Outputting v1 to /storage/scratch01/groups/bu/simSVs/tfe_unir/visor-simulations/results/v1_40x_15000_C_svision/v1.svision_pro_v2.5.s5.vcf. Time cost: 0s
2026-01-17 00:18:51,225 [INFO]    ****************** Step4 Finish ***********************************
2026-01-17 00:18:51,225 [INFO]    SVision-pro v2.5 successfully finished. Time Cost 516.051563s
