2026-01-16 23:28:58,119 [INFO]    ****************** Start SVision-pro, version 2.5 ********************
2026-01-16 23:28:58,120 [INFO]    Command: /storage/scratch01/groups/bu/simSVs/tfe_unir/visor-simulations/.snakemake/conda/8698eeced1a729a78f4a9d539d4293a9_/bin/SVision-pro --target_path results/v1_40x_15000_A_LASeR/tumour.bam --base_path results/normal_40x_15000_LASeR/sim.srt.bam --genome_path resources/genome/chm13v2.0_maskedY_rCRS.fa --model_path /home/fvillena/SVision-pro/src/pre_process/model_liteunet_1024_8_16_32_32_32.pth --out_path results/v1_40x_15000_A_svision --sample_name v1 --preset error-prone --detect_mode somatic --process_num 52
2026-01-16 23:28:58,120 [INFO]    ****************** Step1 collecting and plotting **********************
2026-01-16 23:29:40,936 [INFO]    Collecting v1 chr1_180000000_190000000, 0 candidate events found. Time cost 39s
2026-01-16 23:29:41,947 [INFO]    Collecting v1 chr2_130000000_140000000, 0 candidate events found. Time cost 40s
2026-01-16 23:29:42,037 [INFO]    Collecting v1 chr1_170000000_180000000, 0 candidate events found. Time cost 40s
2026-01-16 23:29:42,859 [INFO]    Collecting v1 chr2_70000000_80000000, 1 candidate events found. Time cost 41s
2026-01-16 23:29:44,245 [INFO]    Collecting v1 chr1_200000000_210000000, 1 candidate events found. Time cost 42s
2026-01-16 23:29:46,699 [INFO]    Collecting v1 chr2_10000000_20000000, 0 candidate events found. Time cost 45s
2026-01-16 23:29:49,604 [INFO]    Collecting v1 chr2_220000000_230000000, 0 candidate events found. Time cost 48s
2026-01-16 23:29:49,893 [INFO]    Collecting v1 chr2_80000000_90000000, 0 candidate events found. Time cost 48s
2026-01-16 23:29:50,778 [INFO]    Collecting v1 chr2_170000000_180000000, 2 candidate events found. Time cost 49s
2026-01-16 23:29:52,386 [INFO]    Collecting v1 chr1_210000000_220000000, 0 candidate events found. Time cost 50s
2026-01-16 23:29:58,033 [INFO]    Collecting v1 chr2_210000000_220000000, 1 candidate events found. Time cost 56s
2026-01-16 23:30:02,068 [INFO]    Collecting v1 chr3_10000000_20000000, 2 candidate events found. Time cost 60s
2026-01-16 23:30:13,474 [INFO]    Collecting v1 chr2_200000000_210000000, 0 candidate events found. Time cost 72s
2026-01-16 23:30:19,868 [INFO]    Collecting v1 chr3_20000000_30000000, 0 candidate events found. Time cost 38s
2026-01-16 23:30:21,569 [INFO]    Collecting v1 chr2_240000000_250000000, 13 candidate events found. Time cost 80s
2026-01-16 23:30:22,321 [INFO]    Collecting v1 chr3_30000000_40000000, 4 candidate events found. Time cost 40s
2026-01-16 23:30:25,672 [INFO]    Collecting v1 chr2_110000000_120000000, 10 candidate events found. Time cost 84s
2026-01-16 23:30:29,020 [INFO]    Collecting v1 chr3_70000000_80000000, 3 candidate events found. Time cost 42s
2026-01-16 23:30:29,194 [INFO]    Collecting v1 chr3_100000000_110000000, 0 candidate events found. Time cost 38s
2026-01-16 23:30:30,825 [INFO]    Collecting v1 chr1_40000000_50000000, 2 candidate events found. Time cost 89s
2026-01-16 23:30:31,507 [INFO]    Collecting v1 chr1_70000000_80000000, 0 candidate events found. Time cost 90s
2026-01-16 23:30:35,163 [INFO]    Collecting v1 chr2_140000000_150000000, 0 candidate events found. Time cost 93s
2026-01-16 23:30:38,319 [INFO]    Collecting v1 chr1_240000000_250000000, 6 candidate events found. Time cost 96s
2026-01-16 23:30:45,367 [INFO]    Collecting v1 chr1_90000000_100000000, 1 candidate events found. Time cost 103s
2026-01-16 23:30:49,286 [INFO]    Collecting v1 chr1_120000000_130000000, 0 candidate events found. Time cost 107s
2026-01-16 23:30:52,120 [INFO]    Collecting v1 chr2_0_10000000, 24 candidate events found. Time cost 110s
2026-01-16 23:30:53,644 [INFO]    Collecting v1 chr3_130000000_140000000, 0 candidate events found. Time cost 51s
2026-01-16 23:30:54,171 [INFO]    Collecting v1 chr2_150000000_160000000, 0 candidate events found. Time cost 112s
2026-01-16 23:31:02,191 [INFO]    Collecting v1 chr2_60000000_70000000, 6 candidate events found. Time cost 120s
2026-01-16 23:31:04,815 [INFO]    Collecting v1 chr1_10000000_20000000, 1 candidate events found. Time cost 123s
2026-01-16 23:31:05,896 [INFO]    Collecting v1 chr3_200000000_210000000, 0 candidate events found. Time cost 36s
2026-01-16 23:31:09,909 [INFO]    Collecting v1 chr1_0_10000000, 5 candidate events found. Time cost 128s
2026-01-16 23:31:16,146 [INFO]    Collecting v1 chr4_30000000_40000000, 0 candidate events found. Time cost 37s
2026-01-16 23:31:17,649 [INFO]    Collecting v1 chr1_160000000_170000000, 0 candidate events found. Time cost 136s
2026-01-16 23:31:18,587 [INFO]    Collecting v1 chr3_140000000_150000000, 0 candidate events found. Time cost 65s
2026-01-16 23:31:19,266 [INFO]    Collecting v1 chr1_110000000_120000000, 22 candidate events found. Time cost 137s
2026-01-16 23:31:20,097 [INFO]    Collecting v1 chr4_10000000_20000000, 2 candidate events found. Time cost 48s
2026-01-16 23:31:20,966 [INFO]    Collecting v1 chr2_190000000_200000000, 0 candidate events found. Time cost 139s
2026-01-16 23:31:21,714 [INFO]    Collecting v1 chr3_190000000_200000000, 6 candidate events found. Time cost 52s
2026-01-16 23:31:23,410 [INFO]    Collecting v1 chr1_190000000_200000000, 0 candidate events found. Time cost 142s
2026-01-16 23:31:24,265 [INFO]    Collecting v1 chr2_160000000_170000000, 0 candidate events found. Time cost 142s
2026-01-16 23:31:35,271 [INFO]    Collecting v1 chr2_230000000_240000000, 38 candidate events found. Time cost 153s
2026-01-16 23:31:38,906 [INFO]    Collecting v1 chr4_50000000_60000000, 0 candidate events found. Time cost 49s
2026-01-16 23:31:41,615 [INFO]    Collecting v1 chr4_90000000_100000000, 0 candidate events found. Time cost 39s
2026-01-16 23:31:43,989 [INFO]    Collecting v1 chr4_110000000_120000000, 0 candidate events found. Time cost 38s
2026-01-16 23:31:44,985 [INFO]    Collecting v1 chr3_80000000_90000000, 0 candidate events found. Time cost 115s
2026-01-16 23:31:48,735 [INFO]    Collecting v1 chr3_110000000_120000000, 0 candidate events found. Time cost 116s
2026-01-16 23:31:49,979 [INFO]    Collecting v1 chr4_100000000_110000000, 0 candidate events found. Time cost 45s
2026-01-16 23:31:53,006 [INFO]    Collecting v1 chr2_30000000_40000000, 0 candidate events found. Time cost 171s
2026-01-16 23:31:55,917 [INFO]    Collecting v1 chr4_190000000_200000000, 0 candidate events found. Time cost 34s
2026-01-16 23:31:57,338 [INFO]    Collecting v1 chr4_170000000_180000000, 0 candidate events found. Time cost 37s
2026-01-16 23:32:00,010 [INFO]    Collecting v1 chr3_90000000_100000000, 0 candidate events found. Time cost 130s
2026-01-16 23:32:06,667 [INFO]    Collecting v1 chr1_30000000_40000000, 0 candidate events found. Time cost 185s
2026-01-16 23:32:07,939 [INFO]    Collecting v1 chr2_20000000_30000000, 0 candidate events found. Time cost 186s
2026-01-16 23:32:11,969 [INFO]    Collecting v1 chr3_120000000_130000000, 0 candidate events found. Time cost 133s
2026-01-16 23:32:12,918 [INFO]    Collecting v1 chr3_60000000_70000000, 0 candidate events found. Time cost 148s
2026-01-16 23:32:15,567 [INFO]    Collecting v1 chr4_60000000_70000000, 0 candidate events found. Time cost 83s
2026-01-16 23:32:16,371 [INFO]    Collecting v1 chr5_30000000_40000000, 0 candidate events found. Time cost 37s
2026-01-16 23:32:17,715 [INFO]    Collecting v1 chr1_130000000_140000000, 0 candidate events found. Time cost 196s
2026-01-16 23:32:19,261 [INFO]    Collecting v1 chr3_0_10000000, 0 candidate events found. Time cost 197s
2026-01-16 23:32:20,633 [INFO]    Collecting v1 chr3_40000000_50000000, 0 candidate events found. Time cost 158s
2026-01-16 23:32:24,263 [INFO]    Collecting v1 chr4_160000000_170000000, 0 candidate events found. Time cost 64s
2026-01-16 23:32:25,982 [INFO]    Collecting v1 chr4_130000000_140000000, 0 candidate events found. Time cost 69s
2026-01-16 23:32:28,211 [INFO]    Collecting v1 chr5_70000000_80000000, 1 candidate events found. Time cost 39s
2026-01-16 23:32:29,508 [INFO]    Collecting v1 chr3_160000000_170000000, 0 candidate events found. Time cost 127s
2026-01-16 23:32:30,679 [INFO]    Collecting v1 chr4_180000000_190000000, 15 candidate events found. Time cost 69s
2026-01-16 23:32:30,780 [INFO]    Collecting v1 chr5_20000000_30000000, 0 candidate events found. Time cost 55s
2026-01-16 23:32:31,739 [INFO]    Collecting v1 chr3_50000000_60000000, 0 candidate events found. Time cost 168s
2026-01-16 23:32:33,133 [INFO]    Collecting v1 chr5_90000000_100000000, 0 candidate events found. Time cost 40s
2026-01-16 23:32:35,921 [INFO]    Collecting v1 chr2_40000000_50000000, 0 candidate events found. Time cost 214s
2026-01-16 23:32:40,451 [INFO]    Collecting v1 chr1_230000000_240000000, 5 candidate events found. Time cost 219s
2026-01-16 23:32:40,724 [INFO]    Collecting v1 chr3_150000000_160000000, 0 candidate events found. Time cost 140s
2026-01-16 23:32:42,731 [INFO]    Collecting v1 chr5_100000000_110000000, 0 candidate events found. Time cost 46s
2026-01-16 23:32:44,334 [INFO]    Collecting v1 chr2_120000000_130000000, 10 candidate events found. Time cost 222s
2026-01-16 23:32:48,167 [INFO]    Collecting v1 chr1_220000000_230000000, 1 candidate events found. Time cost 226s
2026-01-16 23:32:51,037 [INFO]    Collecting v1 chr1_100000000_110000000, 1 candidate events found. Time cost 229s
2026-01-16 23:32:51,541 [INFO]    Collecting v1 chr4_140000000_150000000, 1 candidate events found. Time cost 93s
2026-01-16 23:32:55,230 [INFO]    Collecting v1 chr5_170000000_180000000, 2 candidate events found. Time cost 39s
2026-01-16 23:32:56,040 [INFO]    Collecting v1 chr4_150000000_160000000, 1 candidate events found. Time cost 97s
2026-01-16 23:32:57,296 [INFO]    Collecting v1 chr1_50000000_60000000, 1 candidate events found. Time cost 235s
2026-01-16 23:32:59,617 [INFO]    Collecting v1 chr5_80000000_90000000, 0 candidate events found. Time cost 69s
2026-01-16 23:33:09,015 [INFO]    Collecting v1 chr6_70000000_80000000, 0 candidate events found. Time cost 38s
2026-01-16 23:33:09,573 [INFO]    Collecting v1 chr2_100000000_110000000, 0 candidate events found. Time cost 248s
2026-01-16 23:33:10,302 [INFO]    Collecting v1 chr5_60000000_70000000, 0 candidate events found. Time cost 85s
2026-01-16 23:33:13,633 [INFO]    Collecting v1 chr6_110000000_120000000, 0 candidate events found. Time cost 37s
2026-01-16 23:33:18,026 [INFO]    Collecting v1 chr4_80000000_90000000, 0 candidate events found. Time cost 143s
2026-01-16 23:33:22,066 [INFO]    Collecting v1 chr5_140000000_150000000, 0 candidate events found. Time cost 74s
2026-01-16 23:33:23,015 [INFO]    Collecting v1 chr5_180000000_190000000, 1 candidate events found. Time cost 66s
2026-01-16 23:33:23,637 [INFO]    Collecting v1 chr6_140000000_150000000, 2 candidate events found. Time cost 40s
2026-01-16 23:33:27,598 [INFO]    Collecting v1 chr3_180000000_190000000, 0 candidate events found. Time cost 181s
2026-01-16 23:33:28,166 [INFO]    Collecting v1 chr7_0_10000000, 1 candidate events found. Time cost 36s
2026-01-16 23:33:30,231 [INFO]    Collecting v1 chr1_150000000_160000000, 5 candidate events found. Time cost 268s
2026-01-16 23:33:36,872 [INFO]    Collecting v1 chr5_50000000_60000000, 0 candidate events found. Time cost 112s
2026-01-16 23:33:37,743 [INFO]    Collecting v1 chr5_160000000_170000000, 0 candidate events found. Time cost 84s
2026-01-16 23:33:39,594 [INFO]    Collecting v1 chr6_80000000_90000000, 0 candidate events found. Time cost 68s
2026-01-16 23:33:41,093 [INFO]    Collecting v1 chr7_160000000_170000000, 0 candidate events found. Time cost 4s
2026-01-16 23:33:49,388 [INFO]    Collecting v1 chr5_130000000_140000000, 0 candidate events found. Time cost 102s
2026-01-16 23:33:49,388 [INFO]    Collecting v1 chr7_70000000_80000000, 0 candidate events found. Time cost 39s
2026-01-16 23:33:52,024 [INFO]    Collecting v1 chr6_40000000_50000000, 1 candidate events found. Time cost 86s
2026-01-16 23:33:52,479 [INFO]    Collecting v1 chr6_50000000_60000000, 0 candidate events found. Time cost 84s
2026-01-16 23:33:55,386 [INFO]    Collecting v1 chr2_50000000_60000000, 1 candidate events found. Time cost 293s
2026-01-16 23:34:00,307 [INFO]    Collecting v1 chr7_40000000_50000000, 1 candidate events found. Time cost 60s
2026-01-16 23:34:01,607 [INFO]    Collecting v1 chr7_120000000_130000000, 0 candidate events found. Time cost 37s
2026-01-16 23:34:06,140 [INFO]    Collecting v1 chr1_60000000_70000000, 0 candidate events found. Time cost 304s
2026-01-16 23:34:06,197 [INFO]    Collecting v1 chr7_130000000_140000000, 2 candidate events found. Time cost 38s
2026-01-16 23:34:06,692 [INFO]    Collecting v1 chr3_170000000_180000000, 0 candidate events found. Time cost 224s
2026-01-16 23:34:08,439 [INFO]    Collecting v1 chr7_90000000_100000000, 14 candidate events found. Time cost 50s
2026-01-16 23:34:18,135 [INFO]    Collecting v1 chr8_10000000_20000000, 0 candidate events found. Time cost 38s
2026-01-16 23:34:21,117 [INFO]    Collecting v1 chr2_180000000_190000000, 0 candidate events found. Time cost 319s
2026-01-16 23:34:25,192 [INFO]    Collecting v1 chr7_10000000_20000000, 0 candidate events found. Time cost 89s
2026-01-16 23:34:27,049 [INFO]    Collecting v1 chr8_30000000_40000000, 0 candidate events found. Time cost 37s
2026-01-16 23:34:28,252 [INFO]    Collecting v1 chr8_60000000_70000000, 0 candidate events found. Time cost 35s
2026-01-16 23:34:28,364 [INFO]    Collecting v1 chr8_40000000_50000000, 0 candidate events found. Time cost 38s
2026-01-16 23:34:31,399 [INFO]    Collecting v1 chr7_20000000_30000000, 5 candidate events found. Time cost 95s
2026-01-16 23:34:32,259 [INFO]    Collecting v1 chr8_70000000_80000000, 0 candidate events found. Time cost 36s
2026-01-16 23:34:32,549 [INFO]    Collecting v1 chr5_120000000_130000000, 0 candidate events found. Time cost 152s
2026-01-16 23:34:32,823 [INFO]    Collecting v1 chr6_130000000_140000000, 0 candidate events found. Time cost 112s
2026-01-16 23:34:39,195 [INFO]    Collecting v1 chr7_110000000_120000000, 3 candidate events found. Time cost 76s
2026-01-16 23:34:39,251 [INFO]    Collecting v1 chr5_40000000_50000000, 0 candidate events found. Time cost 177s
2026-01-16 23:34:42,817 [INFO]    Collecting v1 chr8_120000000_130000000, 0 candidate events found. Time cost 36s
2026-01-16 23:34:49,888 [INFO]    Collecting v1 chr7_60000000_70000000, 0 candidate events found. Time cost 100s
2026-01-16 23:34:51,862 [INFO]    Collecting v1 chr4_0_10000000, 7 candidate events found. Time cost 261s
2026-01-16 23:34:53,291 [INFO]    Collecting v1 chr6_120000000_130000000, 0 candidate events found. Time cost 132s
2026-01-16 23:34:58,129 [INFO]    Collecting v1 chr9_0_10000000, 0 candidate events found. Time cost 37s
2026-01-16 23:34:59,731 [INFO]    Collecting v1 chr8_140000000_150000000, 18 candidate events found. Time cost 41s
2026-01-16 23:35:00,293 [INFO]    Collecting v1 chr6_0_10000000, 1 candidate events found. Time cost 162s
2026-01-16 23:35:03,374 [INFO]    Collecting v1 chr9_150000000_160000000, 0 candidate events found. Time cost 5s
2026-01-16 23:35:06,758 [INFO]    Collecting v1 chr6_30000000_40000000, 0 candidate events found. Time cost 162s
2026-01-16 23:35:08,030 [INFO]    Collecting v1 chr9_30000000_40000000, 1 candidate events found. Time cost 39s
2026-01-16 23:35:10,743 [INFO]    Collecting v1 chr7_50000000_60000000, 0 candidate events found. Time cost 121s
2026-01-16 23:35:12,297 [INFO]    Collecting v1 chr5_150000000_160000000, 0 candidate events found. Time cost 180s
2026-01-16 23:35:14,229 [INFO]    Collecting v1 chr4_20000000_30000000, 0 candidate events found. Time cost 279s
2026-01-16 23:35:14,585 [INFO]    Collecting v1 chr9_90000000_100000000, 0 candidate events found. Time cost 35s
2026-01-16 23:35:15,779 [INFO]    Collecting v1 chr9_80000000_90000000, 0 candidate events found. Time cost 42s
2026-01-16 23:35:16,805 [INFO]    Collecting v1 chr7_30000000_40000000, 0 candidate events found. Time cost 139s
2026-01-16 23:35:17,238 [INFO]    Collecting v1 chr8_110000000_120000000, 0 candidate events found. Time cost 71s
2026-01-16 23:35:17,516 [INFO]    Collecting v1 chr5_110000000_120000000, 0 candidate events found. Time cost 200s
2026-01-16 23:35:18,066 [INFO]    Collecting v1 chr9_40000000_50000000, 0 candidate events found. Time cost 49s
2026-01-16 23:35:22,405 [INFO]    Collecting v1 chr9_110000000_120000000, 0 candidate events found. Time cost 39s
2026-01-16 23:35:26,653 [INFO]    Collecting v1 chr9_60000000_70000000, 0 candidate events found. Time cost 54s
2026-01-16 23:35:37,157 [INFO]    Collecting v1 chr10_10000000_20000000, 0 candidate events found. Time cost 36s
2026-01-16 23:35:39,323 [INFO]    Collecting v1 chr4_70000000_80000000, 1 candidate events found. Time cost 285s
2026-01-16 23:35:44,119 [INFO]    Collecting v1 chr8_20000000_30000000, 1 candidate events found. Time cost 123s
2026-01-16 23:35:44,663 [INFO]    Collecting v1 chr7_140000000_150000000, 1 candidate events found. Time cost 136s
2026-01-16 23:35:44,677 [INFO]    Collecting v1 chr7_100000000_110000000, 5 candidate events found. Time cost 142s
2026-01-16 23:35:50,729 [INFO]    Collecting v1 chr1_140000000_150000000, 1 candidate events found. Time cost 409s
2026-01-16 23:35:54,164 [INFO]    Collecting v1 chr10_100000000_110000000, 1 candidate events found. Time cost 37s
2026-01-16 23:35:54,730 [INFO]    Collecting v1 chr6_10000000_20000000, 7 candidate events found. Time cost 215s
2026-01-16 23:36:08,703 [INFO]    Collecting v1 chr8_90000000_100000000, 0 candidate events found. Time cost 127s
2026-01-16 23:36:09,034 [INFO]    Collecting v1 chr10_40000000_50000000, 11 candidate events found. Time cost 60s
2026-01-16 23:36:09,514 [INFO]    Collecting v1 chr11_10000000_20000000, 10 candidate events found. Time cost 42s
2026-01-16 23:36:09,610 [INFO]    Collecting v1 chr1_20000000_30000000, 1 candidate events found. Time cost 428s
2026-01-16 23:36:10,236 [INFO]    Collecting v1 chr9_50000000_60000000, 0 candidate events found. Time cost 98s
2026-01-16 23:36:10,763 [INFO]    Collecting v1 chr5_0_10000000, 3 candidate events found. Time cost 287s
2026-01-16 23:36:11,883 [INFO]    Collecting v1 chr10_80000000_90000000, 1 candidate events found. Time cost 57s
2026-01-16 23:36:13,266 [INFO]    Collecting v1 chr9_120000000_130000000, 0 candidate events found. Time cost 83s
2026-01-16 23:36:14,598 [INFO]    Collecting v1 chr6_90000000_100000000, 0 candidate events found. Time cost 222s
2026-01-16 23:36:14,845 [INFO]    Collecting v1 chr6_60000000_70000000, 2 candidate events found. Time cost 225s
2026-01-16 23:36:19,540 [INFO]    Collecting v1 chr11_30000000_40000000, 2 candidate events found. Time cost 40s
2026-01-16 23:36:21,246 [INFO]    Collecting v1 chr11_40000000_50000000, 0 candidate events found. Time cost 37s
2026-01-16 23:36:22,018 [INFO]    Collecting v1 chr8_130000000_140000000, 0 candidate events found. Time cost 133s
2026-01-16 23:36:22,295 [INFO]    Collecting v1 chr10_50000000_60000000, 6 candidate events found. Time cost 71s
2026-01-16 23:36:30,094 [INFO]    Collecting v1 chr9_70000000_80000000, 0 candidate events found. Time cost 117s
2026-01-16 23:36:31,855 [INFO]    Collecting v1 chr6_160000000_170000000, 24 candidate events found. Time cost 223s
2026-01-16 23:36:33,489 [INFO]    Collecting v1 chr11_80000000_90000000, 0 candidate events found. Time cost 39s
2026-01-16 23:36:35,346 [INFO]    Collecting v1 chr6_170000000_180000000, 3 candidate events found. Time cost 224s
2026-01-16 23:36:36,188 [INFO]    Collecting v1 chr1_80000000_90000000, 0 candidate events found. Time cost 454s
2026-01-16 23:36:40,873 [INFO]    Collecting v1 chr7_80000000_90000000, 0 candidate events found. Time cost 207s
2026-01-16 23:36:42,745 [INFO]    Collecting v1 chr2_90000000_100000000, 8 candidate events found. Time cost 461s
2026-01-16 23:36:42,897 [INFO]    Collecting v1 chr11_130000000_140000000, 1 candidate events found. Time cost 33s
2026-01-16 23:36:49,149 [INFO]    Collecting v1 chr12_30000000_40000000, 0 candidate events found. Time cost 35s
2026-01-16 23:36:50,349 [INFO]    Collecting v1 chr12_20000000_30000000, 0 candidate events found. Time cost 38s
2026-01-16 23:36:55,459 [INFO]    Collecting v1 chr12_60000000_70000000, 0 candidate events found. Time cost 35s
2026-01-16 23:36:57,859 [INFO]    Collecting v1 chr11_110000000_120000000, 0 candidate events found. Time cost 48s
2026-01-16 23:36:58,138 [INFO]    Collecting v1 chr12_80000000_90000000, 0 candidate events found. Time cost 36s
2026-01-16 23:36:58,576 [INFO]    Collecting v1 chr12_130000000_140000000, 1 candidate events found. Time cost 23s
2026-01-16 23:36:59,540 [INFO]    Collecting v1 chr12_90000000_100000000, 1 candidate events found. Time cost 37s
2026-01-16 23:37:01,882 [INFO]    Collecting v1 chr6_150000000_160000000, 8 candidate events found. Time cost 257s
2026-01-16 23:37:09,854 [INFO]    Collecting v1 chr13_50000000_60000000, 0 candidate events found. Time cost 19s
2026-01-16 23:37:10,758 [INFO]    Collecting v1 chr12_110000000_120000000, 1 candidate events found. Time cost 38s
2026-01-16 23:37:11,581 [INFO]    Collecting v1 chr13_110000000_120000000, 0 candidate events found. Time cost 9s
2026-01-16 23:37:11,920 [INFO]    Collecting v1 chr8_100000000_110000000, 0 candidate events found. Time cost 185s
2026-01-16 23:37:12,441 [INFO]    Collecting v1 chr11_90000000_100000000, 0 candidate events found. Time cost 77s
2026-01-16 23:37:16,204 [INFO]    Collecting v1 chr11_0_10000000, 10 candidate events found. Time cost 113s
2026-01-16 23:37:16,564 [INFO]    Collecting v1 chr5_10000000_20000000, 0 candidate events found. Time cost 352s
2026-01-16 23:37:17,898 [INFO]    Collecting v1 chr4_120000000_130000000, 0 candidate events found. Time cost 367s
2026-01-16 23:37:19,190 [INFO]    Collecting v1 chr10_120000000_130000000, 6 candidate events found. Time cost 121s
2026-01-16 23:37:20,682 [INFO]    Collecting v1 chr9_10000000_20000000, 0 candidate events found. Time cost 175s
2026-01-16 23:37:21,643 [INFO]    Collecting v1 chr9_140000000_150000000, 27 candidate events found. Time cost 148s
2026-01-16 23:37:22,485 [INFO]    Collecting v1 chr11_70000000_80000000, 11 candidate events found. Time cost 91s
2026-01-16 23:37:29,663 [INFO]    Collecting v1 chr10_70000000_80000000, 0 candidate events found. Time cost 135s
2026-01-16 23:37:32,725 [INFO]    Collecting v1 chr10_110000000_120000000, 0 candidate events found. Time cost 135s
2026-01-16 23:37:36,195 [INFO]    Collecting v1 chr9_20000000_30000000, 2 candidate events found. Time cost 189s
2026-01-16 23:37:38,417 [INFO]    Collecting v1 chr10_90000000_100000000, 0 candidate events found. Time cost 142s
2026-01-16 23:37:44,682 [INFO]    Collecting v1 chr12_70000000_80000000, 0 candidate events found. Time cost 83s
2026-01-16 23:37:46,267 [INFO]    Collecting v1 chr11_50000000_60000000, 0 candidate events found. Time cost 121s
2026-01-16 23:37:53,488 [INFO]    Collecting v1 chr13_40000000_50000000, 2 candidate events found. Time cost 64s
2026-01-16 23:37:53,638 [INFO]    Collecting v1 chr13_20000000_30000000, 0 candidate events found. Time cost 70s
2026-01-16 23:37:56,925 [INFO]    Collecting v1 chr12_50000000_60000000, 1 candidate events found. Time cost 102s
2026-01-16 23:37:59,344 [INFO]    Collecting v1 chr14_30000000_40000000, 0 candidate events found. Time cost 47s
2026-01-16 23:37:59,517 [INFO]    Collecting v1 chr8_0_10000000, 4 candidate events found. Time cost 261s
2026-01-16 23:38:00,916 [INFO]    Collecting v1 chr11_120000000_130000000, 0 candidate events found. Time cost 111s
2026-01-16 23:38:01,091 [INFO]    Collecting v1 chr14_0_10000000, 0 candidate events found. Time cost 51s
2026-01-16 23:38:01,457 [INFO]    Collecting v1 chr10_0_10000000, 5 candidate events found. Time cost 181s
2026-01-16 23:38:09,026 [INFO]    Collecting v1 chr14_50000000_60000000, 0 candidate events found. Time cost 52s
2026-01-16 23:38:17,359 [INFO]    Collecting v1 chr15_20000000_30000000, 1 candidate events found. Time cost 44s
2026-01-16 23:38:22,246 [INFO]    Collecting v1 chr14_100000000_110000000, 6 candidate events found. Time cost 60s
2026-01-16 23:38:22,538 [INFO]    Collecting v1 chr15_50000000_60000000, 0 candidate events found. Time cost 37s
2026-01-16 23:38:28,028 [INFO]    Collecting v1 chr14_80000000_90000000, 0 candidate events found. Time cost 68s
2026-01-16 23:38:28,453 [INFO]    Collecting v1 chr6_20000000_30000000, 0 candidate events found. Time cost 367s
2026-01-16 23:38:29,551 [INFO]    Collecting v1 chr14_40000000_50000000, 0 candidate events found. Time cost 77s
2026-01-16 23:38:30,777 [INFO]    Collecting v1 chr15_80000000_90000000, 0 candidate events found. Time cost 37s
2026-01-16 23:38:31,689 [INFO]    Collecting v1 chr15_70000000_80000000, 1 candidate events found. Time cost 38s
2026-01-16 23:38:32,236 [INFO]    Collecting v1 chr11_20000000_30000000, 0 candidate events found. Time cost 175s
2026-01-16 23:38:32,540 [INFO]    Collecting v1 chr13_0_10000000, 0 candidate events found. Time cost 116s
2026-01-16 23:38:33,855 [INFO]    Collecting v1 chr10_60000000_70000000, 0 candidate events found. Time cost 201s
2026-01-16 23:38:40,049 [INFO]    Collecting v1 chr16_30000000_40000000, 0 candidate events found. Time cost 38s
2026-01-16 23:38:40,850 [INFO]    Collecting v1 chr12_10000000_20000000, 0 candidate events found. Time cost 150s
2026-01-16 23:38:41,088 [INFO]    Collecting v1 chr17_0_10000000, 1 candidate events found. Time cost 12s
2026-01-16 23:38:45,395 [INFO]    Collecting v1 chr11_60000000_70000000, 11 candidate events found. Time cost 180s
2026-01-16 23:38:48,508 [INFO]    Collecting v1 chr17_10000000_20000000, 1 candidate events found. Time cost 18s
2026-01-16 23:38:57,485 [INFO]    Collecting v1 chr16_0_10000000, 23 candidate events found. Time cost 58s
2026-01-16 23:38:58,935 [INFO]    Collecting v1 chr10_30000000_40000000, 0 candidate events found. Time cost 232s
2026-01-16 23:39:01,755 [INFO]    Collecting v1 chr17_20000000_30000000, 0 candidate events found. Time cost 30s
2026-01-16 23:39:02,581 [INFO]    Collecting v1 chr16_10000000_20000000, 0 candidate events found. Time cost 63s
2026-01-16 23:39:04,501 [INFO]    Collecting v1 chr16_70000000_80000000, 2 candidate events found. Time cost 42s
2026-01-16 23:39:07,417 [INFO]    Collecting v1 chr16_90000000_100000000, 4 candidate events found. Time cost 39s
2026-01-16 23:39:09,912 [INFO]    Collecting v1 chr17_50000000_60000000, 0 candidate events found. Time cost 37s
2026-01-16 23:39:12,230 [INFO]    Collecting v1 chr14_60000000_70000000, 0 candidate events found. Time cost 115s
2026-01-16 23:39:12,566 [INFO]    Collecting v1 chr18_80000000_90000000, 0 candidate events found. Time cost 5s
2026-01-16 23:39:15,971 [INFO]    Collecting v1 chr8_50000000_60000000, 0 candidate events found. Time cost 323s
2026-01-16 23:39:18,947 [INFO]    Collecting v1 chr14_20000000_30000000, 0 candidate events found. Time cost 127s
2026-01-16 23:39:19,358 [INFO]    Collecting v1 chr12_120000000_130000000, 20 candidate events found. Time cost 165s
2026-01-16 23:39:27,528 [INFO]    Collecting v1 chr13_30000000_40000000, 0 candidate events found. Time cost 164s
2026-01-16 23:39:30,575 [INFO]    Collecting v1 chr15_40000000_50000000, 0 candidate events found. Time cost 112s
2026-01-16 23:39:30,786 [INFO]    Collecting v1 chr13_80000000_90000000, 0 candidate events found. Time cost 152s
2026-01-16 23:39:33,298 [INFO]    Collecting v1 chr18_30000000_40000000, 0 candidate events found. Time cost 35s
2026-01-16 23:39:36,981 [INFO]    Collecting v1 chr18_50000000_60000000, 0 candidate events found. Time cost 35s
2026-01-16 23:39:38,411 [INFO]    Collecting v1 chr19_60000000_70000000, 1 candidate events found. Time cost 10s
2026-01-16 23:39:45,696 [INFO]    Collecting v1 chr13_90000000_100000000, 5 candidate events found. Time cost 167s
2026-01-16 23:39:45,978 [INFO]    Collecting v1 chr18_70000000_80000000, 6 candidate events found. Time cost 41s
2026-01-16 23:39:48,952 [INFO]    Collecting v1 chr7_150000000_160000000, 10 candidate events found. Time cost 378s
2026-01-16 23:39:51,507 [INFO]    Collecting v1 chr17_80000000_90000000, 14 candidate events found. Time cost 70s
2026-01-16 23:39:52,456 [INFO]    Collecting v1 chr15_90000000_100000000, 2 candidate events found. Time cost 115s
2026-01-16 23:39:55,730 [INFO]    Collecting v1 chr13_70000000_80000000, 0 candidate events found. Time cost 177s
2026-01-16 23:40:02,912 [INFO]    Collecting v1 chr13_60000000_70000000, 0 candidate events found. Time cost 187s
2026-01-16 23:40:03,230 [INFO]    Collecting v1 chr17_40000000_50000000, 1 candidate events found. Time cost 90s
2026-01-16 23:40:03,539 [INFO]    Collecting v1 chr19_20000000_30000000, 6 candidate events found. Time cost 50s
2026-01-16 23:40:12,826 [INFO]    Collecting v1 chr19_50000000_60000000, 0 candidate events found. Time cost 53s
2026-01-16 23:40:13,159 [INFO]    Collecting v1 chr20_60000000_70000000, 5 candidate events found. Time cost 27s
2026-01-16 23:40:13,868 [INFO]    Collecting v1 chr17_60000000_70000000, 0 candidate events found. Time cost 100s
2026-01-16 23:40:13,897 [INFO]    Collecting v1 chr18_10000000_20000000, 0 candidate events found. Time cost 88s
2026-01-16 23:40:14,300 [INFO]    Collecting v1 chr19_0_10000000, 8 candidate events found. Time cost 64s
2026-01-16 23:40:15,526 [INFO]    Collecting v1 chr14_90000000_100000000, 14 candidate events found. Time cost 174s
2026-01-16 23:40:16,527 [INFO]    Collecting v1 chr20_40000000_50000000, 0 candidate events found. Time cost 38s
2026-01-16 23:40:20,599 [INFO]    Collecting v1 chr19_10000000_20000000, 15 candidate events found. Time cost 68s
2026-01-16 23:40:25,851 [INFO]    Collecting v1 chr22_50000000_60000000, 1 candidate events found. Time cost 11s
2026-01-16 23:40:28,180 [INFO]    Collecting v1 chr20_50000000_60000000, 9 candidate events found. Time cost 42s
2026-01-16 23:40:28,767 [INFO]    Collecting v1 chr21_20000000_30000000, 0 candidate events found. Time cost 36s
2026-01-16 23:40:30,086 [INFO]    Collecting v1 chr18_40000000_50000000, 0 candidate events found. Time cost 91s
2026-01-16 23:40:30,790 [INFO]    Collecting v1 chr21_10000000_20000000, 0 candidate events found. Time cost 39s
2026-01-16 23:40:32,422 [INFO]    Collecting v1 chr15_60000000_70000000, 7 candidate events found. Time cost 166s
2026-01-16 23:40:33,581 [INFO]    Collecting v1 chr9_130000000_140000000, 13 candidate events found. Time cost 341s
2026-01-16 23:40:36,238 [INFO]    Collecting v1 chr15_0_10000000, 0 candidate events found. Time cost 193s
2026-01-16 23:40:37,768 [INFO]    Collecting v1 chr19_40000000_50000000, 5 candidate events found. Time cost 78s
2026-01-16 23:40:41,215 [INFO]    Collecting v1 chr16_20000000_30000000, 0 candidate events found. Time cost 160s
2026-01-16 23:40:44,951 [INFO]    Collecting v1 chr21_40000000_50000000, 18 candidate events found. Time cost 42s
2026-01-16 23:40:51,099 [INFO]    Collecting v1 chr22_0_10000000, 0 candidate events found. Time cost 47s
2026-01-16 23:40:52,653 [INFO]    Collecting v1 chr18_20000000_30000000, 4 candidate events found. Time cost 124s
2026-01-16 23:40:53,360 [INFO]    Collecting v1 chrX_10000000_20000000, 0 candidate events found. Time cost 37s
2026-01-16 23:40:54,868 [INFO]    Collecting v1 chrX_20000000_30000000, 0 candidate events found. Time cost 38s
2026-01-16 23:41:06,687 [INFO]    Collecting v1 chrX_60000000_70000000, 0 candidate events found. Time cost 37s
2026-01-16 23:41:08,314 [INFO]    Collecting v1 chr15_30000000_40000000, 5 candidate events found. Time cost 212s
2026-01-16 23:41:09,580 [INFO]    Collecting v1 chr20_10000000_20000000, 0 candidate events found. Time cost 98s
2026-01-16 23:41:12,413 [INFO]    Collecting v1 chr14_10000000_20000000, 0 candidate events found. Time cost 241s
2026-01-16 23:41:13,112 [INFO]    Collecting v1 chr4_40000000_50000000, 0 candidate events found. Time cost 627s
2026-01-16 23:41:14,578 [INFO]    Collecting v1 chrM_0_10000000, 0 candidate events found. Time cost 1s
2026-01-16 23:41:18,219 [INFO]    Collecting v1 chr18_60000000_70000000, 0 candidate events found. Time cost 135s
2026-01-16 23:41:19,163 [INFO]    Collecting v1 chr19_30000000_40000000, 0 candidate events found. Time cost 123s
2026-01-16 23:41:23,358 [INFO]    Collecting v1 chr22_20000000_30000000, 2 candidate events found. Time cost 70s
2026-01-16 23:41:25,963 [INFO]    Collecting v1 chrY_60000000_70000000, 0 candidate events found. Time cost 13s
2026-01-16 23:41:27,484 [INFO]    Collecting v1 chrY_20000000_30000000, 0 candidate events found. Time cost 32s
2026-01-16 23:41:30,014 [INFO]    Collecting v1 chr16_50000000_60000000, 0 candidate events found. Time cost 200s
2026-01-16 23:41:35,017 [INFO]    Collecting v1 chrX_80000000_90000000, 0 candidate events found. Time cost 64s
2026-01-16 23:41:36,704 [INFO]    Collecting v1 chrY_40000000_50000000, 0 candidate events found. Time cost 28s
2026-01-16 23:41:41,045 [INFO]    Collecting v1 chr13_100000000_110000000, 0 candidate events found. Time cost 281s
2026-01-16 23:41:48,036 [INFO]    Collecting v1 chrX_100000000_110000000, 0 candidate events found. Time cost 74s
2026-01-16 23:41:48,708 [INFO]    Collecting v1 chrX_50000000_60000000, 0 candidate events found. Time cost 80s
2026-01-16 23:41:49,283 [INFO]    Collecting v1 chr16_80000000_90000000, 0 candidate events found. Time cost 206s
2026-01-16 23:41:51,599 [INFO]    Collecting v1 chrY_10000000_20000000, 0 candidate events found. Time cost 58s
2026-01-16 23:41:59,146 [INFO]    Collecting v1 chr20_0_10000000, 10 candidate events found. Time cost 148s
2026-01-16 23:42:00,235 [INFO]    Collecting v1 chr12_100000000_110000000, 0 candidate events found. Time cost 330s
2026-01-16 23:42:01,641 [INFO]    Collecting v1 chrX_140000000_150000000, 0 candidate events found. Time cost 76s
2026-01-16 23:42:03,297 [INFO]    Collecting v1 chr16_60000000_70000000, 0 candidate events found. Time cost 225s
2026-01-16 23:42:05,617 [INFO]    Collecting v1 chr20_20000000_30000000, 0 candidate events found. Time cost 152s
2026-01-16 23:42:05,878 [INFO]    Collecting v1 chr18_0_10000000, 3 candidate events found. Time cost 204s
2026-01-16 23:42:07,897 [INFO]    Collecting v1 chr21_0_10000000, 0 candidate events found. Time cost 138s
2026-01-16 23:42:09,767 [INFO]    Collecting v1 chr12_40000000_50000000, 0 candidate events found. Time cost 355s
2026-01-16 23:42:13,477 [INFO]    Collecting v1 chr15_10000000_20000000, 1 candidate events found. Time cost 283s
2026-01-16 23:42:14,839 [INFO]    Collecting v1 chrX_90000000_100000000, 0 candidate events found. Time cost 102s
2026-01-16 23:42:15,814 [INFO]    Collecting v1 chrX_130000000_140000000, 0 candidate events found. Time cost 94s
2026-01-16 23:42:17,956 [INFO]    Collecting v1 chrX_150000000_160000000, 3 candidate events found. Time cost 86s
2026-01-16 23:42:20,734 [INFO]    Collecting v1 chr22_30000000_40000000, 6 candidate events found. Time cost 127s
2026-01-16 23:42:22,380 [INFO]    Collecting v1 chr17_70000000_80000000, 3 candidate events found. Time cost 222s
2026-01-16 23:42:22,710 [INFO]    Collecting v1 chrX_120000000_130000000, 0 candidate events found. Time cost 104s
2026-01-16 23:42:24,245 [INFO]    Collecting v1 chr10_130000000_140000000, 18 candidate events found. Time cost 426s
2026-01-16 23:42:26,257 [INFO]    Collecting v1 chr10_20000000_30000000, 0 candidate events found. Time cost 442s
2026-01-16 23:42:26,449 [INFO]    Collecting v1 chrX_70000000_80000000, 0 candidate events found. Time cost 116s
2026-01-16 23:42:29,219 [INFO]    Collecting v1 chrY_0_10000000, 0 candidate events found. Time cost 96s
2026-01-16 23:42:29,391 [INFO]    Collecting v1 chrX_110000000_120000000, 0 candidate events found. Time cost 113s
2026-01-16 23:42:29,903 [INFO]    Collecting v1 chr12_0_10000000, 1 candidate events found. Time cost 379s
2026-01-16 23:42:32,440 [INFO]    Collecting v1 chr13_10000000_20000000, 8 candidate events found. Time cost 351s
2026-01-16 23:42:40,110 [INFO]    Collecting v1 chrX_30000000_40000000, 1 candidate events found. Time cost 139s
2026-01-16 23:42:42,020 [INFO]    Collecting v1 chr8_80000000_90000000, 0 candidate events found. Time cost 521s
2026-01-16 23:42:44,338 [INFO]    Collecting v1 chr6_100000000_110000000, 1 candidate events found. Time cost 611s
2026-01-16 23:42:45,330 [INFO]    Collecting v1 chr22_40000000_50000000, 12 candidate events found. Time cost 151s
2026-01-16 23:42:56,074 [INFO]    Collecting v1 chrY_30000000_40000000, 0 candidate events found. Time cost 109s
2026-01-16 23:42:58,838 [INFO]    Collecting v1 chrY_50000000_60000000, 0 candidate events found. Time cost 109s
2026-01-16 23:43:00,226 [INFO]    Collecting v1 chr14_70000000_80000000, 0 candidate events found. Time cost 342s
2026-01-16 23:43:01,282 [INFO]    Collecting v1 chr9_100000000_110000000, 2 candidate events found. Time cost 502s
2026-01-16 23:43:03,629 [INFO]    Collecting v1 chr17_30000000_40000000, 2 candidate events found. Time cost 271s
2026-01-16 23:43:04,214 [INFO]    Collecting v1 chr11_100000000_110000000, 0 candidate events found. Time cost 415s
2026-01-16 23:43:09,909 [INFO]    Collecting v1 chr16_40000000_50000000, 0 candidate events found. Time cost 308s
2026-01-16 23:43:10,509 [INFO]    Collecting v1 chr22_10000000_20000000, 0 candidate events found. Time cost 186s
2026-01-16 23:43:11,268 [INFO]    Collecting v1 chr21_30000000_40000000, 6 candidate events found. Time cost 195s
2026-01-16 23:43:11,333 [INFO]    Collecting v1 chrX_40000000_50000000, 0 candidate events found. Time cost 165s
2026-01-16 23:43:11,897 [INFO]    Collecting v1 chr20_30000000_40000000, 5 candidate events found. Time cost 214s
2026-01-16 23:43:23,860 [INFO]    Collecting v1 chrX_0_10000000, 12 candidate events found. Time cost 189s
2026-01-16 23:43:24,931 [INFO]    Collecting Time Cost 866s
2026-01-16 23:43:24,931 [INFO]    ****************** Step2 lite-Unet predicting **************************
2026-01-16 23:43:25,654 [INFO]    Predicting v1 chr1_170000000_180000000, 0 events pass lite-Unet module. Time cost: 0s
2026-01-16 23:43:25,654 [INFO]    Predicting v1 chr1_180000000_190000000, 0 events pass lite-Unet module. Time cost: 0s
2026-01-16 23:43:25,654 [INFO]    Predicting v1 chr1_60000000_70000000, 0 events pass lite-Unet module. Time cost: 0s
2026-01-16 23:43:25,654 [INFO]    Predicting v1 chr1_210000000_220000000, 0 events pass lite-Unet module. Time cost: 0s
2026-01-16 23:43:25,654 [INFO]    Predicting v1 chr1_130000000_140000000, 0 events pass lite-Unet module. Time cost: 0s
2026-01-16 23:43:25,654 [INFO]    Predicting v1 chr1_80000000_90000000, 0 events pass lite-Unet module. Time cost: 0s
2026-01-16 23:43:25,654 [INFO]    Predicting v1 chr1_190000000_200000000, 0 events pass lite-Unet module. Time cost: 0s
2026-01-16 23:43:25,654 [INFO]    Predicting v1 chr1_30000000_40000000, 0 events pass lite-Unet module. Time cost: 0s
2026-01-16 23:43:25,654 [INFO]    Predicting v1 chr1_120000000_130000000, 0 events pass lite-Unet module. Time cost: 0s
2026-01-16 23:43:25,654 [INFO]    Predicting v1 chr1_160000000_170000000, 0 events pass lite-Unet module. Time cost: 0s
2026-01-16 23:43:25,671 [INFO]    Predicting v1 chr2_20000000_30000000, 0 events pass lite-Unet module. Time cost: 0s
2026-01-16 23:43:25,671 [INFO]    Predicting v1 chr2_30000000_40000000, 0 events pass lite-Unet module. Time cost: 0s
2026-01-16 23:43:25,671 [INFO]    Predicting v1 chr2_80000000_90000000, 0 events pass lite-Unet module. Time cost: 0s
2026-01-16 23:43:25,671 [INFO]    Predicting v1 chr2_100000000_110000000, 0 events pass lite-Unet module. Time cost: 0s
2026-01-16 23:43:25,674 [INFO]    Predicting v1 chr2_130000000_140000000, 0 events pass lite-Unet module. Time cost: 0s
2026-01-16 23:43:25,675 [INFO]    Predicting v1 chr2_40000000_50000000, 0 events pass lite-Unet module. Time cost: 0s
2026-01-16 23:43:25,677 [INFO]    Predicting v1 chr2_160000000_170000000, 0 events pass lite-Unet module. Time cost: 0s
2026-01-16 23:43:25,693 [INFO]    Predicting v1 chr2_150000000_160000000, 0 events pass lite-Unet module. Time cost: 0s
2026-01-16 23:43:25,698 [INFO]    Predicting v1 chr2_140000000_150000000, 0 events pass lite-Unet module. Time cost: 0s
2026-01-16 23:43:25,711 [INFO]    Predicting v1 chr2_180000000_190000000, 0 events pass lite-Unet module. Time cost: 0s
2026-01-16 23:43:25,713 [INFO]    Predicting v1 chr2_200000000_210000000, 0 events pass lite-Unet module. Time cost: 0s
2026-01-16 23:43:25,727 [INFO]    Predicting v1 chr2_190000000_200000000, 0 events pass lite-Unet module. Time cost: 0s
2026-01-16 23:43:25,747 [INFO]    Predicting v1 chr1_70000000_80000000, 0 events pass lite-Unet module. Time cost: 0s
2026-01-16 23:43:25,771 [INFO]    Predicting v1 chr2_10000000_20000000, 0 events pass lite-Unet module. Time cost: 0s
2026-01-16 23:43:25,799 [INFO]    Predicting v1 chr2_220000000_230000000, 0 events pass lite-Unet module. Time cost: 0s
2026-01-16 23:43:25,822 [INFO]    Predicting v1 chr3_0_10000000, 0 events pass lite-Unet module. Time cost: 0s
2026-01-16 23:43:25,934 [INFO]    Predicting v1 chr1_140000000_150000000, 1 events pass lite-Unet module. Time cost: 0s
2026-01-16 23:43:25,934 [INFO]    Predicting v1 chr1_50000000_60000000, 1 events pass lite-Unet module. Time cost: 0s
2026-01-16 23:43:25,934 [INFO]    Predicting v1 chr1_20000000_30000000, 1 events pass lite-Unet module. Time cost: 0s
2026-01-16 23:43:25,948 [INFO]    Predicting v1 chr3_20000000_30000000, 0 events pass lite-Unet module. Time cost: 0s
2026-01-16 23:43:26,071 [INFO]    Predicting v1 chr3_50000000_60000000, 0 events pass lite-Unet module. Time cost: 0s
2026-01-16 23:43:26,081 [INFO]    Predicting v1 chr3_40000000_50000000, 0 events pass lite-Unet module. Time cost: 0s
2026-01-16 23:43:26,081 [INFO]    Predicting v1 chr3_60000000_70000000, 0 events pass lite-Unet module. Time cost: 0s
2026-01-16 23:43:26,084 [INFO]    Predicting v1 chr3_80000000_90000000, 0 events pass lite-Unet module. Time cost: 0s
2026-01-16 23:43:26,087 [INFO]    Predicting v1 chr3_90000000_100000000, 0 events pass lite-Unet module. Time cost: 0s
2026-01-16 23:43:26,090 [INFO]    Predicting v1 chr3_70000000_80000000, 3 events pass lite-Unet module. Time cost: 0s
2026-01-16 23:43:26,093 [INFO]    Predicting v1 chr3_110000000_120000000, 0 events pass lite-Unet module. Time cost: 0s
2026-01-16 23:43:26,096 [INFO]    Predicting v1 chr3_120000000_130000000, 0 events pass lite-Unet module. Time cost: 0s
2026-01-16 23:43:26,148 [INFO]    Predicting v1 chr3_130000000_140000000, 0 events pass lite-Unet module. Time cost: 0s
2026-01-16 23:43:26,155 [INFO]    Predicting v1 chr3_100000000_110000000, 0 events pass lite-Unet module. Time cost: 0s
2026-01-16 23:43:26,157 [INFO]    Predicting v1 chr3_140000000_150000000, 0 events pass lite-Unet module. Time cost: 0s
2026-01-16 23:43:26,160 [INFO]    Predicting v1 chr3_160000000_170000000, 0 events pass lite-Unet module. Time cost: 0s
2026-01-16 23:43:26,163 [INFO]    Predicting v1 chr3_170000000_180000000, 0 events pass lite-Unet module. Time cost: 0s
2026-01-16 23:43:26,165 [INFO]    Predicting v1 chr3_180000000_190000000, 0 events pass lite-Unet module. Time cost: 0s
2026-01-16 23:43:26,383 [INFO]    Predicting v1 chr3_150000000_160000000, 0 events pass lite-Unet module. Time cost: 0s
2026-01-16 23:43:26,395 [INFO]    Predicting v1 chr3_200000000_210000000, 0 events pass lite-Unet module. Time cost: 0s
2026-01-16 23:44:18,079 [INFO]    Predicting v1 chr1_200000000_210000000, 1 events pass lite-Unet module. Time cost: 52s
2026-01-16 23:44:18,080 [INFO]    Predicting v1 chr2_210000000_220000000, 1 events pass lite-Unet module. Time cost: 52s
2026-01-16 23:44:18,080 [INFO]    Predicting v1 chr1_100000000_110000000, 1 events pass lite-Unet module. Time cost: 52s
2026-01-16 23:44:18,080 [INFO]    Predicting v1 chr1_40000000_50000000, 2 events pass lite-Unet module. Time cost: 52s
2026-01-16 23:44:18,084 [INFO]    Predicting v1 chr4_20000000_30000000, 0 events pass lite-Unet module. Time cost: 0s
2026-01-16 23:44:18,084 [INFO]    Predicting v1 chr4_30000000_40000000, 0 events pass lite-Unet module. Time cost: 0s
2026-01-16 23:44:18,084 [INFO]    Predicting v1 chr4_40000000_50000000, 0 events pass lite-Unet module. Time cost: 0s
2026-01-16 23:44:18,086 [INFO]    Predicting v1 chr4_50000000_60000000, 0 events pass lite-Unet module. Time cost: 0s
2026-01-16 23:44:18,089 [INFO]    Predicting v1 chr4_80000000_90000000, 0 events pass lite-Unet module. Time cost: 0s
2026-01-16 23:44:18,092 [INFO]    Predicting v1 chr4_90000000_100000000, 0 events pass lite-Unet module. Time cost: 0s
2026-01-16 23:44:18,111 [INFO]    Predicting v1 chr4_100000000_110000000, 0 events pass lite-Unet module. Time cost: 0s
2026-01-16 23:44:18,110 [INFO]    Predicting v1 chr1_220000000_230000000, 1 events pass lite-Unet module. Time cost: 52s
2026-01-16 23:44:18,111 [INFO]    Predicting v1 chr4_60000000_70000000, 0 events pass lite-Unet module. Time cost: 0s
2026-01-16 23:44:18,114 [INFO]    Predicting v1 chr4_110000000_120000000, 0 events pass lite-Unet module. Time cost: 0s
2026-01-16 23:44:18,114 [INFO]    Predicting v1 chr4_120000000_130000000, 0 events pass lite-Unet module. Time cost: 0s
2026-01-16 23:44:18,118 [INFO]    Predicting v1 chr4_150000000_160000000, 1 events pass lite-Unet module. Time cost: 0s
2026-01-16 23:44:18,128 [INFO]    Predicting v1 chr2_50000000_60000000, 1 events pass lite-Unet module. Time cost: 52s
2026-01-16 23:44:18,132 [INFO]    Predicting v1 chr4_130000000_140000000, 0 events pass lite-Unet module. Time cost: 0s
2026-01-16 23:44:18,134 [INFO]    Predicting v1 chr4_170000000_180000000, 0 events pass lite-Unet module. Time cost: 0s
2026-01-16 23:44:18,137 [INFO]    Predicting v1 chr4_190000000_200000000, 0 events pass lite-Unet module. Time cost: 0s
2026-01-16 23:44:18,147 [INFO]    Predicting v1 chr1_10000000_20000000, 1 events pass lite-Unet module. Time cost: 52s
2026-01-16 23:44:18,148 [INFO]    Predicting v1 chr4_140000000_150000000, 1 events pass lite-Unet module. Time cost: 0s
2026-01-16 23:44:18,152 [INFO]    Predicting v1 chr5_10000000_20000000, 0 events pass lite-Unet module. Time cost: 0s
2026-01-16 23:44:18,156 [INFO]    Predicting v1 chr5_30000000_40000000, 0 events pass lite-Unet module. Time cost: 0s
2026-01-16 23:44:18,160 [INFO]    Predicting v1 chr5_40000000_50000000, 0 events pass lite-Unet module. Time cost: 0s
2026-01-16 23:44:18,163 [INFO]    Predicting v1 chr5_50000000_60000000, 0 events pass lite-Unet module. Time cost: 0s
2026-01-16 23:44:18,193 [INFO]    Predicting v1 chr5_20000000_30000000, 0 events pass lite-Unet module. Time cost: 0s
2026-01-16 23:44:18,200 [INFO]    Predicting v1 chr5_70000000_80000000, 1 events pass lite-Unet module. Time cost: 0s
2026-01-16 23:44:18,205 [INFO]    Predicting v1 chr5_60000000_70000000, 0 events pass lite-Unet module. Time cost: 0s
2026-01-16 23:44:18,205 [INFO]    Predicting v1 chr1_90000000_100000000, 1 events pass lite-Unet module. Time cost: 53s
2026-01-16 23:44:18,207 [INFO]    Predicting v1 chr4_160000000_170000000, 0 events pass lite-Unet module. Time cost: 0s
2026-01-16 23:44:18,209 [INFO]    Predicting v1 chr5_90000000_100000000, 0 events pass lite-Unet module. Time cost: 0s
2026-01-16 23:44:18,212 [INFO]    Predicting v1 chr5_110000000_120000000, 0 events pass lite-Unet module. Time cost: 0s
2026-01-16 23:44:18,213 [INFO]    Predicting v1 chr5_100000000_110000000, 0 events pass lite-Unet module. Time cost: 0s
2026-01-16 23:44:18,216 [INFO]    Predicting v1 chr5_130000000_140000000, 0 events pass lite-Unet module. Time cost: 0s
2026-01-16 23:44:18,218 [INFO]    Predicting v1 chr5_140000000_150000000, 0 events pass lite-Unet module. Time cost: 0s
2026-01-16 23:44:18,220 [INFO]    Predicting v1 chr2_70000000_80000000, 1 events pass lite-Unet module. Time cost: 52s
2026-01-16 23:44:18,222 [INFO]    Predicting v1 chr5_150000000_160000000, 0 events pass lite-Unet module. Time cost: 0s
2026-01-16 23:44:18,222 [INFO]    Predicting v1 chr5_160000000_170000000, 0 events pass lite-Unet module. Time cost: 0s
2026-01-16 23:44:18,228 [INFO]    Predicting v1 chr5_180000000_190000000, 1 events pass lite-Unet module. Time cost: 0s
2026-01-16 23:44:18,233 [INFO]    Predicting v1 chr1_240000000_250000000, 6 events pass lite-Unet module. Time cost: 53s
2026-01-16 23:44:18,243 [INFO]    Predicting v1 chr6_20000000_30000000, 0 events pass lite-Unet module. Time cost: 0s
2026-01-16 23:44:18,289 [INFO]    Predicting v1 chr5_80000000_90000000, 0 events pass lite-Unet module. Time cost: 0s
2026-01-16 23:44:18,296 [INFO]    Predicting v1 chr5_120000000_130000000, 0 events pass lite-Unet module. Time cost: 0s
2026-01-16 23:44:18,303 [INFO]    Predicting v1 chr6_50000000_60000000, 0 events pass lite-Unet module. Time cost: 0s
2026-01-16 23:44:18,380 [INFO]    Predicting v1 chr6_30000000_40000000, 0 events pass lite-Unet module. Time cost: 0s
2026-01-16 23:44:18,389 [INFO]    Predicting v1 chr6_70000000_80000000, 0 events pass lite-Unet module. Time cost: 0s
2026-01-16 23:44:18,397 [INFO]    Predicting v1 chr6_80000000_90000000, 0 events pass lite-Unet module. Time cost: 0s
2026-01-16 23:44:18,416 [INFO]    Predicting v1 chr6_90000000_100000000, 0 events pass lite-Unet module. Time cost: 0s
2026-01-16 23:44:18,737 [INFO]    Predicting v1 chr3_10000000_20000000, 2 events pass lite-Unet module. Time cost: 52s
2026-01-16 23:44:18,751 [INFO]    Predicting v1 chr6_110000000_120000000, 0 events pass lite-Unet module. Time cost: 0s
2026-01-16 23:44:18,789 [INFO]    Predicting v1 chr4_10000000_20000000, 2 events pass lite-Unet module. Time cost: 0s
2026-01-16 23:44:18,793 [INFO]    Predicting v1 chr6_120000000_130000000, 0 events pass lite-Unet module. Time cost: 0s
2026-01-16 23:44:18,870 [INFO]    Predicting v1 chr6_140000000_150000000, 2 events pass lite-Unet module. Time cost: 0s
2026-01-16 23:44:18,969 [INFO]    Predicting v1 chr6_100000000_110000000, 1 events pass lite-Unet module. Time cost: 0s
2026-01-16 23:44:19,025 [INFO]    Predicting v1 chr4_70000000_80000000, 1 events pass lite-Unet module. Time cost: 0s
2026-01-16 23:44:19,094 [INFO]    Predicting v1 chr5_170000000_180000000, 2 events pass lite-Unet module. Time cost: 0s
2026-01-16 23:44:19,144 [INFO]    Predicting v1 chr6_130000000_140000000, 0 events pass lite-Unet module. Time cost: 0s
2026-01-16 23:44:19,160 [INFO]    Predicting v1 chr2_170000000_180000000, 2 events pass lite-Unet module. Time cost: 53s
2026-01-16 23:44:19,173 [INFO]    Predicting v1 chr7_10000000_20000000, 0 events pass lite-Unet module. Time cost: 0s
2026-01-16 23:44:19,184 [INFO]    Predicting v1 chr7_30000000_40000000, 0 events pass lite-Unet module. Time cost: 0s
2026-01-16 23:44:19,348 [INFO]    Predicting v1 chr6_0_10000000, 1 events pass lite-Unet module. Time cost: 1s
2026-01-16 23:44:19,354 [INFO]    Predicting v1 chr7_50000000_60000000, 0 events pass lite-Unet module. Time cost: 0s
2026-01-16 23:44:19,359 [INFO]    Predicting v1 chr7_60000000_70000000, 0 events pass lite-Unet module. Time cost: 0s
2026-01-16 23:44:19,423 [INFO]    Predicting v1 chr6_40000000_50000000, 1 events pass lite-Unet module. Time cost: 1s
2026-01-16 23:44:19,430 [INFO]    Predicting v1 chr7_80000000_90000000, 0 events pass lite-Unet module. Time cost: 0s
2026-01-16 23:44:19,535 [INFO]    Predicting v1 chr7_70000000_80000000, 0 events pass lite-Unet module. Time cost: 0s
2026-01-16 23:44:19,565 [INFO]    Predicting v1 chr2_230000000_240000000, 38 events pass lite-Unet module. Time cost: 53s
2026-01-16 23:44:19,569 [INFO]    Predicting v1 chr6_150000000_160000000, 8 events pass lite-Unet module. Time cost: 0s
2026-01-16 23:44:19,575 [INFO]    Predicting v1 chr7_120000000_130000000, 0 events pass lite-Unet module. Time cost: 0s
2026-01-16 23:44:19,640 [INFO]    Predicting v1 chr3_190000000_200000000, 6 events pass lite-Unet module. Time cost: 53s
2026-01-16 23:44:19,644 [INFO]    Predicting v1 chr1_150000000_160000000, 5 events pass lite-Unet module. Time cost: 54s
2026-01-16 23:44:19,655 [INFO]    Predicting v1 chr6_60000000_70000000, 2 events pass lite-Unet module. Time cost: 1s
2026-01-16 23:44:19,660 [INFO]    Predicting v1 chr7_160000000_170000000, 0 events pass lite-Unet module. Time cost: 0s
2026-01-16 23:44:19,674 [INFO]    Predicting v1 chr7_40000000_50000000, 1 events pass lite-Unet module. Time cost: 0s
2026-01-16 23:44:19,785 [INFO]    Predicting v1 chr7_0_10000000, 1 events pass lite-Unet module. Time cost: 0s
2026-01-16 23:44:19,801 [INFO]    Predicting v1 chr1_230000000_240000000, 5 events pass lite-Unet module. Time cost: 54s
2026-01-16 23:44:19,826 [INFO]    Predicting v1 chr8_30000000_40000000, 0 events pass lite-Unet module. Time cost: 0s
2026-01-16 23:44:19,834 [INFO]    Predicting v1 chr8_40000000_50000000, 0 events pass lite-Unet module. Time cost: 0s
2026-01-16 23:44:19,841 [INFO]    Predicting v1 chr8_50000000_60000000, 0 events pass lite-Unet module. Time cost: 0s
2026-01-16 23:44:19,846 [INFO]    Predicting v1 chr8_60000000_70000000, 0 events pass lite-Unet module. Time cost: 0s
2026-01-16 23:44:19,850 [INFO]    Predicting v1 chr8_70000000_80000000, 0 events pass lite-Unet module. Time cost: 0s
2026-01-16 23:44:19,853 [INFO]    Predicting v1 chr8_80000000_90000000, 0 events pass lite-Unet module. Time cost: 0s
2026-01-16 23:44:19,858 [INFO]    Predicting v1 chr8_90000000_100000000, 0 events pass lite-Unet module. Time cost: 0s
2026-01-16 23:44:19,862 [INFO]    Predicting v1 chr8_100000000_110000000, 0 events pass lite-Unet module. Time cost: 0s
2026-01-16 23:44:19,866 [INFO]    Predicting v1 chr8_110000000_120000000, 0 events pass lite-Unet module. Time cost: 0s
2026-01-16 23:44:19,898 [INFO]    Predicting v1 chr6_10000000_20000000, 7 events pass lite-Unet module. Time cost: 1s
2026-01-16 23:44:19,919 [INFO]    Predicting v1 chr8_130000000_140000000, 0 events pass lite-Unet module. Time cost: 0s
2026-01-16 23:44:19,922 [INFO]    Predicting v1 chr5_0_10000000, 3 events pass lite-Unet module. Time cost: 1s
2026-01-16 23:44:19,930 [INFO]    Predicting v1 chr9_0_10000000, 0 events pass lite-Unet module. Time cost: 0s
2026-01-16 23:44:19,937 [INFO]    Predicting v1 chr9_10000000_20000000, 0 events pass lite-Unet module. Time cost: 0s
2026-01-16 23:44:19,943 [INFO]    Predicting v1 chr8_10000000_20000000, 0 events pass lite-Unet module. Time cost: 0s
2026-01-16 23:44:19,947 [INFO]    Predicting v1 chr9_20000000_30000000, 2 events pass lite-Unet module. Time cost: 0s
2026-01-16 23:44:19,956 [INFO]    Predicting v1 chr9_40000000_50000000, 0 events pass lite-Unet module. Time cost: 0s
2026-01-16 23:44:19,962 [INFO]    Predicting v1 chr8_120000000_130000000, 0 events pass lite-Unet module. Time cost: 0s
2026-01-16 23:44:19,968 [INFO]    Predicting v1 chr9_50000000_60000000, 0 events pass lite-Unet module. Time cost: 0s
2026-01-16 23:44:19,972 [INFO]    Predicting v1 chr9_60000000_70000000, 0 events pass lite-Unet module. Time cost: 0s
2026-01-16 23:44:19,975 [INFO]    Predicting v1 chr9_70000000_80000000, 0 events pass lite-Unet module. Time cost: 0s
2026-01-16 23:44:19,980 [INFO]    Predicting v1 chr9_80000000_90000000, 0 events pass lite-Unet module. Time cost: 0s
2026-01-16 23:44:19,996 [INFO]    Predicting v1 chr9_90000000_100000000, 0 events pass lite-Unet module. Time cost: 0s
2026-01-16 23:44:20,004 [INFO]    Predicting v1 chr9_110000000_120000000, 0 events pass lite-Unet module. Time cost: 0s
2026-01-16 23:44:20,011 [INFO]    Predicting v1 chr9_120000000_130000000, 0 events pass lite-Unet module. Time cost: 0s
2026-01-16 23:44:20,022 [INFO]    Predicting v1 chr9_130000000_140000000, 13 events pass lite-Unet module. Time cost: 0s
2026-01-16 23:44:20,044 [INFO]    Predicting v1 chr4_0_10000000, 7 events pass lite-Unet module. Time cost: 53s
2026-01-16 23:44:20,056 [INFO]    Predicting v1 chr9_150000000_160000000, 0 events pass lite-Unet module. Time cost: 0s
2026-01-16 23:44:20,065 [INFO]    Predicting v1 chr7_130000000_140000000, 2 events pass lite-Unet module. Time cost: 0s
2026-01-16 23:44:20,081 [INFO]    Predicting v1 chr10_10000000_20000000, 0 events pass lite-Unet module. Time cost: 0s
2026-01-16 23:44:20,087 [INFO]    Predicting v1 chr10_20000000_30000000, 0 events pass lite-Unet module. Time cost: 0s
2026-01-16 23:44:20,094 [INFO]    Predicting v1 chr10_30000000_40000000, 0 events pass lite-Unet module. Time cost: 0s
2026-01-16 23:44:20,102 [INFO]    Predicting v1 chr3_30000000_40000000, 4 events pass lite-Unet module. Time cost: 54s
2026-01-16 23:44:20,113 [INFO]    Predicting v1 chr10_50000000_60000000, 6 events pass lite-Unet module. Time cost: 0s
2026-01-16 23:44:20,138 [INFO]    Predicting v1 chr10_60000000_70000000, 0 events pass lite-Unet module. Time cost: 0s
2026-01-16 23:44:20,147 [INFO]    Predicting v1 chr10_70000000_80000000, 0 events pass lite-Unet module. Time cost: 0s
2026-01-16 23:44:20,293 [INFO]    Predicting v1 chr7_110000000_120000000, 3 events pass lite-Unet module. Time cost: 0s
2026-01-16 23:44:20,301 [INFO]    Predicting v1 chr10_90000000_100000000, 0 events pass lite-Unet module. Time cost: 0s
2026-01-16 23:44:20,302 [INFO]    Predicting v1 chr7_140000000_150000000, 1 events pass lite-Unet module. Time cost: 0s
2026-01-16 23:44:20,309 [INFO]    Predicting v1 chr10_110000000_120000000, 0 events pass lite-Unet module. Time cost: 0s
2026-01-16 23:44:20,312 [INFO]    Predicting v1 chr8_20000000_30000000, 1 events pass lite-Unet module. Time cost: 0s
2026-01-16 23:44:20,406 [INFO]    Predicting v1 chr9_30000000_40000000, 1 events pass lite-Unet module. Time cost: 0s
2026-01-16 23:44:20,664 [INFO]    Predicting v1 chr2_60000000_70000000, 6 events pass lite-Unet module. Time cost: 55s
2026-01-16 23:44:20,692 [INFO]    Predicting v1 chr10_80000000_90000000, 1 events pass lite-Unet module. Time cost: 0s
2026-01-16 23:44:20,697 [INFO]    Predicting v1 chr11_20000000_30000000, 0 events pass lite-Unet module. Time cost: 0s
2026-01-16 23:44:20,723 [INFO]    Predicting v1 chr10_100000000_110000000, 1 events pass lite-Unet module. Time cost: 0s
2026-01-16 23:44:20,728 [INFO]    Predicting v1 chr11_40000000_50000000, 0 events pass lite-Unet module. Time cost: 0s
2026-01-16 23:44:20,732 [INFO]    Predicting v1 chr11_50000000_60000000, 0 events pass lite-Unet module. Time cost: 0s
2026-01-16 23:44:20,749 [INFO]    Predicting v1 chr2_110000000_120000000, 10 events pass lite-Unet module. Time cost: 55s
2026-01-16 23:44:21,124 [INFO]    Predicting v1 chr10_40000000_50000000, 11 events pass lite-Unet module. Time cost: 1s
2026-01-16 23:44:21,131 [INFO]    Predicting v1 chr11_80000000_90000000, 0 events pass lite-Unet module. Time cost: 0s
2026-01-16 23:44:21,137 [INFO]    Predicting v1 chr11_90000000_100000000, 0 events pass lite-Unet module. Time cost: 0s
2026-01-16 23:44:21,143 [INFO]    Predicting v1 chr11_100000000_110000000, 0 events pass lite-Unet module. Time cost: 0s
2026-01-16 23:44:21,150 [INFO]    Predicting v1 chr11_110000000_120000000, 0 events pass lite-Unet module. Time cost: 0s
2026-01-16 23:44:21,156 [INFO]    Predicting v1 chr11_120000000_130000000, 0 events pass lite-Unet module. Time cost: 0s
2026-01-16 23:44:21,163 [INFO]    Predicting v1 chr2_120000000_130000000, 10 events pass lite-Unet module. Time cost: 55s
2026-01-16 23:44:21,172 [INFO]    Predicting v1 chr12_0_10000000, 1 events pass lite-Unet module. Time cost: 0s
2026-01-16 23:44:21,179 [INFO]    Predicting v1 chr12_10000000_20000000, 0 events pass lite-Unet module. Time cost: 0s
2026-01-16 23:44:21,184 [INFO]    Predicting v1 chr12_20000000_30000000, 0 events pass lite-Unet module. Time cost: 0s
2026-01-16 23:44:21,186 [INFO]    Predicting v1 chr9_100000000_110000000, 2 events pass lite-Unet module. Time cost: 1s
2026-01-16 23:44:21,191 [INFO]    Predicting v1 chr12_30000000_40000000, 0 events pass lite-Unet module. Time cost: 0s
2026-01-16 23:44:21,192 [INFO]    Predicting v1 chr12_40000000_50000000, 0 events pass lite-Unet module. Time cost: 0s
2026-01-16 23:44:21,198 [INFO]    Predicting v1 chr12_60000000_70000000, 0 events pass lite-Unet module. Time cost: 0s
2026-01-16 23:44:21,206 [INFO]    Predicting v1 chr12_70000000_80000000, 0 events pass lite-Unet module. Time cost: 0s
2026-01-16 23:44:21,218 [INFO]    Predicting v1 chr12_80000000_90000000, 0 events pass lite-Unet module. Time cost: 0s
2026-01-16 23:44:21,233 [INFO]    Predicting v1 chr12_90000000_100000000, 1 events pass lite-Unet module. Time cost: 0s
2026-01-16 23:44:21,238 [INFO]    Predicting v1 chr1_0_10000000, 5 events pass lite-Unet module. Time cost: 56s
2026-01-16 23:44:21,245 [INFO]    Predicting v1 chr12_100000000_110000000, 0 events pass lite-Unet module. Time cost: 0s
2026-01-16 23:44:21,255 [INFO]    Predicting v1 chr6_170000000_180000000, 3 events pass lite-Unet module. Time cost: 2s
2026-01-16 23:44:21,260 [INFO]    Predicting v1 chr11_30000000_40000000, 2 events pass lite-Unet module. Time cost: 0s
2026-01-16 23:44:21,263 [INFO]    Predicting v1 chr12_130000000_140000000, 1 events pass lite-Unet module. Time cost: 0s
2026-01-16 23:44:21,266 [INFO]    Predicting v1 chr13_0_10000000, 0 events pass lite-Unet module. Time cost: 0s
2026-01-16 23:44:21,271 [INFO]    Predicting v1 chr13_20000000_30000000, 0 events pass lite-Unet module. Time cost: 0s
2026-01-16 23:44:21,277 [INFO]    Predicting v1 chr13_30000000_40000000, 0 events pass lite-Unet module. Time cost: 0s
2026-01-16 23:44:21,613 [INFO]    Predicting v1 chr7_90000000_100000000, 14 events pass lite-Unet module. Time cost: 2s
2026-01-16 23:44:21,617 [INFO]    Predicting v1 chr13_50000000_60000000, 0 events pass lite-Unet module. Time cost: 0s
2026-01-16 23:44:21,630 [INFO]    Predicting v1 chr13_60000000_70000000, 0 events pass lite-Unet module. Time cost: 0s
2026-01-16 23:44:21,635 [INFO]    Predicting v1 chr13_70000000_80000000, 0 events pass lite-Unet module. Time cost: 0s
2026-01-16 23:44:21,640 [INFO]    Predicting v1 chr13_80000000_90000000, 0 events pass lite-Unet module. Time cost: 0s
2026-01-16 23:44:21,725 [INFO]    Predicting v1 chr12_50000000_60000000, 1 events pass lite-Unet module. Time cost: 0s
2026-01-16 23:44:21,734 [INFO]    Predicting v1 chr13_100000000_110000000, 0 events pass lite-Unet module. Time cost: 0s
2026-01-16 23:44:21,753 [INFO]    Predicting v1 chr10_0_10000000, 5 events pass lite-Unet module. Time cost: 1s
2026-01-16 23:44:21,755 [INFO]    Predicting v1 chr13_110000000_120000000, 0 events pass lite-Unet module. Time cost: 0s
2026-01-16 23:44:21,760 [INFO]    Predicting v1 chr14_0_10000000, 0 events pass lite-Unet module. Time cost: 0s
2026-01-16 23:44:21,763 [INFO]    Predicting v1 chr14_10000000_20000000, 0 events pass lite-Unet module. Time cost: 0s
2026-01-16 23:44:21,767 [INFO]    Predicting v1 chr14_20000000_30000000, 0 events pass lite-Unet module. Time cost: 0s
2026-01-16 23:44:21,771 [INFO]    Predicting v1 chr14_30000000_40000000, 0 events pass lite-Unet module. Time cost: 0s
2026-01-16 23:44:21,775 [INFO]    Predicting v1 chr14_40000000_50000000, 0 events pass lite-Unet module. Time cost: 0s
2026-01-16 23:44:21,779 [INFO]    Predicting v1 chr14_50000000_60000000, 0 events pass lite-Unet module. Time cost: 0s
2026-01-16 23:44:21,779 [INFO]    Predicting v1 chr11_130000000_140000000, 1 events pass lite-Unet module. Time cost: 0s
2026-01-16 23:44:21,782 [INFO]    Predicting v1 chr14_60000000_70000000, 0 events pass lite-Unet module. Time cost: 0s
2026-01-16 23:44:21,786 [INFO]    Predicting v1 chr14_70000000_80000000, 0 events pass lite-Unet module. Time cost: 0s
2026-01-16 23:44:21,787 [INFO]    Predicting v1 chr14_80000000_90000000, 0 events pass lite-Unet module. Time cost: 0s
2026-01-16 23:44:21,793 [INFO]    Predicting v1 chr15_0_10000000, 0 events pass lite-Unet module. Time cost: 0s
2026-01-16 23:44:21,864 [INFO]    Predicting v1 chr13_40000000_50000000, 2 events pass lite-Unet module. Time cost: 0s
2026-01-16 23:44:21,872 [INFO]    Predicting v1 chr12_110000000_120000000, 1 events pass lite-Unet module. Time cost: 0s
2026-01-16 23:44:22,216 [INFO]    Predicting v1 chr8_0_10000000, 4 events pass lite-Unet module. Time cost: 2s
2026-01-16 23:44:22,223 [INFO]    Predicting v1 chr15_40000000_50000000, 0 events pass lite-Unet module. Time cost: 0s
2026-01-16 23:44:22,245 [INFO]    Predicting v1 chr15_50000000_60000000, 0 events pass lite-Unet module. Time cost: 0s
2026-01-16 23:44:22,277 [INFO]    Predicting v1 chr8_140000000_150000000, 18 events pass lite-Unet module. Time cost: 2s
2026-01-16 23:44:22,305 [INFO]    Predicting v1 chr15_10000000_20000000, 1 events pass lite-Unet module. Time cost: 0s
2026-01-16 23:44:22,312 [INFO]    Predicting v1 chr15_80000000_90000000, 0 events pass lite-Unet module. Time cost: 0s
2026-01-16 23:44:22,643 [INFO]    Predicting v1 chr15_20000000_30000000, 1 events pass lite-Unet module. Time cost: 0s
2026-01-16 23:44:22,666 [INFO]    Predicting v1 chr11_60000000_70000000, 11 events pass lite-Unet module. Time cost: 1s
2026-01-16 23:44:22,670 [INFO]    Predicting v1 chr16_10000000_20000000, 0 events pass lite-Unet module. Time cost: 0s
2026-01-16 23:44:22,675 [INFO]    Predicting v1 chr16_20000000_30000000, 0 events pass lite-Unet module. Time cost: 0s
2026-01-16 23:44:22,688 [INFO]    Predicting v1 chr16_30000000_40000000, 0 events pass lite-Unet module. Time cost: 0s
2026-01-16 23:44:22,693 [INFO]    Predicting v1 chr16_40000000_50000000, 0 events pass lite-Unet module. Time cost: 0s
2026-01-16 23:44:22,696 [INFO]    Predicting v1 chr16_50000000_60000000, 0 events pass lite-Unet module. Time cost: 0s
2026-01-16 23:44:22,700 [INFO]    Predicting v1 chr16_60000000_70000000, 0 events pass lite-Unet module. Time cost: 0s
2026-01-16 23:44:22,805 [INFO]    Predicting v1 chr7_20000000_30000000, 5 events pass lite-Unet module. Time cost: 3s
2026-01-16 23:44:22,817 [INFO]    Predicting v1 chr16_80000000_90000000, 0 events pass lite-Unet module. Time cost: 0s
2026-01-16 23:44:23,004 [INFO]    Predicting v1 chr2_90000000_100000000, 8 events pass lite-Unet module. Time cost: 57s
2026-01-16 23:44:23,022 [INFO]    Predicting v1 chr15_70000000_80000000, 1 events pass lite-Unet module. Time cost: 0s
2026-01-16 23:44:23,026 [INFO]    Predicting v1 chr17_0_10000000, 1 events pass lite-Unet module. Time cost: 0s
2026-01-16 23:44:23,037 [INFO]    Predicting v1 chr17_20000000_30000000, 0 events pass lite-Unet module. Time cost: 0s
2026-01-16 23:44:23,036 [INFO]    Predicting v1 chr17_10000000_20000000, 1 events pass lite-Unet module. Time cost: 0s
2026-01-16 23:44:23,049 [INFO]    Predicting v1 chr9_140000000_150000000, 27 events pass lite-Unet module. Time cost: 3s
2026-01-16 23:44:23,059 [INFO]    Predicting v1 chr17_40000000_50000000, 1 events pass lite-Unet module. Time cost: 0s
2026-01-16 23:44:23,060 [INFO]    Predicting v1 chr17_50000000_60000000, 0 events pass lite-Unet module. Time cost: 0s
2026-01-16 23:44:23,067 [INFO]    Predicting v1 chr17_60000000_70000000, 0 events pass lite-Unet module. Time cost: 0s
2026-01-16 23:44:23,134 [INFO]    Predicting v1 chr15_90000000_100000000, 2 events pass lite-Unet module. Time cost: 0s
2026-01-16 23:44:23,245 [INFO]    Predicting v1 chr13_90000000_100000000, 5 events pass lite-Unet module. Time cost: 1s
2026-01-16 23:44:23,248 [INFO]    Predicting v1 chr14_100000000_110000000, 6 events pass lite-Unet module. Time cost: 1s
2026-01-16 23:44:23,321 [INFO]    Predicting v1 chr18_10000000_20000000, 0 events pass lite-Unet module. Time cost: 0s
2026-01-16 23:44:23,323 [INFO]    Predicting v1 chr18_20000000_30000000, 4 events pass lite-Unet module. Time cost: 0s
2026-01-16 23:44:23,327 [INFO]    Predicting v1 chr18_40000000_50000000, 0 events pass lite-Unet module. Time cost: 0s
2026-01-16 23:44:23,328 [INFO]    Predicting v1 chr18_30000000_40000000, 0 events pass lite-Unet module. Time cost: 0s
2026-01-16 23:44:23,332 [INFO]    Predicting v1 chr18_50000000_60000000, 0 events pass lite-Unet module. Time cost: 0s
2026-01-16 23:44:23,333 [INFO]    Predicting v1 chr18_60000000_70000000, 0 events pass lite-Unet module. Time cost: 0s
2026-01-16 23:44:23,338 [INFO]    Predicting v1 chr18_80000000_90000000, 0 events pass lite-Unet module. Time cost: 0s
2026-01-16 23:44:23,572 [INFO]    Predicting v1 chr16_70000000_80000000, 2 events pass lite-Unet module. Time cost: 0s
2026-01-16 23:44:23,597 [INFO]    Predicting v1 chr15_60000000_70000000, 7 events pass lite-Unet module. Time cost: 1s
2026-01-16 23:44:23,690 [INFO]    Predicting v1 chr7_100000000_110000000, 5 events pass lite-Unet module. Time cost: 4s
2026-01-16 23:44:23,703 [INFO]    Predicting v1 chr19_30000000_40000000, 0 events pass lite-Unet module. Time cost: 0s
2026-01-16 23:44:23,795 [INFO]    Predicting v1 chr7_150000000_160000000, 10 events pass lite-Unet module. Time cost: 4s
2026-01-16 23:44:23,800 [INFO]    Predicting v1 chr1_110000000_120000000, 22 events pass lite-Unet module. Time cost: 58s
2026-01-16 23:44:23,802 [INFO]    Predicting v1 chr19_50000000_60000000, 0 events pass lite-Unet module. Time cost: 0s
2026-01-16 23:44:23,852 [INFO]    Predicting v1 chr17_30000000_40000000, 2 events pass lite-Unet module. Time cost: 0s
2026-01-16 23:44:23,860 [INFO]    Predicting v1 chr20_10000000_20000000, 0 events pass lite-Unet module. Time cost: 0s
2026-01-16 23:44:23,867 [INFO]    Predicting v1 chr20_20000000_30000000, 0 events pass lite-Unet module. Time cost: 0s
2026-01-16 23:44:23,874 [INFO]    Predicting v1 chr20_30000000_40000000, 5 events pass lite-Unet module. Time cost: 0s
2026-01-16 23:44:23,880 [INFO]    Predicting v1 chr20_40000000_50000000, 0 events pass lite-Unet module. Time cost: 0s
2026-01-16 23:44:24,010 [INFO]    Predicting v1 chr10_120000000_130000000, 6 events pass lite-Unet module. Time cost: 3s
2026-01-16 23:44:24,117 [INFO]    Predicting v1 chr11_0_10000000, 10 events pass lite-Unet module. Time cost: 3s
2026-01-16 23:44:24,123 [INFO]    Predicting v1 chr21_0_10000000, 0 events pass lite-Unet module. Time cost: 0s
2026-01-16 23:44:24,132 [INFO]    Predicting v1 chr21_10000000_20000000, 0 events pass lite-Unet module. Time cost: 0s
2026-01-16 23:44:24,138 [INFO]    Predicting v1 chr21_20000000_30000000, 0 events pass lite-Unet module. Time cost: 0s
2026-01-16 23:44:24,267 [INFO]    Predicting v1 chr19_60000000_70000000, 1 events pass lite-Unet module. Time cost: 0s
2026-01-16 23:44:24,313 [INFO]    Predicting v1 chr15_30000000_40000000, 5 events pass lite-Unet module. Time cost: 2s
2026-01-16 23:44:24,321 [INFO]    Predicting v1 chr11_70000000_80000000, 11 events pass lite-Unet module. Time cost: 3s
2026-01-16 23:44:24,328 [INFO]    Predicting v1 chr22_0_10000000, 0 events pass lite-Unet module. Time cost: 0s
2026-01-16 23:44:24,332 [INFO]    Predicting v1 chr22_10000000_20000000, 0 events pass lite-Unet module. Time cost: 0s
2026-01-16 23:44:24,481 [INFO]    Predicting v1 chr18_0_10000000, 3 events pass lite-Unet module. Time cost: 1s
2026-01-16 23:44:24,635 [INFO]    Predicting v1 chr17_70000000_80000000, 3 events pass lite-Unet module. Time cost: 1s
2026-01-16 23:44:24,700 [INFO]    Predicting v1 chr19_20000000_30000000, 6 events pass lite-Unet module. Time cost: 1s
2026-01-16 23:44:25,082 [INFO]    Predicting v1 chr21_30000000_40000000, 6 events pass lite-Unet module. Time cost: 0s
2026-01-16 23:44:25,089 [INFO]    Predicting v1 chrX_10000000_20000000, 0 events pass lite-Unet module. Time cost: 0s
2026-01-16 23:44:25,096 [INFO]    Predicting v1 chrX_20000000_30000000, 0 events pass lite-Unet module. Time cost: 0s
2026-01-16 23:44:25,171 [INFO]    Predicting v1 chr22_20000000_30000000, 2 events pass lite-Unet module. Time cost: 0s
2026-01-16 23:44:25,180 [INFO]    Predicting v1 chrX_40000000_50000000, 0 events pass lite-Unet module. Time cost: 0s
2026-01-16 23:44:25,189 [INFO]    Predicting v1 chrX_50000000_60000000, 0 events pass lite-Unet module. Time cost: 0s
2026-01-16 23:44:25,200 [INFO]    Predicting v1 chrX_60000000_70000000, 0 events pass lite-Unet module. Time cost: 0s
2026-01-16 23:44:25,209 [INFO]    Predicting v1 chrX_70000000_80000000, 0 events pass lite-Unet module. Time cost: 0s
2026-01-16 23:44:25,219 [INFO]    Predicting v1 chrX_80000000_90000000, 0 events pass lite-Unet module. Time cost: 0s
2026-01-16 23:44:25,229 [INFO]    Predicting v1 chrX_90000000_100000000, 0 events pass lite-Unet module. Time cost: 0s
2026-01-16 23:44:25,228 [INFO]    Predicting v1 chr22_50000000_60000000, 1 events pass lite-Unet module. Time cost: 0s
2026-01-16 23:44:25,236 [INFO]    Predicting v1 chrX_110000000_120000000, 0 events pass lite-Unet module. Time cost: 0s
2026-01-16 23:44:25,238 [INFO]    Predicting v1 chrX_100000000_110000000, 0 events pass lite-Unet module. Time cost: 0s
2026-01-16 23:44:25,242 [INFO]    Predicting v1 chrX_120000000_130000000, 0 events pass lite-Unet module. Time cost: 0s
2026-01-16 23:44:25,248 [INFO]    Predicting v1 chrX_140000000_150000000, 0 events pass lite-Unet module. Time cost: 0s
2026-01-16 23:44:25,248 [INFO]    Predicting v1 chrX_130000000_140000000, 0 events pass lite-Unet module. Time cost: 0s
2026-01-16 23:44:25,257 [INFO]    Predicting v1 chrY_0_10000000, 0 events pass lite-Unet module. Time cost: 0s
2026-01-16 23:44:25,265 [INFO]    Predicting v1 chrY_10000000_20000000, 0 events pass lite-Unet module. Time cost: 0s
2026-01-16 23:44:25,272 [INFO]    Predicting v1 chrY_20000000_30000000, 0 events pass lite-Unet module. Time cost: 0s
2026-01-16 23:44:25,278 [INFO]    Predicting v1 chrY_30000000_40000000, 0 events pass lite-Unet module. Time cost: 0s
2026-01-16 23:44:25,286 [INFO]    Predicting v1 chrY_40000000_50000000, 0 events pass lite-Unet module. Time cost: 0s
2026-01-16 23:44:25,317 [INFO]    Predicting v1 chrY_50000000_60000000, 0 events pass lite-Unet module. Time cost: 0s
2026-01-16 23:44:25,361 [INFO]    Predicting v1 chrY_60000000_70000000, 0 events pass lite-Unet module. Time cost: 0s
2026-01-16 23:44:25,368 [INFO]    Predicting v1 chrM_0_10000000, 0 events pass lite-Unet module. Time cost: 0s
2026-01-16 23:44:25,370 [INFO]    Predicting v1 chr18_70000000_80000000, 6 events pass lite-Unet module. Time cost: 2s
2026-01-16 23:44:25,444 [INFO]    Predicting v1 chr20_0_10000000, 10 events pass lite-Unet module. Time cost: 1s
2026-01-16 23:44:25,460 [INFO]    Predicting v1 chrX_30000000_40000000, 1 events pass lite-Unet module. Time cost: 0s
2026-01-16 23:44:25,472 [INFO]    Predicting v1 chr2_0_10000000, 24 events pass lite-Unet module. Time cost: 60s
2026-01-16 23:44:25,693 [INFO]    Predicting v1 chr2_240000000_250000000, 13 events pass lite-Unet module. Time cost: 59s
2026-01-16 23:44:25,977 [INFO]    Predicting v1 chr19_40000000_50000000, 5 events pass lite-Unet module. Time cost: 2s
2026-01-16 23:44:25,990 [INFO]    Predicting v1 chr6_160000000_170000000, 24 events pass lite-Unet module. Time cost: 7s
2026-01-16 23:44:26,209 [INFO]    Predicting v1 chr16_90000000_100000000, 4 events pass lite-Unet module. Time cost: 3s
2026-01-16 23:44:26,307 [INFO]    Predicting v1 chr11_10000000_20000000, 10 events pass lite-Unet module. Time cost: 5s
2026-01-16 23:44:26,415 [INFO]    Predicting v1 chrX_150000000_160000000, 3 events pass lite-Unet module. Time cost: 1s
2026-01-16 23:44:26,602 [INFO]    Predicting v1 chr20_60000000_70000000, 5 events pass lite-Unet module. Time cost: 2s
2026-01-16 23:44:26,628 [INFO]    Predicting v1 chr4_180000000_190000000, 15 events pass lite-Unet module. Time cost: 8s
2026-01-16 23:44:26,659 [INFO]    Predicting v1 chr19_10000000_20000000, 15 events pass lite-Unet module. Time cost: 3s
2026-01-16 23:44:26,724 [INFO]    Predicting v1 chr13_10000000_20000000, 8 events pass lite-Unet module. Time cost: 5s
2026-01-16 23:44:26,795 [INFO]    Predicting v1 chr12_120000000_130000000, 20 events pass lite-Unet module. Time cost: 5s
2026-01-16 23:44:26,833 [INFO]    Predicting v1 chr10_130000000_140000000, 18 events pass lite-Unet module. Time cost: 6s
2026-01-16 23:44:26,966 [INFO]    Predicting v1 chr20_50000000_60000000, 9 events pass lite-Unet module. Time cost: 3s
2026-01-16 23:44:26,973 [INFO]    Predicting v1 chr22_40000000_50000000, 12 events pass lite-Unet module. Time cost: 2s
2026-01-16 23:44:27,118 [INFO]    Predicting v1 chr19_0_10000000, 8 events pass lite-Unet module. Time cost: 3s
2026-01-16 23:44:27,119 [INFO]    Predicting v1 chr17_80000000_90000000, 14 events pass lite-Unet module. Time cost: 4s
2026-01-16 23:44:27,173 [INFO]    Predicting v1 chr14_90000000_100000000, 14 events pass lite-Unet module. Time cost: 5s
2026-01-16 23:44:27,223 [INFO]    Predicting v1 chr22_30000000_40000000, 6 events pass lite-Unet module. Time cost: 2s
2026-01-16 23:44:27,781 [INFO]    Predicting v1 chr21_40000000_50000000, 18 events pass lite-Unet module. Time cost: 3s
2026-01-16 23:44:27,897 [INFO]    Predicting v1 chrX_0_10000000, 12 events pass lite-Unet module. Time cost: 3s
2026-01-16 23:44:28,238 [INFO]    Predicting v1 chr16_0_10000000, 23 events pass lite-Unet module. Time cost: 5s
2026-01-16 23:44:28,368 [INFO]    Predicting Time Cost 63s
2026-01-16 23:44:28,368 [INFO]    ****************** Step3 Outputting to VCF ****************************
2026-01-16 23:44:28,957 [INFO]    Outputting v1 to /storage/scratch01/groups/bu/simSVs/tfe_unir/visor-simulations/results/v1_40x_15000_A_svision/v1.svision_pro_v2.5.s5.vcf. Time cost: 0s
2026-01-16 23:44:29,998 [INFO]    ****************** Step4 Finish ***********************************
2026-01-16 23:44:29,999 [INFO]    SVision-pro v2.5 successfully finished. Time Cost 931.883695s
