2026-01-17 00:19:04,136 [INFO]    ****************** Start SVision-pro, version 2.5 ********************
2026-01-17 00:19:04,137 [INFO]    Command: /storage/scratch01/groups/bu/simSVs/tfe_unir/visor-simulations/.snakemake/conda/8698eeced1a729a78f4a9d539d4293a9_/bin/SVision-pro --target_path results/v1_40x_30000_C_LASeR/tumour.bam --base_path results/normal_40x_30000_LASeR/sim.srt.bam --genome_path resources/genome/chm13v2.0_maskedY_rCRS.fa --model_path /home/fvillena/SVision-pro/src/pre_process/model_liteunet_1024_8_16_32_32_32.pth --out_path results/v1_40x_30000_C_svision --sample_name v1 --preset error-prone --detect_mode somatic --process_num 52
2026-01-17 00:19:04,137 [INFO]    ****************** Step1 collecting and plotting **********************
2026-01-17 00:19:50,658 [INFO]    Collecting v1 chr1_240000000_250000000, 3 candidate events found. Time cost 46s
2026-01-17 00:19:51,415 [INFO]    Collecting v1 chr1_210000000_220000000, 1 candidate events found. Time cost 46s
2026-01-17 00:19:51,774 [INFO]    Collecting v1 chr2_70000000_80000000, 0 candidate events found. Time cost 47s
2026-01-17 00:19:52,475 [INFO]    Collecting v1 chr1_200000000_210000000, 0 candidate events found. Time cost 47s
2026-01-17 00:19:53,281 [INFO]    Collecting v1 chr1_90000000_100000000, 0 candidate events found. Time cost 48s
2026-01-17 00:19:54,285 [INFO]    Collecting v1 chr2_210000000_220000000, 1 candidate events found. Time cost 49s
2026-01-17 00:19:55,546 [INFO]    Collecting v1 chr1_100000000_110000000, 0 candidate events found. Time cost 50s
2026-01-17 00:19:57,387 [INFO]    Collecting v1 chr1_10000000_20000000, 1 candidate events found. Time cost 52s
2026-01-17 00:19:58,514 [INFO]    Collecting v1 chr1_170000000_180000000, 0 candidate events found. Time cost 53s
2026-01-17 00:19:58,654 [INFO]    Collecting v1 chr2_10000000_20000000, 0 candidate events found. Time cost 54s
2026-01-17 00:19:58,904 [INFO]    Collecting v1 chr2_40000000_50000000, 0 candidate events found. Time cost 54s
2026-01-17 00:20:01,059 [INFO]    Collecting v1 chr1_130000000_140000000, 0 candidate events found. Time cost 56s
2026-01-17 00:20:02,239 [INFO]    Collecting v1 chr2_20000000_30000000, 0 candidate events found. Time cost 57s
2026-01-17 00:20:02,292 [INFO]    Collecting v1 chr2_240000000_250000000, 10 candidate events found. Time cost 57s
2026-01-17 00:20:03,416 [INFO]    Collecting v1 chr1_0_10000000, 6 candidate events found. Time cost 58s
2026-01-17 00:20:05,462 [INFO]    Collecting v1 chr1_30000000_40000000, 0 candidate events found. Time cost 60s
2026-01-17 00:20:06,472 [INFO]    Collecting v1 chr2_60000000_70000000, 6 candidate events found. Time cost 61s
2026-01-17 00:20:09,614 [INFO]    Collecting v1 chr1_220000000_230000000, 0 candidate events found. Time cost 65s
2026-01-17 00:20:12,208 [INFO]    Collecting v1 chr2_130000000_140000000, 0 candidate events found. Time cost 67s
2026-01-17 00:20:12,734 [INFO]    Collecting v1 chr1_80000000_90000000, 0 candidate events found. Time cost 68s
2026-01-17 00:20:16,849 [INFO]    Collecting v1 chr1_180000000_190000000, 0 candidate events found. Time cost 72s
2026-01-17 00:20:17,686 [INFO]    Collecting v1 chr2_190000000_200000000, 0 candidate events found. Time cost 73s
2026-01-17 00:20:17,877 [INFO]    Collecting v1 chr1_40000000_50000000, 1 candidate events found. Time cost 73s
2026-01-17 00:20:19,640 [INFO]    Collecting v1 chr1_70000000_80000000, 0 candidate events found. Time cost 75s
2026-01-17 00:20:20,841 [INFO]    Collecting v1 chr3_200000000_210000000, 0 candidate events found. Time cost 8s
2026-01-17 00:20:21,194 [INFO]    Collecting v1 chr1_50000000_60000000, 0 candidate events found. Time cost 76s
2026-01-17 00:20:22,114 [INFO]    Collecting v1 chr2_200000000_210000000, 0 candidate events found. Time cost 77s
2026-01-17 00:20:27,688 [INFO]    Collecting v1 chr2_160000000_170000000, 0 candidate events found. Time cost 83s
2026-01-17 00:20:28,861 [INFO]    Collecting v1 chr1_160000000_170000000, 0 candidate events found. Time cost 84s
2026-01-17 00:20:29,217 [INFO]    Collecting v1 chr3_0_10000000, 0 candidate events found. Time cost 84s
2026-01-17 00:20:29,401 [INFO]    Collecting v1 chr2_100000000_110000000, 0 candidate events found. Time cost 84s
2026-01-17 00:20:31,231 [INFO]    Collecting v1 chr2_50000000_60000000, 0 candidate events found. Time cost 86s
2026-01-17 00:20:33,116 [INFO]    Collecting v1 chr2_180000000_190000000, 0 candidate events found. Time cost 88s
2026-01-17 00:20:33,793 [INFO]    Collecting v1 chr1_190000000_200000000, 0 candidate events found. Time cost 89s
2026-01-17 00:20:34,198 [INFO]    Collecting v1 chr1_60000000_70000000, 0 candidate events found. Time cost 89s
2026-01-17 00:20:34,324 [INFO]    Collecting v1 chr1_120000000_130000000, 0 candidate events found. Time cost 89s
2026-01-17 00:20:38,648 [INFO]    Collecting v1 chr3_10000000_20000000, 1 candidate events found. Time cost 94s
2026-01-17 00:20:38,969 [INFO]    Collecting v1 chr2_220000000_230000000, 0 candidate events found. Time cost 94s
2026-01-17 00:20:39,312 [INFO]    Collecting v1 chr2_30000000_40000000, 0 candidate events found. Time cost 94s
2026-01-17 00:20:39,538 [INFO]    Collecting v1 chr2_170000000_180000000, 0 candidate events found. Time cost 94s
2026-01-17 00:20:40,136 [INFO]    Collecting v1 chr2_140000000_150000000, 0 candidate events found. Time cost 95s
2026-01-17 00:20:43,278 [INFO]    Collecting v1 chr1_20000000_30000000, 0 candidate events found. Time cost 98s
2026-01-17 00:20:43,693 [INFO]    Collecting v1 chr2_150000000_160000000, 0 candidate events found. Time cost 99s
2026-01-17 00:20:47,492 [INFO]    Collecting v1 chr2_110000000_120000000, 13 candidate events found. Time cost 102s
2026-01-17 00:20:48,361 [INFO]    Collecting v1 chr1_230000000_240000000, 8 candidate events found. Time cost 103s
2026-01-17 00:20:50,487 [INFO]    Collecting v1 chr2_80000000_90000000, 1 candidate events found. Time cost 105s
2026-01-17 00:20:50,828 [INFO]    Collecting v1 chr1_150000000_160000000, 6 candidate events found. Time cost 106s
2026-01-17 00:20:52,592 [INFO]    Collecting v1 chr2_90000000_100000000, 13 candidate events found. Time cost 107s
2026-01-17 00:21:02,542 [INFO]    Collecting v1 chr3_60000000_70000000, 0 candidate events found. Time cost 69s
2026-01-17 00:21:02,850 [INFO]    Collecting v1 chr3_20000000_30000000, 0 candidate events found. Time cost 72s
2026-01-17 00:21:03,106 [INFO]    Collecting v1 chr3_40000000_50000000, 1 candidate events found. Time cost 71s
2026-01-17 00:21:03,506 [INFO]    Collecting v1 chr3_80000000_90000000, 0 candidate events found. Time cost 67s
2026-01-17 00:21:03,570 [INFO]    Collecting v1 chr3_70000000_80000000, 0 candidate events found. Time cost 69s
2026-01-17 00:21:04,336 [INFO]    Collecting v1 chr4_190000000_200000000, 0 candidate events found. Time cost 25s
2026-01-17 00:21:06,486 [INFO]    Collecting v1 chr3_30000000_40000000, 3 candidate events found. Time cost 75s
2026-01-17 00:21:07,069 [INFO]    Collecting v1 chr3_50000000_60000000, 2 candidate events found. Time cost 74s
2026-01-17 00:21:07,296 [INFO]    Collecting v1 chr3_110000000_120000000, 0 candidate events found. Time cost 68s
2026-01-17 00:21:07,493 [INFO]    Collecting v1 chr3_120000000_130000000, 0 candidate events found. Time cost 68s
2026-01-17 00:21:09,148 [INFO]    Collecting v1 chr3_100000000_110000000, 0 candidate events found. Time cost 70s
2026-01-17 00:21:10,539 [INFO]    Collecting v1 chr3_130000000_140000000, 0 candidate events found. Time cost 69s
2026-01-17 00:21:11,132 [INFO]    Collecting v1 chr3_150000000_160000000, 0 candidate events found. Time cost 68s
2026-01-17 00:21:12,952 [INFO]    Collecting v1 chr2_230000000_240000000, 37 candidate events found. Time cost 128s
2026-01-17 00:21:13,196 [INFO]    Collecting v1 chr3_140000000_150000000, 0 candidate events found. Time cost 70s
2026-01-17 00:21:13,800 [INFO]    Collecting v1 chr3_160000000_170000000, 0 candidate events found. Time cost 70s
2026-01-17 00:21:16,044 [INFO]    Collecting v1 chr1_110000000_120000000, 29 candidate events found. Time cost 131s
2026-01-17 00:21:18,323 [INFO]    Collecting v1 chr3_180000000_190000000, 0 candidate events found. Time cost 71s
2026-01-17 00:21:19,740 [INFO]    Collecting v1 chr3_170000000_180000000, 0 candidate events found. Time cost 74s
2026-01-17 00:21:22,440 [INFO]    Collecting v1 chr3_90000000_100000000, 0 candidate events found. Time cost 85s
2026-01-17 00:21:22,547 [INFO]    Collecting v1 chr4_50000000_60000000, 0 candidate events found. Time cost 61s
2026-01-17 00:21:22,925 [INFO]    Collecting v1 chr5_180000000_190000000, 0 candidate events found. Time cost 15s
2026-01-17 00:21:24,179 [INFO]    Collecting v1 chr4_30000000_40000000, 0 candidate events found. Time cost 66s
2026-01-17 00:21:27,762 [INFO]    Collecting v1 chr3_190000000_200000000, 10 candidate events found. Time cost 78s
2026-01-17 00:21:28,947 [INFO]    Collecting v1 chr4_10000000_20000000, 1 candidate events found. Time cost 72s
2026-01-17 00:21:29,797 [INFO]    Collecting v1 chr4_20000000_30000000, 0 candidate events found. Time cost 72s
2026-01-17 00:21:29,974 [INFO]    Collecting v1 chr4_40000000_50000000, 0 candidate events found. Time cost 70s
2026-01-17 00:21:33,386 [INFO]    Collecting v1 chr2_0_10000000, 24 candidate events found. Time cost 148s
2026-01-17 00:21:33,702 [INFO]    Collecting v1 chr4_80000000_90000000, 0 candidate events found. Time cost 66s
2026-01-17 00:21:34,036 [INFO]    Collecting v1 chr4_60000000_70000000, 0 candidate events found. Time cost 72s
2026-01-17 00:21:36,629 [INFO]    Collecting v1 chr4_110000000_120000000, 0 candidate events found. Time cost 67s
2026-01-17 00:21:40,148 [INFO]    Collecting v1 chr4_100000000_110000000, 0 candidate events found. Time cost 70s
2026-01-17 00:21:40,885 [INFO]    Collecting v1 chr4_120000000_130000000, 0 candidate events found. Time cost 69s
2026-01-17 00:21:41,041 [INFO]    Collecting v1 chr4_70000000_80000000, 3 candidate events found. Time cost 78s
2026-01-17 00:21:42,438 [INFO]    Collecting v1 chr4_90000000_100000000, 1 candidate events found. Time cost 73s
2026-01-17 00:21:42,621 [INFO]    Collecting v1 chr4_0_10000000, 11 candidate events found. Time cost 89s
2026-01-17 00:21:43,674 [INFO]    Collecting v1 chr4_140000000_150000000, 0 candidate events found. Time cost 69s
2026-01-17 00:21:43,872 [INFO]    Collecting v1 chr4_150000000_160000000, 0 candidate events found. Time cost 69s
2026-01-17 00:21:44,820 [INFO]    Collecting v1 chr4_160000000_170000000, 0 candidate events found. Time cost 70s
2026-01-17 00:21:46,059 [INFO]    Collecting v1 chr1_140000000_150000000, 0 candidate events found. Time cost 161s
2026-01-17 00:21:48,905 [INFO]    Collecting v1 chr6_170000000_180000000, 0 candidate events found. Time cost 15s
2026-01-17 00:21:49,339 [INFO]    Collecting v1 chr4_170000000_180000000, 1 candidate events found. Time cost 70s
2026-01-17 00:21:50,405 [INFO]    Collecting v1 chr4_130000000_140000000, 0 candidate events found. Time cost 77s
2026-01-17 00:21:52,918 [INFO]    Collecting v1 chr5_10000000_20000000, 0 candidate events found. Time cost 72s
2026-01-17 00:21:53,442 [INFO]    Collecting v1 chr5_30000000_40000000, 0 candidate events found. Time cost 69s
2026-01-17 00:21:54,190 [INFO]    Collecting v1 chr5_0_10000000, 5 candidate events found. Time cost 74s
2026-01-17 00:21:54,807 [INFO]    Collecting v1 chr5_20000000_30000000, 0 candidate events found. Time cost 71s
2026-01-17 00:21:58,028 [INFO]    Collecting v1 chr7_160000000_170000000, 0 candidate events found. Time cost 4s
2026-01-17 00:21:58,912 [INFO]    Collecting v1 chr5_50000000_60000000, 0 candidate events found. Time cost 70s
2026-01-17 00:22:00,724 [INFO]    Collecting v1 chr5_40000000_50000000, 0 candidate events found. Time cost 73s
2026-01-17 00:22:01,645 [INFO]    Collecting v1 chr5_60000000_70000000, 0 candidate events found. Time cost 71s
2026-01-17 00:22:04,784 [INFO]    Collecting v1 chr5_80000000_90000000, 0 candidate events found. Time cost 72s
2026-01-17 00:22:06,838 [INFO]    Collecting v1 chr5_70000000_80000000, 0 candidate events found. Time cost 75s
2026-01-17 00:22:07,498 [INFO]    Collecting v1 chr2_120000000_130000000, 10 candidate events found. Time cost 182s
2026-01-17 00:22:09,849 [INFO]    Collecting v1 chr5_120000000_130000000, 0 candidate events found. Time cost 66s
2026-01-17 00:22:09,890 [INFO]    Collecting v1 chr5_100000000_110000000, 0 candidate events found. Time cost 67s
2026-01-17 00:22:13,147 [INFO]    Collecting v1 chr5_110000000_120000000, 0 candidate events found. Time cost 70s
2026-01-17 00:22:13,276 [INFO]    Collecting v1 chr5_150000000_160000000, 0 candidate events found. Time cost 66s
2026-01-17 00:22:13,667 [INFO]    Collecting v1 chr5_90000000_100000000, 0 candidate events found. Time cost 71s
2026-01-17 00:22:14,005 [INFO]    Collecting v1 chr5_130000000_140000000, 1 candidate events found. Time cost 70s
2026-01-17 00:22:14,449 [INFO]    Collecting v1 chr5_140000000_150000000, 0 candidate events found. Time cost 70s
2026-01-17 00:22:16,261 [INFO]    Collecting v1 chr5_170000000_180000000, 0 candidate events found. Time cost 68s
2026-01-17 00:22:16,279 [INFO]    Collecting v1 chr5_160000000_170000000, 0 candidate events found. Time cost 69s
2026-01-17 00:22:20,320 [INFO]    Collecting v1 chr6_50000000_60000000, 0 candidate events found. Time cost 66s
2026-01-17 00:22:20,913 [INFO]    Collecting v1 chr6_20000000_30000000, 0 candidate events found. Time cost 69s
2026-01-17 00:22:23,379 [INFO]    Collecting v1 chr6_30000000_40000000, 0 candidate events found. Time cost 70s
2026-01-17 00:22:26,505 [INFO]    Collecting v1 chr6_70000000_80000000, 0 candidate events found. Time cost 68s
2026-01-17 00:22:29,942 [INFO]    Collecting v1 chr6_40000000_50000000, 0 candidate events found. Time cost 76s
2026-01-17 00:22:30,717 [INFO]    Collecting v1 chr6_110000000_120000000, 0 candidate events found. Time cost 67s
2026-01-17 00:22:30,877 [INFO]    Collecting v1 chr6_120000000_130000000, 0 candidate events found. Time cost 66s
2026-01-17 00:22:31,400 [INFO]    Collecting v1 chr6_90000000_100000000, 0 candidate events found. Time cost 68s
2026-01-17 00:22:32,159 [INFO]    Collecting v1 chr6_80000000_90000000, 0 candidate events found. Time cost 72s
2026-01-17 00:22:32,761 [INFO]    Collecting v1 chr6_0_10000000, 3 candidate events found. Time cost 83s
2026-01-17 00:22:33,118 [INFO]    Collecting v1 chr6_100000000_110000000, 0 candidate events found. Time cost 70s
2026-01-17 00:22:36,337 [INFO]    Collecting v1 chr6_130000000_140000000, 0 candidate events found. Time cost 68s
2026-01-17 00:22:42,306 [INFO]    Collecting v1 chr7_60000000_70000000, 0 candidate events found. Time cost 59s
2026-01-17 00:22:42,552 [INFO]    Collecting v1 chr6_140000000_150000000, 2 candidate events found. Time cost 73s
2026-01-17 00:22:42,596 [INFO]    Collecting v1 chr6_150000000_160000000, 2 candidate events found. Time cost 72s
2026-01-17 00:22:43,470 [INFO]    Collecting v1 chr4_180000000_190000000, 16 candidate events found. Time cost 124s
2026-01-17 00:22:46,239 [INFO]    Collecting v1 chr7_70000000_80000000, 0 candidate events found. Time cost 63s
2026-01-17 00:22:46,376 [INFO]    Collecting v1 chr6_10000000_20000000, 17 candidate events found. Time cost 95s
2026-01-17 00:22:46,481 [INFO]    Collecting v1 chr7_40000000_50000000, 0 candidate events found. Time cost 65s
2026-01-17 00:22:48,330 [INFO]    Collecting v1 chr7_30000000_40000000, 2 candidate events found. Time cost 68s
2026-01-17 00:22:48,526 [INFO]    Collecting v1 chr7_0_10000000, 7 candidate events found. Time cost 74s
2026-01-17 00:22:48,665 [INFO]    Collecting v1 chr7_10000000_20000000, 0 candidate events found. Time cost 74s
2026-01-17 00:22:49,707 [INFO]    Collecting v1 chr7_110000000_120000000, 0 candidate events found. Time cost 63s
2026-01-17 00:22:52,150 [INFO]    Collecting v1 chr7_80000000_90000000, 0 candidate events found. Time cost 68s
2026-01-17 00:22:54,226 [INFO]    Collecting v1 chr7_120000000_130000000, 0 candidate events found. Time cost 65s
2026-01-17 00:22:54,247 [INFO]    Collecting v1 chr6_60000000_70000000, 5 candidate events found. Time cost 98s
2026-01-17 00:22:55,394 [INFO]    Collecting v1 chr7_20000000_30000000, 5 candidate events found. Time cost 78s
2026-01-17 00:22:55,742 [INFO]    Collecting v1 chr8_10000000_20000000, 0 candidate events found. Time cost 60s
2026-01-17 00:22:56,663 [INFO]    Collecting v1 chr7_100000000_110000000, 4 candidate events found. Time cost 71s
2026-01-17 00:22:56,856 [INFO]    Collecting v1 chr7_50000000_60000000, 1 candidate events found. Time cost 75s
2026-01-17 00:22:58,008 [INFO]    Collecting v1 chr9_50000000_60000000, 0 candidate events found. Time cost 34s
2026-01-17 00:22:58,348 [INFO]    Collecting v1 chr9_150000000_160000000, 0 candidate events found. Time cost 16s
2026-01-17 00:22:58,656 [INFO]    Collecting v1 chr7_90000000_100000000, 10 candidate events found. Time cost 74s
2026-01-17 00:22:59,502 [INFO]    Collecting v1 chr8_50000000_60000000, 0 candidate events found. Time cost 57s
2026-01-17 00:23:01,108 [INFO]    Collecting v1 chr8_0_10000000, 4 candidate events found. Time cost 66s
2026-01-17 00:23:03,030 [INFO]    Collecting v1 chr8_30000000_40000000, 0 candidate events found. Time cost 64s
2026-01-17 00:23:03,115 [INFO]    Collecting v1 chr7_140000000_150000000, 3 candidate events found. Time cost 72s
2026-01-17 00:23:03,584 [INFO]    Collecting v1 chr8_40000000_50000000, 0 candidate events found. Time cost 62s
2026-01-17 00:23:06,142 [INFO]    Collecting v1 chr8_90000000_100000000, 0 candidate events found. Time cost 56s
2026-01-17 00:23:07,567 [INFO]    Collecting v1 chr8_100000000_110000000, 0 candidate events found. Time cost 57s
2026-01-17 00:23:08,054 [INFO]    Collecting v1 chr8_60000000_70000000, 0 candidate events found. Time cost 63s
2026-01-17 00:23:09,261 [INFO]    Collecting v1 chr8_20000000_30000000, 2 candidate events found. Time cost 71s
2026-01-17 00:23:10,043 [INFO]    Collecting v1 chr8_120000000_130000000, 0 candidate events found. Time cost 56s
2026-01-17 00:23:10,261 [INFO]    Collecting v1 chr7_130000000_140000000, 4 candidate events found. Time cost 80s
2026-01-17 00:23:12,398 [INFO]    Collecting v1 chr8_70000000_80000000, 0 candidate events found. Time cost 65s
2026-01-17 00:23:12,447 [INFO]    Collecting v1 chr9_0_10000000, 0 candidate events found. Time cost 57s
2026-01-17 00:23:12,565 [INFO]    Collecting v1 chr9_20000000_30000000, 1 candidate events found. Time cost 56s
2026-01-17 00:23:12,740 [INFO]    Collecting v1 chr9_10000000_20000000, 0 candidate events found. Time cost 56s
2026-01-17 00:23:13,722 [INFO]    Collecting v1 chr8_110000000_120000000, 0 candidate events found. Time cost 60s
2026-01-17 00:23:21,389 [INFO]    Collecting v1 chr8_80000000_90000000, 0 candidate events found. Time cost 73s
2026-01-17 00:23:21,970 [INFO]    Collecting v1 chr9_60000000_70000000, 0 candidate events found. Time cost 55s
2026-01-17 00:23:26,399 [INFO]    Collecting v1 chr9_40000000_50000000, 0 candidate events found. Time cost 65s
2026-01-17 00:23:29,467 [INFO]    Collecting v1 chr9_130000000_140000000, 1 candidate events found. Time cost 56s
2026-01-17 00:23:30,429 [INFO]    Collecting v1 chr8_130000000_140000000, 0 candidate events found. Time cost 76s
2026-01-17 00:23:31,004 [INFO]    Collecting v1 chr9_70000000_80000000, 0 candidate events found. Time cost 61s
2026-01-17 00:23:36,876 [INFO]    Collecting v1 chr8_140000000_150000000, 19 candidate events found. Time cost 82s
2026-01-17 00:23:37,469 [INFO]    Collecting v1 chr10_10000000_20000000, 0 candidate events found. Time cost 54s
2026-01-17 00:23:38,295 [INFO]    Collecting v1 chr9_100000000_110000000, 1 candidate events found. Time cost 66s
2026-01-17 00:23:39,901 [INFO]    Collecting v1 chr10_60000000_70000000, 0 candidate events found. Time cost 51s
2026-01-17 00:23:40,840 [INFO]    Collecting v1 chr10_70000000_80000000, 0 candidate events found. Time cost 52s
2026-01-17 00:23:41,376 [INFO]    Collecting v1 chr10_110000000_120000000, 1 candidate events found. Time cost 47s
2026-01-17 00:23:41,899 [INFO]    Collecting v1 chr10_30000000_40000000, 0 candidate events found. Time cost 55s
2026-01-17 00:23:43,840 [INFO]    Collecting v1 chr10_100000000_110000000, 1 candidate events found. Time cost 51s
2026-01-17 00:23:44,187 [INFO]    Collecting v1 chr9_120000000_130000000, 0 candidate events found. Time cost 71s
2026-01-17 00:23:45,843 [INFO]    Collecting v1 chr11_40000000_50000000, 0 candidate events found. Time cost 47s
2026-01-17 00:23:46,456 [INFO]    Collecting v1 chr11_30000000_40000000, 0 candidate events found. Time cost 48s
2026-01-17 00:23:48,103 [INFO]    Collecting v1 chr10_80000000_90000000, 1 candidate events found. Time cost 59s
2026-01-17 00:23:50,319 [INFO]    Collecting v1 chr11_50000000_60000000, 0 candidate events found. Time cost 51s
2026-01-17 00:23:52,209 [INFO]    Collecting v1 chr10_120000000_130000000, 7 candidate events found. Time cost 57s
2026-01-17 00:23:52,267 [INFO]    Collecting v1 chr7_150000000_160000000, 19 candidate events found. Time cost 119s
2026-01-17 00:23:52,339 [INFO]    Collecting v1 chr9_110000000_120000000, 0 candidate events found. Time cost 80s
2026-01-17 00:23:54,440 [INFO]    Collecting v1 chr11_20000000_30000000, 0 candidate events found. Time cost 57s
2026-01-17 00:23:55,516 [INFO]    Collecting v1 chr9_90000000_100000000, 0 candidate events found. Time cost 84s
2026-01-17 00:24:00,635 [INFO]    Collecting v1 chr13_30000000_40000000, 0 candidate events found. Time cost 20s
2026-01-17 00:24:00,895 [INFO]    Collecting v1 chr11_10000000_20000000, 9 candidate events found. Time cost 64s
2026-01-17 00:24:00,950 [INFO]    Collecting v1 chr12_90000000_100000000, 0 candidate events found. Time cost 38s
2026-01-17 00:24:03,024 [INFO]    Collecting v1 chr9_80000000_90000000, 0 candidate events found. Time cost 92s
2026-01-17 00:24:03,068 [INFO]    Collecting v1 chr6_160000000_170000000, 32 candidate events found. Time cost 153s
2026-01-17 00:24:06,221 [INFO]    Collecting v1 chr11_80000000_90000000, 0 candidate events found. Time cost 63s
2026-01-17 00:24:11,234 [INFO]    Collecting v1 chr11_100000000_110000000, 0 candidate events found. Time cost 67s
2026-01-17 00:24:12,512 [INFO]    Collecting v1 chr10_0_10000000, 6 candidate events found. Time cost 89s
2026-01-17 00:24:13,968 [INFO]    Collecting v1 chr12_110000000_120000000, 1 candidate events found. Time cost 44s
2026-01-17 00:24:15,262 [INFO]    Collecting v1 chr12_70000000_80000000, 0 candidate events found. Time cost 61s
2026-01-17 00:24:15,300 [INFO]    Collecting v1 chr13_20000000_30000000, 3 candidate events found. Time cost 36s
2026-01-17 00:24:19,203 [INFO]    Collecting v1 chr14_100000000_110000000, 5 candidate events found. Time cost 15s
2026-01-17 00:24:39,079 [INFO]    Collecting v1 chr14_10000000_20000000, 1 candidate events found. Time cost 46s
2026-01-17 00:24:39,221 [INFO]    Collecting v1 chr14_80000000_90000000, 0 candidate events found. Time cost 38s
2026-01-17 00:24:40,819 [INFO]    Collecting v1 chr14_70000000_80000000, 0 candidate events found. Time cost 39s
2026-01-17 00:24:41,918 [INFO]    Collecting v1 chr11_130000000_140000000, 2 candidate events found. Time cost 93s
2026-01-17 00:24:55,415 [INFO]    Collecting v1 chr15_20000000_30000000, 1 candidate events found. Time cost 42s
2026-01-17 00:24:55,503 [INFO]    Collecting v1 chr13_60000000_70000000, 0 candidate events found. Time cost 73s
2026-01-17 00:24:55,553 [INFO]    Collecting v1 chr15_40000000_50000000, 1 candidate events found. Time cost 40s
2026-01-17 00:24:58,320 [INFO]    Collecting v1 chr14_30000000_40000000, 0 candidate events found. Time cost 65s
2026-01-17 00:25:01,722 [INFO]    Collecting v1 chr12_10000000_20000000, 0 candidate events found. Time cost 111s
2026-01-17 00:25:02,515 [INFO]    Collecting v1 chr9_140000000_150000000, 44 candidate events found. Time cost 146s
2026-01-17 00:25:04,387 [INFO]    Collecting v1 chr9_30000000_40000000, 0 candidate events found. Time cost 164s
2026-01-17 00:25:17,235 [INFO]    Collecting v1 chr13_90000000_100000000, 4 candidate events found. Time cost 91s
2026-01-17 00:25:23,660 [INFO]    Collecting v1 chr11_90000000_100000000, 0 candidate events found. Time cost 140s
2026-01-17 00:25:25,327 [INFO]    Collecting v1 chr12_80000000_90000000, 0 candidate events found. Time cost 123s
2026-01-17 00:25:26,698 [INFO]    Collecting v1 chr10_40000000_50000000, 15 candidate events found. Time cost 160s
2026-01-17 00:25:27,108 [INFO]    Collecting v1 chr14_20000000_30000000, 1 candidate events found. Time cost 94s
2026-01-17 00:25:39,991 [INFO]    Collecting v1 chr16_60000000_70000000, 0 candidate events found. Time cost 37s
2026-01-17 00:25:42,734 [INFO]    Collecting v1 chr16_50000000_60000000, 0 candidate events found. Time cost 41s
2026-01-17 00:25:47,388 [INFO]    Collecting v1 chr11_60000000_70000000, 15 candidate events found. Time cost 167s
2026-01-17 00:25:50,909 [INFO]    Collecting v1 chr13_50000000_60000000, 0 candidate events found. Time cost 129s
2026-01-17 00:25:53,008 [INFO]    Collecting v1 chr15_30000000_40000000, 4 candidate events found. Time cost 99s
2026-01-17 00:25:54,812 [INFO]    Collecting v1 chr16_20000000_30000000, 0 candidate events found. Time cost 59s
2026-01-17 00:25:57,004 [INFO]    Collecting v1 chr14_90000000_100000000, 8 candidate events found. Time cost 113s
2026-01-17 00:26:00,759 [INFO]    Collecting v1 chr15_10000000_20000000, 2 candidate events found. Time cost 109s
2026-01-17 00:26:06,100 [INFO]    Collecting v1 chr17_20000000_30000000, 0 candidate events found. Time cost 38s
2026-01-17 00:26:21,286 [INFO]    Collecting v1 chr17_40000000_50000000, 0 candidate events found. Time cost 38s
2026-01-17 00:26:27,525 [INFO]    Collecting v1 chr12_50000000_60000000, 1 candidate events found. Time cost 194s
2026-01-17 00:26:28,107 [INFO]    Collecting v1 chr17_60000000_70000000, 0 candidate events found. Time cost 37s
2026-01-17 00:26:34,236 [INFO]    Collecting v1 chr12_120000000_130000000, 16 candidate events found. Time cost 183s
2026-01-17 00:26:36,849 [INFO]    Collecting v1 chr18_0_10000000, 3 candidate events found. Time cost 39s
2026-01-17 00:26:36,949 [INFO]    Collecting v1 chr15_60000000_70000000, 12 candidate events found. Time cost 137s
2026-01-17 00:26:38,254 [INFO]    Collecting v1 chr16_10000000_20000000, 0 candidate events found. Time cost 102s
2026-01-17 00:26:40,043 [INFO]    Collecting v1 chr10_130000000_140000000, 31 candidate events found. Time cost 224s
2026-01-17 00:26:40,904 [INFO]    Collecting v1 chr14_50000000_60000000, 1 candidate events found. Time cost 165s
2026-01-17 00:26:41,150 [INFO]    Collecting v1 chr14_40000000_50000000, 0 candidate events found. Time cost 166s
2026-01-17 00:26:43,530 [INFO]    Collecting v1 chr18_80000000_90000000, 0 candidate events found. Time cost 6s
2026-01-17 00:26:48,950 [INFO]    Collecting v1 chr16_0_10000000, 21 candidate events found. Time cost 127s
2026-01-17 00:26:49,210 [INFO]    Collecting v1 chr11_120000000_130000000, 2 candidate events found. Time cost 221s
2026-01-17 00:26:52,981 [INFO]    Collecting v1 chr12_40000000_50000000, 0 candidate events found. Time cost 220s
2026-01-17 00:26:56,625 [INFO]    Collecting v1 chr14_60000000_70000000, 1 candidate events found. Time cost 175s
2026-01-17 00:26:57,377 [INFO]    Collecting v1 chr11_110000000_120000000, 0 candidate events found. Time cost 231s
2026-01-17 00:26:58,731 [INFO]    Collecting v1 chr17_70000000_80000000, 1 candidate events found. Time cost 65s
2026-01-17 00:27:18,396 [INFO]    Collecting v1 chr13_100000000_110000000, 0 candidate events found. Time cost 211s
2026-01-17 00:27:21,693 [INFO]    Collecting v1 chr17_0_10000000, 1 candidate events found. Time cost 116s
2026-01-17 00:27:25,269 [INFO]    Collecting v1 chr18_70000000_80000000, 7 candidate events found. Time cost 48s
2026-01-17 00:27:25,960 [INFO]    Collecting v1 chr17_10000000_20000000, 1 candidate events found. Time cost 119s
2026-01-17 00:27:27,184 [INFO]    Collecting v1 chr16_30000000_40000000, 0 candidate events found. Time cost 151s
2026-01-17 00:27:28,665 [INFO]    Collecting v1 chr10_90000000_100000000, 0 candidate events found. Time cost 278s
2026-01-17 00:27:36,858 [INFO]    Collecting v1 chr12_130000000_140000000, 1 candidate events found. Time cost 245s
2026-01-17 00:27:40,800 [INFO]    Collecting v1 chr15_90000000_100000000, 2 candidate events found. Time cost 179s
2026-01-17 00:27:41,559 [INFO]    Collecting v1 chr19_50000000_60000000, 0 candidate events found. Time cost 52s
2026-01-17 00:27:44,128 [INFO]    Collecting v1 chr20_20000000_30000000, 1 candidate events found. Time cost 46s
2026-01-17 00:27:44,620 [INFO]    Collecting v1 chr18_10000000_20000000, 0 candidate events found. Time cost 103s
2026-01-17 00:27:50,047 [INFO]    Collecting v1 chr20_10000000_20000000, 0 candidate events found. Time cost 53s
2026-01-17 00:27:52,339 [INFO]    Collecting v1 chr13_110000000_120000000, 1 candidate events found. Time cost 244s
2026-01-17 00:27:52,369 [INFO]    Collecting v1 chr13_80000000_90000000, 0 candidate events found. Time cost 248s
2026-01-17 00:27:53,656 [INFO]    Collecting v1 chr18_40000000_50000000, 0 candidate events found. Time cost 86s
2026-01-17 00:27:53,777 [INFO]    Collecting v1 chr10_20000000_30000000, 0 candidate events found. Time cost 310s
2026-01-17 00:27:55,373 [INFO]    Collecting v1 chr13_10000000_20000000, 7 candidate events found. Time cost 257s
2026-01-17 00:27:59,869 [INFO]    Collecting v1 chr13_0_10000000, 0 candidate events found. Time cost 262s
2026-01-17 00:28:03,452 [INFO]    Collecting v1 chr22_50000000_60000000, 2 candidate events found. Time cost 11s
2026-01-17 00:28:24,347 [INFO]    Collecting v1 chr22_10000000_20000000, 0 candidate events found. Time cost 40s
2026-01-17 00:28:39,808 [INFO]    Collecting v1 chr20_40000000_50000000, 0 candidate events found. Time cost 81s
2026-01-17 00:28:40,158 [INFO]    Collecting v1 chr12_60000000_70000000, 0 candidate events found. Time cost 327s
2026-01-17 00:28:43,762 [INFO]    Collecting v1 chr18_30000000_40000000, 1 candidate events found. Time cost 142s
2026-01-17 00:28:44,493 [INFO]    Collecting v1 chrX_10000000_20000000, 0 candidate events found. Time cost 50s
2026-01-17 00:28:45,844 [INFO]    Collecting v1 chr22_40000000_50000000, 12 candidate events found. Time cost 53s
2026-01-17 00:28:48,208 [INFO]    Collecting v1 chr19_10000000_20000000, 13 candidate events found. Time cost 127s
2026-01-17 00:28:50,373 [INFO]    Collecting v1 chr21_40000000_50000000, 19 candidate events found. Time cost 69s
2026-01-17 00:28:52,153 [INFO]    Collecting v1 chr21_10000000_20000000, 0 candidate events found. Time cost 84s
2026-01-17 00:28:52,819 [INFO]    Collecting v1 chr19_30000000_40000000, 1 candidate events found. Time cost 131s
2026-01-17 00:28:53,950 [INFO]    Collecting v1 chr15_70000000_80000000, 0 candidate events found. Time cost 254s
2026-01-17 00:28:58,925 [INFO]    Collecting v1 chr21_30000000_40000000, 1 candidate events found. Time cost 82s
2026-01-17 00:29:00,941 [INFO]    Collecting v1 chr19_60000000_70000000, 1 candidate events found. Time cost 131s
2026-01-17 00:29:01,154 [INFO]    Collecting v1 chr20_60000000_70000000, 7 candidate events found. Time cost 95s
2026-01-17 00:29:03,141 [INFO]    Collecting v1 chr18_20000000_30000000, 6 candidate events found. Time cost 177s
2026-01-17 00:29:05,677 [INFO]    Collecting v1 chr18_60000000_70000000, 1 candidate events found. Time cost 151s
2026-01-17 00:29:11,058 [INFO]    Collecting v1 chrX_30000000_40000000, 2 candidate events found. Time cost 71s
2026-01-17 00:29:14,544 [INFO]    Collecting v1 chr17_80000000_90000000, 14 candidate events found. Time cost 199s
2026-01-17 00:29:17,125 [INFO]    Collecting v1 chrX_60000000_70000000, 0 candidate events found. Time cost 37s
2026-01-17 00:29:18,468 [INFO]    Collecting v1 chrM_0_10000000, 0 candidate events found. Time cost 1s
2026-01-17 00:29:19,285 [INFO]    Collecting v1 chrX_70000000_80000000, 0 candidate events found. Time cost 39s
2026-01-17 00:29:22,586 [INFO]    Collecting v1 chr12_100000000_110000000, 0 candidate events found. Time cost 356s
2026-01-17 00:29:24,377 [INFO]    Collecting v1 chr15_0_10000000, 0 candidate events found. Time cost 318s
2026-01-17 00:29:27,056 [INFO]    Collecting v1 chr16_80000000_90000000, 0 candidate events found. Time cost 249s
2026-01-17 00:29:29,596 [INFO]    Collecting v1 chrX_120000000_130000000, 0 candidate events found. Time cost 39s
2026-01-17 00:29:31,113 [INFO]    Collecting v1 chrX_130000000_140000000, 0 candidate events found. Time cost 38s
2026-01-17 00:29:31,389 [INFO]    Collecting v1 chrY_0_10000000, 0 candidate events found. Time cost 32s
2026-01-17 00:29:32,125 [INFO]    Collecting v1 chrX_140000000_150000000, 0 candidate events found. Time cost 39s
2026-01-17 00:29:39,162 [INFO]    Collecting v1 chr20_50000000_60000000, 9 candidate events found. Time cost 137s
2026-01-17 00:29:40,681 [INFO]    Collecting v1 chr13_40000000_50000000, 0 candidate events found. Time cost 359s
2026-01-17 00:29:48,549 [INFO]    Collecting v1 chr10_50000000_60000000, 5 candidate events found. Time cost 422s
2026-01-17 00:29:51,815 [INFO]    Collecting v1 chrY_60000000_70000000, 0 candidate events found. Time cost 37s
2026-01-17 00:29:54,322 [INFO]    Collecting v1 chr17_30000000_40000000, 1 candidate events found. Time cost 254s
2026-01-17 00:29:57,553 [INFO]    Collecting v1 chr22_0_10000000, 0 candidate events found. Time cost 135s
2026-01-17 00:29:57,870 [INFO]    Collecting v1 chr22_20000000_30000000, 6 candidate events found. Time cost 133s
2026-01-17 00:30:03,315 [INFO]    Collecting v1 chr12_30000000_40000000, 0 candidate events found. Time cost 410s
2026-01-17 00:30:12,334 [INFO]    Collecting v1 chr15_80000000_90000000, 0 candidate events found. Time cost 333s
2026-01-17 00:30:12,931 [INFO]    Collecting v1 chr19_20000000_30000000, 5 candidate events found. Time cost 212s
2026-01-17 00:30:21,199 [INFO]    Collecting v1 chr13_70000000_80000000, 0 candidate events found. Time cost 397s
2026-01-17 00:30:22,693 [INFO]    Collecting v1 chrX_0_10000000, 16 candidate events found. Time cost 149s
2026-01-17 00:30:22,799 [INFO]    Collecting v1 chr11_70000000_80000000, 11 candidate events found. Time cost 441s
2026-01-17 00:30:27,692 [INFO]    Collecting v1 chr21_0_10000000, 0 candidate events found. Time cost 181s
2026-01-17 00:30:36,340 [INFO]    Collecting v1 chrX_150000000_160000000, 1 candidate events found. Time cost 102s
2026-01-17 00:30:39,085 [INFO]    Collecting v1 chr16_70000000_80000000, 0 candidate events found. Time cost 334s
2026-01-17 00:30:39,781 [INFO]    Collecting v1 chrY_10000000_20000000, 0 candidate events found. Time cost 98s
2026-01-17 00:30:40,302 [INFO]    Collecting v1 chrX_100000000_110000000, 0 candidate events found. Time cost 114s
2026-01-17 00:30:47,051 [INFO]    Collecting v1 chrX_40000000_50000000, 0 candidate events found. Time cost 163s
2026-01-17 00:30:48,292 [INFO]    Collecting v1 chr19_40000000_50000000, 4 candidate events found. Time cost 244s
2026-01-17 00:30:49,478 [INFO]    Collecting v1 chrY_50000000_60000000, 0 candidate events found. Time cost 98s
2026-01-17 00:30:52,094 [INFO]    Collecting v1 chrY_40000000_50000000, 0 candidate events found. Time cost 106s
2026-01-17 00:30:54,603 [INFO]    Collecting v1 chr22_30000000_40000000, 7 candidate events found. Time cost 184s
2026-01-17 00:31:06,548 [INFO]    Collecting v1 chrY_20000000_30000000, 0 candidate events found. Time cost 125s
2026-01-17 00:31:09,536 [INFO]    Collecting v1 chr20_30000000_40000000, 4 candidate events found. Time cost 250s
2026-01-17 00:31:10,829 [INFO]    Collecting v1 chr21_20000000_30000000, 0 candidate events found. Time cost 222s
2026-01-17 00:31:12,059 [INFO]    Collecting v1 chrX_80000000_90000000, 0 candidate events found. Time cost 148s
2026-01-17 00:31:15,906 [INFO]    Collecting v1 chrX_90000000_100000000, 1 candidate events found. Time cost 151s
2026-01-17 00:31:19,297 [INFO]    Collecting v1 chr20_0_10000000, 6 candidate events found. Time cost 266s
2026-01-17 00:31:21,500 [INFO]    Collecting v1 chr16_90000000_100000000, 9 candidate events found. Time cost 357s
2026-01-17 00:31:29,061 [INFO]    Collecting v1 chr12_20000000_30000000, 0 candidate events found. Time cost 498s
2026-01-17 00:31:29,351 [INFO]    Collecting v1 chr12_0_10000000, 4 candidate events found. Time cost 500s
2026-01-17 00:31:29,382 [INFO]    Collecting v1 chrY_30000000_40000000, 0 candidate events found. Time cost 146s
2026-01-17 00:31:29,747 [INFO]    Collecting v1 chrX_110000000_120000000, 0 candidate events found. Time cost 161s
2026-01-17 00:31:30,774 [INFO]    Collecting v1 chr14_0_10000000, 0 candidate events found. Time cost 460s
2026-01-17 00:31:35,187 [INFO]    Collecting v1 chr11_0_10000000, 11 candidate events found. Time cost 519s
2026-01-17 00:31:36,123 [INFO]    Collecting v1 chr19_0_10000000, 9 candidate events found. Time cost 297s
2026-01-17 00:31:36,142 [INFO]    Collecting v1 chr16_40000000_50000000, 0 candidate events found. Time cost 397s
2026-01-17 00:31:40,101 [INFO]    Collecting v1 chr15_50000000_60000000, 0 candidate events found. Time cost 444s
2026-01-17 00:31:43,263 [INFO]    Collecting v1 chr17_50000000_60000000, 0 candidate events found. Time cost 355s
2026-01-17 00:31:48,489 [INFO]    Collecting v1 chrX_50000000_60000000, 0 candidate events found. Time cost 204s
2026-01-17 00:31:51,803 [INFO]    Collecting v1 chr18_50000000_60000000, 0 candidate events found. Time cost 323s
2026-01-17 00:31:57,444 [INFO]    Collecting v1 chrX_20000000_30000000, 0 candidate events found. Time cost 242s
2026-01-17 00:31:57,513 [INFO]    Collecting Time Cost 773s
2026-01-17 00:31:57,513 [INFO]    ****************** Step2 lite-Unet predicting **************************
2026-01-17 00:31:57,591 [INFO]    Predicting v1 chr1_20000000_30000000, 0 events pass lite-Unet module. Time cost: 0s
2026-01-17 00:31:57,591 [INFO]    Predicting v1 chr1_70000000_80000000, 0 events pass lite-Unet module. Time cost: 0s
2026-01-17 00:31:57,592 [INFO]    Predicting v1 chr1_140000000_150000000, 0 events pass lite-Unet module. Time cost: 0s
2026-01-17 00:31:57,592 [INFO]    Predicting v1 chr1_50000000_60000000, 0 events pass lite-Unet module. Time cost: 0s
2026-01-17 00:31:57,592 [INFO]    Predicting v1 chr1_80000000_90000000, 0 events pass lite-Unet module. Time cost: 0s
2026-01-17 00:31:57,592 [INFO]    Predicting v1 chr1_30000000_40000000, 0 events pass lite-Unet module. Time cost: 0s
2026-01-17 00:31:57,593 [INFO]    Predicting v1 chr1_60000000_70000000, 0 events pass lite-Unet module. Time cost: 0s
2026-01-17 00:31:57,593 [INFO]    Predicting v1 chr1_130000000_140000000, 0 events pass lite-Unet module. Time cost: 0s
2026-01-17 00:31:57,594 [INFO]    Predicting v1 chr1_200000000_210000000, 0 events pass lite-Unet module. Time cost: 0s
2026-01-17 00:31:57,594 [INFO]    Predicting v1 chr1_160000000_170000000, 0 events pass lite-Unet module. Time cost: 0s
2026-01-17 00:31:57,594 [INFO]    Predicting v1 chr1_120000000_130000000, 0 events pass lite-Unet module. Time cost: 0s
2026-01-17 00:31:57,594 [INFO]    Predicting v1 chr1_90000000_100000000, 0 events pass lite-Unet module. Time cost: 0s
2026-01-17 00:31:57,594 [INFO]    Predicting v1 chr1_100000000_110000000, 0 events pass lite-Unet module. Time cost: 0s
2026-01-17 00:31:57,594 [INFO]    Predicting v1 chr1_180000000_190000000, 0 events pass lite-Unet module. Time cost: 0s
2026-01-17 00:31:57,594 [INFO]    Predicting v1 chr1_170000000_180000000, 0 events pass lite-Unet module. Time cost: 0s
2026-01-17 00:31:57,594 [INFO]    Predicting v1 chr1_190000000_200000000, 0 events pass lite-Unet module. Time cost: 0s
2026-01-17 00:31:57,594 [INFO]    Predicting v1 chr1_220000000_230000000, 0 events pass lite-Unet module. Time cost: 0s
2026-01-17 00:31:57,596 [INFO]    Predicting v1 chr2_10000000_20000000, 0 events pass lite-Unet module. Time cost: 0s
2026-01-17 00:31:57,596 [INFO]    Predicting v1 chr2_30000000_40000000, 0 events pass lite-Unet module. Time cost: 0s
2026-01-17 00:31:57,596 [INFO]    Predicting v1 chr2_50000000_60000000, 0 events pass lite-Unet module. Time cost: 0s
2026-01-17 00:31:57,596 [INFO]    Predicting v1 chr2_20000000_30000000, 0 events pass lite-Unet module. Time cost: 0s
2026-01-17 00:31:57,596 [INFO]    Predicting v1 chr2_40000000_50000000, 0 events pass lite-Unet module. Time cost: 0s
2026-01-17 00:31:57,597 [INFO]    Predicting v1 chr2_70000000_80000000, 0 events pass lite-Unet module. Time cost: 0s
2026-01-17 00:31:57,597 [INFO]    Predicting v1 chr2_100000000_110000000, 0 events pass lite-Unet module. Time cost: 0s
2026-01-17 00:31:57,598 [INFO]    Predicting v1 chr2_150000000_160000000, 0 events pass lite-Unet module. Time cost: 0s
2026-01-17 00:31:57,598 [INFO]    Predicting v1 chr2_160000000_170000000, 0 events pass lite-Unet module. Time cost: 0s
2026-01-17 00:31:57,598 [INFO]    Predicting v1 chr2_140000000_150000000, 0 events pass lite-Unet module. Time cost: 0s
2026-01-17 00:31:57,598 [INFO]    Predicting v1 chr2_130000000_140000000, 0 events pass lite-Unet module. Time cost: 0s
2026-01-17 00:31:57,598 [INFO]    Predicting v1 chr2_170000000_180000000, 0 events pass lite-Unet module. Time cost: 0s
2026-01-17 00:31:57,599 [INFO]    Predicting v1 chr2_180000000_190000000, 0 events pass lite-Unet module. Time cost: 0s
2026-01-17 00:31:57,599 [INFO]    Predicting v1 chr2_200000000_210000000, 0 events pass lite-Unet module. Time cost: 0s
2026-01-17 00:31:57,599 [INFO]    Predicting v1 chr2_190000000_200000000, 0 events pass lite-Unet module. Time cost: 0s
2026-01-17 00:31:57,600 [INFO]    Predicting v1 chr2_220000000_230000000, 0 events pass lite-Unet module. Time cost: 0s
2026-01-17 00:31:57,601 [INFO]    Predicting v1 chr3_0_10000000, 0 events pass lite-Unet module. Time cost: 0s
2026-01-17 00:31:57,604 [INFO]    Predicting v1 chr3_90000000_100000000, 0 events pass lite-Unet module. Time cost: 0s
2026-01-17 00:31:57,607 [INFO]    Predicting v1 chr3_100000000_110000000, 0 events pass lite-Unet module. Time cost: 0s
2026-01-17 00:31:57,609 [INFO]    Predicting v1 chr3_110000000_120000000, 0 events pass lite-Unet module. Time cost: 0s
2026-01-17 00:31:57,611 [INFO]    Predicting v1 chr3_120000000_130000000, 0 events pass lite-Unet module. Time cost: 0s
2026-01-17 00:31:57,611 [INFO]    Predicting v1 chr3_60000000_70000000, 0 events pass lite-Unet module. Time cost: 0s
2026-01-17 00:31:57,612 [INFO]    Predicting v1 chr3_20000000_30000000, 0 events pass lite-Unet module. Time cost: 0s
2026-01-17 00:31:57,614 [INFO]    Predicting v1 chr3_70000000_80000000, 0 events pass lite-Unet module. Time cost: 0s
2026-01-17 00:31:57,614 [INFO]    Predicting v1 chr3_130000000_140000000, 0 events pass lite-Unet module. Time cost: 0s
2026-01-17 00:31:57,615 [INFO]    Predicting v1 chr3_140000000_150000000, 0 events pass lite-Unet module. Time cost: 0s
2026-01-17 00:31:57,616 [INFO]    Predicting v1 chr3_80000000_90000000, 0 events pass lite-Unet module. Time cost: 0s
2026-01-17 00:31:57,617 [INFO]    Predicting v1 chr3_150000000_160000000, 0 events pass lite-Unet module. Time cost: 0s
2026-01-17 00:31:57,618 [INFO]    Predicting v1 chr3_160000000_170000000, 0 events pass lite-Unet module. Time cost: 0s
2026-01-17 00:31:57,619 [INFO]    Predicting v1 chr3_180000000_190000000, 0 events pass lite-Unet module. Time cost: 0s
2026-01-17 00:31:57,630 [INFO]    Predicting v1 chr3_170000000_180000000, 0 events pass lite-Unet module. Time cost: 0s
2026-01-17 00:31:57,631 [INFO]    Predicting v1 chr3_200000000_210000000, 0 events pass lite-Unet module. Time cost: 0s
2026-01-17 00:31:57,637 [INFO]    Predicting v1 chr4_20000000_30000000, 0 events pass lite-Unet module. Time cost: 0s
2026-01-17 00:31:57,638 [INFO]    Predicting v1 chr4_30000000_40000000, 0 events pass lite-Unet module. Time cost: 0s
2026-01-17 00:31:57,645 [INFO]    Predicting v1 chr4_40000000_50000000, 0 events pass lite-Unet module. Time cost: 0s
2026-01-17 00:31:57,646 [INFO]    Predicting v1 chr4_50000000_60000000, 0 events pass lite-Unet module. Time cost: 0s
2026-01-17 00:31:57,652 [INFO]    Predicting v1 chr4_60000000_70000000, 0 events pass lite-Unet module. Time cost: 0s
2026-01-17 00:31:57,675 [INFO]    Predicting v1 chr4_80000000_90000000, 0 events pass lite-Unet module. Time cost: 0s
2026-01-17 00:31:58,904 [INFO]    Predicting v1 chr2_80000000_90000000, 1 events pass lite-Unet module. Time cost: 1s
2026-01-17 00:31:58,908 [INFO]    Predicting v1 chr4_100000000_110000000, 0 events pass lite-Unet module. Time cost: 0s
2026-01-17 00:31:58,912 [INFO]    Predicting v1 chr4_110000000_120000000, 0 events pass lite-Unet module. Time cost: 0s
2026-01-17 00:31:58,915 [INFO]    Predicting v1 chr4_120000000_130000000, 0 events pass lite-Unet module. Time cost: 0s
2026-01-17 00:31:58,918 [INFO]    Predicting v1 chr4_130000000_140000000, 0 events pass lite-Unet module. Time cost: 0s
2026-01-17 00:31:58,921 [INFO]    Predicting v1 chr4_140000000_150000000, 0 events pass lite-Unet module. Time cost: 0s
2026-01-17 00:31:58,925 [INFO]    Predicting v1 chr4_150000000_160000000, 0 events pass lite-Unet module. Time cost: 0s
2026-01-17 00:31:58,934 [INFO]    Predicting v1 chr4_160000000_170000000, 0 events pass lite-Unet module. Time cost: 0s
2026-01-17 00:31:58,965 [INFO]    Predicting v1 chr1_240000000_250000000, 3 events pass lite-Unet module. Time cost: 1s
2026-01-17 00:31:58,975 [INFO]    Predicting v1 chr2_210000000_220000000, 1 events pass lite-Unet module. Time cost: 1s
2026-01-17 00:31:58,983 [INFO]    Predicting v1 chr4_190000000_200000000, 0 events pass lite-Unet module. Time cost: 0s
2026-01-17 00:31:58,994 [INFO]    Predicting v1 chr1_10000000_20000000, 1 events pass lite-Unet module. Time cost: 1s
2026-01-17 00:31:59,000 [INFO]    Predicting v1 chr3_40000000_50000000, 1 events pass lite-Unet module. Time cost: 1s
2026-01-17 00:31:59,002 [INFO]    Predicting v1 chr5_10000000_20000000, 0 events pass lite-Unet module. Time cost: 0s
2026-01-17 00:31:59,006 [INFO]    Predicting v1 chr5_20000000_30000000, 0 events pass lite-Unet module. Time cost: 0s
2026-01-17 00:31:59,008 [INFO]    Predicting v1 chr5_30000000_40000000, 0 events pass lite-Unet module. Time cost: 0s
2026-01-17 00:31:59,011 [INFO]    Predicting v1 chr5_40000000_50000000, 0 events pass lite-Unet module. Time cost: 0s
2026-01-17 00:31:59,014 [INFO]    Predicting v1 chr5_50000000_60000000, 0 events pass lite-Unet module. Time cost: 0s
2026-01-17 00:31:59,018 [INFO]    Predicting v1 chr5_60000000_70000000, 0 events pass lite-Unet module. Time cost: 0s
2026-01-17 00:31:59,021 [INFO]    Predicting v1 chr5_70000000_80000000, 0 events pass lite-Unet module. Time cost: 0s
2026-01-17 00:31:59,026 [INFO]    Predicting v1 chr5_80000000_90000000, 0 events pass lite-Unet module. Time cost: 0s
2026-01-17 00:31:59,029 [INFO]    Predicting v1 chr5_90000000_100000000, 0 events pass lite-Unet module. Time cost: 0s
2026-01-17 00:31:59,032 [INFO]    Predicting v1 chr5_100000000_110000000, 0 events pass lite-Unet module. Time cost: 0s
2026-01-17 00:31:59,035 [INFO]    Predicting v1 chr5_110000000_120000000, 0 events pass lite-Unet module. Time cost: 0s
2026-01-17 00:31:59,038 [INFO]    Predicting v1 chr5_120000000_130000000, 0 events pass lite-Unet module. Time cost: 0s
2026-01-17 00:31:59,044 [INFO]    Predicting v1 chr5_140000000_150000000, 0 events pass lite-Unet module. Time cost: 0s
2026-01-17 00:31:59,052 [INFO]    Predicting v1 chr5_150000000_160000000, 0 events pass lite-Unet module. Time cost: 0s
2026-01-17 00:31:59,061 [INFO]    Predicting v1 chr5_160000000_170000000, 0 events pass lite-Unet module. Time cost: 0s
2026-01-17 00:31:59,078 [INFO]    Predicting v1 chr5_170000000_180000000, 0 events pass lite-Unet module. Time cost: 0s
2026-01-17 00:31:59,086 [INFO]    Predicting v1 chr5_180000000_190000000, 0 events pass lite-Unet module. Time cost: 0s
2026-01-17 00:31:59,193 [INFO]    Predicting v1 chr4_10000000_20000000, 1 events pass lite-Unet module. Time cost: 1s
2026-01-17 00:31:59,193 [INFO]    Predicting v1 chr1_210000000_220000000, 1 events pass lite-Unet module. Time cost: 1s
2026-01-17 00:31:59,194 [INFO]    Predicting v1 chr3_10000000_20000000, 1 events pass lite-Unet module. Time cost: 1s
2026-01-17 00:31:59,198 [INFO]    Predicting v1 chr6_20000000_30000000, 0 events pass lite-Unet module. Time cost: 0s
2026-01-17 00:31:59,198 [INFO]    Predicting v1 chr6_30000000_40000000, 0 events pass lite-Unet module. Time cost: 0s
2026-01-17 00:31:59,202 [INFO]    Predicting v1 chr6_50000000_60000000, 0 events pass lite-Unet module. Time cost: 0s
2026-01-17 00:31:59,202 [INFO]    Predicting v1 chr6_40000000_50000000, 0 events pass lite-Unet module. Time cost: 0s
2026-01-17 00:31:59,206 [INFO]    Predicting v1 chr6_70000000_80000000, 0 events pass lite-Unet module. Time cost: 0s
2026-01-17 00:31:59,211 [INFO]    Predicting v1 chr6_80000000_90000000, 0 events pass lite-Unet module. Time cost: 0s
2026-01-17 00:31:59,235 [INFO]    Predicting v1 chr6_90000000_100000000, 0 events pass lite-Unet module. Time cost: 0s
2026-01-17 00:31:59,240 [INFO]    Predicting v1 chr1_40000000_50000000, 1 events pass lite-Unet module. Time cost: 1s
2026-01-17 00:31:59,240 [INFO]    Predicting v1 chr4_90000000_100000000, 1 events pass lite-Unet module. Time cost: 1s
2026-01-17 00:31:59,241 [INFO]    Predicting v1 chr6_100000000_110000000, 0 events pass lite-Unet module. Time cost: 0s
2026-01-17 00:31:59,248 [INFO]    Predicting v1 chr6_110000000_120000000, 0 events pass lite-Unet module. Time cost: 0s
2026-01-17 00:31:59,248 [INFO]    Predicting v1 chr6_120000000_130000000, 0 events pass lite-Unet module. Time cost: 0s
2026-01-17 00:31:59,251 [INFO]    Predicting v1 chr6_130000000_140000000, 0 events pass lite-Unet module. Time cost: 0s
2026-01-17 00:31:59,256 [INFO]    Predicting v1 chr6_140000000_150000000, 2 events pass lite-Unet module. Time cost: 0s
2026-01-17 00:31:59,257 [INFO]    Predicting v1 chr6_150000000_160000000, 2 events pass lite-Unet module. Time cost: 0s
2026-01-17 00:31:59,263 [INFO]    Predicting v1 chr6_170000000_180000000, 0 events pass lite-Unet module. Time cost: 0s
2026-01-17 00:31:59,271 [INFO]    Predicting v1 chr7_10000000_20000000, 0 events pass lite-Unet module. Time cost: 0s
2026-01-17 00:31:59,340 [INFO]    Predicting v1 chr4_70000000_80000000, 3 events pass lite-Unet module. Time cost: 1s
2026-01-17 00:31:59,347 [INFO]    Predicting v1 chr3_50000000_60000000, 2 events pass lite-Unet module. Time cost: 1s
2026-01-17 00:31:59,357 [INFO]    Predicting v1 chr7_40000000_50000000, 0 events pass lite-Unet module. Time cost: 0s
2026-01-17 00:31:59,401 [INFO]    Predicting v1 chr4_170000000_180000000, 1 events pass lite-Unet module. Time cost: 0s
2026-01-17 00:31:59,406 [INFO]    Predicting v1 chr7_60000000_70000000, 0 events pass lite-Unet module. Time cost: 0s
2026-01-17 00:31:59,411 [INFO]    Predicting v1 chr7_70000000_80000000, 0 events pass lite-Unet module. Time cost: 0s
2026-01-17 00:31:59,415 [INFO]    Predicting v1 chr7_80000000_90000000, 0 events pass lite-Unet module. Time cost: 0s
2026-01-17 00:31:59,471 [INFO]    Predicting v1 chr5_130000000_140000000, 1 events pass lite-Unet module. Time cost: 0s
2026-01-17 00:31:59,544 [INFO]    Predicting v1 chr6_0_10000000, 3 events pass lite-Unet module. Time cost: 0s
2026-01-17 00:31:59,552 [INFO]    Predicting v1 chr7_110000000_120000000, 0 events pass lite-Unet module. Time cost: 0s
2026-01-17 00:31:59,560 [INFO]    Predicting v1 chr7_120000000_130000000, 0 events pass lite-Unet module. Time cost: 0s
2026-01-17 00:31:59,980 [INFO]    Predicting v1 chr2_230000000_240000000, 37 events pass lite-Unet module. Time cost: 2s
2026-01-17 00:31:59,982 [INFO]    Predicting v1 chr7_50000000_60000000, 1 events pass lite-Unet module. Time cost: 0s
2026-01-17 00:32:00,409 [INFO]    Predicting v1 chr3_30000000_40000000, 3 events pass lite-Unet module. Time cost: 2s
2026-01-17 00:32:00,416 [INFO]    Predicting v1 chr7_160000000_170000000, 0 events pass lite-Unet module. Time cost: 0s
2026-01-17 00:32:00,459 [INFO]    Predicting v1 chr7_90000000_100000000, 10 events pass lite-Unet module. Time cost: 1s
2026-01-17 00:32:00,474 [INFO]    Predicting v1 chr8_10000000_20000000, 0 events pass lite-Unet module. Time cost: 0s
2026-01-17 00:32:00,839 [INFO]    Predicting v1 chr7_30000000_40000000, 2 events pass lite-Unet module. Time cost: 1s
2026-01-17 00:32:00,849 [INFO]    Predicting v1 chr8_30000000_40000000, 0 events pass lite-Unet module. Time cost: 0s
2026-01-17 00:32:00,857 [INFO]    Predicting v1 chr8_40000000_50000000, 0 events pass lite-Unet module. Time cost: 0s
2026-01-17 00:32:00,865 [INFO]    Predicting v1 chr8_50000000_60000000, 0 events pass lite-Unet module. Time cost: 0s
2026-01-17 00:32:00,874 [INFO]    Predicting v1 chr8_60000000_70000000, 0 events pass lite-Unet module. Time cost: 0s
2026-01-17 00:32:00,881 [INFO]    Predicting v1 chr8_70000000_80000000, 0 events pass lite-Unet module. Time cost: 0s
2026-01-17 00:32:00,889 [INFO]    Predicting v1 chr8_80000000_90000000, 0 events pass lite-Unet module. Time cost: 0s
2026-01-17 00:32:00,896 [INFO]    Predicting v1 chr8_90000000_100000000, 0 events pass lite-Unet module. Time cost: 0s
2026-01-17 00:32:00,903 [INFO]    Predicting v1 chr8_100000000_110000000, 0 events pass lite-Unet module. Time cost: 0s
2026-01-17 00:32:00,910 [INFO]    Predicting v1 chr8_110000000_120000000, 0 events pass lite-Unet module. Time cost: 0s
2026-01-17 00:32:00,917 [INFO]    Predicting v1 chr8_120000000_130000000, 0 events pass lite-Unet module. Time cost: 0s
2026-01-17 00:32:00,924 [INFO]    Predicting v1 chr8_130000000_140000000, 0 events pass lite-Unet module. Time cost: 0s
2026-01-17 00:32:00,972 [INFO]    Predicting v1 chr7_130000000_140000000, 4 events pass lite-Unet module. Time cost: 1s
2026-01-17 00:32:00,981 [INFO]    Predicting v1 chr9_0_10000000, 0 events pass lite-Unet module. Time cost: 0s
2026-01-17 00:32:00,990 [INFO]    Predicting v1 chr9_10000000_20000000, 0 events pass lite-Unet module. Time cost: 0s
2026-01-17 00:32:00,998 [INFO]    Predicting v1 chr9_20000000_30000000, 1 events pass lite-Unet module. Time cost: 0s
2026-01-17 00:32:01,006 [INFO]    Predicting v1 chr9_30000000_40000000, 0 events pass lite-Unet module. Time cost: 0s
2026-01-17 00:32:01,013 [INFO]    Predicting v1 chr9_40000000_50000000, 0 events pass lite-Unet module. Time cost: 0s
2026-01-17 00:32:01,022 [INFO]    Predicting v1 chr9_50000000_60000000, 0 events pass lite-Unet module. Time cost: 0s
2026-01-17 00:32:01,029 [INFO]    Predicting v1 chr9_60000000_70000000, 0 events pass lite-Unet module. Time cost: 0s
2026-01-17 00:32:01,038 [INFO]    Predicting v1 chr9_70000000_80000000, 0 events pass lite-Unet module. Time cost: 0s
2026-01-17 00:32:01,047 [INFO]    Predicting v1 chr9_80000000_90000000, 0 events pass lite-Unet module. Time cost: 0s
2026-01-17 00:32:01,049 [INFO]    Predicting v1 chr1_150000000_160000000, 6 events pass lite-Unet module. Time cost: 3s
2026-01-17 00:32:01,056 [INFO]    Predicting v1 chr9_90000000_100000000, 0 events pass lite-Unet module. Time cost: 0s
2026-01-17 00:32:01,063 [INFO]    Predicting v1 chr9_110000000_120000000, 0 events pass lite-Unet module. Time cost: 0s
2026-01-17 00:32:01,068 [INFO]    Predicting v1 chr2_60000000_70000000, 6 events pass lite-Unet module. Time cost: 3s
2026-01-17 00:32:01,071 [INFO]    Predicting v1 chr9_120000000_130000000, 0 events pass lite-Unet module. Time cost: 0s
2026-01-17 00:32:01,085 [INFO]    Predicting v1 chr8_20000000_30000000, 2 events pass lite-Unet module. Time cost: 0s
2026-01-17 00:32:01,090 [INFO]    Predicting v1 chr9_150000000_160000000, 0 events pass lite-Unet module. Time cost: 0s
2026-01-17 00:32:01,112 [INFO]    Predicting v1 chr7_100000000_110000000, 4 events pass lite-Unet module. Time cost: 1s
2026-01-17 00:32:01,122 [INFO]    Predicting v1 chr10_10000000_20000000, 0 events pass lite-Unet module. Time cost: 0s
2026-01-17 00:32:01,131 [INFO]    Predicting v1 chr10_20000000_30000000, 0 events pass lite-Unet module. Time cost: 0s
2026-01-17 00:32:01,141 [INFO]    Predicting v1 chr10_30000000_40000000, 0 events pass lite-Unet module. Time cost: 0s
2026-01-17 00:32:01,227 [INFO]    Predicting v1 chr5_0_10000000, 5 events pass lite-Unet module. Time cost: 2s
2026-01-17 00:32:01,241 [INFO]    Predicting v1 chr10_50000000_60000000, 5 events pass lite-Unet module. Time cost: 0s
2026-01-17 00:32:01,249 [INFO]    Predicting v1 chr10_60000000_70000000, 0 events pass lite-Unet module. Time cost: 0s
2026-01-17 00:32:01,257 [INFO]    Predicting v1 chr10_70000000_80000000, 0 events pass lite-Unet module. Time cost: 0s
2026-01-17 00:32:01,310 [INFO]    Predicting v1 chr7_140000000_150000000, 3 events pass lite-Unet module. Time cost: 1s
2026-01-17 00:32:01,317 [INFO]    Predicting v1 chr10_90000000_100000000, 0 events pass lite-Unet module. Time cost: 0s
2026-01-17 00:32:01,460 [INFO]    Predicting v1 chr9_100000000_110000000, 1 events pass lite-Unet module. Time cost: 0s
2026-01-17 00:32:01,560 [INFO]    Predicting v1 chr2_120000000_130000000, 10 events pass lite-Unet module. Time cost: 3s
2026-01-17 00:32:01,665 [INFO]    Predicting v1 chr6_60000000_70000000, 5 events pass lite-Unet module. Time cost: 2s
2026-01-17 00:32:01,746 [INFO]    Predicting v1 chr10_100000000_110000000, 1 events pass lite-Unet module. Time cost: 0s
2026-01-17 00:32:01,751 [INFO]    Predicting v1 chr10_80000000_90000000, 1 events pass lite-Unet module. Time cost: 0s
2026-01-17 00:32:01,861 [INFO]    Predicting v1 chr10_110000000_120000000, 1 events pass lite-Unet module. Time cost: 0s
2026-01-17 00:32:01,869 [INFO]    Predicting v1 chr11_20000000_30000000, 0 events pass lite-Unet module. Time cost: 0s
2026-01-17 00:32:01,878 [INFO]    Predicting v1 chr11_30000000_40000000, 0 events pass lite-Unet module. Time cost: 0s
2026-01-17 00:32:01,888 [INFO]    Predicting v1 chr11_40000000_50000000, 0 events pass lite-Unet module. Time cost: 0s
2026-01-17 00:32:01,889 [INFO]    Predicting v1 chr10_40000000_50000000, 15 events pass lite-Unet module. Time cost: 0s
2026-01-17 00:32:01,895 [INFO]    Predicting v1 chr11_50000000_60000000, 0 events pass lite-Unet module. Time cost: 0s
2026-01-17 00:32:02,007 [INFO]    Predicting v1 chr9_130000000_140000000, 1 events pass lite-Unet module. Time cost: 0s
2026-01-17 00:32:02,015 [INFO]    Predicting v1 chr11_80000000_90000000, 0 events pass lite-Unet module. Time cost: 0s
2026-01-17 00:32:02,024 [INFO]    Predicting v1 chr11_90000000_100000000, 0 events pass lite-Unet module. Time cost: 0s
2026-01-17 00:32:02,032 [INFO]    Predicting v1 chr11_100000000_110000000, 0 events pass lite-Unet module. Time cost: 0s
2026-01-17 00:32:02,040 [INFO]    Predicting v1 chr11_110000000_120000000, 0 events pass lite-Unet module. Time cost: 0s
2026-01-17 00:32:02,178 [INFO]    Predicting v1 chr1_0_10000000, 6 events pass lite-Unet module. Time cost: 4s
2026-01-17 00:32:02,212 [INFO]    Predicting v1 chr2_240000000_250000000, 10 events pass lite-Unet module. Time cost: 4s
2026-01-17 00:32:02,446 [INFO]    Predicting v1 chr8_0_10000000, 4 events pass lite-Unet module. Time cost: 2s
2026-01-17 00:32:02,455 [INFO]    Predicting v1 chr12_10000000_20000000, 0 events pass lite-Unet module. Time cost: 0s
2026-01-17 00:32:02,464 [INFO]    Predicting v1 chr12_20000000_30000000, 0 events pass lite-Unet module. Time cost: 0s
2026-01-17 00:32:02,475 [INFO]    Predicting v1 chr12_30000000_40000000, 0 events pass lite-Unet module. Time cost: 0s
2026-01-17 00:32:02,485 [INFO]    Predicting v1 chr12_40000000_50000000, 0 events pass lite-Unet module. Time cost: 0s
2026-01-17 00:32:02,532 [INFO]    Predicting v1 chr1_230000000_240000000, 8 events pass lite-Unet module. Time cost: 4s
2026-01-17 00:32:02,547 [INFO]    Predicting v1 chr12_60000000_70000000, 0 events pass lite-Unet module. Time cost: 0s
2026-01-17 00:32:02,560 [INFO]    Predicting v1 chr12_70000000_80000000, 0 events pass lite-Unet module. Time cost: 0s
2026-01-17 00:32:02,570 [INFO]    Predicting v1 chr12_80000000_90000000, 0 events pass lite-Unet module. Time cost: 0s
2026-01-17 00:32:02,583 [INFO]    Predicting v1 chr12_90000000_100000000, 0 events pass lite-Unet module. Time cost: 0s
2026-01-17 00:32:02,598 [INFO]    Predicting v1 chr12_100000000_110000000, 0 events pass lite-Unet module. Time cost: 0s
2026-01-17 00:32:02,598 [INFO]    Predicting v1 chr2_110000000_120000000, 13 events pass lite-Unet module. Time cost: 5s
2026-01-17 00:32:02,626 [INFO]    Predicting v1 chr12_0_10000000, 4 events pass lite-Unet module. Time cost: 0s
2026-01-17 00:32:02,774 [INFO]    Predicting v1 chr6_10000000_20000000, 17 events pass lite-Unet module. Time cost: 3s
2026-01-17 00:32:02,781 [INFO]    Predicting v1 chr13_0_10000000, 0 events pass lite-Unet module. Time cost: 0s
2026-01-17 00:32:02,784 [INFO]    Predicting v1 chr7_20000000_30000000, 5 events pass lite-Unet module. Time cost: 3s
2026-01-17 00:32:03,021 [INFO]    Predicting v1 chr3_190000000_200000000, 10 events pass lite-Unet module. Time cost: 5s
2026-01-17 00:32:03,032 [INFO]    Predicting v1 chr13_30000000_40000000, 0 events pass lite-Unet module. Time cost: 0s
2026-01-17 00:32:03,040 [INFO]    Predicting v1 chr13_40000000_50000000, 0 events pass lite-Unet module. Time cost: 0s
2026-01-17 00:32:03,048 [INFO]    Predicting v1 chr13_50000000_60000000, 0 events pass lite-Unet module. Time cost: 0s
2026-01-17 00:32:03,055 [INFO]    Predicting v1 chr13_60000000_70000000, 0 events pass lite-Unet module. Time cost: 0s
2026-01-17 00:32:03,063 [INFO]    Predicting v1 chr13_70000000_80000000, 0 events pass lite-Unet module. Time cost: 0s
2026-01-17 00:32:03,070 [INFO]    Predicting v1 chr13_80000000_90000000, 0 events pass lite-Unet module. Time cost: 0s
2026-01-17 00:32:03,074 [INFO]    Predicting v1 chr12_130000000_140000000, 1 events pass lite-Unet module. Time cost: 0s
2026-01-17 00:32:03,081 [INFO]    Predicting v1 chr13_100000000_110000000, 0 events pass lite-Unet module. Time cost: 0s
2026-01-17 00:32:03,176 [INFO]    Predicting v1 chr12_50000000_60000000, 1 events pass lite-Unet module. Time cost: 0s
2026-01-17 00:32:03,187 [INFO]    Predicting v1 chr14_0_10000000, 0 events pass lite-Unet module. Time cost: 0s
2026-01-17 00:32:03,218 [INFO]    Predicting v1 chr11_130000000_140000000, 2 events pass lite-Unet module. Time cost: 1s
2026-01-17 00:32:03,308 [INFO]    Predicting v1 chr10_0_10000000, 6 events pass lite-Unet module. Time cost: 2s
2026-01-17 00:32:03,314 [INFO]    Predicting v1 chr14_30000000_40000000, 0 events pass lite-Unet module. Time cost: 0s
2026-01-17 00:32:03,320 [INFO]    Predicting v1 chr14_40000000_50000000, 0 events pass lite-Unet module. Time cost: 0s
2026-01-17 00:32:03,405 [INFO]    Predicting v1 chr12_110000000_120000000, 1 events pass lite-Unet module. Time cost: 0s
2026-01-17 00:32:03,540 [INFO]    Predicting v1 chr13_110000000_120000000, 1 events pass lite-Unet module. Time cost: 0s
2026-01-17 00:32:03,547 [INFO]    Predicting v1 chr14_70000000_80000000, 0 events pass lite-Unet module. Time cost: 0s
2026-01-17 00:32:03,553 [INFO]    Predicting v1 chr14_80000000_90000000, 0 events pass lite-Unet module. Time cost: 0s
2026-01-17 00:32:03,569 [INFO]    Predicting v1 chr11_120000000_130000000, 2 events pass lite-Unet module. Time cost: 1s
2026-01-17 00:32:03,679 [INFO]    Predicting v1 chr14_50000000_60000000, 1 events pass lite-Unet module. Time cost: 0s
2026-01-17 00:32:03,690 [INFO]    Predicting v1 chr15_0_10000000, 0 events pass lite-Unet module. Time cost: 0s
2026-01-17 00:32:03,719 [INFO]    Predicting v1 chr14_20000000_30000000, 1 events pass lite-Unet module. Time cost: 0s
2026-01-17 00:32:04,020 [INFO]    Predicting v1 chr10_120000000_130000000, 7 events pass lite-Unet module. Time cost: 2s
2026-01-17 00:32:04,052 [INFO]    Predicting v1 chr15_10000000_20000000, 2 events pass lite-Unet module. Time cost: 0s
2026-01-17 00:32:04,307 [INFO]    Predicting v1 chr15_20000000_30000000, 1 events pass lite-Unet module. Time cost: 0s
2026-01-17 00:32:04,307 [INFO]    Predicting v1 chr14_10000000_20000000, 1 events pass lite-Unet module. Time cost: 1s
2026-01-17 00:32:04,307 [INFO]    Predicting v1 chr14_60000000_70000000, 1 events pass lite-Unet module. Time cost: 0s
2026-01-17 00:32:04,317 [INFO]    Predicting v1 chr15_50000000_60000000, 0 events pass lite-Unet module. Time cost: 0s
2026-01-17 00:32:04,317 [INFO]    Predicting v1 chr15_70000000_80000000, 0 events pass lite-Unet module. Time cost: 0s
2026-01-17 00:32:04,325 [INFO]    Predicting v1 chr15_80000000_90000000, 0 events pass lite-Unet module. Time cost: 0s
2026-01-17 00:32:04,442 [INFO]    Predicting v1 chr15_40000000_50000000, 1 events pass lite-Unet module. Time cost: 0s
2026-01-17 00:32:04,448 [INFO]    Predicting v1 chr16_10000000_20000000, 0 events pass lite-Unet module. Time cost: 0s
2026-01-17 00:32:04,453 [INFO]    Predicting v1 chr16_20000000_30000000, 0 events pass lite-Unet module. Time cost: 0s
2026-01-17 00:32:04,454 [INFO]    Predicting v1 chr13_90000000_100000000, 4 events pass lite-Unet module. Time cost: 1s
2026-01-17 00:32:04,459 [INFO]    Predicting v1 chr16_30000000_40000000, 0 events pass lite-Unet module. Time cost: 0s
2026-01-17 00:32:04,461 [INFO]    Predicting v1 chr16_40000000_50000000, 0 events pass lite-Unet module. Time cost: 0s
2026-01-17 00:32:04,466 [INFO]    Predicting v1 chr16_50000000_60000000, 0 events pass lite-Unet module. Time cost: 0s
2026-01-17 00:32:04,468 [INFO]    Predicting v1 chr16_60000000_70000000, 0 events pass lite-Unet module. Time cost: 0s
2026-01-17 00:32:04,474 [INFO]    Predicting v1 chr16_70000000_80000000, 0 events pass lite-Unet module. Time cost: 0s
2026-01-17 00:32:04,477 [INFO]    Predicting v1 chr16_80000000_90000000, 0 events pass lite-Unet module. Time cost: 0s
2026-01-17 00:32:04,497 [INFO]    Predicting v1 chr17_0_10000000, 1 events pass lite-Unet module. Time cost: 0s
2026-01-17 00:32:04,504 [INFO]    Predicting v1 chr17_10000000_20000000, 1 events pass lite-Unet module. Time cost: 0s
2026-01-17 00:32:04,510 [INFO]    Predicting v1 chr17_20000000_30000000, 0 events pass lite-Unet module. Time cost: 0s
2026-01-17 00:32:04,879 [INFO]    Predicting v1 chr4_180000000_190000000, 16 events pass lite-Unet module. Time cost: 5s
2026-01-17 00:32:04,888 [INFO]    Predicting v1 chr17_40000000_50000000, 0 events pass lite-Unet module. Time cost: 0s
2026-01-17 00:32:04,895 [INFO]    Predicting v1 chr17_50000000_60000000, 0 events pass lite-Unet module. Time cost: 0s
2026-01-17 00:32:04,902 [INFO]    Predicting v1 chr17_60000000_70000000, 0 events pass lite-Unet module. Time cost: 0s
2026-01-17 00:32:04,911 [INFO]    Predicting v1 chr17_70000000_80000000, 1 events pass lite-Unet module. Time cost: 0s
2026-01-17 00:32:05,011 [INFO]    Predicting v1 chr17_30000000_40000000, 1 events pass lite-Unet module. Time cost: 0s
2026-01-17 00:32:05,014 [INFO]    Predicting v1 chr2_90000000_100000000, 13 events pass lite-Unet module. Time cost: 7s
2026-01-17 00:32:05,026 [INFO]    Predicting v1 chr18_10000000_20000000, 0 events pass lite-Unet module. Time cost: 0s
2026-01-17 00:32:05,155 [INFO]    Predicting v1 chr14_100000000_110000000, 5 events pass lite-Unet module. Time cost: 1s
2026-01-17 00:32:05,217 [INFO]    Predicting v1 chr13_20000000_30000000, 3 events pass lite-Unet module. Time cost: 2s
2026-01-17 00:32:05,222 [INFO]    Predicting v1 chr11_70000000_80000000, 11 events pass lite-Unet module. Time cost: 3s
2026-01-17 00:32:05,224 [INFO]    Predicting v1 chr18_40000000_50000000, 0 events pass lite-Unet module. Time cost: 0s
2026-01-17 00:32:05,227 [INFO]    Predicting v1 chr18_50000000_60000000, 0 events pass lite-Unet module. Time cost: 0s
2026-01-17 00:32:05,464 [INFO]    Predicting v1 chr4_0_10000000, 11 events pass lite-Unet module. Time cost: 7s
2026-01-17 00:32:05,479 [INFO]    Predicting v1 chr18_80000000_90000000, 0 events pass lite-Unet module. Time cost: 0s
2026-01-17 00:32:05,539 [INFO]    Predicting v1 chr15_30000000_40000000, 4 events pass lite-Unet module. Time cost: 1s
2026-01-17 00:32:05,653 [INFO]    Predicting v1 chr18_20000000_30000000, 6 events pass lite-Unet module. Time cost: 0s
2026-01-17 00:32:05,690 [INFO]    Predicting v1 chr11_60000000_70000000, 15 events pass lite-Unet module. Time cost: 3s
2026-01-17 00:32:05,699 [INFO]    Predicting v1 chr7_0_10000000, 7 events pass lite-Unet module. Time cost: 6s
2026-01-17 00:32:05,744 [INFO]    Predicting v1 chr15_90000000_100000000, 2 events pass lite-Unet module. Time cost: 1s
2026-01-17 00:32:05,754 [INFO]    Predicting v1 chr19_50000000_60000000, 0 events pass lite-Unet module. Time cost: 0s
2026-01-17 00:32:05,770 [INFO]    Predicting v1 chr11_10000000_20000000, 9 events pass lite-Unet module. Time cost: 4s
2026-01-17 00:32:05,905 [INFO]    Predicting v1 chr18_30000000_40000000, 1 events pass lite-Unet module. Time cost: 0s
2026-01-17 00:32:05,935 [INFO]    Predicting v1 chr20_10000000_20000000, 0 events pass lite-Unet module. Time cost: 0s
2026-01-17 00:32:06,013 [INFO]    Predicting v1 chr18_0_10000000, 3 events pass lite-Unet module. Time cost: 0s
2026-01-17 00:32:06,055 [INFO]    Predicting v1 chr18_60000000_70000000, 1 events pass lite-Unet module. Time cost: 0s
2026-01-17 00:32:06,063 [INFO]    Predicting v1 chr20_40000000_50000000, 0 events pass lite-Unet module. Time cost: 0s
2026-01-17 00:32:06,084 [INFO]    Predicting v1 chr7_150000000_160000000, 19 events pass lite-Unet module. Time cost: 6s
2026-01-17 00:32:06,170 [INFO]    Predicting v1 chr19_30000000_40000000, 1 events pass lite-Unet module. Time cost: 0s
2026-01-17 00:32:06,178 [INFO]    Predicting v1 chr21_0_10000000, 0 events pass lite-Unet module. Time cost: 0s
2026-01-17 00:32:06,186 [INFO]    Predicting v1 chr21_10000000_20000000, 0 events pass lite-Unet module. Time cost: 0s
2026-01-17 00:32:06,196 [INFO]    Predicting v1 chr21_20000000_30000000, 0 events pass lite-Unet module. Time cost: 0s
2026-01-17 00:32:06,466 [INFO]    Predicting v1 chr11_0_10000000, 11 events pass lite-Unet module. Time cost: 4s
2026-01-17 00:32:06,607 [INFO]    Predicting v1 chr21_30000000_40000000, 1 events pass lite-Unet module. Time cost: 0s
2026-01-17 00:32:06,611 [INFO]    Predicting v1 chr22_0_10000000, 0 events pass lite-Unet module. Time cost: 0s
2026-01-17 00:32:06,615 [INFO]    Predicting v1 chr22_10000000_20000000, 0 events pass lite-Unet module. Time cost: 0s
2026-01-17 00:32:06,617 [INFO]    Predicting v1 chr12_120000000_130000000, 16 events pass lite-Unet module. Time cost: 4s
2026-01-17 00:32:06,632 [INFO]    Predicting v1 chr14_90000000_100000000, 8 events pass lite-Unet module. Time cost: 3s
2026-01-17 00:32:06,696 [INFO]    Predicting v1 chr1_110000000_120000000, 29 events pass lite-Unet module. Time cost: 9s
2026-01-17 00:32:06,726 [INFO]    Predicting v1 chr19_60000000_70000000, 1 events pass lite-Unet module. Time cost: 0s
2026-01-17 00:32:06,803 [INFO]    Predicting v1 chr19_20000000_30000000, 5 events pass lite-Unet module. Time cost: 1s
2026-01-17 00:32:06,812 [INFO]    Predicting v1 chrX_10000000_20000000, 0 events pass lite-Unet module. Time cost: 0s
2026-01-17 00:32:06,819 [INFO]    Predicting v1 chrX_20000000_30000000, 0 events pass lite-Unet module. Time cost: 0s
2026-01-17 00:32:06,943 [INFO]    Predicting v1 chr20_20000000_30000000, 1 events pass lite-Unet module. Time cost: 1s
2026-01-17 00:32:06,951 [INFO]    Predicting v1 chrX_40000000_50000000, 0 events pass lite-Unet module. Time cost: 0s
2026-01-17 00:32:06,959 [INFO]    Predicting v1 chrX_50000000_60000000, 0 events pass lite-Unet module. Time cost: 0s
2026-01-17 00:32:06,966 [INFO]    Predicting v1 chrX_60000000_70000000, 0 events pass lite-Unet module. Time cost: 0s
2026-01-17 00:32:06,973 [INFO]    Predicting v1 chrX_70000000_80000000, 0 events pass lite-Unet module. Time cost: 0s
2026-01-17 00:32:06,980 [INFO]    Predicting v1 chrX_80000000_90000000, 0 events pass lite-Unet module. Time cost: 0s
2026-01-17 00:32:07,076 [INFO]    Predicting v1 chr20_30000000_40000000, 4 events pass lite-Unet module. Time cost: 1s
2026-01-17 00:32:07,083 [INFO]    Predicting v1 chrX_100000000_110000000, 0 events pass lite-Unet module. Time cost: 0s
2026-01-17 00:32:07,090 [INFO]    Predicting v1 chrX_110000000_120000000, 0 events pass lite-Unet module. Time cost: 0s
2026-01-17 00:32:07,098 [INFO]    Predicting v1 chrX_120000000_130000000, 0 events pass lite-Unet module. Time cost: 0s
2026-01-17 00:32:07,105 [INFO]    Predicting v1 chrX_130000000_140000000, 0 events pass lite-Unet module. Time cost: 0s
2026-01-17 00:32:07,112 [INFO]    Predicting v1 chrX_140000000_150000000, 0 events pass lite-Unet module. Time cost: 0s
2026-01-17 00:32:07,493 [INFO]    Predicting v1 chr15_60000000_70000000, 12 events pass lite-Unet module. Time cost: 3s
2026-01-17 00:32:07,499 [INFO]    Predicting v1 chrY_0_10000000, 0 events pass lite-Unet module. Time cost: 0s
2026-01-17 00:32:07,509 [INFO]    Predicting v1 chrX_150000000_160000000, 1 events pass lite-Unet module. Time cost: 0s
2026-01-17 00:32:07,510 [INFO]    Predicting v1 chr16_90000000_100000000, 9 events pass lite-Unet module. Time cost: 3s
2026-01-17 00:32:07,514 [INFO]    Predicting v1 chrY_10000000_20000000, 0 events pass lite-Unet module. Time cost: 0s
2026-01-17 00:32:07,517 [INFO]    Predicting v1 chrY_30000000_40000000, 0 events pass lite-Unet module. Time cost: 0s
2026-01-17 00:32:07,517 [INFO]    Predicting v1 chrY_20000000_30000000, 0 events pass lite-Unet module. Time cost: 0s
2026-01-17 00:32:07,523 [INFO]    Predicting v1 chrY_40000000_50000000, 0 events pass lite-Unet module. Time cost: 0s
2026-01-17 00:32:07,533 [INFO]    Predicting v1 chrM_0_10000000, 0 events pass lite-Unet module. Time cost: 0s
2026-01-17 00:32:07,575 [INFO]    Predicting v1 chrY_60000000_70000000, 0 events pass lite-Unet module. Time cost: 0s
2026-01-17 00:32:07,575 [INFO]    Predicting v1 chrY_50000000_60000000, 0 events pass lite-Unet module. Time cost: 0s
2026-01-17 00:32:07,587 [INFO]    Predicting v1 chr8_140000000_150000000, 19 events pass lite-Unet module. Time cost: 6s
2026-01-17 00:32:07,669 [INFO]    Predicting v1 chrX_90000000_100000000, 1 events pass lite-Unet module. Time cost: 0s
2026-01-17 00:32:07,692 [INFO]    Predicting v1 chr19_40000000_50000000, 4 events pass lite-Unet module. Time cost: 1s
2026-01-17 00:32:07,906 [INFO]    Predicting v1 chr22_50000000_60000000, 2 events pass lite-Unet module. Time cost: 1s
2026-01-17 00:32:07,920 [INFO]    Predicting v1 chr20_0_10000000, 6 events pass lite-Unet module. Time cost: 2s
2026-01-17 00:32:07,931 [INFO]    Predicting v1 chr18_70000000_80000000, 7 events pass lite-Unet module. Time cost: 2s
2026-01-17 00:32:07,999 [INFO]    Predicting v1 chr13_10000000_20000000, 7 events pass lite-Unet module. Time cost: 5s
2026-01-17 00:32:08,159 [INFO]    Predicting v1 chrX_30000000_40000000, 2 events pass lite-Unet module. Time cost: 1s
2026-01-17 00:32:08,437 [INFO]    Predicting v1 chr19_10000000_20000000, 13 events pass lite-Unet module. Time cost: 2s
2026-01-17 00:32:08,462 [INFO]    Predicting v1 chr20_60000000_70000000, 7 events pass lite-Unet module. Time cost: 2s
2026-01-17 00:32:08,749 [INFO]    Predicting v1 chr9_140000000_150000000, 44 events pass lite-Unet module. Time cost: 7s
2026-01-17 00:32:08,751 [INFO]    Predicting v1 chr2_0_10000000, 24 events pass lite-Unet module. Time cost: 11s
2026-01-17 00:32:08,795 [INFO]    Predicting v1 chr19_0_10000000, 9 events pass lite-Unet module. Time cost: 3s
2026-01-17 00:32:08,838 [INFO]    Predicting v1 chr22_30000000_40000000, 7 events pass lite-Unet module. Time cost: 2s
2026-01-17 00:32:08,895 [INFO]    Predicting v1 chr20_50000000_60000000, 9 events pass lite-Unet module. Time cost: 2s
2026-01-17 00:32:08,900 [INFO]    Predicting v1 chr17_80000000_90000000, 14 events pass lite-Unet module. Time cost: 3s
2026-01-17 00:32:08,943 [INFO]    Predicting v1 chr22_40000000_50000000, 12 events pass lite-Unet module. Time cost: 2s
2026-01-17 00:32:08,955 [INFO]    Predicting v1 chr22_20000000_30000000, 6 events pass lite-Unet module. Time cost: 2s
2026-01-17 00:32:09,732 [INFO]    Predicting v1 chr16_0_10000000, 21 events pass lite-Unet module. Time cost: 5s
2026-01-17 00:32:09,772 [INFO]    Predicting v1 chr10_130000000_140000000, 31 events pass lite-Unet module. Time cost: 8s
2026-01-17 00:32:09,913 [INFO]    Predicting v1 chr6_160000000_170000000, 32 events pass lite-Unet module. Time cost: 10s
2026-01-17 00:32:10,259 [INFO]    Predicting v1 chrX_0_10000000, 16 events pass lite-Unet module. Time cost: 3s
2026-01-17 00:32:10,288 [INFO]    Predicting v1 chr21_40000000_50000000, 19 events pass lite-Unet module. Time cost: 3s
2026-01-17 00:32:10,381 [INFO]    Predicting Time Cost 12s
2026-01-17 00:32:10,381 [INFO]    ****************** Step3 Outputting to VCF ****************************
2026-01-17 00:32:10,692 [INFO]    Outputting v1 to /storage/scratch01/groups/bu/simSVs/tfe_unir/visor-simulations/results/v1_40x_30000_C_svision/v1.svision_pro_v2.5.s5.vcf. Time cost: 0s
2026-01-17 00:32:11,863 [INFO]    ****************** Step4 Finish ***********************************
2026-01-17 00:32:11,863 [INFO]    SVision-pro v2.5 successfully finished. Time Cost 787.731415s
