2026-01-17 00:41:21,003 [INFO]    ****************** Start SVision-pro, version 2.5 ********************
2026-01-17 00:41:21,004 [INFO]    Command: /storage/scratch01/groups/bu/simSVs/tfe_unir/visor-simulations/.snakemake/conda/8698eeced1a729a78f4a9d539d4293a9_/bin/SVision-pro --target_path results/v1_40x_100000_A_LASeR/tumour.bam --base_path results/normal_40x_100000_LASeR/sim.srt.bam --genome_path resources/genome/chm13v2.0_maskedY_rCRS.fa --model_path /home/fvillena/SVision-pro/src/pre_process/model_liteunet_1024_8_16_32_32_32.pth --out_path results/v1_40x_100000_A_svision --sample_name v1 --preset error-prone --detect_mode somatic --process_num 52
2026-01-17 00:41:21,004 [INFO]    ****************** Step1 collecting and plotting **********************
2026-01-17 00:41:52,759 [INFO]    Collecting v1 chr2_240000000_250000000, 8 candidate events found. Time cost 31s
2026-01-17 00:42:03,468 [INFO]    Collecting v1 chr1_130000000_140000000, 0 candidate events found. Time cost 42s
2026-01-17 00:42:15,163 [INFO]    Collecting v1 chr1_240000000_250000000, 0 candidate events found. Time cost 53s
2026-01-17 00:42:28,100 [INFO]    Collecting v1 chr2_170000000_180000000, 0 candidate events found. Time cost 66s
2026-01-17 00:42:28,106 [INFO]    Collecting v1 chr2_70000000_80000000, 0 candidate events found. Time cost 66s
2026-01-17 00:42:29,224 [INFO]    Collecting v1 chr1_20000000_30000000, 0 candidate events found. Time cost 67s
2026-01-17 00:42:29,812 [INFO]    Collecting v1 chr3_0_10000000, 0 candidate events found. Time cost 68s
2026-01-17 00:42:29,842 [INFO]    Collecting v1 chr2_30000000_40000000, 0 candidate events found. Time cost 68s
2026-01-17 00:42:30,256 [INFO]    Collecting v1 chr2_190000000_200000000, 0 candidate events found. Time cost 68s
2026-01-17 00:42:30,617 [INFO]    Collecting v1 chr2_20000000_30000000, 0 candidate events found. Time cost 69s
2026-01-17 00:42:31,427 [INFO]    Collecting v1 chr2_50000000_60000000, 1 candidate events found. Time cost 70s
2026-01-17 00:42:31,890 [INFO]    Collecting v1 chr1_180000000_190000000, 0 candidate events found. Time cost 70s
2026-01-17 00:42:32,647 [INFO]    Collecting v1 chr1_100000000_110000000, 0 candidate events found. Time cost 71s
2026-01-17 00:42:33,123 [INFO]    Collecting v1 chr2_160000000_170000000, 0 candidate events found. Time cost 71s
2026-01-17 00:42:34,202 [INFO]    Collecting v1 chr1_90000000_100000000, 0 candidate events found. Time cost 72s
2026-01-17 00:42:34,731 [INFO]    Collecting v1 chr1_190000000_200000000, 0 candidate events found. Time cost 73s
2026-01-17 00:42:34,775 [INFO]    Collecting v1 chr1_170000000_180000000, 1 candidate events found. Time cost 73s
2026-01-17 00:42:34,960 [INFO]    Collecting v1 chr1_30000000_40000000, 0 candidate events found. Time cost 73s
2026-01-17 00:42:34,978 [INFO]    Collecting v1 chr1_60000000_70000000, 0 candidate events found. Time cost 73s
2026-01-17 00:42:35,078 [INFO]    Collecting v1 chr3_10000000_20000000, 2 candidate events found. Time cost 73s
2026-01-17 00:42:35,357 [INFO]    Collecting v1 chr2_210000000_220000000, 2 candidate events found. Time cost 74s
2026-01-17 00:42:35,827 [INFO]    Collecting v1 chr2_10000000_20000000, 1 candidate events found. Time cost 74s
2026-01-17 00:42:35,838 [INFO]    Collecting v1 chr1_40000000_50000000, 0 candidate events found. Time cost 74s
2026-01-17 00:42:35,922 [INFO]    Collecting v1 chr1_160000000_170000000, 0 candidate events found. Time cost 74s
2026-01-17 00:42:36,265 [INFO]    Collecting v1 chr1_70000000_80000000, 0 candidate events found. Time cost 74s
2026-01-17 00:42:36,525 [INFO]    Collecting v1 chr2_150000000_160000000, 0 candidate events found. Time cost 75s
2026-01-17 00:42:36,753 [INFO]    Collecting v1 chr1_10000000_20000000, 0 candidate events found. Time cost 75s
2026-01-17 00:42:37,353 [INFO]    Collecting v1 chr2_200000000_210000000, 1 candidate events found. Time cost 76s
2026-01-17 00:42:38,467 [INFO]    Collecting v1 chr1_0_10000000, 2 candidate events found. Time cost 77s
2026-01-17 00:42:38,554 [INFO]    Collecting v1 chr2_220000000_230000000, 0 candidate events found. Time cost 77s
2026-01-17 00:42:38,570 [INFO]    Collecting v1 chr2_180000000_190000000, 0 candidate events found. Time cost 77s
2026-01-17 00:42:38,640 [INFO]    Collecting v1 chr2_100000000_110000000, 2 candidate events found. Time cost 77s
2026-01-17 00:42:39,567 [INFO]    Collecting v1 chr1_220000000_230000000, 0 candidate events found. Time cost 78s
2026-01-17 00:42:39,929 [INFO]    Collecting v1 chr1_200000000_210000000, 0 candidate events found. Time cost 78s
2026-01-17 00:42:39,938 [INFO]    Collecting v1 chr1_230000000_240000000, 0 candidate events found. Time cost 78s
2026-01-17 00:42:40,457 [INFO]    Collecting v1 chr2_140000000_150000000, 0 candidate events found. Time cost 79s
2026-01-17 00:42:40,514 [INFO]    Collecting v1 chr1_120000000_130000000, 0 candidate events found. Time cost 79s
2026-01-17 00:42:41,464 [INFO]    Collecting v1 chr1_210000000_220000000, 0 candidate events found. Time cost 80s
2026-01-17 00:42:42,430 [INFO]    Collecting v1 chr1_80000000_90000000, 0 candidate events found. Time cost 81s
2026-01-17 00:42:43,133 [INFO]    Collecting v1 chr3_200000000_210000000, 0 candidate events found. Time cost 8s
2026-01-17 00:42:43,523 [INFO]    Collecting v1 chr2_130000000_140000000, 0 candidate events found. Time cost 82s
2026-01-17 00:42:45,849 [INFO]    Collecting v1 chr2_40000000_50000000, 0 candidate events found. Time cost 84s
2026-01-17 00:42:47,800 [INFO]    Collecting v1 chr2_110000000_120000000, 6 candidate events found. Time cost 86s
2026-01-17 00:42:50,835 [INFO]    Collecting v1 chr1_50000000_60000000, 1 candidate events found. Time cost 89s
2026-01-17 00:42:54,156 [INFO]    Collecting v1 chr2_60000000_70000000, 6 candidate events found. Time cost 92s
2026-01-17 00:42:57,221 [INFO]    Collecting v1 chr2_80000000_90000000, 2 candidate events found. Time cost 95s
2026-01-17 00:42:57,483 [INFO]    Collecting v1 chr2_90000000_100000000, 12 candidate events found. Time cost 96s
2026-01-17 00:43:04,531 [INFO]    Collecting v1 chr3_20000000_30000000, 0 candidate events found. Time cost 71s
2026-01-17 00:43:10,898 [INFO]    Collecting v1 chr4_190000000_200000000, 0 candidate events found. Time cost 28s
2026-01-17 00:43:21,373 [INFO]    Collecting v1 chr3_30000000_40000000, 3 candidate events found. Time cost 77s
2026-01-17 00:43:35,949 [INFO]    Collecting v1 chr3_40000000_50000000, 5 candidate events found. Time cost 80s
2026-01-17 00:43:38,794 [INFO]    Collecting v1 chr3_70000000_80000000, 1 candidate events found. Time cost 69s
2026-01-17 00:43:39,636 [INFO]    Collecting v1 chr3_80000000_90000000, 1 candidate events found. Time cost 69s
2026-01-17 00:43:42,566 [INFO]    Collecting v1 chr3_60000000_70000000, 2 candidate events found. Time cost 74s
2026-01-17 00:43:42,631 [INFO]    Collecting v1 chr3_100000000_110000000, 0 candidate events found. Time cost 72s
2026-01-17 00:43:43,495 [INFO]    Collecting v1 chr3_120000000_130000000, 0 candidate events found. Time cost 72s
2026-01-17 00:43:43,647 [INFO]    Collecting v1 chr3_130000000_140000000, 0 candidate events found. Time cost 71s
2026-01-17 00:43:44,113 [INFO]    Collecting v1 chr4_50000000_60000000, 0 candidate events found. Time cost 67s
2026-01-17 00:43:44,676 [INFO]    Collecting v1 chr3_170000000_180000000, 0 candidate events found. Time cost 69s
2026-01-17 00:43:45,245 [INFO]    Collecting v1 chr3_180000000_190000000, 0 candidate events found. Time cost 70s
2026-01-17 00:43:45,454 [INFO]    Collecting v1 chr4_40000000_50000000, 0 candidate events found. Time cost 69s
2026-01-17 00:43:45,493 [INFO]    Collecting v1 chr4_30000000_40000000, 0 candidate events found. Time cost 69s
2026-01-17 00:43:45,990 [INFO]    Collecting v1 chr3_160000000_170000000, 0 candidate events found. Time cost 71s
2026-01-17 00:43:48,241 [INFO]    Collecting v1 chr3_110000000_120000000, 0 candidate events found. Time cost 77s
2026-01-17 00:43:48,389 [INFO]    Collecting v1 chr3_140000000_150000000, 0 candidate events found. Time cost 75s
2026-01-17 00:43:49,323 [INFO]    Collecting v1 chr4_80000000_90000000, 0 candidate events found. Time cost 71s
2026-01-17 00:43:49,926 [INFO]    Collecting v1 chr4_90000000_100000000, 0 candidate events found. Time cost 71s
2026-01-17 00:43:50,088 [INFO]    Collecting v1 chr3_150000000_160000000, 0 candidate events found. Time cost 76s
2026-01-17 00:43:51,119 [INFO]    Collecting v1 chr4_120000000_130000000, 0 candidate events found. Time cost 72s
2026-01-17 00:43:51,179 [INFO]    Collecting v1 chr4_20000000_30000000, 1 candidate events found. Time cost 75s
2026-01-17 00:43:51,331 [INFO]    Collecting v1 chr3_50000000_60000000, 5 candidate events found. Time cost 83s
2026-01-17 00:43:51,668 [INFO]    Collecting v1 chr4_60000000_70000000, 0 candidate events found. Time cost 75s
2026-01-17 00:43:51,890 [INFO]    Collecting v1 chr4_10000000_20000000, 2 candidate events found. Time cost 76s
2026-01-17 00:43:51,924 [INFO]    Collecting v1 chr4_100000000_110000000, 0 candidate events found. Time cost 73s
2026-01-17 00:43:52,548 [INFO]    Collecting v1 chr4_170000000_180000000, 0 candidate events found. Time cost 72s
2026-01-17 00:43:52,877 [INFO]    Collecting v1 chr1_150000000_160000000, 10 candidate events found. Time cost 151s
2026-01-17 00:43:53,235 [INFO]    Collecting v1 chr4_70000000_80000000, 0 candidate events found. Time cost 76s
2026-01-17 00:43:54,552 [INFO]    Collecting v1 chr3_90000000_100000000, 0 candidate events found. Time cost 84s
2026-01-17 00:43:54,852 [INFO]    Collecting v1 chr4_110000000_120000000, 1 candidate events found. Time cost 76s
2026-01-17 00:43:55,217 [INFO]    Collecting v1 chr2_120000000_130000000, 6 candidate events found. Time cost 153s
2026-01-17 00:43:55,485 [INFO]    Collecting v1 chr4_150000000_160000000, 0 candidate events found. Time cost 75s
2026-01-17 00:43:55,536 [INFO]    Collecting v1 chr4_130000000_140000000, 0 candidate events found. Time cost 75s
2026-01-17 00:43:56,261 [INFO]    Collecting v1 chr4_160000000_170000000, 0 candidate events found. Time cost 75s
2026-01-17 00:43:57,130 [INFO]    Collecting v1 chr4_140000000_150000000, 0 candidate events found. Time cost 77s
2026-01-17 00:43:59,747 [INFO]    Collecting v1 chr5_180000000_190000000, 0 candidate events found. Time cost 15s
2026-01-17 00:44:00,573 [INFO]    Collecting v1 chr5_10000000_20000000, 0 candidate events found. Time cost 77s
2026-01-17 00:44:01,236 [INFO]    Collecting v1 chr5_30000000_40000000, 0 candidate events found. Time cost 73s
2026-01-17 00:44:02,754 [INFO]    Collecting v1 chr5_20000000_30000000, 0 candidate events found. Time cost 76s
2026-01-17 00:44:03,846 [INFO]    Collecting v1 chr5_0_10000000, 5 candidate events found. Time cost 80s
2026-01-17 00:44:08,743 [INFO]    Collecting v1 chr3_190000000_200000000, 8 candidate events found. Time cost 93s
2026-01-17 00:44:09,285 [INFO]    Collecting v1 chr5_80000000_90000000, 0 candidate events found. Time cost 64s
2026-01-17 00:44:10,075 [INFO]    Collecting v1 chr5_40000000_50000000, 0 candidate events found. Time cost 79s
2026-01-17 00:44:10,556 [INFO]    Collecting v1 chr5_70000000_80000000, 0 candidate events found. Time cost 73s
2026-01-17 00:44:14,080 [INFO]    Collecting v1 chr1_140000000_150000000, 0 candidate events found. Time cost 172s
2026-01-17 00:44:15,100 [INFO]    Collecting v1 chr1_110000000_120000000, 36 candidate events found. Time cost 173s
2026-01-17 00:44:16,750 [INFO]    Collecting v1 chr4_0_10000000, 7 candidate events found. Time cost 101s
2026-01-17 00:44:16,975 [INFO]    Collecting v1 chr5_50000000_60000000, 0 candidate events found. Time cost 82s
2026-01-17 00:44:17,248 [INFO]    Collecting v1 chr2_0_10000000, 19 candidate events found. Time cost 175s
2026-01-17 00:44:19,521 [INFO]    Collecting v1 chr5_60000000_70000000, 1 candidate events found. Time cost 82s
2026-01-17 00:44:22,699 [INFO]    Collecting v1 chr7_160000000_170000000, 3 candidate events found. Time cost 12s
2026-01-17 00:44:30,823 [INFO]    Collecting v1 chr6_170000000_180000000, 7 candidate events found. Time cost 37s
2026-01-17 00:44:32,382 [INFO]    Collecting v1 chr5_90000000_100000000, 1 candidate events found. Time cost 81s
2026-01-17 00:44:34,706 [INFO]    Collecting v1 chr5_100000000_110000000, 0 candidate events found. Time cost 73s
2026-01-17 00:44:45,546 [INFO]    Collecting v1 chr5_110000000_120000000, 1 candidate events found. Time cost 69s
2026-01-17 00:44:50,081 [INFO]    Collecting v1 chr5_120000000_130000000, 0 candidate events found. Time cost 71s
2026-01-17 00:44:50,237 [INFO]    Collecting v1 chr4_180000000_190000000, 13 candidate events found. Time cost 128s
2026-01-17 00:44:50,736 [INFO]    Collecting v1 chr5_150000000_160000000, 0 candidate events found. Time cost 68s
2026-01-17 00:44:52,075 [INFO]    Collecting v1 chr5_140000000_150000000, 0 candidate events found. Time cost 69s
2026-01-17 00:44:52,945 [INFO]    Collecting v1 chr5_160000000_170000000, 0 candidate events found. Time cost 69s
2026-01-17 00:44:55,085 [INFO]    Collecting v1 chr6_20000000_30000000, 0 candidate events found. Time cost 69s
2026-01-17 00:44:56,775 [INFO]    Collecting v1 chr6_40000000_50000000, 0 candidate events found. Time cost 70s
2026-01-17 00:44:56,890 [INFO]    Collecting v1 chr6_30000000_40000000, 0 candidate events found. Time cost 71s
2026-01-17 00:44:57,230 [INFO]    Collecting v1 chr6_50000000_60000000, 0 candidate events found. Time cost 68s
2026-01-17 00:44:58,087 [INFO]    Collecting v1 chr5_130000000_140000000, 2 candidate events found. Time cost 78s
2026-01-17 00:44:58,165 [INFO]    Collecting v1 chr5_170000000_180000000, 0 candidate events found. Time cost 74s
2026-01-17 00:44:58,615 [INFO]    Collecting v1 chr6_150000000_160000000, 2 candidate events found. Time cost 66s
2026-01-17 00:44:59,931 [INFO]    Collecting v1 chr2_230000000_240000000, 30 candidate events found. Time cost 218s
2026-01-17 00:45:00,935 [INFO]    Collecting v1 chr6_120000000_130000000, 0 candidate events found. Time cost 69s
2026-01-17 00:45:02,014 [INFO]    Collecting v1 chr6_130000000_140000000, 0 candidate events found. Time cost 70s
2026-01-17 00:45:03,019 [INFO]    Collecting v1 chr6_80000000_90000000, 0 candidate events found. Time cost 73s
2026-01-17 00:45:03,103 [INFO]    Collecting v1 chr6_140000000_150000000, 2 candidate events found. Time cost 71s
2026-01-17 00:45:03,460 [INFO]    Collecting v1 chr6_100000000_110000000, 0 candidate events found. Time cost 72s
2026-01-17 00:45:03,968 [INFO]    Collecting v1 chr7_60000000_70000000, 0 candidate events found. Time cost 67s
2026-01-17 00:45:04,418 [INFO]    Collecting v1 chr6_10000000_20000000, 2 candidate events found. Time cost 79s
2026-01-17 00:45:04,717 [INFO]    Collecting v1 chr6_70000000_80000000, 0 candidate events found. Time cost 75s
2026-01-17 00:45:04,831 [INFO]    Collecting v1 chr6_110000000_120000000, 0 candidate events found. Time cost 73s
2026-01-17 00:45:05,532 [INFO]    Collecting v1 chr7_10000000_20000000, 0 candidate events found. Time cost 70s
2026-01-17 00:45:06,784 [INFO]    Collecting v1 chr6_90000000_100000000, 0 candidate events found. Time cost 76s
2026-01-17 00:45:08,324 [INFO]    Collecting v1 chr7_30000000_40000000, 0 candidate events found. Time cost 73s
2026-01-17 00:45:09,924 [INFO]    Collecting v1 chr9_150000000_160000000, 0 candidate events found. Time cost 5s
2026-01-17 00:45:14,115 [INFO]    Collecting v1 chr7_40000000_50000000, 1 candidate events found. Time cost 78s
2026-01-17 00:45:14,206 [INFO]    Collecting v1 chr7_80000000_90000000, 0 candidate events found. Time cost 74s
2026-01-17 00:45:15,957 [INFO]    Collecting v1 chr7_50000000_60000000, 0 candidate events found. Time cost 80s
2026-01-17 00:45:16,090 [INFO]    Collecting v1 chr7_120000000_130000000, 0 candidate events found. Time cost 72s
2026-01-17 00:45:17,286 [INFO]    Collecting v1 chr7_110000000_120000000, 0 candidate events found. Time cost 74s
2026-01-17 00:45:19,400 [INFO]    Collecting v1 chr7_20000000_30000000, 3 candidate events found. Time cost 84s
2026-01-17 00:45:21,006 [INFO]    Collecting v1 chr7_0_10000000, 3 candidate events found. Time cost 87s
2026-01-17 00:45:24,048 [INFO]    Collecting v1 chr7_70000000_80000000, 3 candidate events found. Time cost 86s
2026-01-17 00:45:28,529 [INFO]    Collecting v1 chr7_100000000_110000000, 6 candidate events found. Time cost 87s
2026-01-17 00:45:29,955 [INFO]    Collecting v1 chr8_20000000_30000000, 1 candidate events found. Time cost 72s
2026-01-17 00:45:30,030 [INFO]    Collecting v1 chr8_10000000_20000000, 0 candidate events found. Time cost 74s
2026-01-17 00:45:30,987 [INFO]    Collecting v1 chr8_30000000_40000000, 0 candidate events found. Time cost 73s
2026-01-17 00:45:31,161 [INFO]    Collecting v1 chr7_140000000_150000000, 3 candidate events found. Time cost 81s
2026-01-17 00:45:33,659 [INFO]    Collecting v1 chr8_50000000_60000000, 0 candidate events found. Time cost 74s
2026-01-17 00:45:33,751 [INFO]    Collecting v1 chr9_60000000_70000000, 0 candidate events found. Time cost 35s
2026-01-17 00:45:34,535 [INFO]    Collecting v1 chr8_60000000_70000000, 0 candidate events found. Time cost 71s
2026-01-17 00:45:35,239 [INFO]    Collecting v1 chr8_40000000_50000000, 0 candidate events found. Time cost 77s
2026-01-17 00:45:35,999 [INFO]    Collecting v1 chr9_50000000_60000000, 0 candidate events found. Time cost 37s
2026-01-17 00:45:41,099 [INFO]    Collecting v1 chr8_0_10000000, 4 candidate events found. Time cost 87s
2026-01-17 00:45:47,341 [INFO]    Collecting v1 chr7_90000000_100000000, 15 candidate events found. Time cost 106s
2026-01-17 00:45:47,453 [INFO]    Collecting v1 chr8_90000000_100000000, 0 candidate events found. Time cost 72s
2026-01-17 00:45:49,157 [INFO]    Collecting v1 chr8_70000000_80000000, 0 candidate events found. Time cost 78s
2026-01-17 00:45:53,946 [INFO]    Collecting v1 chr8_80000000_90000000, 0 candidate events found. Time cost 81s
2026-01-17 00:45:56,475 [INFO]    Collecting v1 chr6_0_10000000, 12 candidate events found. Time cost 131s
2026-01-17 00:45:57,396 [INFO]    Collecting v1 chr7_150000000_160000000, 10 candidate events found. Time cost 107s
2026-01-17 00:45:59,768 [INFO]    Collecting v1 chr8_130000000_140000000, 0 candidate events found. Time cost 69s
2026-01-17 00:46:01,188 [INFO]    Collecting v1 chr9_0_10000000, 0 candidate events found. Time cost 68s
2026-01-17 00:46:01,196 [INFO]    Collecting v1 chr8_140000000_150000000, 11 candidate events found. Time cost 69s
2026-01-17 00:46:01,370 [INFO]    Collecting v1 chr8_110000000_120000000, 1 candidate events found. Time cost 71s
2026-01-17 00:46:01,674 [INFO]    Collecting v1 chr6_60000000_70000000, 10 candidate events found. Time cost 133s
2026-01-17 00:46:02,302 [INFO]    Collecting v1 chr9_70000000_80000000, 0 candidate events found. Time cost 63s
2026-01-17 00:46:02,594 [INFO]    Collecting v1 chr9_10000000_20000000, 0 candidate events found. Time cost 67s
2026-01-17 00:46:02,756 [INFO]    Collecting v1 chr8_100000000_110000000, 3 candidate events found. Time cost 77s
2026-01-17 00:46:02,925 [INFO]    Collecting v1 chr7_130000000_140000000, 7 candidate events found. Time cost 114s
2026-01-17 00:46:08,335 [INFO]    Collecting v1 chr9_30000000_40000000, 0 candidate events found. Time cost 71s
2026-01-17 00:46:08,557 [INFO]    Collecting v1 chr9_20000000_30000000, 2 candidate events found. Time cost 71s
2026-01-17 00:46:09,667 [INFO]    Collecting v1 chr9_120000000_130000000, 0 candidate events found. Time cost 66s
2026-01-17 00:46:09,941 [INFO]    Collecting v1 chr8_120000000_130000000, 0 candidate events found. Time cost 79s
2026-01-17 00:46:12,044 [INFO]    Collecting v1 chr9_90000000_100000000, 0 candidate events found. Time cost 71s
2026-01-17 00:46:13,153 [INFO]    Collecting v1 chr9_110000000_120000000, 0 candidate events found. Time cost 70s
2026-01-17 00:46:15,016 [INFO]    Collecting v1 chr9_130000000_140000000, 0 candidate events found. Time cost 71s
2026-01-17 00:46:18,262 [INFO]    Collecting v1 chr6_160000000_170000000, 17 candidate events found. Time cost 145s
2026-01-17 00:46:18,597 [INFO]    Collecting v1 chr9_80000000_90000000, 0 candidate events found. Time cost 78s
2026-01-17 00:46:18,990 [INFO]    Collecting v1 chr10_20000000_30000000, 0 candidate events found. Time cost 73s
2026-01-17 00:46:19,328 [INFO]    Collecting v1 chr10_10000000_20000000, 0 candidate events found. Time cost 74s
2026-01-17 00:46:21,675 [INFO]    Collecting v1 chr9_100000000_110000000, 2 candidate events found. Time cost 79s
2026-01-17 00:46:23,539 [INFO]    Collecting v1 chr10_50000000_60000000, 0 candidate events found. Time cost 73s
2026-01-17 00:46:24,469 [INFO]    Collecting v1 chr10_30000000_40000000, 0 candidate events found. Time cost 77s
2026-01-17 00:46:26,864 [INFO]    Collecting v1 chr10_70000000_80000000, 0 candidate events found. Time cost 72s
2026-01-17 00:46:27,203 [INFO]    Collecting v1 chr10_60000000_70000000, 0 candidate events found. Time cost 73s
2026-01-17 00:46:27,703 [INFO]    Collecting v1 chr10_90000000_100000000, 0 candidate events found. Time cost 71s
2026-01-17 00:46:29,569 [INFO]    Collecting v1 chr9_40000000_50000000, 0 candidate events found. Time cost 92s
2026-01-17 00:46:30,242 [INFO]    Collecting v1 chr10_40000000_50000000, 1 candidate events found. Time cost 81s
2026-01-17 00:46:30,596 [INFO]    Collecting v1 chr11_130000000_140000000, 1 candidate events found. Time cost 41s
2026-01-17 00:46:31,927 [INFO]    Collecting v1 chr10_110000000_120000000, 0 candidate events found. Time cost 72s
2026-01-17 00:46:31,984 [INFO]    Collecting v1 chr12_130000000_140000000, 0 candidate events found. Time cost 23s
2026-01-17 00:46:33,501 [INFO]    Collecting v1 chr10_0_10000000, 5 candidate events found. Time cost 88s
2026-01-17 00:46:39,595 [INFO]    Collecting v1 chr10_80000000_90000000, 3 candidate events found. Time cost 83s
2026-01-17 00:46:41,302 [INFO]    Collecting v1 chr11_10000000_20000000, 0 candidate events found. Time cost 71s
2026-01-17 00:46:41,509 [INFO]    Collecting v1 chr11_20000000_30000000, 0 candidate events found. Time cost 71s
2026-01-17 00:46:41,575 [INFO]    Collecting v1 chr13_110000000_120000000, 1 candidate events found. Time cost 17s
2026-01-17 00:46:41,896 [INFO]    Collecting v1 chr11_40000000_50000000, 0 candidate events found. Time cost 70s
2026-01-17 00:46:41,917 [INFO]    Collecting v1 chr10_100000000_110000000, 1 candidate events found. Time cost 84s
2026-01-17 00:46:45,573 [INFO]    Collecting v1 chr11_80000000_90000000, 0 candidate events found. Time cost 70s
2026-01-17 00:46:45,925 [INFO]    Collecting v1 chr11_90000000_100000000, 0 candidate events found. Time cost 69s
2026-01-17 00:46:47,402 [INFO]    Collecting v1 chr10_120000000_130000000, 8 candidate events found. Time cost 86s
2026-01-17 00:46:48,002 [INFO]    Collecting v1 chr11_30000000_40000000, 0 candidate events found. Time cost 76s
2026-01-17 00:46:48,655 [INFO]    Collecting v1 chr13_30000000_40000000, 0 candidate events found. Time cost 35s
2026-01-17 00:46:51,665 [INFO]    Collecting v1 chr14_100000000_110000000, 3 candidate events found. Time cost 10s
2026-01-17 00:46:51,963 [INFO]    Collecting v1 chr13_40000000_50000000, 0 candidate events found. Time cost 36s
2026-01-17 00:46:53,455 [INFO]    Collecting v1 chr13_20000000_30000000, 2 candidate events found. Time cost 41s
2026-01-17 00:46:53,549 [INFO]    Collecting v1 chr13_70000000_80000000, 0 candidate events found. Time cost 34s
2026-01-17 00:46:54,445 [INFO]    Collecting v1 chr11_100000000_110000000, 0 candidate events found. Time cost 73s
2026-01-17 00:46:54,543 [INFO]    Collecting v1 chr13_50000000_60000000, 0 candidate events found. Time cost 36s
2026-01-17 00:46:54,960 [INFO]    Collecting v1 chr11_50000000_60000000, 0 candidate events found. Time cost 81s
2026-01-17 00:46:55,327 [INFO]    Collecting v1 chr13_0_10000000, 0 candidate events found. Time cost 45s
2026-01-17 00:46:55,695 [INFO]    Collecting v1 chr11_120000000_130000000, 0 candidate events found. Time cost 68s
2026-01-17 00:46:56,828 [INFO]    Collecting v1 chr13_80000000_90000000, 0 candidate events found. Time cost 37s
2026-01-17 00:46:57,134 [INFO]    Collecting v1 chr13_100000000_110000000, 0 candidate events found. Time cost 33s
2026-01-17 00:46:57,423 [INFO]    Collecting v1 chr13_60000000_70000000, 0 candidate events found. Time cost 38s
2026-01-17 00:46:59,543 [INFO]    Collecting v1 chr9_140000000_150000000, 17 candidate events found. Time cost 115s
2026-01-17 00:47:00,998 [INFO]    Collecting v1 chr13_90000000_100000000, 2 candidate events found. Time cost 39s
2026-01-17 00:47:01,095 [INFO]    Collecting v1 chr12_10000000_20000000, 0 candidate events found. Time cost 64s
2026-01-17 00:47:08,073 [INFO]    Collecting v1 chr12_30000000_40000000, 0 candidate events found. Time cost 68s
2026-01-17 00:47:10,645 [INFO]    Collecting v1 chr12_0_10000000, 0 candidate events found. Time cost 76s
2026-01-17 00:47:11,321 [INFO]    Collecting v1 chr12_40000000_50000000, 0 candidate events found. Time cost 70s
2026-01-17 00:47:11,353 [INFO]    Collecting v1 chr12_90000000_100000000, 0 candidate events found. Time cost 68s
2026-01-17 00:47:12,590 [INFO]    Collecting v1 chr12_60000000_70000000, 0 candidate events found. Time cost 71s
2026-01-17 00:47:13,752 [INFO]    Collecting v1 chr12_20000000_30000000, 0 candidate events found. Time cost 76s
2026-01-17 00:47:14,025 [INFO]    Collecting v1 chr11_70000000_80000000, 8 candidate events found. Time cost 99s
2026-01-17 00:47:14,908 [INFO]    Collecting v1 chr12_80000000_90000000, 0 candidate events found. Time cost 72s
2026-01-17 00:47:15,159 [INFO]    Collecting v1 chr11_110000000_120000000, 1 candidate events found. Time cost 87s
2026-01-17 00:47:16,723 [INFO]    Collecting v1 chr11_0_10000000, 15 candidate events found. Time cost 108s
2026-01-17 00:47:17,664 [INFO]    Collecting v1 chr12_50000000_60000000, 2 candidate events found. Time cost 76s
2026-01-17 00:47:20,404 [INFO]    Collecting v1 chr12_70000000_80000000, 0 candidate events found. Time cost 78s
2026-01-17 00:47:21,769 [INFO]    Collecting v1 chr17_0_10000000, 0 candidate events found. Time cost 24s
2026-01-17 00:47:21,907 [INFO]    Collecting v1 chr12_110000000_120000000, 0 candidate events found. Time cost 78s
2026-01-17 00:47:25,266 [INFO]    Collecting v1 chr13_10000000_20000000, 6 candidate events found. Time cost 75s
2026-01-17 00:47:35,108 [INFO]    Collecting v1 chr18_80000000_90000000, 3 candidate events found. Time cost 13s
2026-01-17 00:47:37,178 [INFO]    Collecting v1 chr11_60000000_70000000, 4 candidate events found. Time cost 123s
2026-01-17 00:47:37,193 [INFO]    Collecting v1 chr17_10000000_20000000, 1 candidate events found. Time cost 37s
2026-01-17 00:47:39,872 [INFO]    Collecting v1 chr14_10000000_20000000, 0 candidate events found. Time cost 72s
2026-01-17 00:47:40,104 [INFO]    Collecting v1 chr14_20000000_30000000, 1 candidate events found. Time cost 72s
2026-01-17 00:47:44,441 [INFO]    Collecting v1 chr14_70000000_80000000, 0 candidate events found. Time cost 72s
2026-01-17 00:47:44,966 [INFO]    Collecting v1 chr14_30000000_40000000, 0 candidate events found. Time cost 75s
2026-01-17 00:47:45,486 [INFO]    Collecting v1 chr14_40000000_50000000, 0 candidate events found. Time cost 75s
2026-01-17 00:47:49,995 [INFO]    Collecting v1 chr14_50000000_60000000, 0 candidate events found. Time cost 79s
2026-01-17 00:47:50,138 [INFO]    Collecting v1 chr15_0_10000000, 0 candidate events found. Time cost 68s
2026-01-17 00:47:50,827 [INFO]    Collecting v1 chr14_60000000_70000000, 0 candidate events found. Time cost 78s
2026-01-17 00:47:51,985 [INFO]    Collecting v1 chr12_100000000_110000000, 8 candidate events found. Time cost 109s
2026-01-17 00:47:54,332 [INFO]    Collecting v1 chr14_80000000_90000000, 1 candidate events found. Time cost 80s
2026-01-17 00:47:56,045 [INFO]    Collecting v1 chr16_90000000_100000000, 8 candidate events found. Time cost 58s
2026-01-17 00:47:56,901 [INFO]    Collecting v1 chr15_40000000_50000000, 0 candidate events found. Time cost 71s
2026-01-17 00:47:57,187 [INFO]    Collecting v1 chr15_50000000_60000000, 0 candidate events found. Time cost 71s
2026-01-17 00:47:57,273 [INFO]    Collecting v1 chr16_40000000_50000000, 0 candidate events found. Time cost 62s
2026-01-17 00:47:58,396 [INFO]    Collecting v1 chr15_20000000_30000000, 1 candidate events found. Time cost 76s
2026-01-17 00:47:58,638 [INFO]    Collecting v1 chr15_90000000_100000000, 0 candidate events found. Time cost 66s
2026-01-17 00:48:02,648 [INFO]    Collecting v1 chr15_30000000_40000000, 1 candidate events found. Time cost 80s
2026-01-17 00:48:03,613 [INFO]    Collecting v1 chr15_80000000_90000000, 0 candidate events found. Time cost 74s
2026-01-17 00:48:04,299 [INFO]    Collecting v1 chr15_10000000_20000000, 2 candidate events found. Time cost 82s
2026-01-17 00:48:05,146 [INFO]    Collecting v1 chr16_20000000_30000000, 0 candidate events found. Time cost 71s
2026-01-17 00:48:05,983 [INFO]    Collecting v1 chr17_20000000_30000000, 0 candidate events found. Time cost 64s
2026-01-17 00:48:06,056 [INFO]    Collecting v1 chr14_0_10000000, 0 candidate events found. Time cost 99s
2026-01-17 00:48:06,636 [INFO]    Collecting v1 chr16_10000000_20000000, 0 candidate events found. Time cost 73s
2026-01-17 00:48:06,879 [INFO]    Collecting v1 chr15_70000000_80000000, 1 candidate events found. Time cost 78s
2026-01-17 00:48:08,500 [INFO]    Collecting v1 chr16_60000000_70000000, 0 candidate events found. Time cost 73s
2026-01-17 00:48:08,795 [INFO]    Collecting v1 chr16_70000000_80000000, 0 candidate events found. Time cost 73s
2026-01-17 00:48:10,964 [INFO]    Collecting v1 chr16_80000000_90000000, 0 candidate events found. Time cost 74s
2026-01-17 00:48:11,644 [INFO]    Collecting v1 chr19_60000000_70000000, 4 candidate events found. Time cost 27s
2026-01-17 00:48:13,385 [INFO]    Collecting v1 chr17_30000000_40000000, 0 candidate events found. Time cost 72s
2026-01-17 00:48:15,586 [INFO]    Collecting v1 chr14_90000000_100000000, 7 candidate events found. Time cost 95s
2026-01-17 00:48:15,768 [INFO]    Collecting v1 chr17_40000000_50000000, 0 candidate events found. Time cost 67s
2026-01-17 00:48:15,924 [INFO]    Collecting v1 chr16_50000000_60000000, 0 candidate events found. Time cost 80s
2026-01-17 00:48:18,490 [INFO]    Collecting v1 chr17_80000000_90000000, 15 candidate events found. Time cost 65s
2026-01-17 00:48:19,236 [INFO]    Collecting v1 chr18_10000000_20000000, 0 candidate events found. Time cost 65s
2026-01-17 00:48:19,716 [INFO]    Collecting v1 chr17_70000000_80000000, 0 candidate events found. Time cost 68s
2026-01-17 00:48:21,144 [INFO]    Collecting v1 chr22_50000000_60000000, 1 candidate events found. Time cost 15s
2026-01-17 00:48:23,387 [INFO]    Collecting v1 chr18_20000000_30000000, 0 candidate events found. Time cost 68s
2026-01-17 00:48:25,744 [INFO]    Collecting v1 chr17_60000000_70000000, 0 candidate events found. Time cost 74s
2026-01-17 00:48:25,746 [INFO]    Collecting v1 chr16_30000000_40000000, 1 candidate events found. Time cost 91s
2026-01-17 00:48:26,602 [INFO]    Collecting v1 chr18_50000000_60000000, 0 candidate events found. Time cost 68s
2026-01-17 00:48:26,630 [INFO]    Collecting v1 chr16_0_10000000, 15 candidate events found. Time cost 94s
2026-01-17 00:48:27,924 [INFO]    Collecting v1 chr17_50000000_60000000, 0 candidate events found. Time cost 77s
2026-01-17 00:48:29,852 [INFO]    Collecting v1 chr18_40000000_50000000, 1 candidate events found. Time cost 72s
2026-01-17 00:48:30,804 [INFO]    Collecting v1 chr18_30000000_40000000, 0 candidate events found. Time cost 75s
2026-01-17 00:48:32,192 [INFO]    Collecting v1 chr18_60000000_70000000, 0 candidate events found. Time cost 71s
2026-01-17 00:48:33,188 [INFO]    Collecting v1 chrM_0_10000000, 0 candidate events found. Time cost 0s
2026-01-17 00:48:34,793 [INFO]    Collecting v1 chr15_60000000_70000000, 8 candidate events found. Time cost 107s
2026-01-17 00:48:39,397 [INFO]    Collecting v1 chr18_0_10000000, 5 candidate events found. Time cost 85s
2026-01-17 00:48:48,770 [INFO]    Collecting v1 chr19_50000000_60000000, 0 candidate events found. Time cost 68s
2026-01-17 00:48:51,155 [INFO]    Collecting v1 chr19_40000000_50000000, 0 candidate events found. Time cost 71s
2026-01-17 00:48:51,320 [INFO]    Collecting v1 chrX_150000000_160000000, 0 candidate events found. Time cost 27s
2026-01-17 00:48:52,198 [INFO]    Collecting v1 chr19_30000000_40000000, 0 candidate events found. Time cost 74s
2026-01-17 00:48:53,101 [INFO]    Collecting v1 chr20_10000000_20000000, 0 candidate events found. Time cost 67s
2026-01-17 00:48:54,526 [INFO]    Collecting v1 chr19_0_10000000, 5 candidate events found. Time cost 89s
2026-01-17 00:48:56,138 [INFO]    Collecting v1 chrY_60000000_70000000, 0 candidate events found. Time cost 25s
2026-01-17 00:49:01,549 [INFO]    Collecting v1 chr18_70000000_80000000, 6 candidate events found. Time cost 99s
2026-01-17 00:49:01,868 [INFO]    Collecting v1 chr20_50000000_60000000, 5 candidate events found. Time cost 69s
2026-01-17 00:49:02,472 [INFO]    Collecting v1 chr21_10000000_20000000, 0 candidate events found. Time cost 65s
2026-01-17 00:49:04,690 [INFO]    Collecting v1 chr20_30000000_40000000, 4 candidate events found. Time cost 74s
2026-01-17 00:49:05,267 [INFO]    Collecting v1 chr20_40000000_50000000, 0 candidate events found. Time cost 74s
2026-01-17 00:49:05,661 [INFO]    Collecting v1 chr19_20000000_30000000, 6 candidate events found. Time cost 88s
2026-01-17 00:49:06,197 [INFO]    Collecting v1 chr20_0_10000000, 4 candidate events found. Time cost 81s
2026-01-17 00:49:06,789 [INFO]    Collecting v1 chr21_30000000_40000000, 1 candidate events found. Time cost 69s
2026-01-17 00:49:08,147 [INFO]    Collecting v1 chr22_20000000_30000000, 3 candidate events found. Time cost 64s
2026-01-17 00:49:08,219 [INFO]    Collecting v1 chr21_20000000_30000000, 0 candidate events found. Time cost 71s
2026-01-17 00:49:09,338 [INFO]    Collecting v1 chrX_60000000_70000000, 0 candidate events found. Time cost 57s
2026-01-17 00:49:11,154 [INFO]    Collecting v1 chrX_40000000_50000000, 0 candidate events found. Time cost 62s
2026-01-17 00:49:12,031 [INFO]    Collecting v1 chrX_10000000_20000000, 0 candidate events found. Time cost 65s
2026-01-17 00:49:12,228 [INFO]    Collecting v1 chrY_30000000_40000000, 0 candidate events found. Time cost 45s
2026-01-17 00:49:12,305 [INFO]    Collecting v1 chr20_20000000_30000000, 0 candidate events found. Time cost 82s
2026-01-17 00:49:13,319 [INFO]    Collecting v1 chrX_20000000_30000000, 0 candidate events found. Time cost 66s
2026-01-17 00:49:13,635 [INFO]    Collecting v1 chrX_30000000_40000000, 0 candidate events found. Time cost 65s
2026-01-17 00:49:13,927 [INFO]    Collecting v1 chrY_50000000_60000000, 0 candidate events found. Time cost 44s
2026-01-17 00:49:14,186 [INFO]    Collecting v1 chr22_10000000_20000000, 0 candidate events found. Time cost 71s
2026-01-17 00:49:14,523 [INFO]    Collecting v1 chr22_0_10000000, 0 candidate events found. Time cost 75s
2026-01-17 00:49:14,871 [INFO]    Collecting v1 chrX_70000000_80000000, 0 candidate events found. Time cost 61s
2026-01-17 00:49:16,542 [INFO]    Collecting v1 chr22_30000000_40000000, 7 candidate events found. Time cost 72s
2026-01-17 00:49:17,934 [INFO]    Collecting v1 chrX_130000000_140000000, 0 candidate events found. Time cost 58s
2026-01-17 00:49:17,976 [INFO]    Collecting v1 chr21_0_10000000, 0 candidate events found. Time cost 81s
2026-01-17 00:49:18,147 [INFO]    Collecting v1 chrX_80000000_90000000, 0 candidate events found. Time cost 62s
2026-01-17 00:49:18,478 [INFO]    Collecting v1 chr22_40000000_50000000, 7 candidate events found. Time cost 73s
2026-01-17 00:49:18,662 [INFO]    Collecting v1 chrY_10000000_20000000, 0 candidate events found. Time cost 52s
2026-01-17 00:49:18,716 [INFO]    Collecting v1 chr20_60000000_70000000, 18 candidate events found. Time cost 84s
2026-01-17 00:49:19,161 [INFO]    Collecting v1 chr10_130000000_140000000, 23 candidate events found. Time cost 234s
2026-01-17 00:49:20,245 [INFO]    Collecting v1 chrX_50000000_60000000, 0 candidate events found. Time cost 69s
2026-01-17 00:49:20,663 [INFO]    Collecting v1 chrY_40000000_50000000, 0 candidate events found. Time cost 52s
2026-01-17 00:49:21,427 [INFO]    Collecting v1 chrX_120000000_130000000, 0 candidate events found. Time cost 62s
2026-01-17 00:49:21,723 [INFO]    Collecting v1 chr21_40000000_50000000, 20 candidate events found. Time cost 83s
2026-01-17 00:49:22,126 [INFO]    Collecting v1 chrY_20000000_30000000, 0 candidate events found. Time cost 55s
2026-01-17 00:49:24,609 [INFO]    Collecting v1 chrX_140000000_150000000, 0 candidate events found. Time cost 63s
2026-01-17 00:49:25,267 [INFO]    Collecting v1 chr19_10000000_20000000, 10 candidate events found. Time cost 109s
2026-01-17 00:49:25,454 [INFO]    Collecting v1 chrX_110000000_120000000, 0 candidate events found. Time cost 66s
2026-01-17 00:49:25,576 [INFO]    Collecting v1 chrY_0_10000000, 0 candidate events found. Time cost 59s
2026-01-17 00:49:25,813 [INFO]    Collecting v1 chrX_90000000_100000000, 0 candidate events found. Time cost 69s
2026-01-17 00:49:26,489 [INFO]    Collecting v1 chrX_100000000_110000000, 0 candidate events found. Time cost 70s
2026-01-17 00:49:48,287 [INFO]    Collecting v1 chrX_0_10000000, 18 candidate events found. Time cost 102s
2026-01-17 00:50:50,701 [INFO]    Collecting v1 chr12_120000000_130000000, 29 candidate events found. Time cost 282s
2026-01-17 00:50:50,800 [INFO]    Collecting Time Cost 569s
2026-01-17 00:50:50,800 [INFO]    ****************** Step2 lite-Unet predicting **************************
2026-01-17 00:50:50,880 [INFO]    Predicting v1 chr1_20000000_30000000, 0 events pass lite-Unet module. Time cost: 0s
2026-01-17 00:50:50,880 [INFO]    Predicting v1 chr1_10000000_20000000, 0 events pass lite-Unet module. Time cost: 0s
2026-01-17 00:50:50,884 [INFO]    Predicting v1 chr1_220000000_230000000, 0 events pass lite-Unet module. Time cost: 0s
2026-01-17 00:50:50,884 [INFO]    Predicting v1 chr1_240000000_250000000, 0 events pass lite-Unet module. Time cost: 0s
2026-01-17 00:50:50,884 [INFO]    Predicting v1 chr1_90000000_100000000, 0 events pass lite-Unet module. Time cost: 0s
2026-01-17 00:50:50,885 [INFO]    Predicting v1 chr2_20000000_30000000, 0 events pass lite-Unet module. Time cost: 0s
2026-01-17 00:50:50,885 [INFO]    Predicting v1 chr1_60000000_70000000, 0 events pass lite-Unet module. Time cost: 0s
2026-01-17 00:50:50,885 [INFO]    Predicting v1 chr1_160000000_170000000, 0 events pass lite-Unet module. Time cost: 0s
2026-01-17 00:50:50,885 [INFO]    Predicting v1 chr1_40000000_50000000, 0 events pass lite-Unet module. Time cost: 0s
2026-01-17 00:50:50,885 [INFO]    Predicting v1 chr1_210000000_220000000, 0 events pass lite-Unet module. Time cost: 0s
2026-01-17 00:50:50,885 [INFO]    Predicting v1 chr1_200000000_210000000, 0 events pass lite-Unet module. Time cost: 0s
2026-01-17 00:50:50,885 [INFO]    Predicting v1 chr1_100000000_110000000, 0 events pass lite-Unet module. Time cost: 0s
2026-01-17 00:50:50,885 [INFO]    Predicting v1 chr1_130000000_140000000, 0 events pass lite-Unet module. Time cost: 0s
2026-01-17 00:50:50,885 [INFO]    Predicting v1 chr1_70000000_80000000, 0 events pass lite-Unet module. Time cost: 0s
2026-01-17 00:50:50,885 [INFO]    Predicting v1 chr1_180000000_190000000, 0 events pass lite-Unet module. Time cost: 0s
2026-01-17 00:50:50,885 [INFO]    Predicting v1 chr1_120000000_130000000, 0 events pass lite-Unet module. Time cost: 0s
2026-01-17 00:50:50,885 [INFO]    Predicting v1 chr1_230000000_240000000, 0 events pass lite-Unet module. Time cost: 0s
2026-01-17 00:50:50,885 [INFO]    Predicting v1 chr1_190000000_200000000, 0 events pass lite-Unet module. Time cost: 0s
2026-01-17 00:50:50,885 [INFO]    Predicting v1 chr1_140000000_150000000, 0 events pass lite-Unet module. Time cost: 0s
2026-01-17 00:50:50,885 [INFO]    Predicting v1 chr1_30000000_40000000, 0 events pass lite-Unet module. Time cost: 0s
2026-01-17 00:50:50,886 [INFO]    Predicting v1 chr1_80000000_90000000, 0 events pass lite-Unet module. Time cost: 0s
2026-01-17 00:50:50,886 [INFO]    Predicting v1 chr1_50000000_60000000, 1 events pass lite-Unet module. Time cost: 0s
2026-01-17 00:50:50,889 [INFO]    Predicting v1 chr2_180000000_190000000, 0 events pass lite-Unet module. Time cost: 0s
2026-01-17 00:50:50,890 [INFO]    Predicting v1 chr2_40000000_50000000, 0 events pass lite-Unet module. Time cost: 0s
2026-01-17 00:50:50,890 [INFO]    Predicting v1 chr2_30000000_40000000, 0 events pass lite-Unet module. Time cost: 0s
2026-01-17 00:50:50,890 [INFO]    Predicting v1 chr2_140000000_150000000, 0 events pass lite-Unet module. Time cost: 0s
2026-01-17 00:50:50,892 [INFO]    Predicting v1 chr2_80000000_90000000, 2 events pass lite-Unet module. Time cost: 0s
2026-01-17 00:50:50,895 [INFO]    Predicting v1 chr2_70000000_80000000, 0 events pass lite-Unet module. Time cost: 0s
2026-01-17 00:50:50,897 [INFO]    Predicting v1 chr2_150000000_160000000, 0 events pass lite-Unet module. Time cost: 0s
2026-01-17 00:50:50,897 [INFO]    Predicting v1 chr2_190000000_200000000, 0 events pass lite-Unet module. Time cost: 0s
2026-01-17 00:50:50,900 [INFO]    Predicting v1 chr2_160000000_170000000, 0 events pass lite-Unet module. Time cost: 0s
2026-01-17 00:50:50,901 [INFO]    Predicting v1 chr2_130000000_140000000, 0 events pass lite-Unet module. Time cost: 0s
2026-01-17 00:50:50,903 [INFO]    Predicting v1 chr3_20000000_30000000, 0 events pass lite-Unet module. Time cost: 0s
2026-01-17 00:50:50,905 [INFO]    Predicting v1 chr2_220000000_230000000, 0 events pass lite-Unet module. Time cost: 0s
2026-01-17 00:50:50,907 [INFO]    Predicting v1 chr3_90000000_100000000, 0 events pass lite-Unet module. Time cost: 0s
2026-01-17 00:50:50,910 [INFO]    Predicting v1 chr3_100000000_110000000, 0 events pass lite-Unet module. Time cost: 0s
2026-01-17 00:50:50,911 [INFO]    Predicting v1 chr3_0_10000000, 0 events pass lite-Unet module. Time cost: 0s
2026-01-17 00:50:50,917 [INFO]    Predicting v1 chr3_110000000_120000000, 0 events pass lite-Unet module. Time cost: 0s
2026-01-17 00:50:50,920 [INFO]    Predicting v1 chr3_120000000_130000000, 0 events pass lite-Unet module. Time cost: 0s
2026-01-17 00:50:50,949 [INFO]    Predicting v1 chr3_130000000_140000000, 0 events pass lite-Unet module. Time cost: 0s
2026-01-17 00:50:50,951 [INFO]    Predicting v1 chr2_170000000_180000000, 0 events pass lite-Unet module. Time cost: 0s
2026-01-17 00:50:50,952 [INFO]    Predicting v1 chr3_150000000_160000000, 0 events pass lite-Unet module. Time cost: 0s
2026-01-17 00:50:50,955 [INFO]    Predicting v1 chr3_160000000_170000000, 0 events pass lite-Unet module. Time cost: 0s
2026-01-17 00:50:50,958 [INFO]    Predicting v1 chr3_180000000_190000000, 0 events pass lite-Unet module. Time cost: 0s
2026-01-17 00:50:50,977 [INFO]    Predicting v1 chr3_140000000_150000000, 0 events pass lite-Unet module. Time cost: 0s
2026-01-17 00:50:50,978 [INFO]    Predicting v1 chr3_170000000_180000000, 0 events pass lite-Unet module. Time cost: 0s
2026-01-17 00:50:50,981 [INFO]    Predicting v1 chr3_200000000_210000000, 0 events pass lite-Unet module. Time cost: 0s
2026-01-17 00:50:52,149 [INFO]    Predicting v1 chr1_170000000_180000000, 1 events pass lite-Unet module. Time cost: 1s
2026-01-17 00:50:52,154 [INFO]    Predicting v1 chr4_10000000_20000000, 2 events pass lite-Unet module. Time cost: 1s
2026-01-17 00:50:52,159 [INFO]    Predicting v1 chr4_30000000_40000000, 0 events pass lite-Unet module. Time cost: 0s
2026-01-17 00:50:52,163 [INFO]    Predicting v1 chr4_40000000_50000000, 0 events pass lite-Unet module. Time cost: 0s
2026-01-17 00:50:52,168 [INFO]    Predicting v1 chr4_50000000_60000000, 0 events pass lite-Unet module. Time cost: 0s
2026-01-17 00:50:52,174 [INFO]    Predicting v1 chr4_60000000_70000000, 0 events pass lite-Unet module. Time cost: 0s
2026-01-17 00:50:52,179 [INFO]    Predicting v1 chr3_70000000_80000000, 1 events pass lite-Unet module. Time cost: 1s
2026-01-17 00:50:52,179 [INFO]    Predicting v1 chr4_70000000_80000000, 0 events pass lite-Unet module. Time cost: 0s
2026-01-17 00:50:52,183 [INFO]    Predicting v1 chr4_80000000_90000000, 0 events pass lite-Unet module. Time cost: 0s
2026-01-17 00:50:52,183 [INFO]    Predicting v1 chr4_90000000_100000000, 0 events pass lite-Unet module. Time cost: 0s
2026-01-17 00:50:52,189 [INFO]    Predicting v1 chr4_100000000_110000000, 0 events pass lite-Unet module. Time cost: 0s
2026-01-17 00:50:52,194 [INFO]    Predicting v1 chr4_120000000_130000000, 0 events pass lite-Unet module. Time cost: 0s
2026-01-17 00:50:52,200 [INFO]    Predicting v1 chr4_130000000_140000000, 0 events pass lite-Unet module. Time cost: 0s
2026-01-17 00:50:52,207 [INFO]    Predicting v1 chr4_140000000_150000000, 0 events pass lite-Unet module. Time cost: 0s
2026-01-17 00:50:52,223 [INFO]    Predicting v1 chr4_150000000_160000000, 0 events pass lite-Unet module. Time cost: 0s
2026-01-17 00:50:52,235 [INFO]    Predicting v1 chr4_160000000_170000000, 0 events pass lite-Unet module. Time cost: 0s
2026-01-17 00:50:52,247 [INFO]    Predicting v1 chr4_170000000_180000000, 0 events pass lite-Unet module. Time cost: 0s
2026-01-17 00:50:52,477 [INFO]    Predicting v1 chr2_10000000_20000000, 1 events pass lite-Unet module. Time cost: 1s
2026-01-17 00:50:52,485 [INFO]    Predicting v1 chr4_190000000_200000000, 0 events pass lite-Unet module. Time cost: 0s
2026-01-17 00:50:52,516 [INFO]    Predicting v1 chr2_200000000_210000000, 1 events pass lite-Unet module. Time cost: 1s
2026-01-17 00:50:52,522 [INFO]    Predicting v1 chr5_10000000_20000000, 0 events pass lite-Unet module. Time cost: 0s
2026-01-17 00:50:52,528 [INFO]    Predicting v1 chr5_20000000_30000000, 0 events pass lite-Unet module. Time cost: 0s
2026-01-17 00:50:52,534 [INFO]    Predicting v1 chr5_30000000_40000000, 0 events pass lite-Unet module. Time cost: 0s
2026-01-17 00:50:52,541 [INFO]    Predicting v1 chr5_40000000_50000000, 0 events pass lite-Unet module. Time cost: 0s
2026-01-17 00:50:52,548 [INFO]    Predicting v1 chr5_50000000_60000000, 0 events pass lite-Unet module. Time cost: 0s
2026-01-17 00:50:52,570 [INFO]    Predicting v1 chr1_0_10000000, 2 events pass lite-Unet module. Time cost: 1s
2026-01-17 00:50:52,578 [INFO]    Predicting v1 chr5_70000000_80000000, 0 events pass lite-Unet module. Time cost: 0s
2026-01-17 00:50:52,601 [INFO]    Predicting v1 chr5_80000000_90000000, 0 events pass lite-Unet module. Time cost: 0s
2026-01-17 00:50:52,603 [INFO]    Predicting v1 chr2_50000000_60000000, 1 events pass lite-Unet module. Time cost: 1s
2026-01-17 00:50:52,609 [INFO]    Predicting v1 chr4_20000000_30000000, 1 events pass lite-Unet module. Time cost: 0s
2026-01-17 00:50:52,614 [INFO]    Predicting v1 chr5_100000000_110000000, 0 events pass lite-Unet module. Time cost: 0s
2026-01-17 00:50:52,632 [INFO]    Predicting v1 chr2_210000000_220000000, 2 events pass lite-Unet module. Time cost: 1s
2026-01-17 00:50:52,633 [INFO]    Predicting v1 chr5_120000000_130000000, 0 events pass lite-Unet module. Time cost: 0s
2026-01-17 00:50:52,643 [INFO]    Predicting v1 chr5_140000000_150000000, 0 events pass lite-Unet module. Time cost: 0s
2026-01-17 00:50:52,651 [INFO]    Predicting v1 chr5_150000000_160000000, 0 events pass lite-Unet module. Time cost: 0s
2026-01-17 00:50:52,657 [INFO]    Predicting v1 chr3_80000000_90000000, 1 events pass lite-Unet module. Time cost: 1s
2026-01-17 00:50:52,658 [INFO]    Predicting v1 chr4_110000000_120000000, 1 events pass lite-Unet module. Time cost: 0s
2026-01-17 00:50:52,663 [INFO]    Predicting v1 chr5_160000000_170000000, 0 events pass lite-Unet module. Time cost: 0s
2026-01-17 00:50:52,663 [INFO]    Predicting v1 chr5_170000000_180000000, 0 events pass lite-Unet module. Time cost: 0s
2026-01-17 00:50:52,676 [INFO]    Predicting v1 chr5_180000000_190000000, 0 events pass lite-Unet module. Time cost: 0s
2026-01-17 00:50:52,681 [INFO]    Predicting v1 chr6_20000000_30000000, 0 events pass lite-Unet module. Time cost: 0s
2026-01-17 00:50:52,686 [INFO]    Predicting v1 chr6_30000000_40000000, 0 events pass lite-Unet module. Time cost: 0s
2026-01-17 00:50:52,717 [INFO]    Predicting v1 chr6_40000000_50000000, 0 events pass lite-Unet module. Time cost: 0s
2026-01-17 00:50:52,723 [INFO]    Predicting v1 chr2_100000000_110000000, 2 events pass lite-Unet module. Time cost: 1s
2026-01-17 00:50:52,724 [INFO]    Predicting v1 chr6_50000000_60000000, 0 events pass lite-Unet module. Time cost: 0s
2026-01-17 00:50:52,760 [INFO]    Predicting v1 chr6_70000000_80000000, 0 events pass lite-Unet module. Time cost: 0s
2026-01-17 00:50:52,766 [INFO]    Predicting v1 chr6_80000000_90000000, 0 events pass lite-Unet module. Time cost: 0s
2026-01-17 00:50:52,780 [INFO]    Predicting v1 chr6_90000000_100000000, 0 events pass lite-Unet module. Time cost: 0s
2026-01-17 00:50:52,802 [INFO]    Predicting v1 chr6_100000000_110000000, 0 events pass lite-Unet module. Time cost: 0s
2026-01-17 00:50:52,821 [INFO]    Predicting v1 chr6_110000000_120000000, 0 events pass lite-Unet module. Time cost: 0s
2026-01-17 00:50:52,836 [INFO]    Predicting v1 chr6_120000000_130000000, 0 events pass lite-Unet module. Time cost: 0s
2026-01-17 00:50:52,844 [INFO]    Predicting v1 chr6_130000000_140000000, 0 events pass lite-Unet module. Time cost: 0s
2026-01-17 00:50:52,870 [INFO]    Predicting v1 chr6_140000000_150000000, 2 events pass lite-Unet module. Time cost: 0s
2026-01-17 00:50:52,882 [INFO]    Predicting v1 chr6_150000000_160000000, 2 events pass lite-Unet module. Time cost: 0s
2026-01-17 00:50:53,072 [INFO]    Predicting v1 chr5_90000000_100000000, 1 events pass lite-Unet module. Time cost: 0s
2026-01-17 00:50:53,369 [INFO]    Predicting v1 chr5_60000000_70000000, 1 events pass lite-Unet module. Time cost: 0s
2026-01-17 00:50:53,407 [INFO]    Predicting v1 chr5_110000000_120000000, 1 events pass lite-Unet module. Time cost: 0s
2026-01-17 00:50:53,412 [INFO]    Predicting v1 chr3_60000000_70000000, 2 events pass lite-Unet module. Time cost: 2s
2026-01-17 00:50:53,414 [INFO]    Predicting v1 chr7_10000000_20000000, 0 events pass lite-Unet module. Time cost: 0s
2026-01-17 00:50:53,418 [INFO]    Predicting v1 chr7_30000000_40000000, 0 events pass lite-Unet module. Time cost: 0s
2026-01-17 00:50:53,480 [INFO]    Predicting v1 chr2_90000000_100000000, 12 events pass lite-Unet module. Time cost: 2s
2026-01-17 00:50:53,491 [INFO]    Predicting v1 chr7_50000000_60000000, 0 events pass lite-Unet module. Time cost: 0s
2026-01-17 00:50:53,500 [INFO]    Predicting v1 chr7_60000000_70000000, 0 events pass lite-Unet module. Time cost: 0s
2026-01-17 00:50:53,573 [INFO]    Predicting v1 chr2_110000000_120000000, 6 events pass lite-Unet module. Time cost: 2s
2026-01-17 00:50:53,581 [INFO]    Predicting v1 chr3_10000000_20000000, 2 events pass lite-Unet module. Time cost: 2s
2026-01-17 00:50:53,582 [INFO]    Predicting v1 chr7_80000000_90000000, 0 events pass lite-Unet module. Time cost: 0s
2026-01-17 00:50:53,594 [INFO]    Predicting v1 chr2_120000000_130000000, 6 events pass lite-Unet module. Time cost: 2s
2026-01-17 00:50:53,602 [INFO]    Predicting v1 chr7_110000000_120000000, 0 events pass lite-Unet module. Time cost: 0s
2026-01-17 00:50:53,607 [INFO]    Predicting v1 chr7_120000000_130000000, 0 events pass lite-Unet module. Time cost: 0s
2026-01-17 00:50:53,663 [INFO]    Predicting v1 chr5_130000000_140000000, 2 events pass lite-Unet module. Time cost: 1s
2026-01-17 00:50:53,874 [INFO]    Predicting v1 chr4_0_10000000, 7 events pass lite-Unet module. Time cost: 2s
2026-01-17 00:50:53,923 [INFO]    Predicting v1 chr3_30000000_40000000, 3 events pass lite-Unet module. Time cost: 3s
2026-01-17 00:50:53,973 [INFO]    Predicting v1 chr6_0_10000000, 12 events pass lite-Unet module. Time cost: 1s
2026-01-17 00:50:54,022 [INFO]    Predicting v1 chr7_40000000_50000000, 1 events pass lite-Unet module. Time cost: 0s
2026-01-17 00:50:54,028 [INFO]    Predicting v1 chr8_10000000_20000000, 0 events pass lite-Unet module. Time cost: 0s
2026-01-17 00:50:54,284 [INFO]    Predicting v1 chr6_170000000_180000000, 7 events pass lite-Unet module. Time cost: 1s
2026-01-17 00:50:54,294 [INFO]    Predicting v1 chr8_30000000_40000000, 0 events pass lite-Unet module. Time cost: 0s
2026-01-17 00:50:54,301 [INFO]    Predicting v1 chr8_40000000_50000000, 0 events pass lite-Unet module. Time cost: 0s
2026-01-17 00:50:54,308 [INFO]    Predicting v1 chr8_50000000_60000000, 0 events pass lite-Unet module. Time cost: 0s
2026-01-17 00:50:54,317 [INFO]    Predicting v1 chr8_60000000_70000000, 0 events pass lite-Unet module. Time cost: 0s
2026-01-17 00:50:54,326 [INFO]    Predicting v1 chr8_70000000_80000000, 0 events pass lite-Unet module. Time cost: 0s
2026-01-17 00:50:54,329 [INFO]    Predicting v1 chr2_230000000_240000000, 30 events pass lite-Unet module. Time cost: 3s
2026-01-17 00:50:54,336 [INFO]    Predicting v1 chr8_80000000_90000000, 0 events pass lite-Unet module. Time cost: 0s
2026-01-17 00:50:54,336 [INFO]    Predicting v1 chr8_90000000_100000000, 0 events pass lite-Unet module. Time cost: 0s
2026-01-17 00:50:54,365 [INFO]    Predicting v1 chr6_10000000_20000000, 2 events pass lite-Unet module. Time cost: 1s
2026-01-17 00:50:54,377 [INFO]    Predicting v1 chr3_190000000_200000000, 8 events pass lite-Unet module. Time cost: 3s
2026-01-17 00:50:54,382 [INFO]    Predicting v1 chr8_120000000_130000000, 0 events pass lite-Unet module. Time cost: 0s
2026-01-17 00:50:54,390 [INFO]    Predicting v1 chr8_130000000_140000000, 0 events pass lite-Unet module. Time cost: 0s
2026-01-17 00:50:54,396 [INFO]    Predicting v1 chr9_0_10000000, 0 events pass lite-Unet module. Time cost: 0s
2026-01-17 00:50:54,409 [INFO]    Predicting v1 chr9_10000000_20000000, 0 events pass lite-Unet module. Time cost: 0s
2026-01-17 00:50:54,426 [INFO]    Predicting v1 chr9_20000000_30000000, 2 events pass lite-Unet module. Time cost: 0s
2026-01-17 00:50:54,438 [INFO]    Predicting v1 chr9_30000000_40000000, 0 events pass lite-Unet module. Time cost: 0s
2026-01-17 00:50:54,449 [INFO]    Predicting v1 chr9_40000000_50000000, 0 events pass lite-Unet module. Time cost: 0s
2026-01-17 00:50:54,462 [INFO]    Predicting v1 chr9_50000000_60000000, 0 events pass lite-Unet module. Time cost: 0s
2026-01-17 00:50:54,471 [INFO]    Predicting v1 chr9_60000000_70000000, 0 events pass lite-Unet module. Time cost: 0s
2026-01-17 00:50:54,478 [INFO]    Predicting v1 chr9_70000000_80000000, 0 events pass lite-Unet module. Time cost: 0s
2026-01-17 00:50:54,484 [INFO]    Predicting v1 chr9_80000000_90000000, 0 events pass lite-Unet module. Time cost: 0s
2026-01-17 00:50:54,489 [INFO]    Predicting v1 chr7_70000000_80000000, 3 events pass lite-Unet module. Time cost: 0s
2026-01-17 00:50:54,490 [INFO]    Predicting v1 chr9_90000000_100000000, 0 events pass lite-Unet module. Time cost: 0s
2026-01-17 00:50:54,498 [INFO]    Predicting v1 chr9_110000000_120000000, 0 events pass lite-Unet module. Time cost: 0s
2026-01-17 00:50:54,504 [INFO]    Predicting v1 chr9_120000000_130000000, 0 events pass lite-Unet module. Time cost: 0s
2026-01-17 00:50:54,510 [INFO]    Predicting v1 chr9_130000000_140000000, 0 events pass lite-Unet module. Time cost: 0s
2026-01-17 00:50:54,557 [INFO]    Predicting v1 chr7_130000000_140000000, 7 events pass lite-Unet module. Time cost: 0s
2026-01-17 00:50:54,567 [INFO]    Predicting v1 chr9_150000000_160000000, 0 events pass lite-Unet module. Time cost: 0s
2026-01-17 00:50:54,670 [INFO]    Predicting v1 chr8_20000000_30000000, 1 events pass lite-Unet module. Time cost: 0s
2026-01-17 00:50:54,685 [INFO]    Predicting v1 chr8_110000000_120000000, 1 events pass lite-Unet module. Time cost: 0s
2026-01-17 00:50:54,691 [INFO]    Predicting v1 chr10_20000000_30000000, 0 events pass lite-Unet module. Time cost: 0s
2026-01-17 00:50:54,693 [INFO]    Predicting v1 chr10_10000000_20000000, 0 events pass lite-Unet module. Time cost: 0s
2026-01-17 00:50:54,698 [INFO]    Predicting v1 chr10_30000000_40000000, 0 events pass lite-Unet module. Time cost: 0s
2026-01-17 00:50:54,705 [INFO]    Predicting v1 chr10_50000000_60000000, 0 events pass lite-Unet module. Time cost: 0s
2026-01-17 00:50:54,712 [INFO]    Predicting v1 chr10_60000000_70000000, 0 events pass lite-Unet module. Time cost: 0s
2026-01-17 00:50:54,719 [INFO]    Predicting v1 chr10_70000000_80000000, 0 events pass lite-Unet module. Time cost: 0s
2026-01-17 00:50:55,088 [INFO]    Predicting v1 chr7_20000000_30000000, 3 events pass lite-Unet module. Time cost: 1s
2026-01-17 00:50:55,094 [INFO]    Predicting v1 chr10_90000000_100000000, 0 events pass lite-Unet module. Time cost: 0s
2026-01-17 00:50:55,107 [INFO]    Predicting v1 chr7_140000000_150000000, 3 events pass lite-Unet module. Time cost: 1s
2026-01-17 00:50:55,109 [INFO]    Predicting v1 chr3_40000000_50000000, 5 events pass lite-Unet module. Time cost: 4s
2026-01-17 00:50:55,113 [INFO]    Predicting v1 chr9_100000000_110000000, 2 events pass lite-Unet module. Time cost: 0s
2026-01-17 00:50:55,122 [INFO]    Predicting v1 chr10_110000000_120000000, 0 events pass lite-Unet module. Time cost: 0s
2026-01-17 00:50:55,133 [INFO]    Predicting v1 chr7_0_10000000, 3 events pass lite-Unet module. Time cost: 1s
2026-01-17 00:50:55,151 [INFO]    Predicting v1 chr11_10000000_20000000, 0 events pass lite-Unet module. Time cost: 0s
2026-01-17 00:50:55,161 [INFO]    Predicting v1 chr11_20000000_30000000, 0 events pass lite-Unet module. Time cost: 0s
2026-01-17 00:50:55,172 [INFO]    Predicting v1 chr11_30000000_40000000, 0 events pass lite-Unet module. Time cost: 0s
2026-01-17 00:50:55,180 [INFO]    Predicting v1 chr11_40000000_50000000, 0 events pass lite-Unet module. Time cost: 0s
2026-01-17 00:50:55,185 [INFO]    Predicting v1 chr11_50000000_60000000, 0 events pass lite-Unet module. Time cost: 0s
2026-01-17 00:50:55,295 [INFO]    Predicting v1 chr2_240000000_250000000, 8 events pass lite-Unet module. Time cost: 4s
2026-01-17 00:50:55,315 [INFO]    Predicting v1 chr10_40000000_50000000, 1 events pass lite-Unet module. Time cost: 0s
2026-01-17 00:50:55,332 [INFO]    Predicting v1 chr11_80000000_90000000, 0 events pass lite-Unet module. Time cost: 0s
2026-01-17 00:50:55,337 [INFO]    Predicting v1 chr11_90000000_100000000, 0 events pass lite-Unet module. Time cost: 0s
2026-01-17 00:50:55,342 [INFO]    Predicting v1 chr11_100000000_110000000, 0 events pass lite-Unet module. Time cost: 0s
2026-01-17 00:50:55,574 [INFO]    Predicting v1 chr7_100000000_110000000, 6 events pass lite-Unet module. Time cost: 1s
2026-01-17 00:50:55,581 [INFO]    Predicting v1 chr11_120000000_130000000, 0 events pass lite-Unet module. Time cost: 0s
2026-01-17 00:50:55,665 [INFO]    Predicting v1 chr10_100000000_110000000, 1 events pass lite-Unet module. Time cost: 0s
2026-01-17 00:50:55,685 [INFO]    Predicting v1 chr12_0_10000000, 0 events pass lite-Unet module. Time cost: 0s
2026-01-17 00:50:55,689 [INFO]    Predicting v1 chr10_80000000_90000000, 3 events pass lite-Unet module. Time cost: 0s
2026-01-17 00:50:55,692 [INFO]    Predicting v1 chr12_10000000_20000000, 0 events pass lite-Unet module. Time cost: 0s
2026-01-17 00:50:55,697 [INFO]    Predicting v1 chr12_20000000_30000000, 0 events pass lite-Unet module. Time cost: 0s
2026-01-17 00:50:55,702 [INFO]    Predicting v1 chr12_30000000_40000000, 0 events pass lite-Unet module. Time cost: 0s
2026-01-17 00:50:55,705 [INFO]    Predicting v1 chr12_40000000_50000000, 0 events pass lite-Unet module. Time cost: 0s
2026-01-17 00:50:55,713 [INFO]    Predicting v1 chr12_60000000_70000000, 0 events pass lite-Unet module. Time cost: 0s
2026-01-17 00:50:55,720 [INFO]    Predicting v1 chr12_70000000_80000000, 0 events pass lite-Unet module. Time cost: 0s
2026-01-17 00:50:55,726 [INFO]    Predicting v1 chr12_80000000_90000000, 0 events pass lite-Unet module. Time cost: 0s
2026-01-17 00:50:55,732 [INFO]    Predicting v1 chr12_90000000_100000000, 0 events pass lite-Unet module. Time cost: 0s
2026-01-17 00:50:55,737 [INFO]    Predicting v1 chr12_100000000_110000000, 8 events pass lite-Unet module. Time cost: 0s
2026-01-17 00:50:55,741 [INFO]    Predicting v1 chr12_110000000_120000000, 0 events pass lite-Unet module. Time cost: 0s
2026-01-17 00:50:55,864 [INFO]    Predicting v1 chr3_50000000_60000000, 5 events pass lite-Unet module. Time cost: 4s
2026-01-17 00:50:55,875 [INFO]    Predicting v1 chr12_130000000_140000000, 0 events pass lite-Unet module. Time cost: 0s
2026-01-17 00:50:55,883 [INFO]    Predicting v1 chr13_0_10000000, 0 events pass lite-Unet module. Time cost: 0s
2026-01-17 00:50:56,021 [INFO]    Predicting v1 chr11_130000000_140000000, 1 events pass lite-Unet module. Time cost: 0s
2026-01-17 00:50:56,098 [INFO]    Predicting v1 chr10_0_10000000, 5 events pass lite-Unet module. Time cost: 1s
2026-01-17 00:50:56,100 [INFO]    Predicting v1 chr8_0_10000000, 4 events pass lite-Unet module. Time cost: 2s
2026-01-17 00:50:56,105 [INFO]    Predicting v1 chr13_30000000_40000000, 0 events pass lite-Unet module. Time cost: 0s
2026-01-17 00:50:56,112 [INFO]    Predicting v1 chr13_50000000_60000000, 0 events pass lite-Unet module. Time cost: 0s
2026-01-17 00:50:56,112 [INFO]    Predicting v1 chr13_40000000_50000000, 0 events pass lite-Unet module. Time cost: 0s
2026-01-17 00:50:56,119 [INFO]    Predicting v1 chr13_60000000_70000000, 0 events pass lite-Unet module. Time cost: 0s
2026-01-17 00:50:56,125 [INFO]    Predicting v1 chr13_70000000_80000000, 0 events pass lite-Unet module. Time cost: 0s
2026-01-17 00:50:56,126 [INFO]    Predicting v1 chr13_80000000_90000000, 0 events pass lite-Unet module. Time cost: 0s
2026-01-17 00:50:56,130 [INFO]    Predicting v1 chr11_110000000_120000000, 1 events pass lite-Unet module. Time cost: 0s
2026-01-17 00:50:56,133 [INFO]    Predicting v1 chr13_100000000_110000000, 0 events pass lite-Unet module. Time cost: 0s
2026-01-17 00:50:56,140 [INFO]    Predicting v1 chr14_0_10000000, 0 events pass lite-Unet module. Time cost: 0s
2026-01-17 00:50:56,147 [INFO]    Predicting v1 chr14_10000000_20000000, 0 events pass lite-Unet module. Time cost: 0s
2026-01-17 00:50:56,245 [INFO]    Predicting v1 chr2_60000000_70000000, 6 events pass lite-Unet module. Time cost: 5s
2026-01-17 00:50:56,255 [INFO]    Predicting v1 chr14_30000000_40000000, 0 events pass lite-Unet module. Time cost: 0s
2026-01-17 00:50:56,263 [INFO]    Predicting v1 chr14_40000000_50000000, 0 events pass lite-Unet module. Time cost: 0s
2026-01-17 00:50:56,270 [INFO]    Predicting v1 chr7_90000000_100000000, 15 events pass lite-Unet module. Time cost: 2s
2026-01-17 00:50:56,270 [INFO]    Predicting v1 chr14_50000000_60000000, 0 events pass lite-Unet module. Time cost: 0s
2026-01-17 00:50:56,278 [INFO]    Predicting v1 chr14_60000000_70000000, 0 events pass lite-Unet module. Time cost: 0s
2026-01-17 00:50:56,280 [INFO]    Predicting v1 chr14_70000000_80000000, 0 events pass lite-Unet module. Time cost: 0s
2026-01-17 00:50:56,328 [INFO]    Predicting v1 chr7_160000000_170000000, 3 events pass lite-Unet module. Time cost: 2s
2026-01-17 00:50:56,400 [INFO]    Predicting v1 chr14_20000000_30000000, 1 events pass lite-Unet module. Time cost: 0s
2026-01-17 00:50:56,405 [INFO]    Predicting v1 chr15_0_10000000, 0 events pass lite-Unet module. Time cost: 0s
2026-01-17 00:50:56,409 [INFO]    Predicting v1 chr15_10000000_20000000, 2 events pass lite-Unet module. Time cost: 0s
2026-01-17 00:50:56,454 [INFO]    Predicting v1 chr5_0_10000000, 5 events pass lite-Unet module. Time cost: 3s
2026-01-17 00:50:56,469 [INFO]    Predicting v1 chr13_20000000_30000000, 2 events pass lite-Unet module. Time cost: 0s
2026-01-17 00:50:56,478 [INFO]    Predicting v1 chr15_40000000_50000000, 0 events pass lite-Unet module. Time cost: 0s
2026-01-17 00:50:56,486 [INFO]    Predicting v1 chr15_50000000_60000000, 0 events pass lite-Unet module. Time cost: 0s
2026-01-17 00:50:56,784 [INFO]    Predicting v1 chr15_20000000_30000000, 1 events pass lite-Unet module. Time cost: 0s
2026-01-17 00:50:56,835 [INFO]    Predicting v1 chr8_100000000_110000000, 3 events pass lite-Unet module. Time cost: 2s
2026-01-17 00:50:56,849 [INFO]    Predicting v1 chr15_80000000_90000000, 0 events pass lite-Unet module. Time cost: 0s
2026-01-17 00:50:56,859 [INFO]    Predicting v1 chr15_90000000_100000000, 0 events pass lite-Unet module. Time cost: 0s
2026-01-17 00:50:56,864 [INFO]    Predicting v1 chr12_50000000_60000000, 2 events pass lite-Unet module. Time cost: 1s
2026-01-17 00:50:56,868 [INFO]    Predicting v1 chr16_10000000_20000000, 0 events pass lite-Unet module. Time cost: 0s
2026-01-17 00:50:56,873 [INFO]    Predicting v1 chr16_20000000_30000000, 0 events pass lite-Unet module. Time cost: 0s
2026-01-17 00:50:56,977 [INFO]    Predicting v1 chr13_110000000_120000000, 1 events pass lite-Unet module. Time cost: 0s
2026-01-17 00:50:57,003 [INFO]    Predicting v1 chr16_40000000_50000000, 0 events pass lite-Unet module. Time cost: 0s
2026-01-17 00:50:57,029 [INFO]    Predicting v1 chr16_50000000_60000000, 0 events pass lite-Unet module. Time cost: 0s
2026-01-17 00:50:57,035 [INFO]    Predicting v1 chr16_60000000_70000000, 0 events pass lite-Unet module. Time cost: 0s
2026-01-17 00:50:57,054 [INFO]    Predicting v1 chr16_70000000_80000000, 0 events pass lite-Unet module. Time cost: 0s
2026-01-17 00:50:57,068 [INFO]    Predicting v1 chr16_80000000_90000000, 0 events pass lite-Unet module. Time cost: 0s
2026-01-17 00:50:57,094 [INFO]    Predicting v1 chr1_110000000_120000000, 36 events pass lite-Unet module. Time cost: 6s
2026-01-17 00:50:57,100 [INFO]    Predicting v1 chr15_70000000_80000000, 1 events pass lite-Unet module. Time cost: 0s
2026-01-17 00:50:57,102 [INFO]    Predicting v1 chr17_0_10000000, 0 events pass lite-Unet module. Time cost: 0s
2026-01-17 00:50:57,105 [INFO]    Predicting v1 chr17_10000000_20000000, 1 events pass lite-Unet module. Time cost: 0s
2026-01-17 00:50:57,107 [INFO]    Predicting v1 chr17_20000000_30000000, 0 events pass lite-Unet module. Time cost: 0s
2026-01-17 00:50:57,106 [INFO]    Predicting v1 chr11_60000000_70000000, 4 events pass lite-Unet module. Time cost: 1s
2026-01-17 00:50:57,109 [INFO]    Predicting v1 chr17_30000000_40000000, 0 events pass lite-Unet module. Time cost: 0s
2026-01-17 00:50:57,110 [INFO]    Predicting v1 chr17_40000000_50000000, 0 events pass lite-Unet module. Time cost: 0s
2026-01-17 00:50:57,114 [INFO]    Predicting v1 chr17_60000000_70000000, 0 events pass lite-Unet module. Time cost: 0s
2026-01-17 00:50:57,116 [INFO]    Predicting v1 chr17_50000000_60000000, 0 events pass lite-Unet module. Time cost: 0s
2026-01-17 00:50:57,119 [INFO]    Predicting v1 chr17_70000000_80000000, 0 events pass lite-Unet module. Time cost: 0s
2026-01-17 00:50:57,127 [INFO]    Predicting v1 chr18_10000000_20000000, 0 events pass lite-Unet module. Time cost: 0s
2026-01-17 00:50:57,142 [INFO]    Predicting v1 chr18_20000000_30000000, 0 events pass lite-Unet module. Time cost: 0s
2026-01-17 00:50:57,149 [INFO]    Predicting v1 chr18_30000000_40000000, 0 events pass lite-Unet module. Time cost: 0s
2026-01-17 00:50:57,250 [INFO]    Predicting v1 chr14_80000000_90000000, 1 events pass lite-Unet module. Time cost: 0s
2026-01-17 00:50:57,257 [INFO]    Predicting v1 chr18_50000000_60000000, 0 events pass lite-Unet module. Time cost: 0s
2026-01-17 00:50:57,264 [INFO]    Predicting v1 chr18_60000000_70000000, 0 events pass lite-Unet module. Time cost: 0s
2026-01-17 00:50:57,320 [INFO]    Predicting v1 chr7_150000000_160000000, 10 events pass lite-Unet module. Time cost: 3s
2026-01-17 00:50:57,347 [INFO]    Predicting v1 chr8_140000000_150000000, 11 events pass lite-Unet module. Time cost: 2s
2026-01-17 00:50:57,370 [INFO]    Predicting v1 chr15_30000000_40000000, 1 events pass lite-Unet module. Time cost: 0s
2026-01-17 00:50:57,455 [INFO]    Predicting v1 chr6_60000000_70000000, 10 events pass lite-Unet module. Time cost: 4s
2026-01-17 00:50:57,468 [INFO]    Predicting v1 chr16_30000000_40000000, 1 events pass lite-Unet module. Time cost: 0s
2026-01-17 00:50:57,481 [INFO]    Predicting v1 chr19_30000000_40000000, 0 events pass lite-Unet module. Time cost: 0s
2026-01-17 00:50:57,491 [INFO]    Predicting v1 chr19_40000000_50000000, 0 events pass lite-Unet module. Time cost: 0s
2026-01-17 00:50:57,499 [INFO]    Predicting v1 chr19_50000000_60000000, 0 events pass lite-Unet module. Time cost: 0s
2026-01-17 00:50:57,540 [INFO]    Predicting v1 chr13_90000000_100000000, 2 events pass lite-Unet module. Time cost: 1s
2026-01-17 00:50:57,720 [INFO]    Predicting v1 chr18_40000000_50000000, 1 events pass lite-Unet module. Time cost: 0s
2026-01-17 00:50:57,726 [INFO]    Predicting v1 chr20_10000000_20000000, 0 events pass lite-Unet module. Time cost: 0s
2026-01-17 00:50:57,732 [INFO]    Predicting v1 chr20_20000000_30000000, 0 events pass lite-Unet module. Time cost: 0s
2026-01-17 00:50:57,781 [INFO]    Predicting v1 chr19_0_10000000, 5 events pass lite-Unet module. Time cost: 0s
2026-01-17 00:50:57,788 [INFO]    Predicting v1 chr20_40000000_50000000, 0 events pass lite-Unet module. Time cost: 0s
2026-01-17 00:50:58,065 [INFO]    Predicting v1 chr14_100000000_110000000, 3 events pass lite-Unet module. Time cost: 1s
2026-01-17 00:50:58,148 [INFO]    Predicting v1 chr20_30000000_40000000, 4 events pass lite-Unet module. Time cost: 0s
2026-01-17 00:50:58,155 [INFO]    Predicting v1 chr21_0_10000000, 0 events pass lite-Unet module. Time cost: 0s
2026-01-17 00:50:58,160 [INFO]    Predicting v1 chr21_10000000_20000000, 0 events pass lite-Unet module. Time cost: 0s
2026-01-17 00:50:58,165 [INFO]    Predicting v1 chr21_20000000_30000000, 0 events pass lite-Unet module. Time cost: 0s
2026-01-17 00:50:58,203 [INFO]    Predicting v1 chr15_60000000_70000000, 8 events pass lite-Unet module. Time cost: 1s
2026-01-17 00:50:58,384 [INFO]    Predicting v1 chr18_80000000_90000000, 3 events pass lite-Unet module. Time cost: 1s
2026-01-17 00:50:58,393 [INFO]    Predicting v1 chr22_0_10000000, 0 events pass lite-Unet module. Time cost: 0s
2026-01-17 00:50:58,399 [INFO]    Predicting v1 chr22_10000000_20000000, 0 events pass lite-Unet module. Time cost: 0s
2026-01-17 00:50:58,612 [INFO]    Predicting v1 chr21_30000000_40000000, 1 events pass lite-Unet module. Time cost: 0s
2026-01-17 00:50:58,716 [INFO]    Predicting v1 chr10_120000000_130000000, 8 events pass lite-Unet module. Time cost: 3s
2026-01-17 00:50:58,874 [INFO]    Predicting v1 chr4_180000000_190000000, 13 events pass lite-Unet module. Time cost: 6s
2026-01-17 00:50:59,206 [INFO]    Predicting v1 chr2_0_10000000, 19 events pass lite-Unet module. Time cost: 8s
2026-01-17 00:50:59,345 [INFO]    Predicting v1 chr22_50000000_60000000, 1 events pass lite-Unet module. Time cost: 0s
2026-01-17 00:50:59,353 [INFO]    Predicting v1 chrX_10000000_20000000, 0 events pass lite-Unet module. Time cost: 0s
2026-01-17 00:50:59,361 [INFO]    Predicting v1 chrX_20000000_30000000, 0 events pass lite-Unet module. Time cost: 0s
2026-01-17 00:50:59,369 [INFO]    Predicting v1 chrX_30000000_40000000, 0 events pass lite-Unet module. Time cost: 0s
2026-01-17 00:50:59,377 [INFO]    Predicting v1 chrX_40000000_50000000, 0 events pass lite-Unet module. Time cost: 0s
2026-01-17 00:50:59,387 [INFO]    Predicting v1 chrX_50000000_60000000, 0 events pass lite-Unet module. Time cost: 0s
2026-01-17 00:50:59,388 [INFO]    Predicting v1 chr19_60000000_70000000, 4 events pass lite-Unet module. Time cost: 1s
2026-01-17 00:50:59,396 [INFO]    Predicting v1 chrX_60000000_70000000, 0 events pass lite-Unet module. Time cost: 0s
2026-01-17 00:50:59,396 [INFO]    Predicting v1 chrX_70000000_80000000, 0 events pass lite-Unet module. Time cost: 0s
2026-01-17 00:50:59,402 [INFO]    Predicting v1 chrX_80000000_90000000, 0 events pass lite-Unet module. Time cost: 0s
2026-01-17 00:50:59,405 [INFO]    Predicting v1 chrX_90000000_100000000, 0 events pass lite-Unet module. Time cost: 0s
2026-01-17 00:50:59,408 [INFO]    Predicting v1 chrX_100000000_110000000, 0 events pass lite-Unet module. Time cost: 0s
2026-01-17 00:50:59,413 [INFO]    Predicting v1 chrX_110000000_120000000, 0 events pass lite-Unet module. Time cost: 0s
2026-01-17 00:50:59,415 [INFO]    Predicting v1 chrX_120000000_130000000, 0 events pass lite-Unet module. Time cost: 0s
2026-01-17 00:50:59,421 [INFO]    Predicting v1 chrX_130000000_140000000, 0 events pass lite-Unet module. Time cost: 0s
2026-01-17 00:50:59,421 [INFO]    Predicting v1 chrX_140000000_150000000, 0 events pass lite-Unet module. Time cost: 0s
2026-01-17 00:50:59,427 [INFO]    Predicting v1 chrX_150000000_160000000, 0 events pass lite-Unet module. Time cost: 0s
2026-01-17 00:50:59,429 [INFO]    Predicting v1 chrY_0_10000000, 0 events pass lite-Unet module. Time cost: 0s
2026-01-17 00:50:59,434 [INFO]    Predicting v1 chrY_20000000_30000000, 0 events pass lite-Unet module. Time cost: 0s
2026-01-17 00:50:59,434 [INFO]    Predicting v1 chrY_10000000_20000000, 0 events pass lite-Unet module. Time cost: 0s
2026-01-17 00:50:59,439 [INFO]    Predicting v1 chrY_30000000_40000000, 0 events pass lite-Unet module. Time cost: 0s
2026-01-17 00:50:59,439 [INFO]    Predicting v1 chrY_40000000_50000000, 0 events pass lite-Unet module. Time cost: 0s
2026-01-17 00:50:59,444 [INFO]    Predicting v1 chrY_50000000_60000000, 0 events pass lite-Unet module. Time cost: 0s
2026-01-17 00:50:59,449 [INFO]    Predicting v1 chrM_0_10000000, 0 events pass lite-Unet module. Time cost: 0s
2026-01-17 00:50:59,449 [INFO]    Predicting v1 chrY_60000000_70000000, 0 events pass lite-Unet module. Time cost: 0s
2026-01-17 00:50:59,458 [INFO]    Predicting v1 chr1_150000000_160000000, 10 events pass lite-Unet module. Time cost: 8s
2026-01-17 00:50:59,469 [INFO]    Predicting v1 chr19_20000000_30000000, 6 events pass lite-Unet module. Time cost: 2s
2026-01-17 00:50:59,576 [INFO]    Predicting v1 chr22_20000000_30000000, 3 events pass lite-Unet module. Time cost: 1s
2026-01-17 00:50:59,586 [INFO]    Predicting v1 chr20_50000000_60000000, 5 events pass lite-Unet module. Time cost: 1s
2026-01-17 00:50:59,615 [INFO]    Predicting v1 chr11_0_10000000, 15 events pass lite-Unet module. Time cost: 4s
2026-01-17 00:51:00,056 [INFO]    Predicting v1 chr11_70000000_80000000, 8 events pass lite-Unet module. Time cost: 4s
2026-01-17 00:51:00,098 [INFO]    Predicting v1 chr20_0_10000000, 4 events pass lite-Unet module. Time cost: 2s
2026-01-17 00:51:00,142 [INFO]    Predicting v1 chr18_0_10000000, 5 events pass lite-Unet module. Time cost: 3s
2026-01-17 00:51:00,245 [INFO]    Predicting v1 chr10_130000000_140000000, 23 events pass lite-Unet module. Time cost: 5s
2026-01-17 00:51:00,342 [INFO]    Predicting v1 chr14_90000000_100000000, 7 events pass lite-Unet module. Time cost: 4s
2026-01-17 00:51:00,384 [INFO]    Predicting v1 chr13_10000000_20000000, 6 events pass lite-Unet module. Time cost: 4s
2026-01-17 00:51:00,407 [INFO]    Predicting v1 chr12_120000000_130000000, 29 events pass lite-Unet module. Time cost: 4s
2026-01-17 00:51:00,789 [INFO]    Predicting v1 chr22_30000000_40000000, 7 events pass lite-Unet module. Time cost: 2s
2026-01-17 00:51:00,792 [INFO]    Predicting v1 chr18_70000000_80000000, 6 events pass lite-Unet module. Time cost: 3s
2026-01-17 00:51:00,838 [INFO]    Predicting v1 chr17_80000000_90000000, 15 events pass lite-Unet module. Time cost: 3s
2026-01-17 00:51:00,841 [INFO]    Predicting v1 chr22_40000000_50000000, 7 events pass lite-Unet module. Time cost: 2s
2026-01-17 00:51:00,928 [INFO]    Predicting v1 chr6_160000000_170000000, 17 events pass lite-Unet module. Time cost: 8s
2026-01-17 00:51:00,978 [INFO]    Predicting v1 chr16_90000000_100000000, 8 events pass lite-Unet module. Time cost: 3s
2026-01-17 00:51:01,488 [INFO]    Predicting v1 chr19_10000000_20000000, 10 events pass lite-Unet module. Time cost: 4s
2026-01-17 00:51:01,982 [INFO]    Predicting v1 chr21_40000000_50000000, 20 events pass lite-Unet module. Time cost: 3s
2026-01-17 00:51:02,035 [INFO]    Predicting v1 chr9_140000000_150000000, 17 events pass lite-Unet module. Time cost: 7s
2026-01-17 00:51:02,360 [INFO]    Predicting v1 chrX_0_10000000, 18 events pass lite-Unet module. Time cost: 3s
2026-01-17 00:51:02,487 [INFO]    Predicting v1 chr16_0_10000000, 15 events pass lite-Unet module. Time cost: 5s
2026-01-17 00:51:02,775 [INFO]    Predicting v1 chr20_60000000_70000000, 18 events pass lite-Unet module. Time cost: 4s
2026-01-17 00:51:02,841 [INFO]    Predicting Time Cost 12s
2026-01-17 00:51:02,842 [INFO]    ****************** Step3 Outputting to VCF ****************************
2026-01-17 00:51:03,107 [INFO]    Outputting v1 to /storage/scratch01/groups/bu/simSVs/tfe_unir/visor-simulations/results/v1_40x_100000_A_svision/v1.svision_pro_v2.5.s5.vcf. Time cost: 0s
2026-01-17 00:51:04,269 [INFO]    ****************** Step4 Finish ***********************************
2026-01-17 00:51:04,269 [INFO]    SVision-pro v2.5 successfully finished. Time Cost 583.268506s
